loading the view [1;36msirius:sirius[0m
SIRIUS 7.6.1, git hash: https://api.github.com/repos/electronic-structure/SIRIUS/git/ref/tags/v7.6.1
Warning in function "compose_json" at /tmp/rmeli/spack-stage/spack-stage-sirius-7.6.1-dj6o7kftqpfnwdhrbr7kwzcsnkz5co5e/spack-src/src/context/simulation_parameters.cpp:107
The following configuration parameters were not recognized and ignored: potential_tol !num_fv_states 
Warning in function "compose_json" at /tmp/rmeli/spack-stage/spack-stage-sirius-7.6.1-dj6o7kftqpfnwdhrbr7kwzcsnkz5co5e/spack-src/src/context/simulation_parameters.cpp:107
The following configuration parameters were not recognized and ignored: potential_tol !num_fv_states 
Warning in function "compose_json" at /tmp/rmeli/spack-stage/spack-stage-sirius-7.6.1-dj6o7kftqpfnwdhrbr7kwzcsnkz5co5e/spack-src/src/context/simulation_parameters.cpp:107
The following configuration parameters were not recognized and ignored: potential_tol !num_fv_states 
Warning in function "compose_json" at /tmp/rmeli/spack-stage/spack-stage-sirius-7.6.1-dj6o7kftqpfnwdhrbr7kwzcsnkz5co5e/spack-src/src/context/simulation_parameters.cpp:107
The following configuration parameters were not recognized and ignored: potential_tol !num_fv_states 
Warning in function "compose_json" at /tmp/rmeli/spack-stage/spack-stage-sirius-7.6.1-dj6o7kftqpfnwdhrbr7kwzcsnkz5co5e/spack-src/src/context/simulation_parameters.cpp:107
The following configuration parameters were not recognized and ignored: potential_tol !num_fv_states 
Warning in function "compose_json" at /tmp/rmeli/spack-stage/spack-stage-sirius-7.6.1-dj6o7kftqpfnwdhrbr7kwzcsnkz5co5e/spack-src/src/context/simulation_parameters.cpp:107
The following configuration parameters were not recognized and ignored: potential_tol !num_fv_states 
Warning in function "compose_json" at /tmp/rmeli/spack-stage/spack-stage-sirius-7.6.1-dj6o7kftqpfnwdhrbr7kwzcsnkz5co5e/spack-src/src/context/simulation_parameters.cpp:107
The following configuration parameters were not recognized and ignored: potential_tol !num_fv_states 
Warning in function "compose_json" at /tmp/rmeli/spack-stage/spack-stage-sirius-7.6.1-dj6o7kftqpfnwdhrbr7kwzcsnkz5co5e/spack-src/src/context/simulation_parameters.cpp:107
The following configuration parameters were not recognized and ignored: potential_tol !num_fv_states 
Warning in function "init_step_function" at /tmp/rmeli/spack-stage/spack-stage-sirius-7.6.1-dj6o7kftqpfnwdhrbr7kwzcsnkz5co5e/spack-src/src/lapw/step_function.hpp:120
step function gives a wrong volume for IT region
  difference with exact value : 1.00044e-10
[info] SIRIUS version : 7.6.1
[info] git hash       : https://api.github.com/repos/electronic-structure/SIRIUS/git/ref/tags/v7.6.1
[info] git branch     : release v7.6.1
[info] build time     : 1980-01-01 12:01:00
[info] start time     : Mon,  6 Jan 2025 00:00:33
[info] 
[info] number of MPI ranks           : 8
[info] MPI grid                      : 4 2
[info] maximum number of OMP threads : 63
[info] number of MPI ranks per node  : 4
[info] page size (Kb)                : 64
[info] number of pages               : 13999490
[info] available memory (GB)         : 854
[info] 
[fft] FFT context for density and potential
[fft] =====================================
[fft]   comm size                             : 8
[fft]   plane wave cutoff                     : 20
[fft]   grid size                             : 135 135 135   total : 2460375
[fft]   grid limits                           : -67 67   -67 67   -67 67
[fft]   number of G-vectors within the cutoff : 1080751
[fft]   local number of G-vectors             : 135055
[fft]   number of G-shells                    : 24484
[fft] 
[fft] FFT context for coarse grid
[fft] =====================================
[fft]   comm size                             : 4
[fft]   plane wave cutoff                     : 10
[fft]   grid size                             : 72 72 72   total : 373248
[fft]   grid limits                           : -35 36   -35 36   -35 36
[fft]   number of G-vectors within the cutoff : 135043
[fft]   local number of G-vectors             : 16881
[fft]   number of G-shells                    : 3317
[fft] 
[fft] 
[unit cell] lattice vectors
[unit cell]   a1 :      20.0000000000      0.0000000000      0.0000000000
[unit cell]   a2 :       0.0000000000     20.0000000000      0.0000000000
[unit cell]   a3 :       0.0000000000      0.0000000000     20.0000000000
[unit cell] reciprocal lattice vectors
[unit cell]   b1 :       0.3141592654      0.0000000000      0.0000000000
[unit cell]   b2 :       0.0000000000      0.3141592654      0.0000000000
[unit cell]   b3 :       0.0000000000      0.0000000000      0.3141592654
[unit cell] 
[unit cell] unit cell volume :      8000.00000000 [a.u.^3]
[unit cell] 1/sqrt(omega)    :         0.01118034
[unit cell] MT volume        :       561.76168497 ( 7.02%)
[unit cell] IT volume        :      7438.23831503 (92.98%)
[unit cell] 
[unit cell] number of atom types : 1
[unit cell] type id : 0 symbol :  C mt_radius :   1.307487 num_atoms : 60
[unit cell] total number of atoms : 60
[unit cell] number of symmetry classes : 3
[unit cell] 
[unit cell] atom id  type id  class id             position                      vector_field
[unit cell] ------------------------------------------------------------------------------------------
[unit cell]      0        0        0      0.07006   0.66450   0.00000      0.00000   0.00000   0.00000
[unit cell]      1        0        0      0.33550   0.00000   0.07006      0.00000   0.00000   0.00000
[unit cell]      2        0        0      0.33550   0.00000   0.92994      0.00000   0.00000   0.00000
[unit cell]      3        0        0      0.66450   0.00000   0.07006      0.00000   0.00000   0.00000
[unit cell]      4        0        0      0.66450   0.00000   0.92994      0.00000   0.00000   0.00000
[unit cell]      5        0        0      0.00000   0.07006   0.66450      0.00000   0.00000   0.00000
[unit cell]      6        0        0      0.00000   0.92994   0.66450      0.00000   0.00000   0.00000
[unit cell]      7        0        0      0.00000   0.07006   0.33550      0.00000   0.00000   0.00000
[unit cell]      8        0        0      0.00000   0.92994   0.33550      0.00000   0.00000   0.00000
[unit cell]      9        0        0      0.92994   0.66450   0.00000      0.00000   0.00000   0.00000
[unit cell]     10        0        0      0.07006   0.33550   0.00000      0.00000   0.00000   0.00000
[unit cell]     11        0        0      0.92994   0.33550   0.00000      0.00000   0.00000   0.00000
[unit cell]     12        0        1      0.14147   0.70358   0.11453      0.00000   0.00000   0.00000
[unit cell]     13        0        1      0.29642   0.11453   0.14147      0.00000   0.00000   0.00000
[unit cell]     14        0        1      0.29642   0.88547   0.85853      0.00000   0.00000   0.00000
[unit cell]     15        0        1      0.70358   0.88547   0.14147      0.00000   0.00000   0.00000
[unit cell]     16        0        1      0.70358   0.11453   0.85853      0.00000   0.00000   0.00000
[unit cell]     17        0        1      0.11453   0.14147   0.70358      0.00000   0.00000   0.00000
[unit cell]     18        0        1      0.88547   0.85853   0.70358      0.00000   0.00000   0.00000
[unit cell]     19        0        1      0.88547   0.14147   0.29642      0.00000   0.00000   0.00000
[unit cell]     20        0        1      0.11453   0.85853   0.29642      0.00000   0.00000   0.00000
[unit cell]     21        0        1      0.14147   0.70358   0.88547      0.00000   0.00000   0.00000
[unit cell]     22        0        1      0.85853   0.70358   0.11453      0.00000   0.00000   0.00000
[unit cell]     23        0        1      0.14147   0.29642   0.11453      0.00000   0.00000   0.00000
[unit cell]     24        0        1      0.85853   0.29642   0.88547      0.00000   0.00000   0.00000
[unit cell]     25        0        1      0.70358   0.88547   0.85853      0.00000   0.00000   0.00000
[unit cell]     26        0        1      0.70358   0.11453   0.14147      0.00000   0.00000   0.00000
[unit cell]     27        0        1      0.29642   0.11453   0.85853      0.00000   0.00000   0.00000
[unit cell]     28        0        1      0.29642   0.88547   0.14147      0.00000   0.00000   0.00000
[unit cell]     29        0        1      0.88547   0.85853   0.29642      0.00000   0.00000   0.00000
[unit cell]     30        0        1      0.11453   0.14147   0.29642      0.00000   0.00000   0.00000
[unit cell]     31        0        1      0.11453   0.85853   0.70358      0.00000   0.00000   0.00000
[unit cell]     32        0        1      0.88547   0.14147   0.70358      0.00000   0.00000   0.00000
[unit cell]     33        0        1      0.85853   0.29642   0.11453      0.00000   0.00000   0.00000
[unit cell]     34        0        1      0.14147   0.29642   0.88547      0.00000   0.00000   0.00000
[unit cell]     35        0        1      0.85853   0.70358   0.88547      0.00000   0.00000   0.00000
[unit cell]     36        0        2      0.24926   0.77768   0.07006      0.00000   0.00000   0.00000
[unit cell]     37        0        2      0.22232   0.07006   0.24926      0.00000   0.00000   0.00000
[unit cell]     38        0        2      0.22232   0.92994   0.75074      0.00000   0.00000   0.00000
[unit cell]     39        0        2      0.77768   0.92994   0.24926      0.00000   0.00000   0.00000
[unit cell]     40        0        2      0.77768   0.07006   0.75074      0.00000   0.00000   0.00000
[unit cell]     41        0        2      0.07006   0.24926   0.77768      0.00000   0.00000   0.00000
[unit cell]     42        0        2      0.92994   0.75074   0.77768      0.00000   0.00000   0.00000
[unit cell]     43        0        2      0.92994   0.24926   0.22232      0.00000   0.00000   0.00000
[unit cell]     44        0        2      0.07006   0.75074   0.22232      0.00000   0.00000   0.00000
[unit cell]     45        0        2      0.24926   0.77768   0.92994      0.00000   0.00000   0.00000
[unit cell]     46        0        2      0.75074   0.77768   0.07006      0.00000   0.00000   0.00000
[unit cell]     47        0        2      0.24926   0.22232   0.07006      0.00000   0.00000   0.00000
[unit cell]     48        0        2      0.75074   0.22232   0.92994      0.00000   0.00000   0.00000
[unit cell]     49        0        2      0.77768   0.92994   0.75074      0.00000   0.00000   0.00000
[unit cell]     50        0        2      0.77768   0.07006   0.24926      0.00000   0.00000   0.00000
[unit cell]     51        0        2      0.22232   0.07006   0.75074      0.00000   0.00000   0.00000
[unit cell]     52        0        2      0.22232   0.92994   0.24926      0.00000   0.00000   0.00000
[unit cell]     53        0        2      0.92994   0.75074   0.22232      0.00000   0.00000   0.00000
[unit cell]     54        0        2      0.07006   0.24926   0.22232      0.00000   0.00000   0.00000
[unit cell]     55        0        2      0.07006   0.75074   0.77768      0.00000   0.00000   0.00000
[unit cell]     56        0        2      0.92994   0.24926   0.77768      0.00000   0.00000   0.00000
[unit cell]     57        0        2      0.75074   0.22232   0.07006      0.00000   0.00000   0.00000
[unit cell]     58        0        2      0.24926   0.22232   0.92994      0.00000   0.00000   0.00000
[unit cell]     59        0        2      0.75074   0.77768   0.92994      0.00000   0.00000   0.00000
[unit cell] 
[unit cell] atom id         position (Cartesian, a.u.)
[unit cell] ---------------------------------------------
[unit cell]      0       1.401270   13.290074    0.000000
[unit cell]      1       6.709926    0.000000    1.401270
[unit cell]      2       6.709926    0.000000   18.598730
[unit cell]      3      13.290074    0.000000    1.401270
[unit cell]      4      13.290074    0.000000   18.598730
[unit cell]      5       0.000000    1.401270   13.290074
[unit cell]      6       0.000000   18.598730   13.290074
[unit cell]      7       0.000000    1.401270    6.709926
[unit cell]      8       0.000000   18.598730    6.709926
[unit cell]      9      18.598730   13.290074    0.000000
[unit cell]     10       1.401270    6.709926    0.000000
[unit cell]     11      18.598730    6.709926    0.000000
[unit cell]     12       2.829487   14.071551    2.290537
[unit cell]     13       5.928449    2.290537    2.829487
[unit cell]     14       5.928449   17.709463   17.170513
[unit cell]     15      14.071551   17.709463    2.829487
[unit cell]     16      14.071551    2.290537   17.170513
[unit cell]     17       2.290537    2.829487   14.071551
[unit cell]     18      17.709463   17.170513   14.071551
[unit cell]     19      17.709463    2.829487    5.928449
[unit cell]     20       2.290537   17.170513    5.928449
[unit cell]     21       2.829487   14.071551   17.709463
[unit cell]     22      17.170513   14.071551    2.290537
[unit cell]     23       2.829487    5.928449    2.290537
[unit cell]     24      17.170513    5.928449   17.709463
[unit cell]     25      14.071551   17.709463   17.170513
[unit cell]     26      14.071551    2.290537    2.829487
[unit cell]     27       5.928449    2.290537   17.170513
[unit cell]     28       5.928449   17.709463    2.829487
[unit cell]     29      17.709463   17.170513    5.928449
[unit cell]     30       2.290537    2.829487    5.928449
[unit cell]     31       2.290537   17.170513   14.071551
[unit cell]     32      17.709463    2.829487   14.071551
[unit cell]     33      17.170513    5.928449    2.290537
[unit cell]     34       2.829487    5.928449   17.709463
[unit cell]     35      17.170513   14.071551   17.709463
[unit cell]     36       4.985286   15.553663    1.401270
[unit cell]     37       4.446337    1.401270    4.985286
[unit cell]     38       4.446337   18.598730   15.014714
[unit cell]     39      15.553663   18.598730    4.985286
[unit cell]     40      15.553663    1.401270   15.014714
[unit cell]     41       1.401270    4.985286   15.553663
[unit cell]     42      18.598730   15.014714   15.553663
[unit cell]     43      18.598730    4.985286    4.446337
[unit cell]     44       1.401270   15.014714    4.446337
[unit cell]     45       4.985286   15.553663   18.598730
[unit cell]     46      15.014714   15.553663    1.401270
[unit cell]     47       4.985286    4.446337    1.401270
[unit cell]     48      15.014714    4.446337   18.598730
[unit cell]     49      15.553663   18.598730   15.014714
[unit cell]     50      15.553663    1.401270    4.985286
[unit cell]     51       4.446337    1.401270   15.014714
[unit cell]     52       4.446337   18.598730    4.985286
[unit cell]     53      18.598730   15.014714    4.446337
[unit cell]     54       1.401270    4.985286    4.446337
[unit cell]     55       1.401270   15.014714   15.553663
[unit cell]     56      18.598730    4.985286   15.553663
[unit cell]     57      15.014714    4.446337    1.401270
[unit cell]     58       4.985286    4.446337   18.598730
[unit cell]     59      15.014714   15.553663   18.598730
[unit cell] 
[unit cell] class id : 0 atom id : 0 1 2 3 4 5 6 7 8 9 10 11 
[unit cell] class id : 1 atom id : 12 13 14 15 16 17 18 19 20 21 22 23 24 25 26 27 28 29 30 31 32 33 34 35 
[unit cell] class id : 2 atom id : 36 37 38 39 40 41 42 43 44 45 46 47 48 49 50 51 52 53 54 55 56 57 58 59 
[unit cell] 
[unit cell] minimum bond length:     2.752604
[unit cell] 
[sym] space group number   : 200
[sym] international symbol : Pm-3
[sym] Hall symbol          : -P 2 2 3
[sym] space group transformation matrix : 
[sym]   1.0000  0.0000  0.0000
[sym]   0.0000  1.0000  0.0000
[sym]   0.0000  0.0000  1.0000
[sym] space group origin shift : 
[sym]   0.0000  0.0000  0.0000
[sym] number of space group operations  : 24
[sym] number of magnetic group operations : 24
[sym] metric tensor error: 0.0000e+00
[sym] rotation matrix error: 0.0000e+00
[sym] 
[sym] symmetry operations 
[sym] 
[sym] isym : 0
[sym] R :   1  0  0
[sym]       0  1  0
[sym]       0  0  1
[sym] Rc:   1.0000  0.0000  0.0000
[sym]       0.0000  1.0000  0.0000
[sym]       0.0000  0.0000  1.0000
[sym] t :   0.0000  0.0000  0.0000
[sym] S :   1.0000  0.0000  0.0000
[sym]       0.0000  1.0000  0.0000
[sym]       0.0000  0.0000  1.0000
[sym] proper:  1
[sym] 
[sym] isym : 1
[sym] R :  -1  0  0
[sym]       0 -1  0
[sym]       0  0 -1
[sym] Rc:  -1.0000  0.0000  0.0000
[sym]       0.0000 -1.0000  0.0000
[sym]       0.0000  0.0000 -1.0000
[sym] t :   0.0000  0.0000  0.0000
[sym] S :   1.0000  0.0000  0.0000
[sym]       0.0000  1.0000  0.0000
[sym]       0.0000  0.0000  1.0000
[sym] proper: -1
[sym] 
[sym] isym : 2
[sym] R :  -1  0  0
[sym]       0 -1  0
[sym]       0  0  1
[sym] Rc:  -1.0000  0.0000  0.0000
[sym]       0.0000 -1.0000  0.0000
[sym]       0.0000  0.0000  1.0000
[sym] t :   0.0000  0.0000  0.0000
[sym] S :   1.0000  0.0000  0.0000
[sym]       0.0000  1.0000  0.0000
[sym]       0.0000  0.0000  1.0000
[sym] proper:  1
[sym] 
[sym] isym : 3
[sym] R :   1  0  0
[sym]       0  1  0
[sym]       0  0 -1
[sym] Rc:   1.0000  0.0000  0.0000
[sym]       0.0000  1.0000  0.0000
[sym]       0.0000  0.0000 -1.0000
[sym] t :   0.0000  0.0000  0.0000
[sym] S :   1.0000  0.0000  0.0000
[sym]       0.0000  1.0000  0.0000
[sym]       0.0000  0.0000  1.0000
[sym] proper: -1
[sym] 
[sym] isym : 4
[sym] R :   1  0  0
[sym]       0 -1  0
[sym]       0  0 -1
[sym] Rc:   1.0000  0.0000  0.0000
[sym]       0.0000 -1.0000  0.0000
[sym]       0.0000  0.0000 -1.0000
[sym] t :   0.0000  0.0000  0.0000
[sym] S :   1.0000  0.0000  0.0000
[sym]       0.0000  1.0000  0.0000
[sym]       0.0000  0.0000  1.0000
[sym] proper:  1
[sym] 
[sym] isym : 5
[sym] R :  -1  0  0
[sym]       0  1  0
[sym]       0  0  1
[sym] Rc:  -1.0000  0.0000  0.0000
[sym]       0.0000  1.0000  0.0000
[sym]       0.0000  0.0000  1.0000
[sym] t :   0.0000  0.0000  0.0000
[sym] S :   1.0000  0.0000  0.0000
[sym]       0.0000  1.0000  0.0000
[sym]       0.0000  0.0000  1.0000
[sym] proper: -1
[sym] 
[sym] isym : 6
[sym] R :  -1  0  0
[sym]       0  1  0
[sym]       0  0 -1
[sym] Rc:  -1.0000  0.0000  0.0000
[sym]       0.0000  1.0000  0.0000
[sym]       0.0000  0.0000 -1.0000
[sym] t :   0.0000  0.0000  0.0000
[sym] S :   1.0000  0.0000  0.0000
[sym]       0.0000  1.0000  0.0000
[sym]       0.0000  0.0000  1.0000
[sym] proper:  1
[sym] 
[sym] isym : 7
[sym] R :   1  0  0
[sym]       0 -1  0
[sym]       0  0  1
[sym] Rc:   1.0000  0.0000  0.0000
[sym]       0.0000 -1.0000  0.0000
[sym]       0.0000  0.0000  1.0000
[sym] t :   0.0000  0.0000  0.0000
[sym] S :   1.0000  0.0000  0.0000
[sym]       0.0000  1.0000  0.0000
[sym]       0.0000  0.0000  1.0000
[sym] proper: -1
[sym] 
[sym] isym : 8
[sym] R :   0  0  1
[sym]       1  0  0
[sym]       0  1  0
[sym] Rc:   0.0000  0.0000  1.0000
[sym]       1.0000  0.0000  0.0000
[sym]       0.0000  1.0000  0.0000
[sym] t :   0.0000  0.0000  0.0000
[sym] S :   1.0000  0.0000  0.0000
[sym]       0.0000  1.0000  0.0000
[sym]       0.0000  0.0000  1.0000
[sym] proper:  1
[sym] 
[sym] isym : 9
[sym] R :   0  0 -1
[sym]      -1  0  0
[sym]       0 -1  0
[sym] Rc:   0.0000  0.0000 -1.0000
[sym]      -1.0000  0.0000  0.0000
[sym]       0.0000 -1.0000  0.0000
[sym] t :   0.0000  0.0000  0.0000
[sym] S :   1.0000  0.0000  0.0000
[sym]       0.0000  1.0000  0.0000
[sym]       0.0000  0.0000  1.0000
[sym] proper: -1
[sym] 
[sym] isym : 10
[sym] R :   0  0  1
[sym]      -1  0  0
[sym]       0 -1  0
[sym] Rc:   0.0000  0.0000  1.0000
[sym]      -1.0000  0.0000  0.0000
[sym]       0.0000 -1.0000  0.0000
[sym] t :   0.0000  0.0000  0.0000
[sym] S :   1.0000  0.0000  0.0000
[sym]       0.0000  1.0000  0.0000
[sym]       0.0000  0.0000  1.0000
[sym] proper:  1
[sym] 
[sym] isym : 11
[sym] R :   0  0 -1
[sym]       1  0  0
[sym]       0  1  0
[sym] Rc:   0.0000  0.0000 -1.0000
[sym]       1.0000  0.0000  0.0000
[sym]       0.0000  1.0000  0.0000
[sym] t :   0.0000  0.0000  0.0000
[sym] S :   1.0000  0.0000  0.0000
[sym]       0.0000  1.0000  0.0000
[sym]       0.0000  0.0000  1.0000
[sym] proper: -1
[sym] 
[sym] isym : 12
[sym] R :   0  0 -1
[sym]       1  0  0
[sym]       0 -1  0
[sym] Rc:   0.0000  0.0000 -1.0000
[sym]       1.0000  0.0000  0.0000
[sym]       0.0000 -1.0000  0.0000
[sym] t :   0.0000  0.0000  0.0000
[sym] S :   1.0000  0.0000  0.0000
[sym]       0.0000  1.0000  0.0000
[sym]       0.0000  0.0000  1.0000
[sym] proper:  1
[sym] 
[sym] isym : 13
[sym] R :   0  0  1
[sym]      -1  0  0
[sym]       0  1  0
[sym] Rc:   0.0000  0.0000  1.0000
[sym]      -1.0000  0.0000  0.0000
[sym]       0.0000  1.0000  0.0000
[sym] t :   0.0000  0.0000  0.0000
[sym] S :   1.0000  0.0000  0.0000
[sym]       0.0000  1.0000  0.0000
[sym]       0.0000  0.0000  1.0000
[sym] proper: -1
[sym] 
[sym] isym : 14
[sym] R :   0  0 -1
[sym]      -1  0  0
[sym]       0  1  0
[sym] Rc:   0.0000  0.0000 -1.0000
[sym]      -1.0000  0.0000  0.0000
[sym]       0.0000  1.0000  0.0000
[sym] t :   0.0000  0.0000  0.0000
[sym] S :   1.0000  0.0000  0.0000
[sym]       0.0000  1.0000  0.0000
[sym]       0.0000  0.0000  1.0000
[sym] proper:  1
[sym] 
[sym] isym : 15
[sym] R :   0  0  1
[sym]       1  0  0
[sym]       0 -1  0
[sym] Rc:   0.0000  0.0000  1.0000
[sym]       1.0000  0.0000  0.0000
[sym]       0.0000 -1.0000  0.0000
[sym] t :   0.0000  0.0000  0.0000
[sym] S :   1.0000  0.0000  0.0000
[sym]       0.0000  1.0000  0.0000
[sym]       0.0000  0.0000  1.0000
[sym] proper: -1
[sym] 
[sym] isym : 16
[sym] R :   0  1  0
[sym]       0  0  1
[sym]       1  0  0
[sym] Rc:   0.0000  1.0000  0.0000
[sym]       0.0000  0.0000  1.0000
[sym]       1.0000  0.0000  0.0000
[sym] t :   0.0000  0.0000  0.0000
[sym] S :   1.0000  0.0000  0.0000
[sym]       0.0000  1.0000  0.0000
[sym]       0.0000  0.0000  1.0000
[sym] proper:  1
[sym] 
[sym] isym : 17
[sym] R :   0 -1  0
[sym]       0  0 -1
[sym]      -1  0  0
[sym] Rc:   0.0000 -1.0000  0.0000
[sym]       0.0000  0.0000 -1.0000
[sym]      -1.0000  0.0000  0.0000
[sym] t :   0.0000  0.0000  0.0000
[sym] S :   1.0000  0.0000  0.0000
[sym]       0.0000  1.0000  0.0000
[sym]       0.0000  0.0000  1.0000
[sym] proper: -1
[sym] 
[sym] isym : 18
[sym] R :   0 -1  0
[sym]       0  0  1
[sym]      -1  0  0
[sym] Rc:   0.0000 -1.0000  0.0000
[sym]       0.0000  0.0000  1.0000
[sym]      -1.0000  0.0000  0.0000
[sym] t :   0.0000  0.0000  0.0000
[sym] S :   1.0000  0.0000  0.0000
[sym]       0.0000  1.0000  0.0000
[sym]       0.0000  0.0000  1.0000
[sym] proper:  1
[sym] 
[sym] isym : 19
[sym] R :   0  1  0
[sym]       0  0 -1
[sym]       1  0  0
[sym] Rc:   0.0000  1.0000  0.0000
[sym]       0.0000  0.0000 -1.0000
[sym]       1.0000  0.0000  0.0000
[sym] t :   0.0000  0.0000  0.0000
[sym] S :   1.0000  0.0000  0.0000
[sym]       0.0000  1.0000  0.0000
[sym]       0.0000  0.0000  1.0000
[sym] proper: -1
[sym] 
[sym] isym : 20
[sym] R :   0 -1  0
[sym]       0  0 -1
[sym]       1  0  0
[sym] Rc:   0.0000 -1.0000  0.0000
[sym]       0.0000  0.0000 -1.0000
[sym]       1.0000  0.0000  0.0000
[sym] t :   0.0000  0.0000  0.0000
[sym] S :   1.0000  0.0000  0.0000
[sym]       0.0000  1.0000  0.0000
[sym]       0.0000  0.0000  1.0000
[sym] proper:  1
[sym] 
[sym] isym : 21
[sym] R :   0  1  0
[sym]       0  0  1
[sym]      -1  0  0
[sym] Rc:   0.0000  1.0000  0.0000
[sym]       0.0000  0.0000  1.0000
[sym]      -1.0000  0.0000  0.0000
[sym] t :   0.0000  0.0000  0.0000
[sym] S :   1.0000  0.0000  0.0000
[sym]       0.0000  1.0000  0.0000
[sym]       0.0000  0.0000  1.0000
[sym] proper: -1
[sym] 
[sym] isym : 22
[sym] R :   0  1  0
[sym]       0  0 -1
[sym]      -1  0  0
[sym] Rc:   0.0000  1.0000  0.0000
[sym]       0.0000  0.0000 -1.0000
[sym]      -1.0000  0.0000  0.0000
[sym] t :   0.0000  0.0000  0.0000
[sym] S :   1.0000  0.0000  0.0000
[sym]       0.0000  1.0000  0.0000
[sym]       0.0000  0.0000  1.0000
[sym] proper:  1
[sym] 
[sym] isym : 23
[sym] R :   0 -1  0
[sym]       0  0  1
[sym]       1  0  0
[sym] Rc:   0.0000 -1.0000  0.0000
[sym]       0.0000  0.0000  1.0000
[sym]       1.0000  0.0000  0.0000
[sym] t :   0.0000  0.0000  0.0000
[sym] S :   1.0000  0.0000  0.0000
[sym]       0.0000  1.0000  0.0000
[sym]       0.0000  0.0000  1.0000
[sym] proper: -1
[sym] 
[atom type] label          : C
[atom type] --------------------------------------------------------------------------------
[atom type] symbol         : C
[atom type] name           : carbon
[atom type] zn             : 6
[atom type] mass           : 12.0107
[atom type] mt_radius      : 1.30749
[atom type] num_mt_points  : 1500
[atom type] grid_origin    : 1e-06
[atom type] grid_name      : exponential
[atom type] 
[atom type] number of core electrons    : 0
[atom type] number of valence electrons : 6
[atom type] 
[atom type] atomic levels
[atom type] n: 1, l: 0, k: 1, occ: 2, core: 0
[atom type] n: 2, l: 0, k: 1, occ: 2, core: 0
[atom type] n: 2, l: 1, k: 1, occ: 1, core: 0
[atom type] n: 2, l: 1, k: 2, occ: 1, core: 0
[atom type] 
[atom type] local orbitals
[atom type] [{l: 0, n: 1, enu: -9.85341, dme: 0, auto: 1}, {l: 0, n: 1, enu: -9.85341, dme: 1, auto: 1}]
[atom type] [{l: 0, n: 2, enu: 15.124, dme: 0, auto: 1}, {l: 0, n: 2, enu: 15.124, dme: 1, auto: 1}]
[atom type] [{l: 0, n: 1, enu: -9.85341, dme: 1, auto: 1}, {l: 0, n: 1, enu: -9.85341, dme: 2, auto: 1}]
[atom type] [{l: 0, n: 2, enu: 15.124, dme: 1, auto: 1}, {l: 0, n: 2, enu: 15.124, dme: 2, auto: 1}]
[atom type] [{l: 0, n: 3, enu: 63.8984, dme: 0, auto: 1}, {l: 0, n: 3, enu: 63.8984, dme: 1, auto: 1}]
[atom type] [{l: 0, n: 3, enu: 63.8984, dme: 1, auto: 1}, {l: 0, n: 3, enu: 63.8984, dme: 2, auto: 1}]
[atom type] [{l: 1, n: 2, enu: 7.48172, dme: 0, auto: 1}, {l: 1, n: 2, enu: 7.48172, dme: 1, auto: 1}]
[atom type] [{l: 1, n: 2, enu: 7.48172, dme: 1, auto: 1}, {l: 1, n: 2, enu: 7.48172, dme: 2, auto: 1}]
[atom type] [{l: 1, n: 3, enu: 43.4619, dme: 0, auto: 1}, {l: 1, n: 3, enu: 43.4619, dme: 1, auto: 1}]
[atom type] [{l: 1, n: 3, enu: 43.4619, dme: 1, auto: 1}, {l: 1, n: 3, enu: 43.4619, dme: 2, auto: 1}]
[atom type] [{l: 2, n: 3, enu: 21.193, dme: 0, auto: 1}, {l: 2, n: 3, enu: 21.193, dme: 1, auto: 1}]
[atom type] [{l: 2, n: 3, enu: 21.193, dme: 1, auto: 1}, {l: 2, n: 3, enu: 21.193, dme: 2, auto: 1}]
[atom type] 
[atom type] augmented wave basis
[atom type] [{l: 0, n: 2, enu: 0.15, dme: 0, auto: 1}, {l: 0, n: 2, enu: 0.15, dme: 1, auto: 1}]
[atom type] [{l: 1, n: 2, enu: 0.15, dme: 0, auto: 1}, {l: 1, n: 2, enu: 0.15, dme: 1, auto: 1}]
[atom type] [{l: 2, n: 3, enu: 0.15, dme: 0, auto: 0}, {l: 2, n: 3, enu: 0.15, dme: 1, auto: 0}]
[atom type] [{l: 3, n: 4, enu: 0.15, dme: 0, auto: 0}, {l: 3, n: 4, enu: 0.15, dme: 1, auto: 0}]
[atom type] [{l: 4, n: 5, enu: 0.15, dme: 0, auto: 0}, {l: 4, n: 5, enu: 0.15, dme: 1, auto: 0}]
[atom type] [{l: 5, n: 6, enu: 0.15, dme: 0, auto: 0}, {l: 5, n: 6, enu: 0.15, dme: 1, auto: 0}]
[atom type] [{l: 6, n: 7, enu: 0.15, dme: 0, auto: 0}, {l: 6, n: 7, enu: 0.15, dme: 1, auto: 0}]
[atom type] [{l: 7, n: 8, enu: 0.15, dme: 0, auto: 0}, {l: 7, n: 8, enu: 0.15, dme: 1, auto: 0}]
[atom type] [{l: 8, n: 9, enu: 0.15, dme: 0, auto: 0}, {l: 8, n: 9, enu: 0.15, dme: 1, auto: 0}]
[atom type] maximum order of aw : 2
[atom type] 
[atom type] total number of radial functions : 30
[atom type] lmax of radial functions         : 8
[atom type] max. number of radial functions  : 8
[atom type] total number of basis functions  : 190
[atom type] number of aw basis functions     : 162
[atom type] number of lo basis functions     : 28
[atom type] lmax_apw                         : 8
[atom type] Hubbard correction               : false
[atom type] spin-orbit coupling              : false
[atom type] atomic wave-functions            : 
[atom type] 
[info] total nuclear charge               : 360
[info] number of core electrons           : 0
[info] number of valence electrons        : 360
[info] total number of electrons          : 360
[info] extra charge                       : 0
[info] total number of aw basis functions : 9720
[info] total number of lo basis functions : 1680
[info] number of first-variational states : 216
[info] number of bands                    : 216
[info] number of spins                    : 1
[info] number of magnetic dimensions      : 0
[info] number of spinor components        : 1
[info] number of spinors per band index   : 1
[info] lmax_apw                           : 8
[info] lmax_rho                           : 8
[info] lmax_pot                           : 8
[info] lmax_rf                            : 8
[info] smearing type                      : gaussian
[info] smearing width                     : 0.025
[info] cyclic block size                  : 1024
[info] |G+k| cutoff                       : 5
[info] symmetry                           : true
[info] so_correction                      : false
[info] valence relativity                 : zora
[info] core relativity                    : Dirac
[info] standard eigen-value solver        : DLA-Future
[info] generalized eigen-value solver     : DLA-Future
[info] processing unit                    : GPU
[info] number of devices                  : 1
[info]   name                             : NVIDIA GH200 120GB
[info]   major                            : 9
[info]   minor                            : 0
[info]   clockRate                        : 1980000 kHz
[info]   memoryClockRate                  : 2619000 kHz
[info]   memoryBusWidth                   : 6144 bits
[info]   sharedMemPerBlock                : 48 kB
[info]   totalConstMem                    : 64 kB
[info]   totalGlobalMem                   : 99090432 kB
[info]   available memory                 : 87606720 kB
[info]   l2CacheSize                      : 61440 kB
[info]   warpSize                         : 32
[info]   regsPerBlock                     : 65536
[info]   canMapHostMemory                 : 1
[info]   concurrentKernels                : 1
[info]   maxGridSize                      : 2147483647 65535 65535
[info]   maxThreadsDim                    : 1024 1024 64
[info]   maxThreadsPerBlock               : 1024
[info]   maxThreadsPerMultiProcessor      : 2048
[info]   multiProcessorCount              : 132
[info]   pciBusID                         : 1
[info]   pciDeviceID                      : 0
[info]   pciDomainID                      : 9
[info]   regsPerMultiprocessor            : 65536
[info]   asyncEngineCount                 : 3
[info]   ECCEnabled                       : 1
[info]   memPitch                         : 2147483647
[info] 
[info] iterative solver                   : exact
[info] number of steps                    : 20
[info] subspace size                      : 2
[info] early restart ratio                : 0.5
[info] precision_wf                       : fp64
[info] precision_hs                       : fp64
[info] mixer                              : broyden1
[info] mixing beta                        : 0.8
[info] max_history                        : 8
[info] use_hartree                        : false
[info] 
[info] spglib version: 2.5.0
[info] HDF5 version: 1.14.5
[info] Libxc version: 6.2.2
[info] 
[info] XC functionals
[info] ==============
[info] 1) XC_LDA_X : Slater exchange
[info] P. A. M. Dirac.,  Math. Proc. Cambridge Philos. Soc. 26, 376 (1930) (10.1017/S0305004100016108)
[info] F. Bloch.,  Z. Phys. 57, 545 (1929) (10.1007/BF01340281)
[info] 
[info] 2) XC_LDA_C_PZ : Perdew & Zunger
[info] J. P. Perdew and A. Zunger.,  Phys. Rev. B 23, 5048 (1981) (10.1103/PhysRevB.23.5048)
[info] 
+----------------------+
| new SCF ground state |
+----------------------+
[print_info] 
[print_info] total number of k-points : 1
[print_info] --------------------------------------------------------------------------------
[print_info] 
[print_info]   ik                vk                    weight  num_gkvec   gklo_basis_size
[print_info] --------------------------------------------------------------------------------
[print_info]    0   0.0000   0.0000   0.0000         1.000000      16879             18559
[find] density_tol               : 1e-06
[find] energy_tol                : 1e-08
[find] iter_solver_tol (initial) : 0.01
[find] iter_solver_tol (target)  : 1e-13
[find] num_dft_iter              : 2
[find] 
[find] +------------------------------+
[find] | SCF iteration   0 out of   2|
[find] +------------------------------+
[find] 
[generate_radial_functions] 
[generate_radial_functions] Linearization energies
[generate_radial_functions] Atom : C, class id : 0
[generate_radial_functions] augmented waves
[generate_radial_functions] {l: 0, n: 2, enu: 2.59084, dme: 0, auto: 1}
[generate_radial_functions] {l: 0, n: 2, enu: 2.59084, dme: 1, auto: 1}
[generate_radial_functions] {l: 1, n: 2, enu: 2.36848, dme: 0, auto: 1}
[generate_radial_functions] {l: 1, n: 2, enu: 2.36848, dme: 1, auto: 1}
[generate_radial_functions] local orbitals
[generate_radial_functions] {l: 0, n: 1, enu: -5.24277, dme: 0, auto: 1}
[generate_radial_functions] {l: 0, n: 1, enu: -5.24277, dme: 1, auto: 1}
[generate_radial_functions] {l: 0, n: 2, enu: 2.59084, dme: 0, auto: 1}
[generate_radial_functions] {l: 0, n: 2, enu: 2.59084, dme: 1, auto: 1}
[generate_radial_functions] {l: 0, n: 1, enu: -5.24277, dme: 1, auto: 1}
[generate_radial_functions] {l: 0, n: 1, enu: -5.24277, dme: 2, auto: 1}
[generate_radial_functions] {l: 0, n: 2, enu: 2.59084, dme: 1, auto: 1}
[generate_radial_functions] {l: 0, n: 2, enu: 2.59084, dme: 2, auto: 1}
[generate_radial_functions] {l: 0, n: 3, enu: 13.7761, dme: 0, auto: 1}
[generate_radial_functions] {l: 0, n: 3, enu: 13.7761, dme: 1, auto: 1}
[generate_radial_functions] {l: 0, n: 3, enu: 13.7761, dme: 1, auto: 1}
[generate_radial_functions] {l: 0, n: 3, enu: 13.7761, dme: 2, auto: 1}
[generate_radial_functions] {l: 1, n: 2, enu: 2.36848, dme: 0, auto: 1}
[generate_radial_functions] {l: 1, n: 2, enu: 2.36848, dme: 1, auto: 1}
[generate_radial_functions] {l: 1, n: 2, enu: 2.36848, dme: 1, auto: 1}
[generate_radial_functions] {l: 1, n: 2, enu: 2.36848, dme: 2, auto: 1}
[generate_radial_functions] {l: 1, n: 3, enu: 10.9631, dme: 0, auto: 1}
[generate_radial_functions] {l: 1, n: 3, enu: 10.9631, dme: 1, auto: 1}
[generate_radial_functions] {l: 1, n: 3, enu: 10.9631, dme: 1, auto: 1}
[generate_radial_functions] {l: 1, n: 3, enu: 10.9631, dme: 2, auto: 1}
[generate_radial_functions] {l: 2, n: 3, enu: 5.78521, dme: 0, auto: 1}
[generate_radial_functions] {l: 2, n: 3, enu: 5.78521, dme: 1, auto: 1}
[generate_radial_functions] {l: 2, n: 3, enu: 5.78521, dme: 1, auto: 1}
[generate_radial_functions] {l: 2, n: 3, enu: 5.78521, dme: 2, auto: 1}
[generate_radial_functions] 
[generate_radial_functions] Atom : C, class id : 1
[generate_radial_functions] augmented waves
[generate_radial_functions] {l: 0, n: 2, enu: 2.60365, dme: 0, auto: 1}
[generate_radial_functions] {l: 0, n: 2, enu: 2.60365, dme: 1, auto: 1}
[generate_radial_functions] {l: 1, n: 2, enu: 2.38127, dme: 0, auto: 1}
[generate_radial_functions] {l: 1, n: 2, enu: 2.38127, dme: 1, auto: 1}
[generate_radial_functions] local orbitals
[generate_radial_functions] {l: 0, n: 1, enu: -5.23019, dme: 0, auto: 1}
[generate_radial_functions] {l: 0, n: 1, enu: -5.23019, dme: 1, auto: 1}
[generate_radial_functions] {l: 0, n: 2, enu: 2.60365, dme: 0, auto: 1}
[generate_radial_functions] {l: 0, n: 2, enu: 2.60365, dme: 1, auto: 1}
[generate_radial_functions] {l: 0, n: 1, enu: -5.23019, dme: 1, auto: 1}
[generate_radial_functions] {l: 0, n: 1, enu: -5.23019, dme: 2, auto: 1}
[generate_radial_functions] {l: 0, n: 2, enu: 2.60365, dme: 1, auto: 1}
[generate_radial_functions] {l: 0, n: 2, enu: 2.60365, dme: 2, auto: 1}
[generate_radial_functions] {l: 0, n: 3, enu: 13.7888, dme: 0, auto: 1}
[generate_radial_functions] {l: 0, n: 3, enu: 13.7888, dme: 1, auto: 1}
[generate_radial_functions] {l: 0, n: 3, enu: 13.7888, dme: 1, auto: 1}
[generate_radial_functions] {l: 0, n: 3, enu: 13.7888, dme: 2, auto: 1}
[generate_radial_functions] {l: 1, n: 2, enu: 2.38127, dme: 0, auto: 1}
[generate_radial_functions] {l: 1, n: 2, enu: 2.38127, dme: 1, auto: 1}
[generate_radial_functions] {l: 1, n: 2, enu: 2.38127, dme: 1, auto: 1}
[generate_radial_functions] {l: 1, n: 2, enu: 2.38127, dme: 2, auto: 1}
[generate_radial_functions] {l: 1, n: 3, enu: 10.9758, dme: 0, auto: 1}
[generate_radial_functions] {l: 1, n: 3, enu: 10.9758, dme: 1, auto: 1}
[generate_radial_functions] {l: 1, n: 3, enu: 10.9758, dme: 1, auto: 1}
[generate_radial_functions] {l: 1, n: 3, enu: 10.9758, dme: 2, auto: 1}
[generate_radial_functions] {l: 2, n: 3, enu: 5.79806, dme: 0, auto: 1}
[generate_radial_functions] {l: 2, n: 3, enu: 5.79806, dme: 1, auto: 1}
[generate_radial_functions] {l: 2, n: 3, enu: 5.79806, dme: 1, auto: 1}
[generate_radial_functions] {l: 2, n: 3, enu: 5.79806, dme: 2, auto: 1}
[generate_radial_functions] 
[generate_radial_functions] Atom : C, class id : 2
[generate_radial_functions] augmented waves
[generate_radial_functions] {l: 0, n: 2, enu: 2.60274, dme: 0, auto: 1}
[generate_radial_functions] {l: 0, n: 2, enu: 2.60274, dme: 1, auto: 1}
[generate_radial_functions] {l: 1, n: 2, enu: 2.38035, dme: 0, auto: 1}
[generate_radial_functions] {l: 1, n: 2, enu: 2.38035, dme: 1, auto: 1}
[generate_radial_functions] local orbitals
[generate_radial_functions] {l: 0, n: 1, enu: -5.2311, dme: 0, auto: 1}
[generate_radial_functions] {l: 0, n: 1, enu: -5.2311, dme: 1, auto: 1}
[generate_radial_functions] {l: 0, n: 2, enu: 2.60274, dme: 0, auto: 1}
[generate_radial_functions] {l: 0, n: 2, enu: 2.60274, dme: 1, auto: 1}
[generate_radial_functions] {l: 0, n: 1, enu: -5.2311, dme: 1, auto: 1}
[generate_radial_functions] {l: 0, n: 1, enu: -5.2311, dme: 2, auto: 1}
[generate_radial_functions] {l: 0, n: 2, enu: 2.60274, dme: 1, auto: 1}
[generate_radial_functions] {l: 0, n: 2, enu: 2.60274, dme: 2, auto: 1}
[generate_radial_functions] {l: 0, n: 3, enu: 13.7879, dme: 0, auto: 1}
[generate_radial_functions] {l: 0, n: 3, enu: 13.7879, dme: 1, auto: 1}
[generate_radial_functions] {l: 0, n: 3, enu: 13.7879, dme: 1, auto: 1}
[generate_radial_functions] {l: 0, n: 3, enu: 13.7879, dme: 2, auto: 1}
[generate_radial_functions] {l: 1, n: 2, enu: 2.38035, dme: 0, auto: 1}
[generate_radial_functions] {l: 1, n: 2, enu: 2.38035, dme: 1, auto: 1}
[generate_radial_functions] {l: 1, n: 2, enu: 2.38035, dme: 1, auto: 1}
[generate_radial_functions] {l: 1, n: 2, enu: 2.38035, dme: 2, auto: 1}
[generate_radial_functions] {l: 1, n: 3, enu: 10.9749, dme: 0, auto: 1}
[generate_radial_functions] {l: 1, n: 3, enu: 10.9749, dme: 1, auto: 1}
[generate_radial_functions] {l: 1, n: 3, enu: 10.9749, dme: 1, auto: 1}
[generate_radial_functions] {l: 1, n: 3, enu: 10.9749, dme: 2, auto: 1}
[generate_radial_functions] {l: 2, n: 3, enu: 5.79715, dme: 0, auto: 1}
[generate_radial_functions] {l: 2, n: 3, enu: 5.79715, dme: 1, auto: 1}
[generate_radial_functions] {l: 2, n: 3, enu: 5.79715, dme: 1, auto: 1}
[generate_radial_functions] {l: 2, n: 3, enu: 5.79715, dme: 2, auto: 1}
[generate_radial_functions] 
[diagonalize] Lowest band energies
[diagonalize] ik:    0   -5.243128   -5.243127   -5.243127   -5.243127   -5.243126   -5.243126   -5.241561   -5.241561   -5.241561   -5.241561
[find] 
[find] Charges and magnetic moments
[find] --------------------------------------------------------------------------------
[find] atom      charge    core leakage
[find] --------------------------------------------------------------------------------
[find]    0    3.198699    0.000000e+00
[find]    1    3.198699    0.000000e+00
[find]    2    3.198699    0.000000e+00
[find]    3    3.198699    0.000000e+00
[find]    4    3.198699    0.000000e+00
[find]    5    3.198699    0.000000e+00
[find]    6    3.198699    0.000000e+00
[find]    7    3.198699    0.000000e+00
[find]    8    3.198699    0.000000e+00
[find]    9    3.198699    0.000000e+00
[find]   10    3.198699    0.000000e+00
[find]   11    3.198699    0.000000e+00
[find]   12    3.195904    0.000000e+00
[find]   13    3.195904    0.000000e+00
[find]   14    3.195904    0.000000e+00
[find]   15    3.195904    0.000000e+00
[find]   16    3.195904    0.000000e+00
[find]   17    3.195904    0.000000e+00
[find]   18    3.195904    0.000000e+00
[find]   19    3.195904    0.000000e+00
[find]   20    3.195904    0.000000e+00
[find]   21    3.195904    0.000000e+00
[find]   22    3.195904    0.000000e+00
[find]   23    3.195904    0.000000e+00
[find]   24    3.195904    0.000000e+00
[find]   25    3.195904    0.000000e+00
[find]   26    3.195904    0.000000e+00
[find]   27    3.195904    0.000000e+00
[find]   28    3.195904    0.000000e+00
[find]   29    3.195904    0.000000e+00
[find]   30    3.195904    0.000000e+00
[find]   31    3.195904    0.000000e+00
[find]   32    3.195904    0.000000e+00
[find]   33    3.195904    0.000000e+00
[find]   34    3.195904    0.000000e+00
[find]   35    3.195904    0.000000e+00
[find]   36    3.193254    0.000000e+00
[find]   37    3.193254    0.000000e+00
[find]   38    3.193254    0.000000e+00
[find]   39    3.193254    0.000000e+00
[find]   40    3.193254    0.000000e+00
[find]   41    3.193254    0.000000e+00
[find]   42    3.193254    0.000000e+00
[find]   43    3.193254    0.000000e+00
[find]   44    3.193254    0.000000e+00
[find]   45    3.193254    0.000000e+00
[find]   46    3.193254    0.000000e+00
[find]   47    3.193254    0.000000e+00
[find]   48    3.193254    0.000000e+00
[find]   49    3.193254    0.000000e+00
[find]   50    3.193254    0.000000e+00
[find]   51    3.193254    0.000000e+00
[find]   52    3.193254    0.000000e+00
[find]   53    3.193254    0.000000e+00
[find]   54    3.193254    0.000000e+00
[find]   55    3.193254    0.000000e+00
[find]   56    3.193254    0.000000e+00
[find]   57    3.193254    0.000000e+00
[find]   58    3.193254    0.000000e+00
[find]   59    3.193254    0.000000e+00
[find] 
[find] total core leakage    : 0.00000000e+00
[find] interstitial charge   : 168.275806
[find] total charge          : 360.000000
[find] 
[find] Energy
[find] --------------------------------------------------------------------------------
[find] valence_eval_sum               :    -581.68860437
[find] core_eval_sum                  :       0.00000000
[find] kinetic energy                 :    3370.91819871
[find] enuc                           :   -2293.70936873
[find] <rho|V^{XC}>                   :    -375.04393114
[find] <rho|E^{XC}>                   :    -284.80570614
[find] <mag|B^{XC}>                   :       0.00000000
[find] <rho|V^{H}>                    :   -3577.56467150
[find] smearing (-TS)                 :      -0.27592502
[find] SCF correction                 :   -1023.19200826
[find] Total energy                   :   -2019.57122018 (Ha),   -4039.14244036 (Ry)
[find] Free energy (E-TS)             :   -2019.84714520 (Ha),   -4039.69429039 (Ry)
[find] 
[find] band gap (eV)                  :       0.00000000
[find] Efermi                         :       0.37608067
[find] 
[find] iteration : 0, RMS : 4.811594847279e-01, energy difference : -2.019571220178e+03
[find] 
[find] +------------------------------+
[find] | SCF iteration   1 out of   2|
[find] +------------------------------+
[find] 
[generate_radial_functions] 
[generate_radial_functions] Linearization energies
[generate_radial_functions] Atom : C, class id : 0
[generate_radial_functions] augmented waves
[generate_radial_functions] {l: 0, n: 2, enu: -1.1717, dme: 0, auto: 1}
[generate_radial_functions] {l: 0, n: 2, enu: -1.1717, dme: 1, auto: 1}
[generate_radial_functions] {l: 1, n: 2, enu: -1.30849, dme: 0, auto: 1}
[generate_radial_functions] {l: 1, n: 2, enu: -1.30849, dme: 1, auto: 1}
[generate_radial_functions] local orbitals
[generate_radial_functions] {l: 0, n: 1, enu: -11.9405, dme: 0, auto: 1}
[generate_radial_functions] {l: 0, n: 1, enu: -11.9405, dme: 1, auto: 1}
[generate_radial_functions] {l: 0, n: 2, enu: -1.1717, dme: 0, auto: 1}
[generate_radial_functions] {l: 0, n: 2, enu: -1.1717, dme: 1, auto: 1}
[generate_radial_functions] {l: 0, n: 1, enu: -11.9405, dme: 1, auto: 1}
[generate_radial_functions] {l: 0, n: 1, enu: -11.9405, dme: 2, auto: 1}
[generate_radial_functions] {l: 0, n: 2, enu: -1.1717, dme: 1, auto: 1}
[generate_radial_functions] {l: 0, n: 2, enu: -1.1717, dme: 2, auto: 1}
[generate_radial_functions] {l: 0, n: 3, enu: 9.41005, dme: 0, auto: 1}
[generate_radial_functions] {l: 0, n: 3, enu: 9.41005, dme: 1, auto: 1}
[generate_radial_functions] {l: 0, n: 3, enu: 9.41005, dme: 1, auto: 1}
[generate_radial_functions] {l: 0, n: 3, enu: 9.41005, dme: 2, auto: 1}
[generate_radial_functions] {l: 1, n: 2, enu: -1.30849, dme: 0, auto: 1}
[generate_radial_functions] {l: 1, n: 2, enu: -1.30849, dme: 1, auto: 1}
[generate_radial_functions] {l: 1, n: 2, enu: -1.30849, dme: 1, auto: 1}
[generate_radial_functions] {l: 1, n: 2, enu: -1.30849, dme: 2, auto: 1}
[generate_radial_functions] {l: 1, n: 3, enu: 6.70322, dme: 0, auto: 1}
[generate_radial_functions] {l: 1, n: 3, enu: 6.70322, dme: 1, auto: 1}
[generate_radial_functions] {l: 1, n: 3, enu: 6.70322, dme: 1, auto: 1}
[generate_radial_functions] {l: 1, n: 3, enu: 6.70322, dme: 2, auto: 1}
[generate_radial_functions] {l: 2, n: 3, enu: 2.50033, dme: 0, auto: 1}
[generate_radial_functions] {l: 2, n: 3, enu: 2.50033, dme: 1, auto: 1}
[generate_radial_functions] {l: 2, n: 3, enu: 2.50033, dme: 1, auto: 1}
[generate_radial_functions] {l: 2, n: 3, enu: 2.50033, dme: 2, auto: 1}
[generate_radial_functions] 
[generate_radial_functions] Atom : C, class id : 1
[generate_radial_functions] augmented waves
[generate_radial_functions] {l: 0, n: 2, enu: -1.01696, dme: 0, auto: 1}
[generate_radial_functions] {l: 0, n: 2, enu: -1.01696, dme: 1, auto: 1}
[generate_radial_functions] {l: 1, n: 2, enu: -1.15389, dme: 0, auto: 1}
[generate_radial_functions] {l: 1, n: 2, enu: -1.15389, dme: 1, auto: 1}
[generate_radial_functions] local orbitals
[generate_radial_functions] {l: 0, n: 1, enu: -11.7858, dme: 0, auto: 1}
[generate_radial_functions] {l: 0, n: 1, enu: -11.7858, dme: 1, auto: 1}
[generate_radial_functions] {l: 0, n: 2, enu: -1.01696, dme: 0, auto: 1}
[generate_radial_functions] {l: 0, n: 2, enu: -1.01696, dme: 1, auto: 1}
[generate_radial_functions] {l: 0, n: 1, enu: -11.7858, dme: 1, auto: 1}
[generate_radial_functions] {l: 0, n: 1, enu: -11.7858, dme: 2, auto: 1}
[generate_radial_functions] {l: 0, n: 2, enu: -1.01696, dme: 1, auto: 1}
[generate_radial_functions] {l: 0, n: 2, enu: -1.01696, dme: 2, auto: 1}
[generate_radial_functions] {l: 0, n: 3, enu: 9.56484, dme: 0, auto: 1}
[generate_radial_functions] {l: 0, n: 3, enu: 9.56484, dme: 1, auto: 1}
[generate_radial_functions] {l: 0, n: 3, enu: 9.56484, dme: 1, auto: 1}
[generate_radial_functions] {l: 0, n: 3, enu: 9.56484, dme: 2, auto: 1}
[generate_radial_functions] {l: 1, n: 2, enu: -1.15389, dme: 0, auto: 1}
[generate_radial_functions] {l: 1, n: 2, enu: -1.15389, dme: 1, auto: 1}
[generate_radial_functions] {l: 1, n: 2, enu: -1.15389, dme: 1, auto: 1}
[generate_radial_functions] {l: 1, n: 2, enu: -1.15389, dme: 2, auto: 1}
[generate_radial_functions] {l: 1, n: 3, enu: 6.85788, dme: 0, auto: 1}
[generate_radial_functions] {l: 1, n: 3, enu: 6.85788, dme: 1, auto: 1}
[generate_radial_functions] {l: 1, n: 3, enu: 6.85788, dme: 1, auto: 1}
[generate_radial_functions] {l: 1, n: 3, enu: 6.85788, dme: 2, auto: 1}
[generate_radial_functions] {l: 2, n: 3, enu: 2.65507, dme: 0, auto: 1}
[generate_radial_functions] {l: 2, n: 3, enu: 2.65507, dme: 1, auto: 1}
[generate_radial_functions] {l: 2, n: 3, enu: 2.65507, dme: 1, auto: 1}
[generate_radial_functions] {l: 2, n: 3, enu: 2.65507, dme: 2, auto: 1}
[generate_radial_functions] 
[generate_radial_functions] Atom : C, class id : 2
[generate_radial_functions] augmented waves
[generate_radial_functions] {l: 0, n: 2, enu: -1.04234, dme: 0, auto: 1}
[generate_radial_functions] {l: 0, n: 2, enu: -1.04234, dme: 1, auto: 1}
[generate_radial_functions] {l: 1, n: 2, enu: -1.17932, dme: 0, auto: 1}
[generate_radial_functions] {l: 1, n: 2, enu: -1.17932, dme: 1, auto: 1}
[generate_radial_functions] local orbitals
[generate_radial_functions] {l: 0, n: 1, enu: -11.8124, dme: 0, auto: 1}
[generate_radial_functions] {l: 0, n: 1, enu: -11.8124, dme: 1, auto: 1}
[generate_radial_functions] {l: 0, n: 2, enu: -1.04234, dme: 0, auto: 1}
[generate_radial_functions] {l: 0, n: 2, enu: -1.04234, dme: 1, auto: 1}
[generate_radial_functions] {l: 0, n: 1, enu: -11.8124, dme: 1, auto: 1}
[generate_radial_functions] {l: 0, n: 1, enu: -11.8124, dme: 2, auto: 1}
[generate_radial_functions] {l: 0, n: 2, enu: -1.04234, dme: 1, auto: 1}
[generate_radial_functions] {l: 0, n: 2, enu: -1.04234, dme: 2, auto: 1}
[generate_radial_functions] {l: 0, n: 3, enu: 9.53921, dme: 0, auto: 1}
[generate_radial_functions] {l: 0, n: 3, enu: 9.53921, dme: 1, auto: 1}
[generate_radial_functions] {l: 0, n: 3, enu: 9.53921, dme: 1, auto: 1}
[generate_radial_functions] {l: 0, n: 3, enu: 9.53921, dme: 2, auto: 1}
[generate_radial_functions] {l: 1, n: 2, enu: -1.17932, dme: 0, auto: 1}
[generate_radial_functions] {l: 1, n: 2, enu: -1.17932, dme: 1, auto: 1}
[generate_radial_functions] {l: 1, n: 2, enu: -1.17932, dme: 1, auto: 1}
[generate_radial_functions] {l: 1, n: 2, enu: -1.17932, dme: 2, auto: 1}
[generate_radial_functions] {l: 1, n: 3, enu: 6.83229, dme: 0, auto: 1}
[generate_radial_functions] {l: 1, n: 3, enu: 6.83229, dme: 1, auto: 1}
[generate_radial_functions] {l: 1, n: 3, enu: 6.83229, dme: 1, auto: 1}
[generate_radial_functions] {l: 1, n: 3, enu: 6.83229, dme: 2, auto: 1}
[generate_radial_functions] {l: 2, n: 3, enu: 2.62988, dme: 0, auto: 1}
[generate_radial_functions] {l: 2, n: 3, enu: 2.62988, dme: 1, auto: 1}
[generate_radial_functions] {l: 2, n: 3, enu: 2.62988, dme: 1, auto: 1}
[generate_radial_functions] {l: 2, n: 3, enu: 2.62988, dme: 2, auto: 1}
[generate_radial_functions] 
[diagonalize] Lowest band energies
[diagonalize] ik:    0  -11.941031  -11.941031  -11.941031  -11.941031  -11.941031  -11.941031  -11.940823  -11.940823  -11.940823  -11.940823
[find] 
[find] Charges and magnetic moments
[find] --------------------------------------------------------------------------------
[find] atom      charge    core leakage
[find] --------------------------------------------------------------------------------
[find]    0    4.468752    0.000000e+00
[find]    1    4.468752    0.000000e+00
[find]    2    4.468752    0.000000e+00
[find]    3    4.468752    0.000000e+00
[find]    4    4.468752    0.000000e+00
[find]    5    4.468752    0.000000e+00
[find]    6    4.468752    0.000000e+00
[find]    7    4.468752    0.000000e+00
[find]    8    4.468752    0.000000e+00
[find]    9    4.468752    0.000000e+00
[find]   10    4.468752    0.000000e+00
[find]   11    4.468752    0.000000e+00
[find]   12    3.812193    0.000000e+00
[find]   13    3.812193    0.000000e+00
[find]   14    3.812193    0.000000e+00
[find]   15    3.812193    0.000000e+00
[find]   16    3.812193    0.000000e+00
[find]   17    3.812193    0.000000e+00
[find]   18    3.812193    0.000000e+00
[find]   19    3.812193    0.000000e+00
[find]   20    3.812193    0.000000e+00
[find]   21    3.812193    0.000000e+00
[find]   22    3.812193    0.000000e+00
[find]   23    3.812193    0.000000e+00
[find]   24    3.812193    0.000000e+00
[find]   25    3.812193    0.000000e+00
[find]   26    3.812193    0.000000e+00
[find]   27    3.812193    0.000000e+00
[find]   28    3.812193    0.000000e+00
[find]   29    3.812193    0.000000e+00
[find]   30    3.812193    0.000000e+00
[find]   31    3.812193    0.000000e+00
[find]   32    3.812193    0.000000e+00
[find]   33    3.812193    0.000000e+00
[find]   34    3.812193    0.000000e+00
[find]   35    3.812193    0.000000e+00
[find]   36    3.997018    0.000000e+00
[find]   37    3.997018    0.000000e+00
[find]   38    3.997018    0.000000e+00
[find]   39    3.997018    0.000000e+00
[find]   40    3.997018    0.000000e+00
[find]   41    3.997018    0.000000e+00
[find]   42    3.997018    0.000000e+00
[find]   43    3.997018    0.000000e+00
[find]   44    3.997018    0.000000e+00
[find]   45    3.997018    0.000000e+00
[find]   46    3.997018    0.000000e+00
[find]   47    3.997018    0.000000e+00
[find]   48    3.997018    0.000000e+00
[find]   49    3.997018    0.000000e+00
[find]   50    3.997018    0.000000e+00
[find]   51    3.997018    0.000000e+00
[find]   52    3.997018    0.000000e+00
[find]   53    3.997018    0.000000e+00
[find]   54    3.997018    0.000000e+00
[find]   55    3.997018    0.000000e+00
[find]   56    3.997018    0.000000e+00
[find]   57    3.997018    0.000000e+00
[find]   58    3.997018    0.000000e+00
[find]   59    3.997018    0.000000e+00
[find] 
[find] total core leakage    : 0.00000000e+00
[find] interstitial charge   : 118.953905
[find] total charge          : 360.000000
[find] 
[find] Energy
[find] --------------------------------------------------------------------------------
[find] valence_eval_sum               :   -1997.96479768
[find] core_eval_sum                  :       0.00000000
[find] kinetic energy                 :    1414.41066630
[find] enuc                           :   -2715.54064724
[find] <rho|V^{XC}>                   :    -404.68690482
[find] <rho|E^{XC}>                   :    -307.36561466
[find] <mag|B^{XC}>                   :       0.00000000
[find] <rho|V^{H}>                    :   -3007.68913848
[find] smearing (-TS)                 :      -0.15557601
[find] SCF correction                 :     898.89049426
[find] Total energy                   :   -2213.44967060 (Ha),   -4426.89934119 (Ry)
[find] Free energy (E-TS)             :   -2213.60524661 (Ha),   -4427.21049322 (Ry)
[find] 
[find] band gap (eV)                  :       0.00000000
[find] Efermi                         :      -1.86830822
[find] 
[find] iteration : 1, RMS : 5.427292375892e-02, energy difference : -1.938784504188e+02
[find] 
[find] Charges and magnetic moments
[find] --------------------------------------------------------------------------------
[find] atom      charge    core leakage
[find] --------------------------------------------------------------------------------
[find]    0    4.468752    0.000000e+00
[find]    1    4.468752    0.000000e+00
[find]    2    4.468752    0.000000e+00
[find]    3    4.468752    0.000000e+00
[find]    4    4.468752    0.000000e+00
[find]    5    4.468752    0.000000e+00
[find]    6    4.468752    0.000000e+00
[find]    7    4.468752    0.000000e+00
[find]    8    4.468752    0.000000e+00
[find]    9    4.468752    0.000000e+00
[find]   10    4.468752    0.000000e+00
[find]   11    4.468752    0.000000e+00
[find]   12    3.812193    0.000000e+00
[find]   13    3.812193    0.000000e+00
[find]   14    3.812193    0.000000e+00
[find]   15    3.812193    0.000000e+00
[find]   16    3.812193    0.000000e+00
[find]   17    3.812193    0.000000e+00
[find]   18    3.812193    0.000000e+00
[find]   19    3.812193    0.000000e+00
[find]   20    3.812193    0.000000e+00
[find]   21    3.812193    0.000000e+00
[find]   22    3.812193    0.000000e+00
[find]   23    3.812193    0.000000e+00
[find]   24    3.812193    0.000000e+00
[find]   25    3.812193    0.000000e+00
[find]   26    3.812193    0.000000e+00
[find]   27    3.812193    0.000000e+00
[find]   28    3.812193    0.000000e+00
[find]   29    3.812193    0.000000e+00
[find]   30    3.812193    0.000000e+00
[find]   31    3.812193    0.000000e+00
[find]   32    3.812193    0.000000e+00
[find]   33    3.812193    0.000000e+00
[find]   34    3.812193    0.000000e+00
[find]   35    3.812193    0.000000e+00
[find]   36    3.997018    0.000000e+00
[find]   37    3.997018    0.000000e+00
[find]   38    3.997018    0.000000e+00
[find]   39    3.997018    0.000000e+00
[find]   40    3.997018    0.000000e+00
[find]   41    3.997018    0.000000e+00
[find]   42    3.997018    0.000000e+00
[find]   43    3.997018    0.000000e+00
[find]   44    3.997018    0.000000e+00
[find]   45    3.997018    0.000000e+00
[find]   46    3.997018    0.000000e+00
[find]   47    3.997018    0.000000e+00
[find]   48    3.997018    0.000000e+00
[find]   49    3.997018    0.000000e+00
[find]   50    3.997018    0.000000e+00
[find]   51    3.997018    0.000000e+00
[find]   52    3.997018    0.000000e+00
[find]   53    3.997018    0.000000e+00
[find]   54    3.997018    0.000000e+00
[find]   55    3.997018    0.000000e+00
[find]   56    3.997018    0.000000e+00
[find]   57    3.997018    0.000000e+00
[find]   58    3.997018    0.000000e+00
[find]   59    3.997018    0.000000e+00
[find] 
[find] total core leakage    : 0.00000000e+00
[find] interstitial charge   : 118.953905
[find] total charge          : 360.000000
[find] 
[find] Energy
[find] --------------------------------------------------------------------------------
[find] valence_eval_sum               :   -1997.96479768
[find] core_eval_sum                  :       0.00000000
[find] kinetic energy                 :    1414.41066630
[find] enuc                           :   -2715.54064724
[find] <rho|V^{XC}>                   :    -404.68690482
[find] <rho|E^{XC}>                   :    -307.36561466
[find] <mag|B^{XC}>                   :       0.00000000
[find] <rho|V^{H}>                    :   -3007.68913848
[find] smearing (-TS)                 :      -0.15557601
[find] SCF correction                 :     898.89049426
[find] Total energy                   :   -2213.44967060 (Ha),   -4426.89934119 (Ry)
[find] Free energy (E-TS)             :   -2213.60524661 (Ha),   -4427.21049322 (Ry)
[find] 
[find] band gap (eV)                  :       0.00000000
[find] Efermi                         :      -1.86830822
[find] 
[~DFT_ground_state] local op. applied: 0
[~DFT_ground_state] evp. work count: 0
[~DFT_ground_state] numbef of iterative solver steps: 0
FE_UNDERFLOW exception
FE_UNDERFLOW exception
==========================================================================================================================================================
                                                                           #         Total          %     Self %        Median           Min           Max
----------------------------------------------------------------------------------------------------------------------------------------------------------
sirius                                                                     1      47.93 s      100.00       0.92      47.93 s       47.93 s       47.93 s 
├ sirius::initialize                                                       1       6.58 s       13.72     100.00       6.58 s        6.58 s        6.58 s 
├ sirius::Simulation_context::initialize                                   1     895.29 ms       1.87       2.68     895.29 ms     895.29 ms     895.29 ms
│ ├ sirius::Simulation_context::init_comm                                  1     135.23 ms       0.28     100.00     135.23 ms     135.23 ms     135.23 ms
│ ├ sirius::Unit_cell::initialize                                          1     249.96 ms       0.52       0.85     249.96 ms     249.96 ms     249.96 ms
│ │ ├ sirius::Atom_type::init                                              1     235.99 ms       0.49     100.00     235.99 ms     235.99 ms     235.99 ms
│ │ └ sirius::Unit_cell::update                                            1      11.85 ms       0.02       1.48      11.85 ms      11.85 ms      11.85 ms
│ │   ├ sirius::Unit_cell::find_nearest_neighbours                         1       9.26 ms       0.02     100.00       9.26 ms       9.26 ms       9.26 ms
│ │   └ sirius::Unit_cell::get_symmetry                                    1       2.41 ms       0.01       3.62       2.41 ms       2.41 ms       2.41 ms
│ │     └ sirius::Crystal_symmetry                                         1       2.32 ms       0.00      11.08       2.32 ms       2.32 ms       2.32 ms
│ │       ├ sirius::Crystal_symmetry|spg                                   1       1.82 ms       0.00     100.00       1.82 ms       1.82 ms       1.82 ms
│ │       ├ sirius::find_sym_atom                                         48     222.20 us       0.00     100.00       4.64 us       4.19 us       5.60 us
│ │       └ sirius::Crystal_symmetry|mag                                   1      25.95 us       0.00     100.00      25.95 us      25.95 us      25.95 us
│ └ sirius::Simulation_context::update                                     1     486.11 ms       1.01      65.08     486.11 ms     486.11 ms     486.11 ms
│   ├ sirius::Unit_cell::update                                            1       2.45 ms       0.01       4.79       2.45 ms       2.45 ms       2.45 ms
│   │ ├ sirius::Unit_cell::find_nearest_neighbours                         1     147.68 us       0.00     100.00     147.68 us     147.68 us     147.68 us
│   │ └ sirius::Unit_cell::get_symmetry                                    1       2.18 ms       0.00       1.71       2.18 ms       2.18 ms       2.18 ms
│   │   └ sirius::Crystal_symmetry                                         1       2.15 ms       0.00       9.43       2.15 ms       2.15 ms       2.15 ms
│   │     ├ sirius::Crystal_symmetry|spg                                   1       1.71 ms       0.00     100.00       1.71 ms       1.71 ms       1.71 ms
│   │     ├ sirius::find_sym_atom                                         48     218.33 us       0.00     100.00       4.53 us       4.16 us       5.73 us
│   │     └ sirius::Crystal_symmetry|mag                                   1      16.26 us       0.00     100.00      16.26 us      16.26 us      16.26 us
│   ├ fft::Gvec::init                                                      2     113.36 ms       0.24      14.77      56.68 ms      12.70 ms     100.67 ms
│   │ ├ fft::Gvec::find_z_columns                                          2      42.69 ms       0.09       0.03      21.35 ms       6.07 ms      36.62 ms
│   │ │ ├ fft::Gvec::find_z_columns|add                                    2      10.00 ms       0.02     100.00       5.00 ms       1.49 ms       8.50 ms
│   │ │ ├ fft::Gvec::find_z_columns|sym                                    2      32.42 ms       0.07     100.00      16.21 ms       4.51 ms      27.91 ms
│   │ │ └ fft::Gvec::find_z_columns|sort                                   2     262.84 us       0.00     100.00     131.42 us      60.19 us     202.65 us
│   │ └ fft::Gvec::find_gvec_shells                                        2      53.92 ms       0.11     100.00      26.96 ms       4.62 ms      49.31 ms
│   ├ fft::Gvec_shells                                                     1      49.92 ms       0.10     100.00      49.92 ms      49.92 ms      49.92 ms
│   └ sirius::make_periodic_function                                       1       4.02 ms       0.01     100.00       4.02 ms       4.02 ms       4.02 ms
├ sirius::K_point_set::create_k_mesh                                       1      37.10 ms       0.08       0.38      37.10 ms      37.10 ms      37.10 ms
│ ├ fft::Gvec::init                                                        1     581.90 us       0.00      53.07     581.90 us     581.90 us     581.90 us
│ │ └ fft::Gvec::find_z_columns                                            1     273.11 us       0.00       0.67     273.11 us     273.11 us     273.11 us
│ │   ├ fft::Gvec::find_z_columns|add                                      1     257.27 us       0.00     100.00     257.27 us     257.27 us     257.27 us
│ │   ├ fft::Gvec::find_z_columns|sym                                      1      64.00 ns       0.00     100.00      64.00 ns      64.00 ns      64.00 ns
│ │   └ fft::Gvec::find_z_columns|sort                                     1      13.95 us       0.00     100.00      13.95 us      13.95 us      13.95 us
│ └ sirius::K_point_set::initialize                                        1      36.38 ms       0.08       0.31      36.38 ms      36.38 ms      36.38 ms
│   └ sirius::K_point::initialize                                          1      36.27 ms       0.08      80.43      36.27 ms      36.27 ms      36.27 ms
│     ├ sirius::K_point::generate_gkvec                                    1       4.80 ms       0.01     100.00       4.80 ms       4.80 ms       4.80 ms
│     └ sirius::K_point::update                                            1       2.30 ms       0.00     100.00       2.30 ms       2.30 ms       2.30 ms
├ sirius::Potential                                                        1       9.74 ms       0.02      19.16       9.74 ms       9.74 ms       9.74 ms
│ └ sirius::Potential::update                                              1       7.87 ms       0.02      62.04       7.87 ms       7.87 ms       7.87 ms
│   ├ sirius::generate_gvec_ylm                                            1       1.61 ms       0.00     100.00       1.61 ms       1.61 ms       1.61 ms
│   └ sirius::generate_sbessel_mt                                          1       1.38 ms       0.00     100.00       1.38 ms       1.38 ms       1.38 ms
├ sirius::Density                                                          1       2.63 ms       0.01      99.99       2.63 ms       2.63 ms       2.63 ms
│ └ sirius::Density::update                                                1     160.00 ns       0.00     100.00     160.00 ns     160.00 ns     160.00 ns
├ sirius::DFT_ground_state::initial_state                                  1       1.45 s        3.03       0.00       1.45 s        1.45 s        1.45 s 
│ ├ sirius::Density::initial_density                                       1       1.31 s        2.73      87.79       1.31 s        1.31 s        1.31 s 
│ │ ├ sirius::Radial_integrals|rho_free_atom                               1       2.82 ms       0.01     100.00       2.82 ms       2.82 ms       2.82 ms
│ │ ├ sirius::make_periodic_function                                       1     131.87 us       0.00     100.00     131.87 us     131.87 us     131.87 us
│ │ ├ sirius::Smooth_periodic_function::fft_transform                      1      13.40 ms       0.03     100.00      13.40 ms      13.40 ms      13.40 ms
│ │ ├ sirius::generate_gvec_ylm                                            1       2.24 ms       0.00     100.00       2.24 ms       2.24 ms       2.24 ms
│ │ ├ sirius::generate_sbessel_mt                                          1       1.49 ms       0.00     100.00       1.49 ms       1.49 ms       1.49 ms
│ │ ├ sirius::sum_fg_fl_yg                                                 1      52.43 ms       0.11      12.15      52.43 ms      52.43 ms      52.43 ms
│ │ │ ├ sirius::Simulation_context::generate_phase_factors                 1     909.31 us       0.00     100.00     909.31 us     909.31 us     909.31 us
│ │ │ ├ sirius::sum_fg_fl_yg|zm                                            1       1.98 ms       0.00     100.00       1.98 ms       1.98 ms       1.98 ms
│ │ │ └ sirius::sum_fg_fl_yg|mul                                           1      43.17 ms       0.09     100.00      43.17 ms      43.17 ms      43.17 ms
│ │ ├ sirius::Periodic_function::integrate                                 2      26.18 ms       0.05     100.00      13.09 ms       1.60 ms      24.58 ms
│ │ ├ sirius::symmetrize_pw_function                                       1       3.96 ms       0.01       4.23       3.96 ms       3.96 ms       3.96 ms
│ │ │ ├ fft::Gvec_shells::remap_forward                                    1     856.93 us       0.00     100.00     856.93 us     856.93 us     856.93 us
│ │ │ ├ sirius::symmetrize|fpw|local                                       1       2.12 ms       0.00     100.00       2.12 ms       2.12 ms       2.12 ms
│ │ │ └ fft::Gvec_shells::remap_backward                                   1     817.86 us       0.00     100.00     817.86 us     817.86 us     817.86 us
│ │ └ sirius::symmetrize_mt_function                                       3      56.83 ms       0.12     100.00      21.82 ms      11.78 ms      23.24 ms
│ └ sirius::Potential::generate                                            1     148.12 ms       0.31      12.90     148.12 ms     148.12 ms     148.12 ms
│   ├ sirius::Potential::poisson                                           1      23.12 ms       0.05       2.31      23.12 ms      23.12 ms      23.12 ms
│   │ ├ sirius::Potential::poisson_vmt                                     1       4.33 ms       0.01     100.00       4.33 ms       4.33 ms       4.33 ms
│   │ ├ sirius::sum_fg_fl_yg                                               2       3.75 ms       0.01      13.65       1.88 ms       1.68 ms       2.07 ms
│   │ │ ├ sirius::Simulation_context::generate_phase_factors               2      69.76 us       0.00     100.00      34.88 us      15.90 us      53.85 us
│   │ │ ├ sirius::sum_fg_fl_yg|zm                                          2       1.61 ms       0.00     100.00     807.08 us     749.86 us     864.29 us
│   │ │ └ sirius::sum_fg_fl_yg|mul                                         2       1.56 ms       0.00     100.00     778.34 us     693.67 us     863.01 us
│   │ ├ sirius::Potential::poisson_add_pseudo_pw                           1      11.30 ms       0.02      99.87      11.30 ms      11.30 ms      11.30 ms
│   │ │ └ sirius::Simulation_context::generate_phase_factors               1      14.78 us       0.00     100.00      14.78 us      14.78 us      14.78 us
│   │ ├ sirius::Potential::poisson|bc                                      1     518.99 us       0.00     100.00     518.99 us     518.99 us     518.99 us
│   │ ├ sirius::Smooth_periodic_function::fft_transform                    1     702.41 us       0.00     100.00     702.41 us     702.41 us     702.41 us
│   │ └ sirius::inner::pf                                                  1       1.99 ms       0.00     100.00       1.99 ms       1.99 ms       1.99 ms
│   ├ sirius::Periodic_function::add                                       2     931.11 us       0.00     100.00     465.55 us     420.95 us     510.16 us
│   ├ sirius::Potential::xc                                                1      37.43 ms       0.08       1.16      37.43 ms      37.43 ms      37.43 ms
│   │ ├ sirius::Potential::xc_mt                                           1      26.28 ms       0.05     100.00      26.28 ms      26.28 ms      26.28 ms
│   │ └ sirius::Potential::xc_rg_nonmagnetic                               1      10.71 ms       0.02      95.42      10.71 ms      10.71 ms      10.71 ms
│   │   └ sirius::Potential::xc_rg_nonmagnetic|libxc                       2     490.29 us       0.00     100.00     245.14 us     182.87 us     307.41 us
│   ├ sirius::Smooth_periodic_function::fft_transform                      2       1.36 ms       0.00     100.00     678.14 us     625.71 us     730.57 us
│   ├ sirius::symmetrize_pw_function                                       1       4.05 ms       0.01       3.81       4.05 ms       4.05 ms       4.05 ms
│   │ ├ fft::Gvec_shells::remap_forward                                    1     981.89 us       0.00     100.00     981.89 us     981.89 us     981.89 us
│   │ ├ sirius::symmetrize|fpw|local                                       1       2.10 ms       0.00     100.00       2.10 ms       2.10 ms       2.10 ms
│   │ └ fft::Gvec_shells::remap_backward                                   1     812.55 us       0.00     100.00     812.55 us     812.55 us     812.55 us
│   └ sirius::symmetrize_mt_function                                       3      62.12 ms       0.13     100.00      25.57 ms      10.81 ms      25.75 ms
├ sirius::DFT_ground_state::scf_loop                                       1      37.65 s       78.55       0.74      37.65 s       37.65 s       37.65 s 
│ ├ sirius::Density                                                        1       2.26 ms       0.00      99.94       2.26 ms       2.26 ms       2.26 ms
│ │ └ sirius::Density::update                                              1       1.25 us       0.00     100.00       1.25 us       1.25 us       1.25 us
│ ├ sirius::DFT_ground_state::scf_loop|iteration                           2      37.33 s       77.89       0.27      18.66 s       17.47 s       19.86 s 
│ │ ├ sirius::Hamiltonian0                                                 2     239.76 ms       0.50      15.95     119.88 ms     111.52 ms     128.24 ms
│ │ │ ├ sirius::Local_operator                                             2       9.02 ms       0.02      36.73       4.51 ms       3.26 ms       5.75 ms
│ │ │ │ └ sirius::Smooth_periodic_function::fft_transform                  8       5.70 ms       0.01     100.00     499.09 us     345.33 us       2.35 ms
│ │ │ ├ sirius::Potential::generate_pw_coefs                               2      14.05 ms       0.03     100.00       7.03 ms       6.23 ms       7.82 ms
│ │ │ ├ sirius::Unit_cell::generate_radial_functions                       2      92.12 ms       0.19       2.66      46.06 ms      40.88 ms      51.24 ms
│ │ │ │ └ sirius::Atom_symmetry_class::generate_radial_functions           2      89.67 ms       0.19       8.12      44.84 ms      39.50 ms      50.18 ms
│ │ │ │   └ sirius::Atom_symmetry_class::find_enu                          2      82.40 ms       0.17     100.00      41.20 ms      35.85 ms      46.54 ms
│ │ │ └ sirius::Unit_cell::generate_radial_integrals                       2      86.33 ms       0.18      31.31      43.16 ms      42.61 ms      43.72 ms
│ │ │   ├ sirius::Atom_symmetry_class::generate_radial_integrals           2       4.04 ms       0.01     100.00       2.02 ms       2.02 ms       2.02 ms
│ │ │   └ sirius::Atom::generate_radial_integrals                         16      55.26 ms       0.12      53.33       3.39 ms       3.31 ms       4.25 ms
│ │ │     └ sirius::Atom::generate_radial_integrals|interp                16      25.79 ms       0.05     100.00       1.58 ms       1.54 ms       1.98 ms
│ │ ├ sirius::diagonalize                                                  2      36.17 s       75.47       0.00      18.09 s       16.92 s       19.25 s 
│ │ │ ├ sirius::Hamiltonian_k                                              2     169.27 us       0.00       2.27      84.64 us      80.67 us      88.60 us
│ │ │ │ └ sirius::Local_operator::prepare_k                                2     165.43 us       0.00     100.00      82.72 us      79.58 us      85.85 us
│ │ │ ├ sirius::diagonalize_fp_fv_exact                                    2      36.09 s       75.31       0.28      18.05 s       16.90 s       19.20 s 
│ │ │ │ ├ sirius::Hamiltonian_k::set_fv_h_o                                2       1.18 s        2.47      35.61     591.31 ms     376.07 ms     806.54 ms
│ │ │ │ │ ├ sirius::Hamiltonian_k::set_fv_h_o|zgemm                        2     741.77 ms       1.55     100.00     370.89 ms     340.53 ms     401.24 ms
│ │ │ │ │ ├ sirius::Hamiltonian_k::set_fv_h_o_it                           2      19.72 ms       0.04     100.00       9.86 ms       9.74 ms       9.98 ms
│ │ │ │ │ └ sirius::Hamiltonian_k::set_fv_h_o_lo_lo                        2      51.49 us       0.00     100.00      25.74 us      24.16 us      27.33 us
│ │ │ │ ├ Eigensolver_dlaf|dlaf_hermitian_generalized_eigensolver_z        2      34.81 s       72.63     100.00      17.41 s       16.45 s       18.36 s 
│ │ │ │ └ sirius::wf::Wave_functions_fft::grid_layout_pw                   2      25.63 us       0.00     100.00      12.82 us       4.54 us      21.09 us
│ │ │ ├ sirius::K_point::generate_fv_states                                2      75.56 ms       0.16      94.73      37.78 ms      26.54 ms      49.02 ms
│ │ │ │ └ sirius::generate_alm_block                                       2       3.98 ms       0.01     100.00       1.99 ms       1.97 ms       2.01 ms
│ │ │ ├ sirius::diagonalize_fp_sv                                          2       8.89 us       0.00     100.00       4.45 us       3.90 us       4.99 us
│ │ │ ├ sirius::K_point::generate_spinor_wave_functions                    2       1.03 ms       0.00     100.00     514.86 us     509.74 us     519.98 us
│ │ │ └ sirius::K_point_set::sync_band                                     2     137.37 us       0.00     100.00      68.69 us      65.66 us      71.71 us
│ │ ├ sirius::K_point_set::find_band_occupancies                           2       5.61 ms       0.01      98.66       2.81 ms       2.73 ms       2.88 ms
│ │ │ └ sirius::K_point_set::sync_band                                     2      75.17 us       0.00     100.00      37.58 us      36.29 us      38.88 us
│ │ ├ sirius::Density::generate                                            2     330.56 ms       0.69      10.94     165.28 ms     130.48 ms     200.08 ms
│ │ │ ├ sirius::Density::generate_valence                                  2     162.86 ms       0.34      28.28      81.43 ms      47.41 ms     115.45 ms
│ │ │ │ ├ shuffle_to_fft_layout                                            2       3.99 ms       0.01     100.00       1.99 ms       1.92 ms       2.07 ms
│ │ │ │ ├ sirius::add_k_point_contribution_dm_fplapw                       2       4.87 ms       0.01     100.00       2.43 ms       2.40 ms       2.47 ms
│ │ │ │ ├ sirius::Density::add_k_point_contribution_rg                     2      32.76 ms       0.07     100.00      16.38 ms      15.80 ms      16.96 ms
│ │ │ │ ├ sirius::Smooth_periodic_function::fft_transform                  2     697.77 us       0.00     100.00     348.88 us     336.15 us     361.62 us
│ │ │ │ └ sirius::Density::generate_valence_mt                             2      74.48 ms       0.16       0.05      37.24 ms       3.79 ms      70.70 ms
│ │ │ │   ├ sirius::Density::generate|sum_zdens                           16     643.60 us       0.00     100.00      35.89 us      30.27 us      70.46 us
│ │ │ │   └ sirius::Density::generate|expand_lm                           16      73.81 ms       0.15     100.00     446.03 us     370.32 us      67.18 ms
│ │ │ ├ sirius::Density::generate_core_charge_density                      2       1.34 ms       0.00      99.79     671.64 us     339.96 us       1.00 ms
│ │ │ │ └ sirius::Atom_symmetry_class::generate_core_charge_density        2       2.88 us       0.00     100.00       1.44 us       1.31 us       1.57 us
│ │ │ ├ sirius::symmetrize_pw_function                                     2       7.81 ms       0.02       3.80       3.90 ms       3.90 ms       3.91 ms
│ │ │ │ ├ fft::Gvec_shells::remap_forward                                  2       1.66 ms       0.00     100.00     827.64 us     788.97 us     866.31 us
│ │ │ │ ├ sirius::symmetrize|fpw|local                                     2       4.32 ms       0.01     100.00       2.16 ms       2.07 ms       2.25 ms
│ │ │ │ └ fft::Gvec_shells::remap_backward                                 2       1.54 ms       0.00     100.00     771.37 us     729.10 us     813.64 us
│ │ │ ├ sirius::symmetrize_mt_function                                     6     120.92 ms       0.25     100.00      24.72 ms      10.33 ms      25.24 ms
│ │ │ └ sirius::Smooth_periodic_function::fft_transform                    2       1.46 ms       0.00     100.00     728.38 us     655.53 us     801.22 us
│ │ ├ sirius::inner::pf                                                   18      73.43 ms       0.15     100.00       2.07 ms       1.95 ms      37.88 ms
│ │ ├ sirius::Density::mix                                                 2     131.36 ms       0.27      73.36      65.68 ms      45.39 ms      85.97 ms
│ │ │ ├ sirius::Density::mixer_input                                       2      10.75 ms       0.02     100.00       5.38 ms       5.29 ms       5.46 ms
│ │ │ ├ sirius::inner::pf                                                  4       9.17 ms       0.02     100.00       2.10 ms       1.95 ms       3.03 ms
│ │ │ └ sirius::Density::mixer_output                                      2      15.08 ms       0.03      84.49       7.54 ms       7.50 ms       7.58 ms
│ │ │   └ sirius::Smooth_periodic_function::fft_transform                  2       2.34 ms       0.00     100.00       1.17 ms       1.15 ms       1.19 ms
│ │ ├ sirius::Potential::generate                                          2     274.96 ms       0.57      13.99     137.48 ms     134.78 ms     140.17 ms
│ │ │ ├ sirius::Potential::poisson                                         2      45.75 ms       0.10       2.18      22.88 ms      20.24 ms      25.52 ms
│ │ │ │ ├ sirius::Potential::poisson_vmt                                   2       8.63 ms       0.02     100.00       4.32 ms       4.26 ms       4.37 ms
│ │ │ │ ├ sirius::sum_fg_fl_yg                                             4      17.31 ms       0.04      59.62       2.95 ms       2.50 ms       8.90 ms
│ │ │ │ │ ├ sirius::Simulation_context::generate_phase_factors             4     104.76 us       0.00     100.00      26.00 us      16.54 us      36.22 us
│ │ │ │ │ ├ sirius::sum_fg_fl_yg|zm                                        4       3.37 ms       0.01     100.00     806.84 us     686.95 us       1.07 ms
│ │ │ │ │ └ sirius::sum_fg_fl_yg|mul                                       4       3.51 ms       0.01     100.00     898.11 us     700.04 us       1.02 ms
│ │ │ │ ├ sirius::Potential::poisson_add_pseudo_pw                         2      12.44 ms       0.03      99.70       6.22 ms       6.18 ms       6.26 ms
│ │ │ │ │ └ sirius::Simulation_context::generate_phase_factors             2      37.60 us       0.00     100.00      18.80 us      15.87 us      21.73 us
│ │ │ │ ├ sirius::Potential::poisson|bc                                    2       1.06 ms       0.00     100.00     532.03 us     520.72 us     543.34 us
│ │ │ │ ├ sirius::Smooth_periodic_function::fft_transform                  2       1.27 ms       0.00     100.00     636.22 us     633.13 us     639.31 us
│ │ │ │ └ sirius::inner::pf                                                2       4.05 ms       0.01     100.00       2.02 ms       2.02 ms       2.03 ms
│ │ │ ├ sirius::Periodic_function::add                                     4       1.75 ms       0.00     100.00     436.50 us     387.86 us     486.67 us
│ │ │ ├ sirius::Potential::xc                                              2      55.54 ms       0.12       1.53      27.77 ms      27.66 ms      27.88 ms
│ │ │ │ ├ sirius::Potential::xc_mt                                         2      51.76 ms       0.11     100.00      25.88 ms      25.79 ms      25.97 ms
│ │ │ │ └ sirius::Potential::xc_rg_nonmagnetic                             2       2.93 ms       0.01      55.81       1.47 ms       1.45 ms       1.48 ms
│ │ │ │   └ sirius::Potential::xc_rg_nonmagnetic|libxc                     4       1.30 ms       0.00     100.00     325.30 us     218.27 us     427.09 us
│ │ │ ├ sirius::Smooth_periodic_function::fft_transform                    4       2.46 ms       0.01     100.00     602.60 us     577.64 us     681.29 us
│ │ │ ├ sirius::symmetrize_pw_function                                     2       8.91 ms       0.02       3.36       4.45 ms       3.84 ms       5.07 ms
│ │ │ │ ├ fft::Gvec_shells::remap_forward                                  2       1.74 ms       0.00     100.00     869.99 us     861.99 us     877.99 us
│ │ │ │ ├ sirius::symmetrize|fpw|local                                     2       4.21 ms       0.01     100.00       2.10 ms       2.08 ms       2.13 ms
│ │ │ │ └ fft::Gvec_shells::remap_backward                                 2       2.66 ms       0.01     100.00       1.33 ms     744.04 us       1.92 ms
│ │ │ └ sirius::symmetrize_mt_function                                     6     122.07 ms       0.25     100.00      24.88 ms      10.61 ms      25.63 ms
│ │ ├ sirius::Periodic_function::integrate                                 2       3.15 ms       0.01     100.00       1.58 ms       1.58 ms       1.58 ms
│ │ └ sirius::Density::get_magnetisation                                   2       6.24 us       0.00     100.00       3.12 us       2.98 us       3.26 us
│ ├ sirius::inner::pf                                                     13      29.15 ms       0.06     100.00       2.24 ms       2.20 ms       2.30 ms
│ ├ sirius::Periodic_function::integrate                                   1       1.52 ms       0.00     100.00       1.52 ms       1.52 ms       1.52 ms
│ ├ sirius::Density::get_magnetisation                                     1       2.94 us       0.00     100.00       2.94 us       2.94 us       2.94 us
│ ├ sirius::Smooth_periodic_function::fft_transform                        1     601.23 us       0.00     100.00     601.23 us     601.23 us     601.23 us
│ └ sirius::Smooth_periodic_function::gather_f_pw                          2       6.13 ms       0.01     100.00       3.06 ms       3.01 ms       3.12 ms
└ sirius::finalize                                                         1     863.25 ms       1.80     100.00     863.25 ms     863.25 ms     863.25 ms

==========================================================================================================================================================
FE_UNDERFLOW exception
FE_UNDERFLOW exception
FE_UNDERFLOW exception
FE_UNDERFLOW exception
FE_UNDERFLOW exception
FE_UNDERFLOW exception
