loading the view [1;36msirius:sirius[0m
SIRIUS 7.6.1, git hash: https://api.github.com/repos/electronic-structure/SIRIUS/git/ref/tags/v7.6.1
Warning in function "compose_json" at /tmp/rmeli/spack-stage/spack-stage-sirius-7.6.1-xfcjioyd52wxuclgrlhn4q64tkp2wuro/spack-src/src/context/simulation_parameters.cpp:107
The following configuration parameters were not recognized and ignored: potential_tol !num_fv_states 
Warning in function "compose_json" at /tmp/rmeli/spack-stage/spack-stage-sirius-7.6.1-xfcjioyd52wxuclgrlhn4q64tkp2wuro/spack-src/src/context/simulation_parameters.cpp:107
The following configuration parameters were not recognized and ignored: potential_tol !num_fv_states 
Warning in function "compose_json" at /tmp/rmeli/spack-stage/spack-stage-sirius-7.6.1-xfcjioyd52wxuclgrlhn4q64tkp2wuro/spack-src/src/context/simulation_parameters.cpp:107
The following configuration parameters were not recognized and ignored: potential_tol !num_fv_states 
Warning in function "compose_json" at /tmp/rmeli/spack-stage/spack-stage-sirius-7.6.1-xfcjioyd52wxuclgrlhn4q64tkp2wuro/spack-src/src/context/simulation_parameters.cpp:107
The following configuration parameters were not recognized and ignored: potential_tol !num_fv_states 
Warning in function "compose_json" at /tmp/rmeli/spack-stage/spack-stage-sirius-7.6.1-xfcjioyd52wxuclgrlhn4q64tkp2wuro/spack-src/src/context/simulation_parameters.cpp:107
The following configuration parameters were not recognized and ignored: potential_tol !num_fv_states 
Warning in function "compose_json" at /tmp/rmeli/spack-stage/spack-stage-sirius-7.6.1-xfcjioyd52wxuclgrlhn4q64tkp2wuro/spack-src/src/context/simulation_parameters.cpp:107
The following configuration parameters were not recognized and ignored: potential_tol !num_fv_states 
Warning in function "compose_json" at /tmp/rmeli/spack-stage/spack-stage-sirius-7.6.1-xfcjioyd52wxuclgrlhn4q64tkp2wuro/spack-src/src/context/simulation_parameters.cpp:107
The following configuration parameters were not recognized and ignored: potential_tol !num_fv_states 
Warning in function "compose_json" at /tmp/rmeli/spack-stage/spack-stage-sirius-7.6.1-xfcjioyd52wxuclgrlhn4q64tkp2wuro/spack-src/src/context/simulation_parameters.cpp:107
The following configuration parameters were not recognized and ignored: potential_tol !num_fv_states 
Warning in function "init_step_function" at /tmp/rmeli/spack-stage/spack-stage-sirius-7.6.1-xfcjioyd52wxuclgrlhn4q64tkp2wuro/spack-src/src/lapw/step_function.hpp:120
step function gives a wrong volume for IT region
  difference with exact value : 1.00044e-10
[info] SIRIUS version : 7.6.1
[info] git hash       : https://api.github.com/repos/electronic-structure/SIRIUS/git/ref/tags/v7.6.1
[info] git branch     : release v7.6.1
[info] build time     : 1980-01-01 12:01:00
[info] start time     : Wed,  1 Jan 2025 15:48:03
[info] 
[info] number of MPI ranks           : 8
[info] MPI grid                      : 4 2
[info] maximum number of OMP threads : 63
[info] number of MPI ranks per node  : 4
[info] page size (Kb)                : 64
[info] number of pages               : 13999490
[info] available memory (GB)         : 854
[info] 
[fft] FFT context for density and potential
[fft] =====================================
[fft]   comm size                             : 8
[fft]   plane wave cutoff                     : 20
[fft]   grid size                             : 135 135 135   total : 2460375
[fft]   grid limits                           : -67 67   -67 67   -67 67
[fft]   number of G-vectors within the cutoff : 1080751
[fft]   local number of G-vectors             : 135055
[fft]   number of G-shells                    : 24484
[fft] 
[fft] FFT context for coarse grid
[fft] =====================================
[fft]   comm size                             : 4
[fft]   plane wave cutoff                     : 10
[fft]   grid size                             : 72 72 72   total : 373248
[fft]   grid limits                           : -35 36   -35 36   -35 36
[fft]   number of G-vectors within the cutoff : 135043
[fft]   local number of G-vectors             : 16881
[fft]   number of G-shells                    : 3317
[fft] 
[fft] 
[unit cell] lattice vectors
[unit cell]   a1 :      20.0000000000      0.0000000000      0.0000000000
[unit cell]   a2 :       0.0000000000     20.0000000000      0.0000000000
[unit cell]   a3 :       0.0000000000      0.0000000000     20.0000000000
[unit cell] reciprocal lattice vectors
[unit cell]   b1 :       0.3141592654      0.0000000000      0.0000000000
[unit cell]   b2 :       0.0000000000      0.3141592654      0.0000000000
[unit cell]   b3 :       0.0000000000      0.0000000000      0.3141592654
[unit cell] 
[unit cell] unit cell volume :      8000.00000000 [a.u.^3]
[unit cell] 1/sqrt(omega)    :         0.01118034
[unit cell] MT volume        :       561.76168497 ( 7.02%)
[unit cell] IT volume        :      7438.23831503 (92.98%)
[unit cell] 
[unit cell] number of atom types : 1
[unit cell] type id : 0 symbol :  C mt_radius :   1.307487 num_atoms : 60
[unit cell] total number of atoms : 60
[unit cell] number of symmetry classes : 3
[unit cell] 
[unit cell] atom id  type id  class id             position                      vector_field
[unit cell] ------------------------------------------------------------------------------------------
[unit cell]      0        0        0      0.07006   0.66450   0.00000      0.00000   0.00000   0.00000
[unit cell]      1        0        0      0.33550   0.00000   0.07006      0.00000   0.00000   0.00000
[unit cell]      2        0        0      0.33550   0.00000   0.92994      0.00000   0.00000   0.00000
[unit cell]      3        0        0      0.66450   0.00000   0.07006      0.00000   0.00000   0.00000
[unit cell]      4        0        0      0.66450   0.00000   0.92994      0.00000   0.00000   0.00000
[unit cell]      5        0        0      0.00000   0.07006   0.66450      0.00000   0.00000   0.00000
[unit cell]      6        0        0      0.00000   0.92994   0.66450      0.00000   0.00000   0.00000
[unit cell]      7        0        0      0.00000   0.07006   0.33550      0.00000   0.00000   0.00000
[unit cell]      8        0        0      0.00000   0.92994   0.33550      0.00000   0.00000   0.00000
[unit cell]      9        0        0      0.92994   0.66450   0.00000      0.00000   0.00000   0.00000
[unit cell]     10        0        0      0.07006   0.33550   0.00000      0.00000   0.00000   0.00000
[unit cell]     11        0        0      0.92994   0.33550   0.00000      0.00000   0.00000   0.00000
[unit cell]     12        0        1      0.14147   0.70358   0.11453      0.00000   0.00000   0.00000
[unit cell]     13        0        1      0.29642   0.11453   0.14147      0.00000   0.00000   0.00000
[unit cell]     14        0        1      0.29642   0.88547   0.85853      0.00000   0.00000   0.00000
[unit cell]     15        0        1      0.70358   0.88547   0.14147      0.00000   0.00000   0.00000
[unit cell]     16        0        1      0.70358   0.11453   0.85853      0.00000   0.00000   0.00000
[unit cell]     17        0        1      0.11453   0.14147   0.70358      0.00000   0.00000   0.00000
[unit cell]     18        0        1      0.88547   0.85853   0.70358      0.00000   0.00000   0.00000
[unit cell]     19        0        1      0.88547   0.14147   0.29642      0.00000   0.00000   0.00000
[unit cell]     20        0        1      0.11453   0.85853   0.29642      0.00000   0.00000   0.00000
[unit cell]     21        0        1      0.14147   0.70358   0.88547      0.00000   0.00000   0.00000
[unit cell]     22        0        1      0.85853   0.70358   0.11453      0.00000   0.00000   0.00000
[unit cell]     23        0        1      0.14147   0.29642   0.11453      0.00000   0.00000   0.00000
[unit cell]     24        0        1      0.85853   0.29642   0.88547      0.00000   0.00000   0.00000
[unit cell]     25        0        1      0.70358   0.88547   0.85853      0.00000   0.00000   0.00000
[unit cell]     26        0        1      0.70358   0.11453   0.14147      0.00000   0.00000   0.00000
[unit cell]     27        0        1      0.29642   0.11453   0.85853      0.00000   0.00000   0.00000
[unit cell]     28        0        1      0.29642   0.88547   0.14147      0.00000   0.00000   0.00000
[unit cell]     29        0        1      0.88547   0.85853   0.29642      0.00000   0.00000   0.00000
[unit cell]     30        0        1      0.11453   0.14147   0.29642      0.00000   0.00000   0.00000
[unit cell]     31        0        1      0.11453   0.85853   0.70358      0.00000   0.00000   0.00000
[unit cell]     32        0        1      0.88547   0.14147   0.70358      0.00000   0.00000   0.00000
[unit cell]     33        0        1      0.85853   0.29642   0.11453      0.00000   0.00000   0.00000
[unit cell]     34        0        1      0.14147   0.29642   0.88547      0.00000   0.00000   0.00000
[unit cell]     35        0        1      0.85853   0.70358   0.88547      0.00000   0.00000   0.00000
[unit cell]     36        0        2      0.24926   0.77768   0.07006      0.00000   0.00000   0.00000
[unit cell]     37        0        2      0.22232   0.07006   0.24926      0.00000   0.00000   0.00000
[unit cell]     38        0        2      0.22232   0.92994   0.75074      0.00000   0.00000   0.00000
[unit cell]     39        0        2      0.77768   0.92994   0.24926      0.00000   0.00000   0.00000
[unit cell]     40        0        2      0.77768   0.07006   0.75074      0.00000   0.00000   0.00000
[unit cell]     41        0        2      0.07006   0.24926   0.77768      0.00000   0.00000   0.00000
[unit cell]     42        0        2      0.92994   0.75074   0.77768      0.00000   0.00000   0.00000
[unit cell]     43        0        2      0.92994   0.24926   0.22232      0.00000   0.00000   0.00000
[unit cell]     44        0        2      0.07006   0.75074   0.22232      0.00000   0.00000   0.00000
[unit cell]     45        0        2      0.24926   0.77768   0.92994      0.00000   0.00000   0.00000
[unit cell]     46        0        2      0.75074   0.77768   0.07006      0.00000   0.00000   0.00000
[unit cell]     47        0        2      0.24926   0.22232   0.07006      0.00000   0.00000   0.00000
[unit cell]     48        0        2      0.75074   0.22232   0.92994      0.00000   0.00000   0.00000
[unit cell]     49        0        2      0.77768   0.92994   0.75074      0.00000   0.00000   0.00000
[unit cell]     50        0        2      0.77768   0.07006   0.24926      0.00000   0.00000   0.00000
[unit cell]     51        0        2      0.22232   0.07006   0.75074      0.00000   0.00000   0.00000
[unit cell]     52        0        2      0.22232   0.92994   0.24926      0.00000   0.00000   0.00000
[unit cell]     53        0        2      0.92994   0.75074   0.22232      0.00000   0.00000   0.00000
[unit cell]     54        0        2      0.07006   0.24926   0.22232      0.00000   0.00000   0.00000
[unit cell]     55        0        2      0.07006   0.75074   0.77768      0.00000   0.00000   0.00000
[unit cell]     56        0        2      0.92994   0.24926   0.77768      0.00000   0.00000   0.00000
[unit cell]     57        0        2      0.75074   0.22232   0.07006      0.00000   0.00000   0.00000
[unit cell]     58        0        2      0.24926   0.22232   0.92994      0.00000   0.00000   0.00000
[unit cell]     59        0        2      0.75074   0.77768   0.92994      0.00000   0.00000   0.00000
[unit cell] 
[unit cell] atom id         position (Cartesian, a.u.)
[unit cell] ---------------------------------------------
[unit cell]      0       1.401270   13.290074    0.000000
[unit cell]      1       6.709926    0.000000    1.401270
[unit cell]      2       6.709926    0.000000   18.598730
[unit cell]      3      13.290074    0.000000    1.401270
[unit cell]      4      13.290074    0.000000   18.598730
[unit cell]      5       0.000000    1.401270   13.290074
[unit cell]      6       0.000000   18.598730   13.290074
[unit cell]      7       0.000000    1.401270    6.709926
[unit cell]      8       0.000000   18.598730    6.709926
[unit cell]      9      18.598730   13.290074    0.000000
[unit cell]     10       1.401270    6.709926    0.000000
[unit cell]     11      18.598730    6.709926    0.000000
[unit cell]     12       2.829487   14.071551    2.290537
[unit cell]     13       5.928449    2.290537    2.829487
[unit cell]     14       5.928449   17.709463   17.170513
[unit cell]     15      14.071551   17.709463    2.829487
[unit cell]     16      14.071551    2.290537   17.170513
[unit cell]     17       2.290537    2.829487   14.071551
[unit cell]     18      17.709463   17.170513   14.071551
[unit cell]     19      17.709463    2.829487    5.928449
[unit cell]     20       2.290537   17.170513    5.928449
[unit cell]     21       2.829487   14.071551   17.709463
[unit cell]     22      17.170513   14.071551    2.290537
[unit cell]     23       2.829487    5.928449    2.290537
[unit cell]     24      17.170513    5.928449   17.709463
[unit cell]     25      14.071551   17.709463   17.170513
[unit cell]     26      14.071551    2.290537    2.829487
[unit cell]     27       5.928449    2.290537   17.170513
[unit cell]     28       5.928449   17.709463    2.829487
[unit cell]     29      17.709463   17.170513    5.928449
[unit cell]     30       2.290537    2.829487    5.928449
[unit cell]     31       2.290537   17.170513   14.071551
[unit cell]     32      17.709463    2.829487   14.071551
[unit cell]     33      17.170513    5.928449    2.290537
[unit cell]     34       2.829487    5.928449   17.709463
[unit cell]     35      17.170513   14.071551   17.709463
[unit cell]     36       4.985286   15.553663    1.401270
[unit cell]     37       4.446337    1.401270    4.985286
[unit cell]     38       4.446337   18.598730   15.014714
[unit cell]     39      15.553663   18.598730    4.985286
[unit cell]     40      15.553663    1.401270   15.014714
[unit cell]     41       1.401270    4.985286   15.553663
[unit cell]     42      18.598730   15.014714   15.553663
[unit cell]     43      18.598730    4.985286    4.446337
[unit cell]     44       1.401270   15.014714    4.446337
[unit cell]     45       4.985286   15.553663   18.598730
[unit cell]     46      15.014714   15.553663    1.401270
[unit cell]     47       4.985286    4.446337    1.401270
[unit cell]     48      15.014714    4.446337   18.598730
[unit cell]     49      15.553663   18.598730   15.014714
[unit cell]     50      15.553663    1.401270    4.985286
[unit cell]     51       4.446337    1.401270   15.014714
[unit cell]     52       4.446337   18.598730    4.985286
[unit cell]     53      18.598730   15.014714    4.446337
[unit cell]     54       1.401270    4.985286    4.446337
[unit cell]     55       1.401270   15.014714   15.553663
[unit cell]     56      18.598730    4.985286   15.553663
[unit cell]     57      15.014714    4.446337    1.401270
[unit cell]     58       4.985286    4.446337   18.598730
[unit cell]     59      15.014714   15.553663   18.598730
[unit cell] 
[unit cell] class id : 0 atom id : 0 1 2 3 4 5 6 7 8 9 10 11 
[unit cell] class id : 1 atom id : 12 13 14 15 16 17 18 19 20 21 22 23 24 25 26 27 28 29 30 31 32 33 34 35 
[unit cell] class id : 2 atom id : 36 37 38 39 40 41 42 43 44 45 46 47 48 49 50 51 52 53 54 55 56 57 58 59 
[unit cell] 
[unit cell] minimum bond length:     2.752604
[unit cell] 
[sym] space group number   : 200
[sym] international symbol : Pm-3
[sym] Hall symbol          : -P 2 2 3
[sym] space group transformation matrix : 
[sym]   1.0000  0.0000  0.0000
[sym]   0.0000  1.0000  0.0000
[sym]   0.0000  0.0000  1.0000
[sym] space group origin shift : 
[sym]   0.0000  0.0000  0.0000
[sym] number of space group operations  : 24
[sym] number of magnetic group operations : 24
[sym] metric tensor error: 0.0000e+00
[sym] rotation matrix error: 0.0000e+00
[sym] 
[sym] symmetry operations 
[sym] 
[sym] isym : 0
[sym] R :   1  0  0
[sym]       0  1  0
[sym]       0  0  1
[sym] Rc:   1.0000  0.0000  0.0000
[sym]       0.0000  1.0000  0.0000
[sym]       0.0000  0.0000  1.0000
[sym] t :   0.0000  0.0000  0.0000
[sym] S :   1.0000  0.0000  0.0000
[sym]       0.0000  1.0000  0.0000
[sym]       0.0000  0.0000  1.0000
[sym] proper:  1
[sym] 
[sym] isym : 1
[sym] R :  -1  0  0
[sym]       0 -1  0
[sym]       0  0 -1
[sym] Rc:  -1.0000  0.0000  0.0000
[sym]       0.0000 -1.0000  0.0000
[sym]       0.0000  0.0000 -1.0000
[sym] t :   0.0000  0.0000  0.0000
[sym] S :   1.0000  0.0000  0.0000
[sym]       0.0000  1.0000  0.0000
[sym]       0.0000  0.0000  1.0000
[sym] proper: -1
[sym] 
[sym] isym : 2
[sym] R :  -1  0  0
[sym]       0 -1  0
[sym]       0  0  1
[sym] Rc:  -1.0000  0.0000  0.0000
[sym]       0.0000 -1.0000  0.0000
[sym]       0.0000  0.0000  1.0000
[sym] t :   0.0000  0.0000  0.0000
[sym] S :   1.0000  0.0000  0.0000
[sym]       0.0000  1.0000  0.0000
[sym]       0.0000  0.0000  1.0000
[sym] proper:  1
[sym] 
[sym] isym : 3
[sym] R :   1  0  0
[sym]       0  1  0
[sym]       0  0 -1
[sym] Rc:   1.0000  0.0000  0.0000
[sym]       0.0000  1.0000  0.0000
[sym]       0.0000  0.0000 -1.0000
[sym] t :   0.0000  0.0000  0.0000
[sym] S :   1.0000  0.0000  0.0000
[sym]       0.0000  1.0000  0.0000
[sym]       0.0000  0.0000  1.0000
[sym] proper: -1
[sym] 
[sym] isym : 4
[sym] R :   1  0  0
[sym]       0 -1  0
[sym]       0  0 -1
[sym] Rc:   1.0000  0.0000  0.0000
[sym]       0.0000 -1.0000  0.0000
[sym]       0.0000  0.0000 -1.0000
[sym] t :   0.0000  0.0000  0.0000
[sym] S :   1.0000  0.0000  0.0000
[sym]       0.0000  1.0000  0.0000
[sym]       0.0000  0.0000  1.0000
[sym] proper:  1
[sym] 
[sym] isym : 5
[sym] R :  -1  0  0
[sym]       0  1  0
[sym]       0  0  1
[sym] Rc:  -1.0000  0.0000  0.0000
[sym]       0.0000  1.0000  0.0000
[sym]       0.0000  0.0000  1.0000
[sym] t :   0.0000  0.0000  0.0000
[sym] S :   1.0000  0.0000  0.0000
[sym]       0.0000  1.0000  0.0000
[sym]       0.0000  0.0000  1.0000
[sym] proper: -1
[sym] 
[sym] isym : 6
[sym] R :  -1  0  0
[sym]       0  1  0
[sym]       0  0 -1
[sym] Rc:  -1.0000  0.0000  0.0000
[sym]       0.0000  1.0000  0.0000
[sym]       0.0000  0.0000 -1.0000
[sym] t :   0.0000  0.0000  0.0000
[sym] S :   1.0000  0.0000  0.0000
[sym]       0.0000  1.0000  0.0000
[sym]       0.0000  0.0000  1.0000
[sym] proper:  1
[sym] 
[sym] isym : 7
[sym] R :   1  0  0
[sym]       0 -1  0
[sym]       0  0  1
[sym] Rc:   1.0000  0.0000  0.0000
[sym]       0.0000 -1.0000  0.0000
[sym]       0.0000  0.0000  1.0000
[sym] t :   0.0000  0.0000  0.0000
[sym] S :   1.0000  0.0000  0.0000
[sym]       0.0000  1.0000  0.0000
[sym]       0.0000  0.0000  1.0000
[sym] proper: -1
[sym] 
[sym] isym : 8
[sym] R :   0  0  1
[sym]       1  0  0
[sym]       0  1  0
[sym] Rc:   0.0000  0.0000  1.0000
[sym]       1.0000  0.0000  0.0000
[sym]       0.0000  1.0000  0.0000
[sym] t :   0.0000  0.0000  0.0000
[sym] S :   1.0000  0.0000  0.0000
[sym]       0.0000  1.0000  0.0000
[sym]       0.0000  0.0000  1.0000
[sym] proper:  1
[sym] 
[sym] isym : 9
[sym] R :   0  0 -1
[sym]      -1  0  0
[sym]       0 -1  0
[sym] Rc:   0.0000  0.0000 -1.0000
[sym]      -1.0000  0.0000  0.0000
[sym]       0.0000 -1.0000  0.0000
[sym] t :   0.0000  0.0000  0.0000
[sym] S :   1.0000  0.0000  0.0000
[sym]       0.0000  1.0000  0.0000
[sym]       0.0000  0.0000  1.0000
[sym] proper: -1
[sym] 
[sym] isym : 10
[sym] R :   0  0  1
[sym]      -1  0  0
[sym]       0 -1  0
[sym] Rc:   0.0000  0.0000  1.0000
[sym]      -1.0000  0.0000  0.0000
[sym]       0.0000 -1.0000  0.0000
[sym] t :   0.0000  0.0000  0.0000
[sym] S :   1.0000  0.0000  0.0000
[sym]       0.0000  1.0000  0.0000
[sym]       0.0000  0.0000  1.0000
[sym] proper:  1
[sym] 
[sym] isym : 11
[sym] R :   0  0 -1
[sym]       1  0  0
[sym]       0  1  0
[sym] Rc:   0.0000  0.0000 -1.0000
[sym]       1.0000  0.0000  0.0000
[sym]       0.0000  1.0000  0.0000
[sym] t :   0.0000  0.0000  0.0000
[sym] S :   1.0000  0.0000  0.0000
[sym]       0.0000  1.0000  0.0000
[sym]       0.0000  0.0000  1.0000
[sym] proper: -1
[sym] 
[sym] isym : 12
[sym] R :   0  0 -1
[sym]       1  0  0
[sym]       0 -1  0
[sym] Rc:   0.0000  0.0000 -1.0000
[sym]       1.0000  0.0000  0.0000
[sym]       0.0000 -1.0000  0.0000
[sym] t :   0.0000  0.0000  0.0000
[sym] S :   1.0000  0.0000  0.0000
[sym]       0.0000  1.0000  0.0000
[sym]       0.0000  0.0000  1.0000
[sym] proper:  1
[sym] 
[sym] isym : 13
[sym] R :   0  0  1
[sym]      -1  0  0
[sym]       0  1  0
[sym] Rc:   0.0000  0.0000  1.0000
[sym]      -1.0000  0.0000  0.0000
[sym]       0.0000  1.0000  0.0000
[sym] t :   0.0000  0.0000  0.0000
[sym] S :   1.0000  0.0000  0.0000
[sym]       0.0000  1.0000  0.0000
[sym]       0.0000  0.0000  1.0000
[sym] proper: -1
[sym] 
[sym] isym : 14
[sym] R :   0  0 -1
[sym]      -1  0  0
[sym]       0  1  0
[sym] Rc:   0.0000  0.0000 -1.0000
[sym]      -1.0000  0.0000  0.0000
[sym]       0.0000  1.0000  0.0000
[sym] t :   0.0000  0.0000  0.0000
[sym] S :   1.0000  0.0000  0.0000
[sym]       0.0000  1.0000  0.0000
[sym]       0.0000  0.0000  1.0000
[sym] proper:  1
[sym] 
[sym] isym : 15
[sym] R :   0  0  1
[sym]       1  0  0
[sym]       0 -1  0
[sym] Rc:   0.0000  0.0000  1.0000
[sym]       1.0000  0.0000  0.0000
[sym]       0.0000 -1.0000  0.0000
[sym] t :   0.0000  0.0000  0.0000
[sym] S :   1.0000  0.0000  0.0000
[sym]       0.0000  1.0000  0.0000
[sym]       0.0000  0.0000  1.0000
[sym] proper: -1
[sym] 
[sym] isym : 16
[sym] R :   0  1  0
[sym]       0  0  1
[sym]       1  0  0
[sym] Rc:   0.0000  1.0000  0.0000
[sym]       0.0000  0.0000  1.0000
[sym]       1.0000  0.0000  0.0000
[sym] t :   0.0000  0.0000  0.0000
[sym] S :   1.0000  0.0000  0.0000
[sym]       0.0000  1.0000  0.0000
[sym]       0.0000  0.0000  1.0000
[sym] proper:  1
[sym] 
[sym] isym : 17
[sym] R :   0 -1  0
[sym]       0  0 -1
[sym]      -1  0  0
[sym] Rc:   0.0000 -1.0000  0.0000
[sym]       0.0000  0.0000 -1.0000
[sym]      -1.0000  0.0000  0.0000
[sym] t :   0.0000  0.0000  0.0000
[sym] S :   1.0000  0.0000  0.0000
[sym]       0.0000  1.0000  0.0000
[sym]       0.0000  0.0000  1.0000
[sym] proper: -1
[sym] 
[sym] isym : 18
[sym] R :   0 -1  0
[sym]       0  0  1
[sym]      -1  0  0
[sym] Rc:   0.0000 -1.0000  0.0000
[sym]       0.0000  0.0000  1.0000
[sym]      -1.0000  0.0000  0.0000
[sym] t :   0.0000  0.0000  0.0000
[sym] S :   1.0000  0.0000  0.0000
[sym]       0.0000  1.0000  0.0000
[sym]       0.0000  0.0000  1.0000
[sym] proper:  1
[sym] 
[sym] isym : 19
[sym] R :   0  1  0
[sym]       0  0 -1
[sym]       1  0  0
[sym] Rc:   0.0000  1.0000  0.0000
[sym]       0.0000  0.0000 -1.0000
[sym]       1.0000  0.0000  0.0000
[sym] t :   0.0000  0.0000  0.0000
[sym] S :   1.0000  0.0000  0.0000
[sym]       0.0000  1.0000  0.0000
[sym]       0.0000  0.0000  1.0000
[sym] proper: -1
[sym] 
[sym] isym : 20
[sym] R :   0 -1  0
[sym]       0  0 -1
[sym]       1  0  0
[sym] Rc:   0.0000 -1.0000  0.0000
[sym]       0.0000  0.0000 -1.0000
[sym]       1.0000  0.0000  0.0000
[sym] t :   0.0000  0.0000  0.0000
[sym] S :   1.0000  0.0000  0.0000
[sym]       0.0000  1.0000  0.0000
[sym]       0.0000  0.0000  1.0000
[sym] proper:  1
[sym] 
[sym] isym : 21
[sym] R :   0  1  0
[sym]       0  0  1
[sym]      -1  0  0
[sym] Rc:   0.0000  1.0000  0.0000
[sym]       0.0000  0.0000  1.0000
[sym]      -1.0000  0.0000  0.0000
[sym] t :   0.0000  0.0000  0.0000
[sym] S :   1.0000  0.0000  0.0000
[sym]       0.0000  1.0000  0.0000
[sym]       0.0000  0.0000  1.0000
[sym] proper: -1
[sym] 
[sym] isym : 22
[sym] R :   0  1  0
[sym]       0  0 -1
[sym]      -1  0  0
[sym] Rc:   0.0000  1.0000  0.0000
[sym]       0.0000  0.0000 -1.0000
[sym]      -1.0000  0.0000  0.0000
[sym] t :   0.0000  0.0000  0.0000
[sym] S :   1.0000  0.0000  0.0000
[sym]       0.0000  1.0000  0.0000
[sym]       0.0000  0.0000  1.0000
[sym] proper:  1
[sym] 
[sym] isym : 23
[sym] R :   0 -1  0
[sym]       0  0  1
[sym]       1  0  0
[sym] Rc:   0.0000 -1.0000  0.0000
[sym]       0.0000  0.0000  1.0000
[sym]       1.0000  0.0000  0.0000
[sym] t :   0.0000  0.0000  0.0000
[sym] S :   1.0000  0.0000  0.0000
[sym]       0.0000  1.0000  0.0000
[sym]       0.0000  0.0000  1.0000
[sym] proper: -1
[sym] 
[atom type] label          : C
[atom type] --------------------------------------------------------------------------------
[atom type] symbol         : C
[atom type] name           : carbon
[atom type] zn             : 6
[atom type] mass           : 12.0107
[atom type] mt_radius      : 1.30749
[atom type] num_mt_points  : 1500
[atom type] grid_origin    : 1e-06
[atom type] grid_name      : exponential
[atom type] 
[atom type] number of core electrons    : 0
[atom type] number of valence electrons : 6
[atom type] 
[atom type] atomic levels
[atom type] n: 1, l: 0, k: 1, occ: 2, core: 0
[atom type] n: 2, l: 0, k: 1, occ: 2, core: 0
[atom type] n: 2, l: 1, k: 1, occ: 1, core: 0
[atom type] n: 2, l: 1, k: 2, occ: 1, core: 0
[atom type] 
[atom type] local orbitals
[atom type] [{l: 0, n: 1, enu: -9.85341, dme: 0, auto: 1}, {l: 0, n: 1, enu: -9.85341, dme: 1, auto: 1}]
[atom type] [{l: 0, n: 2, enu: 15.124, dme: 0, auto: 1}, {l: 0, n: 2, enu: 15.124, dme: 1, auto: 1}]
[atom type] [{l: 0, n: 1, enu: -9.85341, dme: 1, auto: 1}, {l: 0, n: 1, enu: -9.85341, dme: 2, auto: 1}]
[atom type] [{l: 0, n: 2, enu: 15.124, dme: 1, auto: 1}, {l: 0, n: 2, enu: 15.124, dme: 2, auto: 1}]
[atom type] [{l: 0, n: 3, enu: 63.8984, dme: 0, auto: 1}, {l: 0, n: 3, enu: 63.8984, dme: 1, auto: 1}]
[atom type] [{l: 0, n: 3, enu: 63.8984, dme: 1, auto: 1}, {l: 0, n: 3, enu: 63.8984, dme: 2, auto: 1}]
[atom type] [{l: 1, n: 2, enu: 7.48172, dme: 0, auto: 1}, {l: 1, n: 2, enu: 7.48172, dme: 1, auto: 1}]
[atom type] [{l: 1, n: 2, enu: 7.48172, dme: 1, auto: 1}, {l: 1, n: 2, enu: 7.48172, dme: 2, auto: 1}]
[atom type] [{l: 1, n: 3, enu: 43.4619, dme: 0, auto: 1}, {l: 1, n: 3, enu: 43.4619, dme: 1, auto: 1}]
[atom type] [{l: 1, n: 3, enu: 43.4619, dme: 1, auto: 1}, {l: 1, n: 3, enu: 43.4619, dme: 2, auto: 1}]
[atom type] [{l: 2, n: 3, enu: 21.193, dme: 0, auto: 1}, {l: 2, n: 3, enu: 21.193, dme: 1, auto: 1}]
[atom type] [{l: 2, n: 3, enu: 21.193, dme: 1, auto: 1}, {l: 2, n: 3, enu: 21.193, dme: 2, auto: 1}]
[atom type] 
[atom type] augmented wave basis
[atom type] [{l: 0, n: 2, enu: 0.15, dme: 0, auto: 1}, {l: 0, n: 2, enu: 0.15, dme: 1, auto: 1}]
[atom type] [{l: 1, n: 2, enu: 0.15, dme: 0, auto: 1}, {l: 1, n: 2, enu: 0.15, dme: 1, auto: 1}]
[atom type] [{l: 2, n: 3, enu: 0.15, dme: 0, auto: 0}, {l: 2, n: 3, enu: 0.15, dme: 1, auto: 0}]
[atom type] [{l: 3, n: 4, enu: 0.15, dme: 0, auto: 0}, {l: 3, n: 4, enu: 0.15, dme: 1, auto: 0}]
[atom type] [{l: 4, n: 5, enu: 0.15, dme: 0, auto: 0}, {l: 4, n: 5, enu: 0.15, dme: 1, auto: 0}]
[atom type] [{l: 5, n: 6, enu: 0.15, dme: 0, auto: 0}, {l: 5, n: 6, enu: 0.15, dme: 1, auto: 0}]
[atom type] [{l: 6, n: 7, enu: 0.15, dme: 0, auto: 0}, {l: 6, n: 7, enu: 0.15, dme: 1, auto: 0}]
[atom type] [{l: 7, n: 8, enu: 0.15, dme: 0, auto: 0}, {l: 7, n: 8, enu: 0.15, dme: 1, auto: 0}]
[atom type] [{l: 8, n: 9, enu: 0.15, dme: 0, auto: 0}, {l: 8, n: 9, enu: 0.15, dme: 1, auto: 0}]
[atom type] maximum order of aw : 2
[atom type] 
[atom type] total number of radial functions : 30
[atom type] lmax of radial functions         : 8
[atom type] max. number of radial functions  : 8
[atom type] total number of basis functions  : 190
[atom type] number of aw basis functions     : 162
[atom type] number of lo basis functions     : 28
[atom type] lmax_apw                         : 8
[atom type] Hubbard correction               : false
[atom type] spin-orbit coupling              : false
[atom type] atomic wave-functions            : 
[atom type] 
[info] total nuclear charge               : 360
[info] number of core electrons           : 0
[info] number of valence electrons        : 360
[info] total number of electrons          : 360
[info] extra charge                       : 0
[info] total number of aw basis functions : 9720
[info] total number of lo basis functions : 1680
[info] number of first-variational states : 216
[info] number of bands                    : 216
[info] number of spins                    : 1
[info] number of magnetic dimensions      : 0
[info] number of spinor components        : 1
[info] number of spinors per band index   : 1
[info] lmax_apw                           : 8
[info] lmax_rho                           : 8
[info] lmax_pot                           : 8
[info] lmax_rf                            : 8
[info] smearing type                      : gaussian
[info] smearing width                     : 0.025
[info] cyclic block size                  : 1024
[info] |G+k| cutoff                       : 5
[info] symmetry                           : true
[info] so_correction                      : false
[info] valence relativity                 : zora
[info] core relativity                    : Dirac
[info] standard eigen-value solver        : DLA-Future
[info] generalized eigen-value solver     : DLA-Future
[info] processing unit                    : GPU
[info] number of devices                  : 1
[info]   name                             : NVIDIA GH200 120GB
[info]   major                            : 9
[info]   minor                            : 0
[info]   clockRate                        : 1980000 kHz
[info]   memoryClockRate                  : 2619000 kHz
[info]   memoryBusWidth                   : 6144 bits
[info]   sharedMemPerBlock                : 48 kB
[info]   totalConstMem                    : 64 kB
[info]   totalGlobalMem                   : 99090432 kB
[info]   available memory                 : 88053760 kB
[info]   l2CacheSize                      : 61440 kB
[info]   warpSize                         : 32
[info]   regsPerBlock                     : 65536
[info]   canMapHostMemory                 : 1
[info]   concurrentKernels                : 1
[info]   maxGridSize                      : 2147483647 65535 65535
[info]   maxThreadsDim                    : 1024 1024 64
[info]   maxThreadsPerBlock               : 1024
[info]   maxThreadsPerMultiProcessor      : 2048
[info]   multiProcessorCount              : 132
[info]   pciBusID                         : 1
[info]   pciDeviceID                      : 0
[info]   pciDomainID                      : 9
[info]   regsPerMultiprocessor            : 65536
[info]   asyncEngineCount                 : 3
[info]   ECCEnabled                       : 1
[info]   memPitch                         : 2147483647
[info] 
[info] iterative solver                   : exact
[info] number of steps                    : 20
[info] subspace size                      : 2
[info] early restart ratio                : 0.5
[info] precision_wf                       : fp64
[info] precision_hs                       : fp64
[info] mixer                              : broyden1
[info] mixing beta                        : 0.8
[info] max_history                        : 8
[info] use_hartree                        : false
[info] 
[info] spglib version: 2.5.0
[info] HDF5 version: 1.14.5
[info] Libxc version: 6.2.2
[info] 
[info] XC functionals
[info] ==============
[info] 1) XC_LDA_X : Slater exchange
[info] P. A. M. Dirac.,  Math. Proc. Cambridge Philos. Soc. 26, 376 (1930) (10.1017/S0305004100016108)
[info] F. Bloch.,  Z. Phys. 57, 545 (1929) (10.1007/BF01340281)
[info] 
[info] 2) XC_LDA_C_PZ : Perdew & Zunger
[info] J. P. Perdew and A. Zunger.,  Phys. Rev. B 23, 5048 (1981) (10.1103/PhysRevB.23.5048)
[info] 
+----------------------+
| new SCF ground state |
+----------------------+
[print_info] 
[print_info] total number of k-points : 1
[print_info] --------------------------------------------------------------------------------
[print_info] 
[print_info]   ik                vk                    weight  num_gkvec   gklo_basis_size
[print_info] --------------------------------------------------------------------------------
[print_info]    0   0.0000   0.0000   0.0000         1.000000      16879             18559
[find] density_tol               : 1e-06
[find] energy_tol                : 1e-08
[find] iter_solver_tol (initial) : 0.01
[find] iter_solver_tol (target)  : 1e-13
[find] num_dft_iter              : 2
[find] 
[find] +------------------------------+
[find] | SCF iteration   0 out of   2|
[find] +------------------------------+
[find] 
[generate_radial_functions] 
[generate_radial_functions] Linearization energies
[generate_radial_functions] Atom : C, class id : 0
[generate_radial_functions] augmented waves
[generate_radial_functions] {l: 0, n: 2, enu: 2.59084, dme: 0, auto: 1}
[generate_radial_functions] {l: 0, n: 2, enu: 2.59084, dme: 1, auto: 1}
[generate_radial_functions] {l: 1, n: 2, enu: 2.36848, dme: 0, auto: 1}
[generate_radial_functions] {l: 1, n: 2, enu: 2.36848, dme: 1, auto: 1}
[generate_radial_functions] local orbitals
[generate_radial_functions] {l: 0, n: 1, enu: -5.24277, dme: 0, auto: 1}
[generate_radial_functions] {l: 0, n: 1, enu: -5.24277, dme: 1, auto: 1}
[generate_radial_functions] {l: 0, n: 2, enu: 2.59084, dme: 0, auto: 1}
[generate_radial_functions] {l: 0, n: 2, enu: 2.59084, dme: 1, auto: 1}
[generate_radial_functions] {l: 0, n: 1, enu: -5.24277, dme: 1, auto: 1}
[generate_radial_functions] {l: 0, n: 1, enu: -5.24277, dme: 2, auto: 1}
[generate_radial_functions] {l: 0, n: 2, enu: 2.59084, dme: 1, auto: 1}
[generate_radial_functions] {l: 0, n: 2, enu: 2.59084, dme: 2, auto: 1}
[generate_radial_functions] {l: 0, n: 3, enu: 13.7761, dme: 0, auto: 1}
[generate_radial_functions] {l: 0, n: 3, enu: 13.7761, dme: 1, auto: 1}
[generate_radial_functions] {l: 0, n: 3, enu: 13.7761, dme: 1, auto: 1}
[generate_radial_functions] {l: 0, n: 3, enu: 13.7761, dme: 2, auto: 1}
[generate_radial_functions] {l: 1, n: 2, enu: 2.36848, dme: 0, auto: 1}
[generate_radial_functions] {l: 1, n: 2, enu: 2.36848, dme: 1, auto: 1}
[generate_radial_functions] {l: 1, n: 2, enu: 2.36848, dme: 1, auto: 1}
[generate_radial_functions] {l: 1, n: 2, enu: 2.36848, dme: 2, auto: 1}
[generate_radial_functions] {l: 1, n: 3, enu: 10.9631, dme: 0, auto: 1}
[generate_radial_functions] {l: 1, n: 3, enu: 10.9631, dme: 1, auto: 1}
[generate_radial_functions] {l: 1, n: 3, enu: 10.9631, dme: 1, auto: 1}
[generate_radial_functions] {l: 1, n: 3, enu: 10.9631, dme: 2, auto: 1}
[generate_radial_functions] {l: 2, n: 3, enu: 5.78521, dme: 0, auto: 1}
[generate_radial_functions] {l: 2, n: 3, enu: 5.78521, dme: 1, auto: 1}
[generate_radial_functions] {l: 2, n: 3, enu: 5.78521, dme: 1, auto: 1}
[generate_radial_functions] {l: 2, n: 3, enu: 5.78521, dme: 2, auto: 1}
[generate_radial_functions] 
[generate_radial_functions] Atom : C, class id : 1
[generate_radial_functions] augmented waves
[generate_radial_functions] {l: 0, n: 2, enu: 2.60365, dme: 0, auto: 1}
[generate_radial_functions] {l: 0, n: 2, enu: 2.60365, dme: 1, auto: 1}
[generate_radial_functions] {l: 1, n: 2, enu: 2.38127, dme: 0, auto: 1}
[generate_radial_functions] {l: 1, n: 2, enu: 2.38127, dme: 1, auto: 1}
[generate_radial_functions] local orbitals
[generate_radial_functions] {l: 0, n: 1, enu: -5.23019, dme: 0, auto: 1}
[generate_radial_functions] {l: 0, n: 1, enu: -5.23019, dme: 1, auto: 1}
[generate_radial_functions] {l: 0, n: 2, enu: 2.60365, dme: 0, auto: 1}
[generate_radial_functions] {l: 0, n: 2, enu: 2.60365, dme: 1, auto: 1}
[generate_radial_functions] {l: 0, n: 1, enu: -5.23019, dme: 1, auto: 1}
[generate_radial_functions] {l: 0, n: 1, enu: -5.23019, dme: 2, auto: 1}
[generate_radial_functions] {l: 0, n: 2, enu: 2.60365, dme: 1, auto: 1}
[generate_radial_functions] {l: 0, n: 2, enu: 2.60365, dme: 2, auto: 1}
[generate_radial_functions] {l: 0, n: 3, enu: 13.7888, dme: 0, auto: 1}
[generate_radial_functions] {l: 0, n: 3, enu: 13.7888, dme: 1, auto: 1}
[generate_radial_functions] {l: 0, n: 3, enu: 13.7888, dme: 1, auto: 1}
[generate_radial_functions] {l: 0, n: 3, enu: 13.7888, dme: 2, auto: 1}
[generate_radial_functions] {l: 1, n: 2, enu: 2.38127, dme: 0, auto: 1}
[generate_radial_functions] {l: 1, n: 2, enu: 2.38127, dme: 1, auto: 1}
[generate_radial_functions] {l: 1, n: 2, enu: 2.38127, dme: 1, auto: 1}
[generate_radial_functions] {l: 1, n: 2, enu: 2.38127, dme: 2, auto: 1}
[generate_radial_functions] {l: 1, n: 3, enu: 10.9758, dme: 0, auto: 1}
[generate_radial_functions] {l: 1, n: 3, enu: 10.9758, dme: 1, auto: 1}
[generate_radial_functions] {l: 1, n: 3, enu: 10.9758, dme: 1, auto: 1}
[generate_radial_functions] {l: 1, n: 3, enu: 10.9758, dme: 2, auto: 1}
[generate_radial_functions] {l: 2, n: 3, enu: 5.79806, dme: 0, auto: 1}
[generate_radial_functions] {l: 2, n: 3, enu: 5.79806, dme: 1, auto: 1}
[generate_radial_functions] {l: 2, n: 3, enu: 5.79806, dme: 1, auto: 1}
[generate_radial_functions] {l: 2, n: 3, enu: 5.79806, dme: 2, auto: 1}
[generate_radial_functions] 
[generate_radial_functions] Atom : C, class id : 2
[generate_radial_functions] augmented waves
[generate_radial_functions] {l: 0, n: 2, enu: 2.60274, dme: 0, auto: 1}
[generate_radial_functions] {l: 0, n: 2, enu: 2.60274, dme: 1, auto: 1}
[generate_radial_functions] {l: 1, n: 2, enu: 2.38035, dme: 0, auto: 1}
[generate_radial_functions] {l: 1, n: 2, enu: 2.38035, dme: 1, auto: 1}
[generate_radial_functions] local orbitals
[generate_radial_functions] {l: 0, n: 1, enu: -5.2311, dme: 0, auto: 1}
[generate_radial_functions] {l: 0, n: 1, enu: -5.2311, dme: 1, auto: 1}
[generate_radial_functions] {l: 0, n: 2, enu: 2.60274, dme: 0, auto: 1}
[generate_radial_functions] {l: 0, n: 2, enu: 2.60274, dme: 1, auto: 1}
[generate_radial_functions] {l: 0, n: 1, enu: -5.2311, dme: 1, auto: 1}
[generate_radial_functions] {l: 0, n: 1, enu: -5.2311, dme: 2, auto: 1}
[generate_radial_functions] {l: 0, n: 2, enu: 2.60274, dme: 1, auto: 1}
[generate_radial_functions] {l: 0, n: 2, enu: 2.60274, dme: 2, auto: 1}
[generate_radial_functions] {l: 0, n: 3, enu: 13.7879, dme: 0, auto: 1}
[generate_radial_functions] {l: 0, n: 3, enu: 13.7879, dme: 1, auto: 1}
[generate_radial_functions] {l: 0, n: 3, enu: 13.7879, dme: 1, auto: 1}
[generate_radial_functions] {l: 0, n: 3, enu: 13.7879, dme: 2, auto: 1}
[generate_radial_functions] {l: 1, n: 2, enu: 2.38035, dme: 0, auto: 1}
[generate_radial_functions] {l: 1, n: 2, enu: 2.38035, dme: 1, auto: 1}
[generate_radial_functions] {l: 1, n: 2, enu: 2.38035, dme: 1, auto: 1}
[generate_radial_functions] {l: 1, n: 2, enu: 2.38035, dme: 2, auto: 1}
[generate_radial_functions] {l: 1, n: 3, enu: 10.9749, dme: 0, auto: 1}
[generate_radial_functions] {l: 1, n: 3, enu: 10.9749, dme: 1, auto: 1}
[generate_radial_functions] {l: 1, n: 3, enu: 10.9749, dme: 1, auto: 1}
[generate_radial_functions] {l: 1, n: 3, enu: 10.9749, dme: 2, auto: 1}
[generate_radial_functions] {l: 2, n: 3, enu: 5.79715, dme: 0, auto: 1}
[generate_radial_functions] {l: 2, n: 3, enu: 5.79715, dme: 1, auto: 1}
[generate_radial_functions] {l: 2, n: 3, enu: 5.79715, dme: 1, auto: 1}
[generate_radial_functions] {l: 2, n: 3, enu: 5.79715, dme: 2, auto: 1}
[generate_radial_functions] 
[diagonalize] Lowest band energies
[diagonalize] ik:    0   -5.243128   -5.243127   -5.243127   -5.243127   -5.243126   -5.243126   -5.241561   -5.241561   -5.241561   -5.241561
[find] 
[find] Charges and magnetic moments
[find] --------------------------------------------------------------------------------
[find] atom      charge    core leakage
[find] --------------------------------------------------------------------------------
[find]    0    3.198699    0.000000e+00
[find]    1    3.198699    0.000000e+00
[find]    2    3.198699    0.000000e+00
[find]    3    3.198699    0.000000e+00
[find]    4    3.198699    0.000000e+00
[find]    5    3.198699    0.000000e+00
[find]    6    3.198699    0.000000e+00
[find]    7    3.198699    0.000000e+00
[find]    8    3.198699    0.000000e+00
[find]    9    3.198699    0.000000e+00
[find]   10    3.198699    0.000000e+00
[find]   11    3.198699    0.000000e+00
[find]   12    3.195904    0.000000e+00
[find]   13    3.195904    0.000000e+00
[find]   14    3.195904    0.000000e+00
[find]   15    3.195904    0.000000e+00
[find]   16    3.195904    0.000000e+00
[find]   17    3.195904    0.000000e+00
[find]   18    3.195904    0.000000e+00
[find]   19    3.195904    0.000000e+00
[find]   20    3.195904    0.000000e+00
[find]   21    3.195904    0.000000e+00
[find]   22    3.195904    0.000000e+00
[find]   23    3.195904    0.000000e+00
[find]   24    3.195904    0.000000e+00
[find]   25    3.195904    0.000000e+00
[find]   26    3.195904    0.000000e+00
[find]   27    3.195904    0.000000e+00
[find]   28    3.195904    0.000000e+00
[find]   29    3.195904    0.000000e+00
[find]   30    3.195904    0.000000e+00
[find]   31    3.195904    0.000000e+00
[find]   32    3.195904    0.000000e+00
[find]   33    3.195904    0.000000e+00
[find]   34    3.195904    0.000000e+00
[find]   35    3.195904    0.000000e+00
[find]   36    3.193254    0.000000e+00
[find]   37    3.193254    0.000000e+00
[find]   38    3.193254    0.000000e+00
[find]   39    3.193254    0.000000e+00
[find]   40    3.193254    0.000000e+00
[find]   41    3.193254    0.000000e+00
[find]   42    3.193254    0.000000e+00
[find]   43    3.193254    0.000000e+00
[find]   44    3.193254    0.000000e+00
[find]   45    3.193254    0.000000e+00
[find]   46    3.193254    0.000000e+00
[find]   47    3.193254    0.000000e+00
[find]   48    3.193254    0.000000e+00
[find]   49    3.193254    0.000000e+00
[find]   50    3.193254    0.000000e+00
[find]   51    3.193254    0.000000e+00
[find]   52    3.193254    0.000000e+00
[find]   53    3.193254    0.000000e+00
[find]   54    3.193254    0.000000e+00
[find]   55    3.193254    0.000000e+00
[find]   56    3.193254    0.000000e+00
[find]   57    3.193254    0.000000e+00
[find]   58    3.193254    0.000000e+00
[find]   59    3.193254    0.000000e+00
[find] 
[find] total core leakage    : 0.00000000e+00
[find] interstitial charge   : 168.275806
[find] total charge          : 360.000000
[find] 
[find] Energy
[find] --------------------------------------------------------------------------------
[find] valence_eval_sum               :    -581.68860437
[find] core_eval_sum                  :       0.00000000
[find] kinetic energy                 :    3370.91819871
[find] enuc                           :   -2293.70936873
[find] <rho|V^{XC}>                   :    -375.04393114
[find] <rho|E^{XC}>                   :    -284.80570614
[find] <mag|B^{XC}>                   :       0.00000000
[find] <rho|V^{H}>                    :   -3577.56467150
[find] smearing (-TS)                 :      -0.27592502
[find] SCF correction                 :   -1023.19200826
[find] Total energy                   :   -2019.57122018 (Ha),   -4039.14244036 (Ry)
[find] Free energy (E-TS)             :   -2019.84714520 (Ha),   -4039.69429039 (Ry)
[find] 
[find] band gap (eV)                  :       0.00000000
[find] Efermi                         :       0.37608067
[find] 
[find] iteration : 0, RMS : 4.811594847279e-01, energy difference : -2.019571220178e+03
[find] 
[find] +------------------------------+
[find] | SCF iteration   1 out of   2|
[find] +------------------------------+
[find] 
[generate_radial_functions] 
[generate_radial_functions] Linearization energies
[generate_radial_functions] Atom : C, class id : 0
[generate_radial_functions] augmented waves
[generate_radial_functions] {l: 0, n: 2, enu: -1.1717, dme: 0, auto: 1}
[generate_radial_functions] {l: 0, n: 2, enu: -1.1717, dme: 1, auto: 1}
[generate_radial_functions] {l: 1, n: 2, enu: -1.30849, dme: 0, auto: 1}
[generate_radial_functions] {l: 1, n: 2, enu: -1.30849, dme: 1, auto: 1}
[generate_radial_functions] local orbitals
[generate_radial_functions] {l: 0, n: 1, enu: -11.9405, dme: 0, auto: 1}
[generate_radial_functions] {l: 0, n: 1, enu: -11.9405, dme: 1, auto: 1}
[generate_radial_functions] {l: 0, n: 2, enu: -1.1717, dme: 0, auto: 1}
[generate_radial_functions] {l: 0, n: 2, enu: -1.1717, dme: 1, auto: 1}
[generate_radial_functions] {l: 0, n: 1, enu: -11.9405, dme: 1, auto: 1}
[generate_radial_functions] {l: 0, n: 1, enu: -11.9405, dme: 2, auto: 1}
[generate_radial_functions] {l: 0, n: 2, enu: -1.1717, dme: 1, auto: 1}
[generate_radial_functions] {l: 0, n: 2, enu: -1.1717, dme: 2, auto: 1}
[generate_radial_functions] {l: 0, n: 3, enu: 9.41005, dme: 0, auto: 1}
[generate_radial_functions] {l: 0, n: 3, enu: 9.41005, dme: 1, auto: 1}
[generate_radial_functions] {l: 0, n: 3, enu: 9.41005, dme: 1, auto: 1}
[generate_radial_functions] {l: 0, n: 3, enu: 9.41005, dme: 2, auto: 1}
[generate_radial_functions] {l: 1, n: 2, enu: -1.30849, dme: 0, auto: 1}
[generate_radial_functions] {l: 1, n: 2, enu: -1.30849, dme: 1, auto: 1}
[generate_radial_functions] {l: 1, n: 2, enu: -1.30849, dme: 1, auto: 1}
[generate_radial_functions] {l: 1, n: 2, enu: -1.30849, dme: 2, auto: 1}
[generate_radial_functions] {l: 1, n: 3, enu: 6.70322, dme: 0, auto: 1}
[generate_radial_functions] {l: 1, n: 3, enu: 6.70322, dme: 1, auto: 1}
[generate_radial_functions] {l: 1, n: 3, enu: 6.70322, dme: 1, auto: 1}
[generate_radial_functions] {l: 1, n: 3, enu: 6.70322, dme: 2, auto: 1}
[generate_radial_functions] {l: 2, n: 3, enu: 2.50033, dme: 0, auto: 1}
[generate_radial_functions] {l: 2, n: 3, enu: 2.50033, dme: 1, auto: 1}
[generate_radial_functions] {l: 2, n: 3, enu: 2.50033, dme: 1, auto: 1}
[generate_radial_functions] {l: 2, n: 3, enu: 2.50033, dme: 2, auto: 1}
[generate_radial_functions] 
[generate_radial_functions] Atom : C, class id : 1
[generate_radial_functions] augmented waves
[generate_radial_functions] {l: 0, n: 2, enu: -1.01696, dme: 0, auto: 1}
[generate_radial_functions] {l: 0, n: 2, enu: -1.01696, dme: 1, auto: 1}
[generate_radial_functions] {l: 1, n: 2, enu: -1.15389, dme: 0, auto: 1}
[generate_radial_functions] {l: 1, n: 2, enu: -1.15389, dme: 1, auto: 1}
[generate_radial_functions] local orbitals
[generate_radial_functions] {l: 0, n: 1, enu: -11.7858, dme: 0, auto: 1}
[generate_radial_functions] {l: 0, n: 1, enu: -11.7858, dme: 1, auto: 1}
[generate_radial_functions] {l: 0, n: 2, enu: -1.01696, dme: 0, auto: 1}
[generate_radial_functions] {l: 0, n: 2, enu: -1.01696, dme: 1, auto: 1}
[generate_radial_functions] {l: 0, n: 1, enu: -11.7858, dme: 1, auto: 1}
[generate_radial_functions] {l: 0, n: 1, enu: -11.7858, dme: 2, auto: 1}
[generate_radial_functions] {l: 0, n: 2, enu: -1.01696, dme: 1, auto: 1}
[generate_radial_functions] {l: 0, n: 2, enu: -1.01696, dme: 2, auto: 1}
[generate_radial_functions] {l: 0, n: 3, enu: 9.56484, dme: 0, auto: 1}
[generate_radial_functions] {l: 0, n: 3, enu: 9.56484, dme: 1, auto: 1}
[generate_radial_functions] {l: 0, n: 3, enu: 9.56484, dme: 1, auto: 1}
[generate_radial_functions] {l: 0, n: 3, enu: 9.56484, dme: 2, auto: 1}
[generate_radial_functions] {l: 1, n: 2, enu: -1.15389, dme: 0, auto: 1}
[generate_radial_functions] {l: 1, n: 2, enu: -1.15389, dme: 1, auto: 1}
[generate_radial_functions] {l: 1, n: 2, enu: -1.15389, dme: 1, auto: 1}
[generate_radial_functions] {l: 1, n: 2, enu: -1.15389, dme: 2, auto: 1}
[generate_radial_functions] {l: 1, n: 3, enu: 6.85788, dme: 0, auto: 1}
[generate_radial_functions] {l: 1, n: 3, enu: 6.85788, dme: 1, auto: 1}
[generate_radial_functions] {l: 1, n: 3, enu: 6.85788, dme: 1, auto: 1}
[generate_radial_functions] {l: 1, n: 3, enu: 6.85788, dme: 2, auto: 1}
[generate_radial_functions] {l: 2, n: 3, enu: 2.65507, dme: 0, auto: 1}
[generate_radial_functions] {l: 2, n: 3, enu: 2.65507, dme: 1, auto: 1}
[generate_radial_functions] {l: 2, n: 3, enu: 2.65507, dme: 1, auto: 1}
[generate_radial_functions] {l: 2, n: 3, enu: 2.65507, dme: 2, auto: 1}
[generate_radial_functions] 
[generate_radial_functions] Atom : C, class id : 2
[generate_radial_functions] augmented waves
[generate_radial_functions] {l: 0, n: 2, enu: -1.04234, dme: 0, auto: 1}
[generate_radial_functions] {l: 0, n: 2, enu: -1.04234, dme: 1, auto: 1}
[generate_radial_functions] {l: 1, n: 2, enu: -1.17932, dme: 0, auto: 1}
[generate_radial_functions] {l: 1, n: 2, enu: -1.17932, dme: 1, auto: 1}
[generate_radial_functions] local orbitals
[generate_radial_functions] {l: 0, n: 1, enu: -11.8124, dme: 0, auto: 1}
[generate_radial_functions] {l: 0, n: 1, enu: -11.8124, dme: 1, auto: 1}
[generate_radial_functions] {l: 0, n: 2, enu: -1.04234, dme: 0, auto: 1}
[generate_radial_functions] {l: 0, n: 2, enu: -1.04234, dme: 1, auto: 1}
[generate_radial_functions] {l: 0, n: 1, enu: -11.8124, dme: 1, auto: 1}
[generate_radial_functions] {l: 0, n: 1, enu: -11.8124, dme: 2, auto: 1}
[generate_radial_functions] {l: 0, n: 2, enu: -1.04234, dme: 1, auto: 1}
[generate_radial_functions] {l: 0, n: 2, enu: -1.04234, dme: 2, auto: 1}
[generate_radial_functions] {l: 0, n: 3, enu: 9.53921, dme: 0, auto: 1}
[generate_radial_functions] {l: 0, n: 3, enu: 9.53921, dme: 1, auto: 1}
[generate_radial_functions] {l: 0, n: 3, enu: 9.53921, dme: 1, auto: 1}
[generate_radial_functions] {l: 0, n: 3, enu: 9.53921, dme: 2, auto: 1}
[generate_radial_functions] {l: 1, n: 2, enu: -1.17932, dme: 0, auto: 1}
[generate_radial_functions] {l: 1, n: 2, enu: -1.17932, dme: 1, auto: 1}
[generate_radial_functions] {l: 1, n: 2, enu: -1.17932, dme: 1, auto: 1}
[generate_radial_functions] {l: 1, n: 2, enu: -1.17932, dme: 2, auto: 1}
[generate_radial_functions] {l: 1, n: 3, enu: 6.83229, dme: 0, auto: 1}
[generate_radial_functions] {l: 1, n: 3, enu: 6.83229, dme: 1, auto: 1}
[generate_radial_functions] {l: 1, n: 3, enu: 6.83229, dme: 1, auto: 1}
[generate_radial_functions] {l: 1, n: 3, enu: 6.83229, dme: 2, auto: 1}
[generate_radial_functions] {l: 2, n: 3, enu: 2.62988, dme: 0, auto: 1}
[generate_radial_functions] {l: 2, n: 3, enu: 2.62988, dme: 1, auto: 1}
[generate_radial_functions] {l: 2, n: 3, enu: 2.62988, dme: 1, auto: 1}
[generate_radial_functions] {l: 2, n: 3, enu: 2.62988, dme: 2, auto: 1}
[generate_radial_functions] 
[diagonalize] Lowest band energies
[diagonalize] ik:    0  -11.941031  -11.941031  -11.941031  -11.941031  -11.941031  -11.941031  -11.940823  -11.940823  -11.940823  -11.940823
[find] 
[find] Charges and magnetic moments
[find] --------------------------------------------------------------------------------
[find] atom      charge    core leakage
[find] --------------------------------------------------------------------------------
[find]    0    4.468752    0.000000e+00
[find]    1    4.468752    0.000000e+00
[find]    2    4.468752    0.000000e+00
[find]    3    4.468752    0.000000e+00
[find]    4    4.468752    0.000000e+00
[find]    5    4.468752    0.000000e+00
[find]    6    4.468752    0.000000e+00
[find]    7    4.468752    0.000000e+00
[find]    8    4.468752    0.000000e+00
[find]    9    4.468752    0.000000e+00
[find]   10    4.468752    0.000000e+00
[find]   11    4.468752    0.000000e+00
[find]   12    3.812193    0.000000e+00
[find]   13    3.812193    0.000000e+00
[find]   14    3.812193    0.000000e+00
[find]   15    3.812193    0.000000e+00
[find]   16    3.812193    0.000000e+00
[find]   17    3.812193    0.000000e+00
[find]   18    3.812193    0.000000e+00
[find]   19    3.812193    0.000000e+00
[find]   20    3.812193    0.000000e+00
[find]   21    3.812193    0.000000e+00
[find]   22    3.812193    0.000000e+00
[find]   23    3.812193    0.000000e+00
[find]   24    3.812193    0.000000e+00
[find]   25    3.812193    0.000000e+00
[find]   26    3.812193    0.000000e+00
[find]   27    3.812193    0.000000e+00
[find]   28    3.812193    0.000000e+00
[find]   29    3.812193    0.000000e+00
[find]   30    3.812193    0.000000e+00
[find]   31    3.812193    0.000000e+00
[find]   32    3.812193    0.000000e+00
[find]   33    3.812193    0.000000e+00
[find]   34    3.812193    0.000000e+00
[find]   35    3.812193    0.000000e+00
[find]   36    3.997018    0.000000e+00
[find]   37    3.997018    0.000000e+00
[find]   38    3.997018    0.000000e+00
[find]   39    3.997018    0.000000e+00
[find]   40    3.997018    0.000000e+00
[find]   41    3.997018    0.000000e+00
[find]   42    3.997018    0.000000e+00
[find]   43    3.997018    0.000000e+00
[find]   44    3.997018    0.000000e+00
[find]   45    3.997018    0.000000e+00
[find]   46    3.997018    0.000000e+00
[find]   47    3.997018    0.000000e+00
[find]   48    3.997018    0.000000e+00
[find]   49    3.997018    0.000000e+00
[find]   50    3.997018    0.000000e+00
[find]   51    3.997018    0.000000e+00
[find]   52    3.997018    0.000000e+00
[find]   53    3.997018    0.000000e+00
[find]   54    3.997018    0.000000e+00
[find]   55    3.997018    0.000000e+00
[find]   56    3.997018    0.000000e+00
[find]   57    3.997018    0.000000e+00
[find]   58    3.997018    0.000000e+00
[find]   59    3.997018    0.000000e+00
[find] 
[find] total core leakage    : 0.00000000e+00
[find] interstitial charge   : 118.953905
[find] total charge          : 360.000000
[find] 
[find] Energy
[find] --------------------------------------------------------------------------------
[find] valence_eval_sum               :   -1997.96479768
[find] core_eval_sum                  :       0.00000000
[find] kinetic energy                 :    1414.41066630
[find] enuc                           :   -2715.54064724
[find] <rho|V^{XC}>                   :    -404.68690482
[find] <rho|E^{XC}>                   :    -307.36561466
[find] <mag|B^{XC}>                   :       0.00000000
[find] <rho|V^{H}>                    :   -3007.68913848
[find] smearing (-TS)                 :      -0.15557601
[find] SCF correction                 :     898.89049426
[find] Total energy                   :   -2213.44967060 (Ha),   -4426.89934119 (Ry)
[find] Free energy (E-TS)             :   -2213.60524661 (Ha),   -4427.21049322 (Ry)
[find] 
[find] band gap (eV)                  :       0.00000000
[find] Efermi                         :      -1.86830822
[find] 
[find] iteration : 1, RMS : 5.427292375892e-02, energy difference : -1.938784504188e+02
[find] 
[find] Charges and magnetic moments
[find] --------------------------------------------------------------------------------
[find] atom      charge    core leakage
[find] --------------------------------------------------------------------------------
[find]    0    4.468752    0.000000e+00
[find]    1    4.468752    0.000000e+00
[find]    2    4.468752    0.000000e+00
[find]    3    4.468752    0.000000e+00
[find]    4    4.468752    0.000000e+00
[find]    5    4.468752    0.000000e+00
[find]    6    4.468752    0.000000e+00
[find]    7    4.468752    0.000000e+00
[find]    8    4.468752    0.000000e+00
[find]    9    4.468752    0.000000e+00
[find]   10    4.468752    0.000000e+00
[find]   11    4.468752    0.000000e+00
[find]   12    3.812193    0.000000e+00
[find]   13    3.812193    0.000000e+00
[find]   14    3.812193    0.000000e+00
[find]   15    3.812193    0.000000e+00
[find]   16    3.812193    0.000000e+00
[find]   17    3.812193    0.000000e+00
[find]   18    3.812193    0.000000e+00
[find]   19    3.812193    0.000000e+00
[find]   20    3.812193    0.000000e+00
[find]   21    3.812193    0.000000e+00
[find]   22    3.812193    0.000000e+00
[find]   23    3.812193    0.000000e+00
[find]   24    3.812193    0.000000e+00
[find]   25    3.812193    0.000000e+00
[find]   26    3.812193    0.000000e+00
[find]   27    3.812193    0.000000e+00
[find]   28    3.812193    0.000000e+00
[find]   29    3.812193    0.000000e+00
[find]   30    3.812193    0.000000e+00
[find]   31    3.812193    0.000000e+00
[find]   32    3.812193    0.000000e+00
[find]   33    3.812193    0.000000e+00
[find]   34    3.812193    0.000000e+00
[find]   35    3.812193    0.000000e+00
[find]   36    3.997018    0.000000e+00
[find]   37    3.997018    0.000000e+00
[find]   38    3.997018    0.000000e+00
[find]   39    3.997018    0.000000e+00
[find]   40    3.997018    0.000000e+00
[find]   41    3.997018    0.000000e+00
[find]   42    3.997018    0.000000e+00
[find]   43    3.997018    0.000000e+00
[find]   44    3.997018    0.000000e+00
[find]   45    3.997018    0.000000e+00
[find]   46    3.997018    0.000000e+00
[find]   47    3.997018    0.000000e+00
[find]   48    3.997018    0.000000e+00
[find]   49    3.997018    0.000000e+00
[find]   50    3.997018    0.000000e+00
[find]   51    3.997018    0.000000e+00
[find]   52    3.997018    0.000000e+00
[find]   53    3.997018    0.000000e+00
[find]   54    3.997018    0.000000e+00
[find]   55    3.997018    0.000000e+00
[find]   56    3.997018    0.000000e+00
[find]   57    3.997018    0.000000e+00
[find]   58    3.997018    0.000000e+00
[find]   59    3.997018    0.000000e+00
[find] 
[find] total core leakage    : 0.00000000e+00
[find] interstitial charge   : 118.953905
[find] total charge          : 360.000000
[find] 
[find] Energy
[find] --------------------------------------------------------------------------------
[find] valence_eval_sum               :   -1997.96479768
[find] core_eval_sum                  :       0.00000000
[find] kinetic energy                 :    1414.41066630
[find] enuc                           :   -2715.54064724
[find] <rho|V^{XC}>                   :    -404.68690482
[find] <rho|E^{XC}>                   :    -307.36561466
[find] <mag|B^{XC}>                   :       0.00000000
[find] <rho|V^{H}>                    :   -3007.68913848
[find] smearing (-TS)                 :      -0.15557601
[find] SCF correction                 :     898.89049426
[find] Total energy                   :   -2213.44967060 (Ha),   -4426.89934119 (Ry)
[find] Free energy (E-TS)             :   -2213.60524661 (Ha),   -4427.21049322 (Ry)
[find] 
[find] band gap (eV)                  :       0.00000000
[find] Efermi                         :      -1.86830822
[find] 
[~DFT_ground_state] local op. applied: 0
[~DFT_ground_state] evp. work count: 0
[~DFT_ground_state] numbef of iterative solver steps: 0
FE_UNDERFLOW exception
==========================================================================================================================================================
                                                                           #         Total          %     Self %        Median           Min           Max
----------------------------------------------------------------------------------------------------------------------------------------------------------
sirius                                                                     1      53.14 s      100.00       0.80      53.14 s       53.14 s       53.14 s 
├ sirius::initialize                                                       1       6.67 s       12.54     100.00       6.67 s        6.67 s        6.67 s 
├ sirius::Simulation_context::initialize                                   1     701.70 ms       1.32       7.33     701.70 ms     701.70 ms     701.70 ms
│ ├ sirius::Simulation_context::init_comm                                  1      12.78 ms       0.02     100.00      12.78 ms      12.78 ms      12.78 ms
│ ├ sirius::Unit_cell::initialize                                          1     259.71 ms       0.49       0.80     259.71 ms     259.71 ms     259.71 ms
│ │ ├ sirius::Atom_type::init                                              1     226.14 ms       0.43     100.00     226.14 ms     226.14 ms     226.14 ms
│ │ └ sirius::Unit_cell::update                                            1      31.49 ms       0.06       0.69      31.49 ms      31.49 ms      31.49 ms
│ │   ├ sirius::Unit_cell::find_nearest_neighbours                         1      28.13 ms       0.05     100.00      28.13 ms      28.13 ms      28.13 ms
│ │   └ sirius::Unit_cell::get_symmetry                                    1       3.14 ms       0.01       5.03       3.14 ms       3.14 ms       3.14 ms
│ │     └ sirius::Crystal_symmetry                                         1       2.98 ms       0.01       9.27       2.98 ms       2.98 ms       2.98 ms
│ │       ├ sirius::Crystal_symmetry|spg                                   1       2.46 ms       0.00     100.00       2.46 ms       2.46 ms       2.46 ms
│ │       ├ sirius::find_sym_atom                                         48     215.90 us       0.00     100.00       4.48 us       4.06 us       5.79 us
│ │       └ sirius::Crystal_symmetry|mag                                   1      31.84 us       0.00     100.00      31.84 us      31.84 us      31.84 us
│ └ sirius::Simulation_context::update                                     1     377.75 ms       0.71      55.20     377.75 ms     377.75 ms     377.75 ms
│   ├ sirius::Unit_cell::update                                            1       2.40 ms       0.00       4.59       2.40 ms       2.40 ms       2.40 ms
│   │ ├ sirius::Unit_cell::find_nearest_neighbours                         1     157.02 us       0.00     100.00     157.02 us     157.02 us     157.02 us
│   │ └ sirius::Unit_cell::get_symmetry                                    1       2.14 ms       0.00       1.55       2.14 ms       2.14 ms       2.14 ms
│   │   └ sirius::Crystal_symmetry                                         1       2.10 ms       0.00       9.78       2.10 ms       2.10 ms       2.10 ms
│   │     ├ sirius::Crystal_symmetry|spg                                   1       1.67 ms       0.00     100.00       1.67 ms       1.67 ms       1.67 ms
│   │     ├ sirius::find_sym_atom                                         48     211.86 us       0.00     100.00       4.42 us       4.06 us       4.80 us
│   │     └ sirius::Crystal_symmetry|mag                                   1      15.29 us       0.00     100.00      15.29 us      15.29 us      15.29 us
│   ├ fft::Gvec::init                                                      2     112.93 ms       0.21      14.57      56.46 ms      12.09 ms     100.83 ms
│   │ ├ fft::Gvec::find_z_columns                                          2      41.77 ms       0.08       0.02      20.89 ms       5.87 ms      35.90 ms
│   │ │ ├ fft::Gvec::find_z_columns|add                                    2       9.58 ms       0.02     100.00       4.79 ms       1.39 ms       8.19 ms
│   │ │ ├ fft::Gvec::find_z_columns|sym                                    2      31.93 ms       0.06     100.00      15.96 ms       4.41 ms      27.52 ms
│   │ │ └ fft::Gvec::find_z_columns|sort                                   2     259.48 us       0.00     100.00     129.74 us      59.52 us     199.96 us
│   │ └ fft::Gvec::find_gvec_shells                                        2      54.70 ms       0.10     100.00      27.35 ms       4.24 ms      50.46 ms
│   ├ fft::Gvec_shells                                                     1      49.56 ms       0.09     100.00      49.56 ms      49.56 ms      49.56 ms
│   └ sirius::make_periodic_function                                       1       4.35 ms       0.01     100.00       4.35 ms       4.35 ms       4.35 ms
├ sirius::K_point_set::create_k_mesh                                       1      36.67 ms       0.07       0.36      36.67 ms      36.67 ms      36.67 ms
│ ├ fft::Gvec::init                                                        1     559.31 us       0.00      55.61     559.31 us     559.31 us     559.31 us
│ │ └ fft::Gvec::find_z_columns                                            1     248.28 us       0.00       0.85     248.28 us     248.28 us     248.28 us
│ │   ├ fft::Gvec::find_z_columns|add                                      1     232.34 us       0.00     100.00     232.34 us     232.34 us     232.34 us
│ │   ├ fft::Gvec::find_z_columns|sym                                      1     352.00 ns       0.00     100.00     352.00 ns     352.00 ns     352.00 ns
│ │   └ fft::Gvec::find_z_columns|sort                                     1      13.47 us       0.00     100.00      13.47 us      13.47 us      13.47 us
│ └ sirius::K_point_set::initialize                                        1      35.98 ms       0.07       0.31      35.98 ms      35.98 ms      35.98 ms
│   └ sirius::K_point::initialize                                          1      35.87 ms       0.07      81.10      35.87 ms      35.87 ms      35.87 ms
│     ├ sirius::K_point::generate_gkvec                                    1       4.84 ms       0.01     100.00       4.84 ms       4.84 ms       4.84 ms
│     └ sirius::K_point::update                                            1       1.94 ms       0.00     100.00       1.94 ms       1.94 ms       1.94 ms
├ sirius::Potential                                                        1      16.21 ms       0.03      44.24      16.21 ms      16.21 ms      16.21 ms
│ └ sirius::Potential::update                                              1       9.04 ms       0.02      59.17       9.04 ms       9.04 ms       9.04 ms
│   ├ sirius::generate_gvec_ylm                                            1       2.34 ms       0.00     100.00       2.34 ms       2.34 ms       2.34 ms
│   └ sirius::generate_sbessel_mt                                          1       1.35 ms       0.00     100.00       1.35 ms       1.35 ms       1.35 ms
├ sirius::Density                                                          1       2.01 ms       0.00      99.99       2.01 ms       2.01 ms       2.01 ms
│ └ sirius::Density::update                                                1     256.00 ns       0.00     100.00     256.00 ns     256.00 ns     256.00 ns
├ sirius::DFT_ground_state::initial_state                                  1       1.47 s        2.77       0.00       1.47 s        1.47 s        1.47 s 
│ ├ sirius::Density::initial_density                                       1       1.33 s        2.50      82.84       1.33 s        1.33 s        1.33 s 
│ │ ├ sirius::Radial_integrals|rho_free_atom                               1       2.73 ms       0.01     100.00       2.73 ms       2.73 ms       2.73 ms
│ │ ├ sirius::make_periodic_function                                       1     186.30 us       0.00     100.00     186.30 us     186.30 us     186.30 us
│ │ ├ sirius::Smooth_periodic_function::fft_transform                      1       1.49 ms       0.00     100.00       1.49 ms       1.49 ms       1.49 ms
│ │ ├ sirius::generate_gvec_ylm                                            1       2.53 ms       0.00     100.00       2.53 ms       2.53 ms       2.53 ms
│ │ ├ sirius::generate_sbessel_mt                                          1       1.42 ms       0.00     100.00       1.42 ms       1.42 ms       1.42 ms
│ │ ├ sirius::sum_fg_fl_yg                                                 1      52.78 ms       0.10      13.62      52.78 ms      52.78 ms      52.78 ms
│ │ │ ├ sirius::Simulation_context::generate_phase_factors                 1     941.06 us       0.00     100.00     941.06 us     941.06 us     941.06 us
│ │ │ ├ sirius::sum_fg_fl_yg|zm                                            1       2.02 ms       0.00     100.00       2.02 ms       2.02 ms       2.02 ms
│ │ │ └ sirius::sum_fg_fl_yg|mul                                           1      42.62 ms       0.08     100.00      42.62 ms      42.62 ms      42.62 ms
│ │ ├ sirius::Periodic_function::integrate                                 2     106.79 ms       0.20     100.00      53.39 ms       1.54 ms     105.24 ms
│ │ ├ sirius::symmetrize_pw_function                                       1       4.22 ms       0.01       4.03       4.22 ms       4.22 ms       4.22 ms
│ │ │ ├ fft::Gvec_shells::remap_forward                                    1     820.52 us       0.00     100.00     820.52 us     820.52 us     820.52 us
│ │ │ ├ sirius::symmetrize|fpw|local                                       1       2.39 ms       0.00     100.00       2.39 ms       2.39 ms       2.39 ms
│ │ │ └ fft::Gvec_shells::remap_backward                                   1     834.25 us       0.00     100.00     834.25 us     834.25 us     834.25 us
│ │ └ sirius::symmetrize_mt_function                                       3      56.08 ms       0.11     100.00      21.94 ms      11.18 ms      22.96 ms
│ └ sirius::Potential::generate                                            1     144.18 ms       0.27      13.34     144.18 ms     144.18 ms     144.18 ms
│   ├ sirius::Potential::poisson                                           1      19.66 ms       0.04       2.63      19.66 ms      19.66 ms      19.66 ms
│   │ ├ sirius::Potential::poisson_vmt                                     1       4.22 ms       0.01     100.00       4.22 ms       4.22 ms       4.22 ms
│   │ ├ sirius::sum_fg_fl_yg                                               2       5.21 ms       0.01      36.16       2.60 ms       2.08 ms       3.12 ms
│   │ │ ├ sirius::Simulation_context::generate_phase_factors               2      73.44 us       0.00     100.00      36.72 us      12.16 us      61.28 us
│   │ │ ├ sirius::sum_fg_fl_yg|zm                                          2       1.67 ms       0.00     100.00     837.12 us     764.07 us     910.18 us
│   │ │ └ sirius::sum_fg_fl_yg|mul                                         2       1.58 ms       0.00     100.00     788.01 us     705.29 us     870.72 us
│   │ ├ sirius::Potential::poisson_add_pseudo_pw                           1       6.50 ms       0.01      99.73       6.50 ms       6.50 ms       6.50 ms
│   │ │ └ sirius::Simulation_context::generate_phase_factors               1      17.86 us       0.00     100.00      17.86 us      17.86 us      17.86 us
│   │ ├ sirius::Potential::poisson|bc                                      1     565.64 us       0.00     100.00     565.64 us     565.64 us     565.64 us
│   │ ├ sirius::Smooth_periodic_function::fft_transform                    1     702.38 us       0.00     100.00     702.38 us     702.38 us     702.38 us
│   │ └ sirius::inner::pf                                                  1       1.95 ms       0.00     100.00       1.95 ms       1.95 ms       1.95 ms
│   ├ sirius::Periodic_function::add                                       2     953.41 us       0.00     100.00     476.70 us     449.20 us     504.21 us
│   ├ sirius::Potential::xc                                                1      37.04 ms       0.07       1.16      37.04 ms      37.04 ms      37.04 ms
│   │ ├ sirius::Potential::xc_mt                                           1      35.31 ms       0.07     100.00      35.31 ms      35.31 ms      35.31 ms
│   │ └ sirius::Potential::xc_rg_nonmagnetic                               1       1.30 ms       0.00      62.70       1.30 ms       1.30 ms       1.30 ms
│   │   └ sirius::Potential::xc_rg_nonmagnetic|libxc                       2     485.04 us       0.00     100.00     242.52 us     184.51 us     300.53 us
│   ├ sirius::Smooth_periodic_function::fft_transform                      2       1.32 ms       0.00     100.00     660.68 us     652.01 us     669.35 us
│   ├ sirius::symmetrize_pw_function                                       1       3.84 ms       0.01       4.17       3.84 ms       3.84 ms       3.84 ms
│   │ ├ fft::Gvec_shells::remap_forward                                    1     810.82 us       0.00     100.00     810.82 us     810.82 us     810.82 us
│   │ ├ sirius::symmetrize|fpw|local                                       1       1.98 ms       0.00     100.00       1.98 ms       1.98 ms       1.98 ms
│   │ └ fft::Gvec_shells::remap_backward                                   1     883.84 us       0.00     100.00     883.84 us     883.84 us     883.84 us
│   └ sirius::symmetrize_mt_function                                       3      62.13 ms       0.12     100.00      25.58 ms      10.72 ms      25.83 ms
├ sirius::DFT_ground_state::scf_loop                                       1      42.96 s       80.83       0.57      42.96 s       42.96 s       42.96 s 
│ ├ sirius::Density                                                        1       2.21 ms       0.00      99.96       2.21 ms       2.21 ms       2.21 ms
│ │ └ sirius::Density::update                                              1     928.00 ns       0.00     100.00     928.00 ns     928.00 ns     928.00 ns
│ ├ sirius::DFT_ground_state::scf_loop|iteration                           2      42.67 s       80.30       0.23      21.34 s       20.32 s       22.35 s 
│ │ ├ sirius::Hamiltonian0                                                 2     233.60 ms       0.44      16.56     116.80 ms     110.99 ms     122.61 ms
│ │ │ ├ sirius::Local_operator                                             2       9.32 ms       0.02      35.94       4.66 ms       3.22 ms       6.10 ms
│ │ │ │ └ sirius::Smooth_periodic_function::fft_transform                  8       5.97 ms       0.01     100.00     449.22 us     356.40 us       2.72 ms
│ │ │ ├ sirius::Potential::generate_pw_coefs                               2      13.86 ms       0.03     100.00       6.93 ms       6.02 ms       7.84 ms
│ │ │ ├ sirius::Unit_cell::generate_radial_functions                       2      82.30 ms       0.15       3.33      41.15 ms      40.35 ms      41.95 ms
│ │ │ │ └ sirius::Atom_symmetry_class::generate_radial_functions           2      79.56 ms       0.15       8.96      39.78 ms      38.63 ms      40.93 ms
│ │ │ │   └ sirius::Atom_symmetry_class::find_enu                          2      72.43 ms       0.14     100.00      36.21 ms      35.08 ms      37.35 ms
│ │ │ └ sirius::Unit_cell::generate_radial_integrals                       2      89.45 ms       0.17      31.85      44.72 ms      42.93 ms      46.52 ms
│ │ │   ├ sirius::Atom_symmetry_class::generate_radial_integrals           2       4.00 ms       0.01     100.00       2.00 ms       2.00 ms       2.00 ms
│ │ │   └ sirius::Atom::generate_radial_integrals                         16      56.96 ms       0.11      51.41       3.50 ms       3.36 ms       4.25 ms
│ │ │     └ sirius::Atom::generate_radial_integrals|interp                16      27.68 ms       0.05     100.00       1.71 ms       1.59 ms       2.08 ms
│ │ ├ sirius::diagonalize                                                  2      41.53 s       78.14       0.00      20.76 s       19.78 s       21.75 s 
│ │ │ ├ sirius::Hamiltonian_k                                              2     182.81 us       0.00       3.20      91.41 us      82.56 us     100.25 us
│ │ │ │ └ sirius::Local_operator::prepare_k                                2     176.96 us       0.00     100.00      88.48 us      81.50 us      95.45 us
│ │ │ ├ sirius::diagonalize_fp_fv_exact                                    2      41.45 s       78.00       0.63      20.73 s       19.75 s       21.70 s 
│ │ │ │ ├ sirius::Hamiltonian_k::set_fv_h_o                                2       1.20 s        2.27      36.33     602.45 ms     399.65 ms     805.25 ms
│ │ │ │ │ ├ sirius::Hamiltonian_k::set_fv_h_o|zgemm                        2     748.33 ms       1.41     100.00     374.17 ms     341.57 ms     406.77 ms
│ │ │ │ │ ├ sirius::Hamiltonian_k::set_fv_h_o_it                           2      18.78 ms       0.04     100.00       9.39 ms       9.37 ms       9.42 ms
│ │ │ │ │ └ sirius::Hamiltonian_k::set_fv_h_o_lo_lo                        2      67.71 us       0.00     100.00      33.85 us      19.77 us      47.94 us
│ │ │ │ ├ Eigensolver_dlaf|dlaf_hermitian_generalized_eigensolver_z        2      39.99 s       75.24     100.00      19.99 s       19.31 s       20.68 s 
│ │ │ │ └ sirius::wf::Wave_functions_fft::grid_layout_pw                   2      38.59 us       0.00     100.00      19.30 us       7.01 us      31.58 us
│ │ │ ├ sirius::K_point::generate_fv_states                                2      74.64 ms       0.14      94.60      37.32 ms      25.91 ms      48.73 ms
│ │ │ │ └ sirius::generate_alm_block                                       2       4.03 ms       0.01     100.00       2.01 ms       2.00 ms       2.03 ms
│ │ │ ├ sirius::diagonalize_fp_sv                                          2      10.75 us       0.00     100.00       5.38 us       5.09 us       5.66 us
│ │ │ ├ sirius::K_point::generate_spinor_wave_functions                    2       1.01 ms       0.00     100.00     504.54 us     503.18 us     505.90 us
│ │ │ └ sirius::K_point_set::sync_band                                     2     158.36 us       0.00     100.00      79.18 us      68.92 us      89.44 us
│ │ ├ sirius::K_point_set::find_band_occupancies                           2       6.24 ms       0.01      98.78       3.12 ms       2.91 ms       3.32 ms
│ │ │ └ sirius::K_point_set::sync_band                                     2      75.81 us       0.00     100.00      37.90 us      35.97 us      39.84 us
│ │ ├ sirius::Density::generate                                            2     329.52 ms       0.62      10.97     164.76 ms     130.93 ms     198.59 ms
│ │ │ ├ sirius::Density::generate_valence                                  2     145.46 ms       0.27      31.04      72.73 ms      47.34 ms      98.12 ms
│ │ │ │ ├ shuffle_to_fft_layout                                            2       3.88 ms       0.01     100.00       1.94 ms       1.94 ms       1.94 ms
│ │ │ │ ├ sirius::add_k_point_contribution_dm_fplapw                       2       4.84 ms       0.01     100.00       2.42 ms       2.37 ms       2.47 ms
│ │ │ │ ├ sirius::Density::add_k_point_contribution_rg                     2      33.13 ms       0.06     100.00      16.56 ms      16.24 ms      16.89 ms
│ │ │ │ ├ sirius::Smooth_periodic_function::fft_transform                  2     632.04 us       0.00     100.00     316.02 us     308.69 us     323.35 us
│ │ │ │ └ sirius::Density::generate_valence_mt                             2      57.83 ms       0.11       0.06      28.92 ms       3.83 ms      54.00 ms
│ │ │ │   ├ sirius::Density::generate|sum_zdens                           16     623.82 us       0.00     100.00      35.41 us      29.21 us      69.02 us
│ │ │ │   └ sirius::Density::generate|expand_lm                           16      57.17 ms       0.11     100.00     447.99 us     389.14 us      50.52 ms
│ │ │ ├ sirius::Density::generate_core_charge_density                      2      17.82 ms       0.03      99.99       8.91 ms     327.19 us      17.49 ms
│ │ │ │ └ sirius::Atom_symmetry_class::generate_core_charge_density        2       1.66 us       0.00     100.00     832.00 ns     800.00 ns     864.00 ns
│ │ │ ├ sirius::symmetrize_pw_function                                     2       7.78 ms       0.01       3.77       3.89 ms       3.87 ms       3.91 ms
│ │ │ │ ├ fft::Gvec_shells::remap_forward                                  2       1.72 ms       0.00     100.00     862.02 us     852.80 us     871.24 us
│ │ │ │ ├ sirius::symmetrize|fpw|local                                     2       4.07 ms       0.01     100.00       2.04 ms       2.01 ms       2.07 ms
│ │ │ │ └ fft::Gvec_shells::remap_backward                                 2       1.69 ms       0.00     100.00     844.37 us     790.79 us     897.95 us
│ │ │ ├ sirius::symmetrize_mt_function                                     6     120.83 ms       0.23     100.00      24.83 ms      10.54 ms      25.13 ms
│ │ │ └ sirius::Smooth_periodic_function::fft_transform                    2       1.48 ms       0.00     100.00     740.81 us     727.69 us     753.93 us
│ │ ├ sirius::inner::pf                                                   18      74.96 ms       0.14     100.00       2.16 ms       1.92 ms      38.21 ms
│ │ ├ sirius::Density::mix                                                 2     132.32 ms       0.25      73.04      66.16 ms      45.40 ms      86.92 ms
│ │ │ ├ sirius::Density::mixer_input                                       2      10.77 ms       0.02     100.00       5.39 ms       5.31 ms       5.47 ms
│ │ │ ├ sirius::inner::pf                                                  4       8.76 ms       0.02     100.00       1.95 ms       1.88 ms       2.98 ms
│ │ │ └ sirius::Density::mixer_output                                      2      16.13 ms       0.03      79.01       8.07 ms       7.67 ms       8.47 ms
│ │ │   └ sirius::Smooth_periodic_function::fft_transform                  2       3.39 ms       0.01     100.00       1.69 ms       1.29 ms       2.10 ms
│ │ ├ sirius::Potential::generate                                          2     266.25 ms       0.50      14.51     133.12 ms     132.04 ms     134.21 ms
│ │ │ ├ sirius::Potential::poisson                                         2      39.03 ms       0.07       2.55      19.52 ms      19.45 ms      19.58 ms
│ │ │ │ ├ sirius::Potential::poisson_vmt                                   2       8.58 ms       0.02     100.00       4.29 ms       4.26 ms       4.32 ms
│ │ │ │ ├ sirius::sum_fg_fl_yg                                             4      10.68 ms       0.02      35.00       2.59 ms       2.49 ms       3.00 ms
│ │ │ │ │ ├ sirius::Simulation_context::generate_phase_factors             4     100.51 us       0.00     100.00      25.20 us      11.17 us      38.94 us
│ │ │ │ │ ├ sirius::sum_fg_fl_yg|zm                                        4       3.59 ms       0.01     100.00     881.59 us     664.52 us       1.17 ms
│ │ │ │ │ └ sirius::sum_fg_fl_yg|mul                                       4       3.25 ms       0.01     100.00     808.36 us     706.41 us     923.55 us
│ │ │ │ ├ sirius::Potential::poisson_add_pseudo_pw                         2      12.48 ms       0.02      99.74       6.24 ms       6.17 ms       6.31 ms
│ │ │ │ │ └ sirius::Simulation_context::generate_phase_factors             2      32.93 us       0.00     100.00      16.46 us      15.81 us      17.12 us
│ │ │ │ ├ sirius::Potential::poisson|bc                                    2       1.07 ms       0.00     100.00     532.56 us     525.07 us     540.05 us
│ │ │ │ ├ sirius::Smooth_periodic_function::fft_transform                  2       1.31 ms       0.00     100.00     654.97 us     652.11 us     657.83 us
│ │ │ │ └ sirius::inner::pf                                                2       3.92 ms       0.01     100.00       1.96 ms       1.95 ms       1.97 ms
│ │ │ ├ sirius::Periodic_function::add                                     4       1.78 ms       0.00     100.00     441.73 us     393.78 us     506.29 us
│ │ │ ├ sirius::Potential::xc                                              2      55.13 ms       0.10       1.53      27.56 ms      27.55 ms      27.57 ms
│ │ │ │ ├ sirius::Potential::xc_mt                                         2      50.70 ms       0.10     100.00      25.35 ms      25.21 ms      25.49 ms
│ │ │ │ └ sirius::Potential::xc_rg_nonmagnetic                             2       3.58 ms       0.01      60.70       1.79 ms       1.64 ms       1.94 ms
│ │ │ │   └ sirius::Potential::xc_rg_nonmagnetic|libxc                     4       1.41 ms       0.00     100.00     329.80 us     217.56 us     529.87 us
│ │ │ ├ sirius::Smooth_periodic_function::fft_transform                    4       2.66 ms       0.01     100.00     660.11 us     629.71 us     712.39 us
│ │ │ ├ sirius::symmetrize_pw_function                                     2       7.95 ms       0.01       3.65       3.98 ms       3.94 ms       4.01 ms
│ │ │ │ ├ fft::Gvec_shells::remap_forward                                  2       1.77 ms       0.00     100.00     883.48 us     854.69 us     912.26 us
│ │ │ │ ├ sirius::symmetrize|fpw|local                                     2       4.18 ms       0.01     100.00       2.09 ms       2.04 ms       2.14 ms
│ │ │ │ └ fft::Gvec_shells::remap_backward                                 2       1.72 ms       0.00     100.00     858.63 us     805.12 us     912.13 us
│ │ │ └ sirius::symmetrize_mt_function                                     6     121.07 ms       0.23     100.00      24.44 ms      10.43 ms      25.74 ms
│ │ ├ sirius::Periodic_function::integrate                                 2       3.11 ms       0.01     100.00       1.55 ms       1.54 ms       1.56 ms
│ │ └ sirius::Density::get_magnetisation                                   2       5.41 us       0.00     100.00       2.70 us       2.50 us       2.91 us
│ ├ sirius::inner::pf                                                     13      28.55 ms       0.05     100.00       2.21 ms       2.05 ms       2.28 ms
│ ├ sirius::Periodic_function::integrate                                   1       1.56 ms       0.00     100.00       1.56 ms       1.56 ms       1.56 ms
│ ├ sirius::Density::get_magnetisation                                     1       2.30 us       0.00     100.00       2.30 us       2.30 us       2.30 us
│ ├ sirius::Smooth_periodic_function::fft_transform                        1     623.91 us       0.00     100.00     623.91 us     623.91 us     623.91 us
│ └ sirius::Smooth_periodic_function::gather_f_pw                          2       6.02 ms       0.01     100.00       3.01 ms       2.96 ms       3.06 ms
└ sirius::finalize                                                         1     863.50 ms       1.62     100.00     863.50 ms     863.50 ms     863.50 ms

==========================================================================================================================================================
FE_UNDERFLOW exception
FE_UNDERFLOW exception
FE_UNDERFLOW exception
FE_UNDERFLOW exception
FE_UNDERFLOW exception
FE_UNDERFLOW exception
FE_UNDERFLOW exception
