Tue 25 Nov 14:11:25 CET 2025
0xffffffffffffffffffffffffffffffffffffffffffffffffffffffffffffffffffffffff
0xffffffffffffffffffffffffffffffffffffffffffffffffffffffffffffffffffffffff
0xffffffffffffffffffffffffffffffffffffffffffffffffffffffffffffffffffffffff
0xffffffffffffffffffffffffffffffffffffffffffffffffffffffffffffffffffffffff
rmeli      8178      1  0 14:11 ?        00:00:00 nvidia-cuda-mps-control -d
rmeli     11499  11450  0 14:11 ?        00:00:00 grep mps
rmeli     11501  11454  0 14:11 ?        00:00:00 grep mps
rmeli     11503  11452  0 14:11 ?        00:00:00 grep mps
rmeli      8178      1  0 14:11 ?        00:00:00 nvidia-cuda-mps-control -d
rmeli     11499  11450  0 14:11 ?        00:00:00 grep mps
rmeli     11501  11454  0 14:11 ?        00:00:00 grep mps
rmeli     11503  11452  0 14:11 ?        00:00:00 grep mps
rmeli     11505  11455  0 14:11 ?        00:00:00 grep mps
rmeli      8178      1  0 14:11 ?        00:00:00 nvidia-cuda-mps-control -d
rmeli     11499  11450  0 14:11 ?        00:00:00 grep mps
rmeli     11501  11454  0 14:11 ?        00:00:00 grep mps
rmeli     11503  11452  0 14:11 ?        00:00:00 grep mps
rmeli     11505  11455  0 14:11 ?        00:00:00 grep mps
rmeli      8178      1  0 14:11 ?        00:00:00 nvidia-cuda-mps-control -d
rmeli     11501  11454  0 14:11 ?        00:00:00 grep mps
rmeli     11503  11452  0 14:11 ?        00:00:00 grep mps
rmeli     11505  11455  0 14:11 ?        00:00:00 grep mps
--------- Node-Burn ---------
--------- Node-Burn ---------
experiments:
experiments:
  gpu: gemm, N=5000
  gpu: gemm, N=5000
  cpu: none
  cpu: none
  duration: 900 seconds
  duration: 900 seconds
-----------------------------
-----------------------------


nid005833:cpu finished initialisation in 4.32e-06 seconds
nid005833:cpu finished initialisation in 2.655e-06 seconds
--------- Node-Burn ---------
--------- Node-Burn ---------
experiments:
experiments:
  gpu: gemm, N=5000
  gpu: gemm, N=5000
  cpu: none
  cpu: none
  duration: 900 seconds
  duration: 900 seconds
-----------------------------
-----------------------------


nid005833:cpu finished initialisation in 2.752e-06 seconds
nid005833:cpu finished initialisation in 2.815e-06 seconds
nid005833:gpu finished initialisation in 6.953043811 seconds

--- burning for 900 seconds

nid005833:gpu finished initialisation in 6.957673909 seconds

--- burning for 900 seconds

nid005833:gpu finished initialisation in 6.962000304 seconds

--- burning for 900 seconds

nid005833:gpu finished initialisation in 6.96671696 seconds

--- burning for 900 seconds

nid005833:gpu  37808 iterations, 10502.40 GFlops,    900.0 seconds,    0.600 Gbytes
nid005833:gpu  37808 iterations, 10502.29 GFlops,    900.0 seconds,    0.600 Gbytes
nid005833:gpu  37809 iterations, 10502.36 GFlops,    900.0 seconds,    0.600 Gbytes
nid005833:gpu  37809 iterations, 10502.46 GFlops,    900.0 seconds,    0.600 Gbytes
nid005833:cpu no benchmark run
nid005833:cpu no benchmark run
nid005833:cpu no benchmark run
nid005833:cpu no benchmark run
Monitor stopping.
Tue 25 Nov 14:27:54 CET 2025
