loading the view [1;36msirius:sirius[0m
cpu-bind=MASK - nid007510, task  0  0 [262207]: mask 0xffffffffffffffff set
cpu-bind=MASK - nid007510, task  1  1 [262208]: mask 0xffffffffffffffff000000000000000000 set
cpu-bind=MASK - nid007510, task  2  2 [262209]: mask 0xffffffffffffffff000000000000000000000000000000000000 set
cpu-bind=MASK - nid007510, task  3  3 [262210]: mask 0xffffffffffffffff000000000000000000000000000000000000000000000000000000 set
SIRIUS 7.6.1, git hash: https://api.github.com/repos/electronic-structure/SIRIUS/git/ref/tags/v7.6.1
Warning in function "compose_json" at /tmp/rmeli/spack-stage/spack-stage-sirius-7.6.1-dj6o7kftqpfnwdhrbr7kwzcsnkz5co5e/spack-src/src/context/simulation_parameters.cpp:107
The following configuration parameters were not recognized and ignored: potential_tol !num_fv_states 
Warning in function "compose_json" at /tmp/rmeli/spack-stage/spack-stage-sirius-7.6.1-dj6o7kftqpfnwdhrbr7kwzcsnkz5co5e/spack-src/src/context/simulation_parameters.cpp:107
The following configuration parameters were not recognized and ignored: potential_tol !num_fv_states 
Warning in function "compose_json" at /tmp/rmeli/spack-stage/spack-stage-sirius-7.6.1-dj6o7kftqpfnwdhrbr7kwzcsnkz5co5e/spack-src/src/context/simulation_parameters.cpp:107
The following configuration parameters were not recognized and ignored: potential_tol !num_fv_states 
Warning in function "compose_json" at /tmp/rmeli/spack-stage/spack-stage-sirius-7.6.1-dj6o7kftqpfnwdhrbr7kwzcsnkz5co5e/spack-src/src/context/simulation_parameters.cpp:107
The following configuration parameters were not recognized and ignored: potential_tol !num_fv_states 
Warning in function "init_step_function" at /tmp/rmeli/spack-stage/spack-stage-sirius-7.6.1-dj6o7kftqpfnwdhrbr7kwzcsnkz5co5e/spack-src/src/lapw/step_function.hpp:120
step function gives a wrong volume for IT region
  difference with exact value : 3.07409e-10
[info] SIRIUS version : 7.6.1
[info] git hash       : https://api.github.com/repos/electronic-structure/SIRIUS/git/ref/tags/v7.6.1
[info] git branch     : release v7.6.1
[info] build time     : 1980-01-01 12:01:00
[info] start time     : Wed,  8 Jan 2025 10:44:40
[info] 
[info] number of MPI ranks           : 4
[info] MPI grid                      : 2 2
[info] maximum number of OMP threads : 63
[info] number of MPI ranks per node  : 4
[info] page size (Kb)                : 64
[info] number of pages               : 13999490
[info] available memory (GB)         : 854
[info] 
[fft] FFT context for density and potential
[fft] =====================================
[fft]   comm size                             : 4
[fft]   plane wave cutoff                     : 20
[fft]   grid size                             : 135 135 135   total : 2460375
[fft]   grid limits                           : -67 67   -67 67   -67 67
[fft]   number of G-vectors within the cutoff : 1080751
[fft]   local number of G-vectors             : 270142
[fft]   number of G-shells                    : 24484
[fft] 
[fft] FFT context for coarse grid
[fft] =====================================
[fft]   comm size                             : 2
[fft]   plane wave cutoff                     : 10
[fft]   grid size                             : 72 72 72   total : 373248
[fft]   grid limits                           : -35 36   -35 36   -35 36
[fft]   number of G-vectors within the cutoff : 135043
[fft]   local number of G-vectors             : 33761
[fft]   number of G-shells                    : 3317
[fft] 
[fft] 
[unit cell] lattice vectors
[unit cell]   a1 :      20.0000000000      0.0000000000      0.0000000000
[unit cell]   a2 :       0.0000000000     20.0000000000      0.0000000000
[unit cell]   a3 :       0.0000000000      0.0000000000     20.0000000000
[unit cell] reciprocal lattice vectors
[unit cell]   b1 :       0.3141592654      0.0000000000      0.0000000000
[unit cell]   b2 :       0.0000000000      0.3141592654      0.0000000000
[unit cell]   b3 :       0.0000000000      0.0000000000      0.3141592654
[unit cell] 
[unit cell] unit cell volume :      8000.00000000 [a.u.^3]
[unit cell] 1/sqrt(omega)    :         0.01118034
[unit cell] MT volume        :       561.76168497 ( 7.02%)
[unit cell] IT volume        :      7438.23831503 (92.98%)
[unit cell] 
[unit cell] number of atom types : 1
[unit cell] type id : 0 symbol :  C mt_radius :   1.307487 num_atoms : 60
[unit cell] total number of atoms : 60
[unit cell] number of symmetry classes : 3
[unit cell] 
[unit cell] atom id  type id  class id             position                      vector_field
[unit cell] ------------------------------------------------------------------------------------------
[unit cell]      0        0        0      0.07006   0.66450   0.00000      0.00000   0.00000   0.00000
[unit cell]      1        0        0      0.33550   0.00000   0.07006      0.00000   0.00000   0.00000
[unit cell]      2        0        0      0.33550   0.00000   0.92994      0.00000   0.00000   0.00000
[unit cell]      3        0        0      0.66450   0.00000   0.07006      0.00000   0.00000   0.00000
[unit cell]      4        0        0      0.66450   0.00000   0.92994      0.00000   0.00000   0.00000
[unit cell]      5        0        0      0.00000   0.07006   0.66450      0.00000   0.00000   0.00000
[unit cell]      6        0        0      0.00000   0.92994   0.66450      0.00000   0.00000   0.00000
[unit cell]      7        0        0      0.00000   0.07006   0.33550      0.00000   0.00000   0.00000
[unit cell]      8        0        0      0.00000   0.92994   0.33550      0.00000   0.00000   0.00000
[unit cell]      9        0        0      0.92994   0.66450   0.00000      0.00000   0.00000   0.00000
[unit cell]     10        0        0      0.07006   0.33550   0.00000      0.00000   0.00000   0.00000
[unit cell]     11        0        0      0.92994   0.33550   0.00000      0.00000   0.00000   0.00000
[unit cell]     12        0        1      0.14147   0.70358   0.11453      0.00000   0.00000   0.00000
[unit cell]     13        0        1      0.29642   0.11453   0.14147      0.00000   0.00000   0.00000
[unit cell]     14        0        1      0.29642   0.88547   0.85853      0.00000   0.00000   0.00000
[unit cell]     15        0        1      0.70358   0.88547   0.14147      0.00000   0.00000   0.00000
[unit cell]     16        0        1      0.70358   0.11453   0.85853      0.00000   0.00000   0.00000
[unit cell]     17        0        1      0.11453   0.14147   0.70358      0.00000   0.00000   0.00000
[unit cell]     18        0        1      0.88547   0.85853   0.70358      0.00000   0.00000   0.00000
[unit cell]     19        0        1      0.88547   0.14147   0.29642      0.00000   0.00000   0.00000
[unit cell]     20        0        1      0.11453   0.85853   0.29642      0.00000   0.00000   0.00000
[unit cell]     21        0        1      0.14147   0.70358   0.88547      0.00000   0.00000   0.00000
[unit cell]     22        0        1      0.85853   0.70358   0.11453      0.00000   0.00000   0.00000
[unit cell]     23        0        1      0.14147   0.29642   0.11453      0.00000   0.00000   0.00000
[unit cell]     24        0        1      0.85853   0.29642   0.88547      0.00000   0.00000   0.00000
[unit cell]     25        0        1      0.70358   0.88547   0.85853      0.00000   0.00000   0.00000
[unit cell]     26        0        1      0.70358   0.11453   0.14147      0.00000   0.00000   0.00000
[unit cell]     27        0        1      0.29642   0.11453   0.85853      0.00000   0.00000   0.00000
[unit cell]     28        0        1      0.29642   0.88547   0.14147      0.00000   0.00000   0.00000
[unit cell]     29        0        1      0.88547   0.85853   0.29642      0.00000   0.00000   0.00000
[unit cell]     30        0        1      0.11453   0.14147   0.29642      0.00000   0.00000   0.00000
[unit cell]     31        0        1      0.11453   0.85853   0.70358      0.00000   0.00000   0.00000
[unit cell]     32        0        1      0.88547   0.14147   0.70358      0.00000   0.00000   0.00000
[unit cell]     33        0        1      0.85853   0.29642   0.11453      0.00000   0.00000   0.00000
[unit cell]     34        0        1      0.14147   0.29642   0.88547      0.00000   0.00000   0.00000
[unit cell]     35        0        1      0.85853   0.70358   0.88547      0.00000   0.00000   0.00000
[unit cell]     36        0        2      0.24926   0.77768   0.07006      0.00000   0.00000   0.00000
[unit cell]     37        0        2      0.22232   0.07006   0.24926      0.00000   0.00000   0.00000
[unit cell]     38        0        2      0.22232   0.92994   0.75074      0.00000   0.00000   0.00000
[unit cell]     39        0        2      0.77768   0.92994   0.24926      0.00000   0.00000   0.00000
[unit cell]     40        0        2      0.77768   0.07006   0.75074      0.00000   0.00000   0.00000
[unit cell]     41        0        2      0.07006   0.24926   0.77768      0.00000   0.00000   0.00000
[unit cell]     42        0        2      0.92994   0.75074   0.77768      0.00000   0.00000   0.00000
[unit cell]     43        0        2      0.92994   0.24926   0.22232      0.00000   0.00000   0.00000
[unit cell]     44        0        2      0.07006   0.75074   0.22232      0.00000   0.00000   0.00000
[unit cell]     45        0        2      0.24926   0.77768   0.92994      0.00000   0.00000   0.00000
[unit cell]     46        0        2      0.75074   0.77768   0.07006      0.00000   0.00000   0.00000
[unit cell]     47        0        2      0.24926   0.22232   0.07006      0.00000   0.00000   0.00000
[unit cell]     48        0        2      0.75074   0.22232   0.92994      0.00000   0.00000   0.00000
[unit cell]     49        0        2      0.77768   0.92994   0.75074      0.00000   0.00000   0.00000
[unit cell]     50        0        2      0.77768   0.07006   0.24926      0.00000   0.00000   0.00000
[unit cell]     51        0        2      0.22232   0.07006   0.75074      0.00000   0.00000   0.00000
[unit cell]     52        0        2      0.22232   0.92994   0.24926      0.00000   0.00000   0.00000
[unit cell]     53        0        2      0.92994   0.75074   0.22232      0.00000   0.00000   0.00000
[unit cell]     54        0        2      0.07006   0.24926   0.22232      0.00000   0.00000   0.00000
[unit cell]     55        0        2      0.07006   0.75074   0.77768      0.00000   0.00000   0.00000
[unit cell]     56        0        2      0.92994   0.24926   0.77768      0.00000   0.00000   0.00000
[unit cell]     57        0        2      0.75074   0.22232   0.07006      0.00000   0.00000   0.00000
[unit cell]     58        0        2      0.24926   0.22232   0.92994      0.00000   0.00000   0.00000
[unit cell]     59        0        2      0.75074   0.77768   0.92994      0.00000   0.00000   0.00000
[unit cell] 
[unit cell] atom id         position (Cartesian, a.u.)
[unit cell] ---------------------------------------------
[unit cell]      0       1.401270   13.290074    0.000000
[unit cell]      1       6.709926    0.000000    1.401270
[unit cell]      2       6.709926    0.000000   18.598730
[unit cell]      3      13.290074    0.000000    1.401270
[unit cell]      4      13.290074    0.000000   18.598730
[unit cell]      5       0.000000    1.401270   13.290074
[unit cell]      6       0.000000   18.598730   13.290074
[unit cell]      7       0.000000    1.401270    6.709926
[unit cell]      8       0.000000   18.598730    6.709926
[unit cell]      9      18.598730   13.290074    0.000000
[unit cell]     10       1.401270    6.709926    0.000000
[unit cell]     11      18.598730    6.709926    0.000000
[unit cell]     12       2.829487   14.071551    2.290537
[unit cell]     13       5.928449    2.290537    2.829487
[unit cell]     14       5.928449   17.709463   17.170513
[unit cell]     15      14.071551   17.709463    2.829487
[unit cell]     16      14.071551    2.290537   17.170513
[unit cell]     17       2.290537    2.829487   14.071551
[unit cell]     18      17.709463   17.170513   14.071551
[unit cell]     19      17.709463    2.829487    5.928449
[unit cell]     20       2.290537   17.170513    5.928449
[unit cell]     21       2.829487   14.071551   17.709463
[unit cell]     22      17.170513   14.071551    2.290537
[unit cell]     23       2.829487    5.928449    2.290537
[unit cell]     24      17.170513    5.928449   17.709463
[unit cell]     25      14.071551   17.709463   17.170513
[unit cell]     26      14.071551    2.290537    2.829487
[unit cell]     27       5.928449    2.290537   17.170513
[unit cell]     28       5.928449   17.709463    2.829487
[unit cell]     29      17.709463   17.170513    5.928449
[unit cell]     30       2.290537    2.829487    5.928449
[unit cell]     31       2.290537   17.170513   14.071551
[unit cell]     32      17.709463    2.829487   14.071551
[unit cell]     33      17.170513    5.928449    2.290537
[unit cell]     34       2.829487    5.928449   17.709463
[unit cell]     35      17.170513   14.071551   17.709463
[unit cell]     36       4.985286   15.553663    1.401270
[unit cell]     37       4.446337    1.401270    4.985286
[unit cell]     38       4.446337   18.598730   15.014714
[unit cell]     39      15.553663   18.598730    4.985286
[unit cell]     40      15.553663    1.401270   15.014714
[unit cell]     41       1.401270    4.985286   15.553663
[unit cell]     42      18.598730   15.014714   15.553663
[unit cell]     43      18.598730    4.985286    4.446337
[unit cell]     44       1.401270   15.014714    4.446337
[unit cell]     45       4.985286   15.553663   18.598730
[unit cell]     46      15.014714   15.553663    1.401270
[unit cell]     47       4.985286    4.446337    1.401270
[unit cell]     48      15.014714    4.446337   18.598730
[unit cell]     49      15.553663   18.598730   15.014714
[unit cell]     50      15.553663    1.401270    4.985286
[unit cell]     51       4.446337    1.401270   15.014714
[unit cell]     52       4.446337   18.598730    4.985286
[unit cell]     53      18.598730   15.014714    4.446337
[unit cell]     54       1.401270    4.985286    4.446337
[unit cell]     55       1.401270   15.014714   15.553663
[unit cell]     56      18.598730    4.985286   15.553663
[unit cell]     57      15.014714    4.446337    1.401270
[unit cell]     58       4.985286    4.446337   18.598730
[unit cell]     59      15.014714   15.553663   18.598730
[unit cell] 
[unit cell] class id : 0 atom id : 0 1 2 3 4 5 6 7 8 9 10 11 
[unit cell] class id : 1 atom id : 12 13 14 15 16 17 18 19 20 21 22 23 24 25 26 27 28 29 30 31 32 33 34 35 
[unit cell] class id : 2 atom id : 36 37 38 39 40 41 42 43 44 45 46 47 48 49 50 51 52 53 54 55 56 57 58 59 
[unit cell] 
[unit cell] minimum bond length:     2.752604
[unit cell] 
[sym] space group number   : 200
[sym] international symbol : Pm-3
[sym] Hall symbol          : -P 2 2 3
[sym] space group transformation matrix : 
[sym]   1.0000  0.0000  0.0000
[sym]   0.0000  1.0000  0.0000
[sym]   0.0000  0.0000  1.0000
[sym] space group origin shift : 
[sym]   0.0000  0.0000  0.0000
[sym] number of space group operations  : 24
[sym] number of magnetic group operations : 24
[sym] metric tensor error: 0.0000e+00
[sym] rotation matrix error: 0.0000e+00
[sym] 
[sym] symmetry operations 
[sym] 
[sym] isym : 0
[sym] R :   1  0  0
[sym]       0  1  0
[sym]       0  0  1
[sym] Rc:   1.0000  0.0000  0.0000
[sym]       0.0000  1.0000  0.0000
[sym]       0.0000  0.0000  1.0000
[sym] t :   0.0000  0.0000  0.0000
[sym] S :   1.0000  0.0000  0.0000
[sym]       0.0000  1.0000  0.0000
[sym]       0.0000  0.0000  1.0000
[sym] proper:  1
[sym] 
[sym] isym : 1
[sym] R :  -1  0  0
[sym]       0 -1  0
[sym]       0  0 -1
[sym] Rc:  -1.0000  0.0000  0.0000
[sym]       0.0000 -1.0000  0.0000
[sym]       0.0000  0.0000 -1.0000
[sym] t :   0.0000  0.0000  0.0000
[sym] S :   1.0000  0.0000  0.0000
[sym]       0.0000  1.0000  0.0000
[sym]       0.0000  0.0000  1.0000
[sym] proper: -1
[sym] 
[sym] isym : 2
[sym] R :  -1  0  0
[sym]       0 -1  0
[sym]       0  0  1
[sym] Rc:  -1.0000  0.0000  0.0000
[sym]       0.0000 -1.0000  0.0000
[sym]       0.0000  0.0000  1.0000
[sym] t :   0.0000  0.0000  0.0000
[sym] S :   1.0000  0.0000  0.0000
[sym]       0.0000  1.0000  0.0000
[sym]       0.0000  0.0000  1.0000
[sym] proper:  1
[sym] 
[sym] isym : 3
[sym] R :   1  0  0
[sym]       0  1  0
[sym]       0  0 -1
[sym] Rc:   1.0000  0.0000  0.0000
[sym]       0.0000  1.0000  0.0000
[sym]       0.0000  0.0000 -1.0000
[sym] t :   0.0000  0.0000  0.0000
[sym] S :   1.0000  0.0000  0.0000
[sym]       0.0000  1.0000  0.0000
[sym]       0.0000  0.0000  1.0000
[sym] proper: -1
[sym] 
[sym] isym : 4
[sym] R :   1  0  0
[sym]       0 -1  0
[sym]       0  0 -1
[sym] Rc:   1.0000  0.0000  0.0000
[sym]       0.0000 -1.0000  0.0000
[sym]       0.0000  0.0000 -1.0000
[sym] t :   0.0000  0.0000  0.0000
[sym] S :   1.0000  0.0000  0.0000
[sym]       0.0000  1.0000  0.0000
[sym]       0.0000  0.0000  1.0000
[sym] proper:  1
[sym] 
[sym] isym : 5
[sym] R :  -1  0  0
[sym]       0  1  0
[sym]       0  0  1
[sym] Rc:  -1.0000  0.0000  0.0000
[sym]       0.0000  1.0000  0.0000
[sym]       0.0000  0.0000  1.0000
[sym] t :   0.0000  0.0000  0.0000
[sym] S :   1.0000  0.0000  0.0000
[sym]       0.0000  1.0000  0.0000
[sym]       0.0000  0.0000  1.0000
[sym] proper: -1
[sym] 
[sym] isym : 6
[sym] R :  -1  0  0
[sym]       0  1  0
[sym]       0  0 -1
[sym] Rc:  -1.0000  0.0000  0.0000
[sym]       0.0000  1.0000  0.0000
[sym]       0.0000  0.0000 -1.0000
[sym] t :   0.0000  0.0000  0.0000
[sym] S :   1.0000  0.0000  0.0000
[sym]       0.0000  1.0000  0.0000
[sym]       0.0000  0.0000  1.0000
[sym] proper:  1
[sym] 
[sym] isym : 7
[sym] R :   1  0  0
[sym]       0 -1  0
[sym]       0  0  1
[sym] Rc:   1.0000  0.0000  0.0000
[sym]       0.0000 -1.0000  0.0000
[sym]       0.0000  0.0000  1.0000
[sym] t :   0.0000  0.0000  0.0000
[sym] S :   1.0000  0.0000  0.0000
[sym]       0.0000  1.0000  0.0000
[sym]       0.0000  0.0000  1.0000
[sym] proper: -1
[sym] 
[sym] isym : 8
[sym] R :   0  0  1
[sym]       1  0  0
[sym]       0  1  0
[sym] Rc:   0.0000  0.0000  1.0000
[sym]       1.0000  0.0000  0.0000
[sym]       0.0000  1.0000  0.0000
[sym] t :   0.0000  0.0000  0.0000
[sym] S :   1.0000  0.0000  0.0000
[sym]       0.0000  1.0000  0.0000
[sym]       0.0000  0.0000  1.0000
[sym] proper:  1
[sym] 
[sym] isym : 9
[sym] R :   0  0 -1
[sym]      -1  0  0
[sym]       0 -1  0
[sym] Rc:   0.0000  0.0000 -1.0000
[sym]      -1.0000  0.0000  0.0000
[sym]       0.0000 -1.0000  0.0000
[sym] t :   0.0000  0.0000  0.0000
[sym] S :   1.0000  0.0000  0.0000
[sym]       0.0000  1.0000  0.0000
[sym]       0.0000  0.0000  1.0000
[sym] proper: -1
[sym] 
[sym] isym : 10
[sym] R :   0  0  1
[sym]      -1  0  0
[sym]       0 -1  0
[sym] Rc:   0.0000  0.0000  1.0000
[sym]      -1.0000  0.0000  0.0000
[sym]       0.0000 -1.0000  0.0000
[sym] t :   0.0000  0.0000  0.0000
[sym] S :   1.0000  0.0000  0.0000
[sym]       0.0000  1.0000  0.0000
[sym]       0.0000  0.0000  1.0000
[sym] proper:  1
[sym] 
[sym] isym : 11
[sym] R :   0  0 -1
[sym]       1  0  0
[sym]       0  1  0
[sym] Rc:   0.0000  0.0000 -1.0000
[sym]       1.0000  0.0000  0.0000
[sym]       0.0000  1.0000  0.0000
[sym] t :   0.0000  0.0000  0.0000
[sym] S :   1.0000  0.0000  0.0000
[sym]       0.0000  1.0000  0.0000
[sym]       0.0000  0.0000  1.0000
[sym] proper: -1
[sym] 
[sym] isym : 12
[sym] R :   0  0 -1
[sym]       1  0  0
[sym]       0 -1  0
[sym] Rc:   0.0000  0.0000 -1.0000
[sym]       1.0000  0.0000  0.0000
[sym]       0.0000 -1.0000  0.0000
[sym] t :   0.0000  0.0000  0.0000
[sym] S :   1.0000  0.0000  0.0000
[sym]       0.0000  1.0000  0.0000
[sym]       0.0000  0.0000  1.0000
[sym] proper:  1
[sym] 
[sym] isym : 13
[sym] R :   0  0  1
[sym]      -1  0  0
[sym]       0  1  0
[sym] Rc:   0.0000  0.0000  1.0000
[sym]      -1.0000  0.0000  0.0000
[sym]       0.0000  1.0000  0.0000
[sym] t :   0.0000  0.0000  0.0000
[sym] S :   1.0000  0.0000  0.0000
[sym]       0.0000  1.0000  0.0000
[sym]       0.0000  0.0000  1.0000
[sym] proper: -1
[sym] 
[sym] isym : 14
[sym] R :   0  0 -1
[sym]      -1  0  0
[sym]       0  1  0
[sym] Rc:   0.0000  0.0000 -1.0000
[sym]      -1.0000  0.0000  0.0000
[sym]       0.0000  1.0000  0.0000
[sym] t :   0.0000  0.0000  0.0000
[sym] S :   1.0000  0.0000  0.0000
[sym]       0.0000  1.0000  0.0000
[sym]       0.0000  0.0000  1.0000
[sym] proper:  1
[sym] 
[sym] isym : 15
[sym] R :   0  0  1
[sym]       1  0  0
[sym]       0 -1  0
[sym] Rc:   0.0000  0.0000  1.0000
[sym]       1.0000  0.0000  0.0000
[sym]       0.0000 -1.0000  0.0000
[sym] t :   0.0000  0.0000  0.0000
[sym] S :   1.0000  0.0000  0.0000
[sym]       0.0000  1.0000  0.0000
[sym]       0.0000  0.0000  1.0000
[sym] proper: -1
[sym] 
[sym] isym : 16
[sym] R :   0  1  0
[sym]       0  0  1
[sym]       1  0  0
[sym] Rc:   0.0000  1.0000  0.0000
[sym]       0.0000  0.0000  1.0000
[sym]       1.0000  0.0000  0.0000
[sym] t :   0.0000  0.0000  0.0000
[sym] S :   1.0000  0.0000  0.0000
[sym]       0.0000  1.0000  0.0000
[sym]       0.0000  0.0000  1.0000
[sym] proper:  1
[sym] 
[sym] isym : 17
[sym] R :   0 -1  0
[sym]       0  0 -1
[sym]      -1  0  0
[sym] Rc:   0.0000 -1.0000  0.0000
[sym]       0.0000  0.0000 -1.0000
[sym]      -1.0000  0.0000  0.0000
[sym] t :   0.0000  0.0000  0.0000
[sym] S :   1.0000  0.0000  0.0000
[sym]       0.0000  1.0000  0.0000
[sym]       0.0000  0.0000  1.0000
[sym] proper: -1
[sym] 
[sym] isym : 18
[sym] R :   0 -1  0
[sym]       0  0  1
[sym]      -1  0  0
[sym] Rc:   0.0000 -1.0000  0.0000
[sym]       0.0000  0.0000  1.0000
[sym]      -1.0000  0.0000  0.0000
[sym] t :   0.0000  0.0000  0.0000
[sym] S :   1.0000  0.0000  0.0000
[sym]       0.0000  1.0000  0.0000
[sym]       0.0000  0.0000  1.0000
[sym] proper:  1
[sym] 
[sym] isym : 19
[sym] R :   0  1  0
[sym]       0  0 -1
[sym]       1  0  0
[sym] Rc:   0.0000  1.0000  0.0000
[sym]       0.0000  0.0000 -1.0000
[sym]       1.0000  0.0000  0.0000
[sym] t :   0.0000  0.0000  0.0000
[sym] S :   1.0000  0.0000  0.0000
[sym]       0.0000  1.0000  0.0000
[sym]       0.0000  0.0000  1.0000
[sym] proper: -1
[sym] 
[sym] isym : 20
[sym] R :   0 -1  0
[sym]       0  0 -1
[sym]       1  0  0
[sym] Rc:   0.0000 -1.0000  0.0000
[sym]       0.0000  0.0000 -1.0000
[sym]       1.0000  0.0000  0.0000
[sym] t :   0.0000  0.0000  0.0000
[sym] S :   1.0000  0.0000  0.0000
[sym]       0.0000  1.0000  0.0000
[sym]       0.0000  0.0000  1.0000
[sym] proper:  1
[sym] 
[sym] isym : 21
[sym] R :   0  1  0
[sym]       0  0  1
[sym]      -1  0  0
[sym] Rc:   0.0000  1.0000  0.0000
[sym]       0.0000  0.0000  1.0000
[sym]      -1.0000  0.0000  0.0000
[sym] t :   0.0000  0.0000  0.0000
[sym] S :   1.0000  0.0000  0.0000
[sym]       0.0000  1.0000  0.0000
[sym]       0.0000  0.0000  1.0000
[sym] proper: -1
[sym] 
[sym] isym : 22
[sym] R :   0  1  0
[sym]       0  0 -1
[sym]      -1  0  0
[sym] Rc:   0.0000  1.0000  0.0000
[sym]       0.0000  0.0000 -1.0000
[sym]      -1.0000  0.0000  0.0000
[sym] t :   0.0000  0.0000  0.0000
[sym] S :   1.0000  0.0000  0.0000
[sym]       0.0000  1.0000  0.0000
[sym]       0.0000  0.0000  1.0000
[sym] proper:  1
[sym] 
[sym] isym : 23
[sym] R :   0 -1  0
[sym]       0  0  1
[sym]       1  0  0
[sym] Rc:   0.0000 -1.0000  0.0000
[sym]       0.0000  0.0000  1.0000
[sym]       1.0000  0.0000  0.0000
[sym] t :   0.0000  0.0000  0.0000
[sym] S :   1.0000  0.0000  0.0000
[sym]       0.0000  1.0000  0.0000
[sym]       0.0000  0.0000  1.0000
[sym] proper: -1
[sym] 
[atom type] label          : C
[atom type] --------------------------------------------------------------------------------
[atom type] symbol         : C
[atom type] name           : carbon
[atom type] zn             : 6
[atom type] mass           : 12.0107
[atom type] mt_radius      : 1.30749
[atom type] num_mt_points  : 1500
[atom type] grid_origin    : 1e-06
[atom type] grid_name      : exponential
[atom type] 
[atom type] number of core electrons    : 0
[atom type] number of valence electrons : 6
[atom type] 
[atom type] atomic levels
[atom type] n: 1, l: 0, k: 1, occ: 2, core: 0
[atom type] n: 2, l: 0, k: 1, occ: 2, core: 0
[atom type] n: 2, l: 1, k: 1, occ: 1, core: 0
[atom type] n: 2, l: 1, k: 2, occ: 1, core: 0
[atom type] 
[atom type] local orbitals
[atom type] [{l: 0, n: 1, enu: -9.85341, dme: 0, auto: 1}, {l: 0, n: 1, enu: -9.85341, dme: 1, auto: 1}]
[atom type] [{l: 0, n: 2, enu: 15.124, dme: 0, auto: 1}, {l: 0, n: 2, enu: 15.124, dme: 1, auto: 1}]
[atom type] [{l: 0, n: 1, enu: -9.85341, dme: 1, auto: 1}, {l: 0, n: 1, enu: -9.85341, dme: 2, auto: 1}]
[atom type] [{l: 0, n: 2, enu: 15.124, dme: 1, auto: 1}, {l: 0, n: 2, enu: 15.124, dme: 2, auto: 1}]
[atom type] [{l: 0, n: 3, enu: 63.8984, dme: 0, auto: 1}, {l: 0, n: 3, enu: 63.8984, dme: 1, auto: 1}]
[atom type] [{l: 0, n: 3, enu: 63.8984, dme: 1, auto: 1}, {l: 0, n: 3, enu: 63.8984, dme: 2, auto: 1}]
[atom type] [{l: 1, n: 2, enu: 7.48172, dme: 0, auto: 1}, {l: 1, n: 2, enu: 7.48172, dme: 1, auto: 1}]
[atom type] [{l: 1, n: 2, enu: 7.48172, dme: 1, auto: 1}, {l: 1, n: 2, enu: 7.48172, dme: 2, auto: 1}]
[atom type] [{l: 1, n: 3, enu: 43.4619, dme: 0, auto: 1}, {l: 1, n: 3, enu: 43.4619, dme: 1, auto: 1}]
[atom type] [{l: 1, n: 3, enu: 43.4619, dme: 1, auto: 1}, {l: 1, n: 3, enu: 43.4619, dme: 2, auto: 1}]
[atom type] [{l: 2, n: 3, enu: 21.193, dme: 0, auto: 1}, {l: 2, n: 3, enu: 21.193, dme: 1, auto: 1}]
[atom type] [{l: 2, n: 3, enu: 21.193, dme: 1, auto: 1}, {l: 2, n: 3, enu: 21.193, dme: 2, auto: 1}]
[atom type] 
[atom type] augmented wave basis
[atom type] [{l: 0, n: 2, enu: 0.15, dme: 0, auto: 1}, {l: 0, n: 2, enu: 0.15, dme: 1, auto: 1}]
[atom type] [{l: 1, n: 2, enu: 0.15, dme: 0, auto: 1}, {l: 1, n: 2, enu: 0.15, dme: 1, auto: 1}]
[atom type] [{l: 2, n: 3, enu: 0.15, dme: 0, auto: 0}, {l: 2, n: 3, enu: 0.15, dme: 1, auto: 0}]
[atom type] [{l: 3, n: 4, enu: 0.15, dme: 0, auto: 0}, {l: 3, n: 4, enu: 0.15, dme: 1, auto: 0}]
[atom type] [{l: 4, n: 5, enu: 0.15, dme: 0, auto: 0}, {l: 4, n: 5, enu: 0.15, dme: 1, auto: 0}]
[atom type] [{l: 5, n: 6, enu: 0.15, dme: 0, auto: 0}, {l: 5, n: 6, enu: 0.15, dme: 1, auto: 0}]
[atom type] [{l: 6, n: 7, enu: 0.15, dme: 0, auto: 0}, {l: 6, n: 7, enu: 0.15, dme: 1, auto: 0}]
[atom type] [{l: 7, n: 8, enu: 0.15, dme: 0, auto: 0}, {l: 7, n: 8, enu: 0.15, dme: 1, auto: 0}]
[atom type] [{l: 8, n: 9, enu: 0.15, dme: 0, auto: 0}, {l: 8, n: 9, enu: 0.15, dme: 1, auto: 0}]
[atom type] maximum order of aw : 2
[atom type] 
[atom type] total number of radial functions : 30
[atom type] lmax of radial functions         : 8
[atom type] max. number of radial functions  : 8
[atom type] total number of basis functions  : 190
[atom type] number of aw basis functions     : 162
[atom type] number of lo basis functions     : 28
[atom type] lmax_apw                         : 8
[atom type] Hubbard correction               : false
[atom type] spin-orbit coupling              : false
[atom type] atomic wave-functions            : 
[atom type] 
[info] total nuclear charge               : 360
[info] number of core electrons           : 0
[info] number of valence electrons        : 360
[info] total number of electrons          : 360
[info] extra charge                       : 0
[info] total number of aw basis functions : 9720
[info] total number of lo basis functions : 1680
[info] number of first-variational states : 216
[info] number of bands                    : 216
[info] number of spins                    : 1
[info] number of magnetic dimensions      : 0
[info] number of spinor components        : 1
[info] number of spinors per band index   : 1
[info] lmax_apw                           : 8
[info] lmax_rho                           : 8
[info] lmax_pot                           : 8
[info] lmax_rf                            : 8
[info] smearing type                      : gaussian
[info] smearing width                     : 0.025
[info] cyclic block size                  : 128
[info] |G+k| cutoff                       : 5
[info] symmetry                           : true
[info] so_correction                      : false
[info] valence relativity                 : zora
[info] core relativity                    : Dirac
[info] standard eigen-value solver        : ELPA
[info] generalized eigen-value solver     : ELPA
[info] processing unit                    : GPU
[info] number of devices                  : 1
[info]   name                             : NVIDIA GH200 120GB
[info]   major                            : 9
[info]   minor                            : 0
[info]   clockRate                        : 1980000 kHz
[info]   memoryClockRate                  : 2619000 kHz
[info]   memoryBusWidth                   : 6144 bits
[info]   sharedMemPerBlock                : 48 kB
[info]   totalConstMem                    : 64 kB
[info]   totalGlobalMem                   : 99090432 kB
[info]   available memory                 : 88212096 kB
[info]   l2CacheSize                      : 61440 kB
[info]   warpSize                         : 32
[info]   regsPerBlock                     : 65536
[info]   canMapHostMemory                 : 1
[info]   concurrentKernels                : 1
[info]   maxGridSize                      : 2147483647 65535 65535
[info]   maxThreadsDim                    : 1024 1024 64
[info]   maxThreadsPerBlock               : 1024
[info]   maxThreadsPerMultiProcessor      : 2048
[info]   multiProcessorCount              : 132
[info]   pciBusID                         : 1
[info]   pciDeviceID                      : 0
[info]   pciDomainID                      : 9
[info]   regsPerMultiprocessor            : 65536
[info]   asyncEngineCount                 : 3
[info]   ECCEnabled                       : 1
[info]   memPitch                         : 2147483647
[info] 
[info] iterative solver                   : exact
[info] number of steps                    : 20
[info] subspace size                      : 2
[info] early restart ratio                : 0.5
[info] precision_wf                       : fp64
[info] precision_hs                       : fp64
[info] mixer                              : broyden1
[info] mixing beta                        : 0.8
[info] max_history                        : 8
[info] use_hartree                        : false
[info] 
[info] spglib version: 2.5.0
[info] HDF5 version: 1.14.5
[info] Libxc version: 6.2.2
[info] 
[info] XC functionals
[info] ==============
[info] 1) XC_LDA_X : Slater exchange
[info] P. A. M. Dirac.,  Math. Proc. Cambridge Philos. Soc. 26, 376 (1930) (10.1017/S0305004100016108)
[info] F. Bloch.,  Z. Phys. 57, 545 (1929) (10.1007/BF01340281)
[info] 
[info] 2) XC_LDA_C_PZ : Perdew & Zunger
[info] J. P. Perdew and A. Zunger.,  Phys. Rev. B 23, 5048 (1981) (10.1103/PhysRevB.23.5048)
[info] 
+----------------------+
| new SCF ground state |
+----------------------+
[print_info] 
[print_info] total number of k-points : 1
[print_info] --------------------------------------------------------------------------------
[print_info] 
[print_info]   ik                vk                    weight  num_gkvec   gklo_basis_size
[print_info] --------------------------------------------------------------------------------
[print_info]    0   0.0000   0.0000   0.0000         1.000000      16879             18559
[find] density_tol               : 1e-06
[find] energy_tol                : 1e-08
[find] iter_solver_tol (initial) : 0.01
[find] iter_solver_tol (target)  : 1e-13
[find] num_dft_iter              : 2
[find] 
[find] +------------------------------+
[find] | SCF iteration   0 out of   2|
[find] +------------------------------+
[find] 
[generate_radial_functions] 
[generate_radial_functions] Linearization energies
[generate_radial_functions] Atom : C, class id : 0
[generate_radial_functions] augmented waves
[generate_radial_functions] {l: 0, n: 2, enu: 2.59084, dme: 0, auto: 1}
[generate_radial_functions] {l: 0, n: 2, enu: 2.59084, dme: 1, auto: 1}
[generate_radial_functions] {l: 1, n: 2, enu: 2.36848, dme: 0, auto: 1}
[generate_radial_functions] {l: 1, n: 2, enu: 2.36848, dme: 1, auto: 1}
[generate_radial_functions] local orbitals
[generate_radial_functions] {l: 0, n: 1, enu: -5.24277, dme: 0, auto: 1}
[generate_radial_functions] {l: 0, n: 1, enu: -5.24277, dme: 1, auto: 1}
[generate_radial_functions] {l: 0, n: 2, enu: 2.59084, dme: 0, auto: 1}
[generate_radial_functions] {l: 0, n: 2, enu: 2.59084, dme: 1, auto: 1}
[generate_radial_functions] {l: 0, n: 1, enu: -5.24277, dme: 1, auto: 1}
[generate_radial_functions] {l: 0, n: 1, enu: -5.24277, dme: 2, auto: 1}
[generate_radial_functions] {l: 0, n: 2, enu: 2.59084, dme: 1, auto: 1}
[generate_radial_functions] {l: 0, n: 2, enu: 2.59084, dme: 2, auto: 1}
[generate_radial_functions] {l: 0, n: 3, enu: 13.7761, dme: 0, auto: 1}
[generate_radial_functions] {l: 0, n: 3, enu: 13.7761, dme: 1, auto: 1}
[generate_radial_functions] {l: 0, n: 3, enu: 13.7761, dme: 1, auto: 1}
[generate_radial_functions] {l: 0, n: 3, enu: 13.7761, dme: 2, auto: 1}
[generate_radial_functions] {l: 1, n: 2, enu: 2.36848, dme: 0, auto: 1}
[generate_radial_functions] {l: 1, n: 2, enu: 2.36848, dme: 1, auto: 1}
[generate_radial_functions] {l: 1, n: 2, enu: 2.36848, dme: 1, auto: 1}
[generate_radial_functions] {l: 1, n: 2, enu: 2.36848, dme: 2, auto: 1}
[generate_radial_functions] {l: 1, n: 3, enu: 10.9631, dme: 0, auto: 1}
[generate_radial_functions] {l: 1, n: 3, enu: 10.9631, dme: 1, auto: 1}
[generate_radial_functions] {l: 1, n: 3, enu: 10.9631, dme: 1, auto: 1}
[generate_radial_functions] {l: 1, n: 3, enu: 10.9631, dme: 2, auto: 1}
[generate_radial_functions] {l: 2, n: 3, enu: 5.78521, dme: 0, auto: 1}
[generate_radial_functions] {l: 2, n: 3, enu: 5.78521, dme: 1, auto: 1}
[generate_radial_functions] {l: 2, n: 3, enu: 5.78521, dme: 1, auto: 1}
[generate_radial_functions] {l: 2, n: 3, enu: 5.78521, dme: 2, auto: 1}
[generate_radial_functions] 
[generate_radial_functions] Atom : C, class id : 1
[generate_radial_functions] augmented waves
[generate_radial_functions] {l: 0, n: 2, enu: 2.60365, dme: 0, auto: 1}
[generate_radial_functions] {l: 0, n: 2, enu: 2.60365, dme: 1, auto: 1}
[generate_radial_functions] {l: 1, n: 2, enu: 2.38127, dme: 0, auto: 1}
[generate_radial_functions] {l: 1, n: 2, enu: 2.38127, dme: 1, auto: 1}
[generate_radial_functions] local orbitals
[generate_radial_functions] {l: 0, n: 1, enu: -5.23019, dme: 0, auto: 1}
[generate_radial_functions] {l: 0, n: 1, enu: -5.23019, dme: 1, auto: 1}
[generate_radial_functions] {l: 0, n: 2, enu: 2.60365, dme: 0, auto: 1}
[generate_radial_functions] {l: 0, n: 2, enu: 2.60365, dme: 1, auto: 1}
[generate_radial_functions] {l: 0, n: 1, enu: -5.23019, dme: 1, auto: 1}
[generate_radial_functions] {l: 0, n: 1, enu: -5.23019, dme: 2, auto: 1}
[generate_radial_functions] {l: 0, n: 2, enu: 2.60365, dme: 1, auto: 1}
[generate_radial_functions] {l: 0, n: 2, enu: 2.60365, dme: 2, auto: 1}
[generate_radial_functions] {l: 0, n: 3, enu: 13.7888, dme: 0, auto: 1}
[generate_radial_functions] {l: 0, n: 3, enu: 13.7888, dme: 1, auto: 1}
[generate_radial_functions] {l: 0, n: 3, enu: 13.7888, dme: 1, auto: 1}
[generate_radial_functions] {l: 0, n: 3, enu: 13.7888, dme: 2, auto: 1}
[generate_radial_functions] {l: 1, n: 2, enu: 2.38127, dme: 0, auto: 1}
[generate_radial_functions] {l: 1, n: 2, enu: 2.38127, dme: 1, auto: 1}
[generate_radial_functions] {l: 1, n: 2, enu: 2.38127, dme: 1, auto: 1}
[generate_radial_functions] {l: 1, n: 2, enu: 2.38127, dme: 2, auto: 1}
[generate_radial_functions] {l: 1, n: 3, enu: 10.9758, dme: 0, auto: 1}
[generate_radial_functions] {l: 1, n: 3, enu: 10.9758, dme: 1, auto: 1}
[generate_radial_functions] {l: 1, n: 3, enu: 10.9758, dme: 1, auto: 1}
[generate_radial_functions] {l: 1, n: 3, enu: 10.9758, dme: 2, auto: 1}
[generate_radial_functions] {l: 2, n: 3, enu: 5.79806, dme: 0, auto: 1}
[generate_radial_functions] {l: 2, n: 3, enu: 5.79806, dme: 1, auto: 1}
[generate_radial_functions] {l: 2, n: 3, enu: 5.79806, dme: 1, auto: 1}
[generate_radial_functions] {l: 2, n: 3, enu: 5.79806, dme: 2, auto: 1}
[generate_radial_functions] 
[generate_radial_functions] Atom : C, class id : 2
[generate_radial_functions] augmented waves
[generate_radial_functions] {l: 0, n: 2, enu: 2.60274, dme: 0, auto: 1}
[generate_radial_functions] {l: 0, n: 2, enu: 2.60274, dme: 1, auto: 1}
[generate_radial_functions] {l: 1, n: 2, enu: 2.38035, dme: 0, auto: 1}
[generate_radial_functions] {l: 1, n: 2, enu: 2.38035, dme: 1, auto: 1}
[generate_radial_functions] local orbitals
[generate_radial_functions] {l: 0, n: 1, enu: -5.2311, dme: 0, auto: 1}
[generate_radial_functions] {l: 0, n: 1, enu: -5.2311, dme: 1, auto: 1}
[generate_radial_functions] {l: 0, n: 2, enu: 2.60274, dme: 0, auto: 1}
[generate_radial_functions] {l: 0, n: 2, enu: 2.60274, dme: 1, auto: 1}
[generate_radial_functions] {l: 0, n: 1, enu: -5.2311, dme: 1, auto: 1}
[generate_radial_functions] {l: 0, n: 1, enu: -5.2311, dme: 2, auto: 1}
[generate_radial_functions] {l: 0, n: 2, enu: 2.60274, dme: 1, auto: 1}
[generate_radial_functions] {l: 0, n: 2, enu: 2.60274, dme: 2, auto: 1}
[generate_radial_functions] {l: 0, n: 3, enu: 13.7879, dme: 0, auto: 1}
[generate_radial_functions] {l: 0, n: 3, enu: 13.7879, dme: 1, auto: 1}
[generate_radial_functions] {l: 0, n: 3, enu: 13.7879, dme: 1, auto: 1}
[generate_radial_functions] {l: 0, n: 3, enu: 13.7879, dme: 2, auto: 1}
[generate_radial_functions] {l: 1, n: 2, enu: 2.38035, dme: 0, auto: 1}
[generate_radial_functions] {l: 1, n: 2, enu: 2.38035, dme: 1, auto: 1}
[generate_radial_functions] {l: 1, n: 2, enu: 2.38035, dme: 1, auto: 1}
[generate_radial_functions] {l: 1, n: 2, enu: 2.38035, dme: 2, auto: 1}
[generate_radial_functions] {l: 1, n: 3, enu: 10.9749, dme: 0, auto: 1}
[generate_radial_functions] {l: 1, n: 3, enu: 10.9749, dme: 1, auto: 1}
[generate_radial_functions] {l: 1, n: 3, enu: 10.9749, dme: 1, auto: 1}
[generate_radial_functions] {l: 1, n: 3, enu: 10.9749, dme: 2, auto: 1}
[generate_radial_functions] {l: 2, n: 3, enu: 5.79715, dme: 0, auto: 1}
[generate_radial_functions] {l: 2, n: 3, enu: 5.79715, dme: 1, auto: 1}
[generate_radial_functions] {l: 2, n: 3, enu: 5.79715, dme: 1, auto: 1}
[generate_radial_functions] {l: 2, n: 3, enu: 5.79715, dme: 2, auto: 1}
[generate_radial_functions] 
 You requested the GPU version, thus the GPU kernel is activated
[diagonalize] Lowest band energies
[diagonalize] ik:    0   -5.243128   -5.243127   -5.243127   -5.243127   -5.243126   -5.243126   -5.241561   -5.241561   -5.241561   -5.241561
[find] 
[find] Charges and magnetic moments
[find] --------------------------------------------------------------------------------
[find] atom      charge    core leakage
[find] --------------------------------------------------------------------------------
[find]    0    3.198699    0.000000e+00
[find]    1    3.198699    0.000000e+00
[find]    2    3.198699    0.000000e+00
[find]    3    3.198699    0.000000e+00
[find]    4    3.198699    0.000000e+00
[find]    5    3.198699    0.000000e+00
[find]    6    3.198699    0.000000e+00
[find]    7    3.198699    0.000000e+00
[find]    8    3.198699    0.000000e+00
[find]    9    3.198699    0.000000e+00
[find]   10    3.198699    0.000000e+00
[find]   11    3.198699    0.000000e+00
[find]   12    3.195904    0.000000e+00
[find]   13    3.195904    0.000000e+00
[find]   14    3.195904    0.000000e+00
[find]   15    3.195904    0.000000e+00
[find]   16    3.195904    0.000000e+00
[find]   17    3.195904    0.000000e+00
[find]   18    3.195904    0.000000e+00
[find]   19    3.195904    0.000000e+00
[find]   20    3.195904    0.000000e+00
[find]   21    3.195904    0.000000e+00
[find]   22    3.195904    0.000000e+00
[find]   23    3.195904    0.000000e+00
[find]   24    3.195904    0.000000e+00
[find]   25    3.195904    0.000000e+00
[find]   26    3.195904    0.000000e+00
[find]   27    3.195904    0.000000e+00
[find]   28    3.195904    0.000000e+00
[find]   29    3.195904    0.000000e+00
[find]   30    3.195904    0.000000e+00
[find]   31    3.195904    0.000000e+00
[find]   32    3.195904    0.000000e+00
[find]   33    3.195904    0.000000e+00
[find]   34    3.195904    0.000000e+00
[find]   35    3.195904    0.000000e+00
[find]   36    3.193254    0.000000e+00
[find]   37    3.193254    0.000000e+00
[find]   38    3.193254    0.000000e+00
[find]   39    3.193254    0.000000e+00
[find]   40    3.193254    0.000000e+00
[find]   41    3.193254    0.000000e+00
[find]   42    3.193254    0.000000e+00
[find]   43    3.193254    0.000000e+00
[find]   44    3.193254    0.000000e+00
[find]   45    3.193254    0.000000e+00
[find]   46    3.193254    0.000000e+00
[find]   47    3.193254    0.000000e+00
[find]   48    3.193254    0.000000e+00
[find]   49    3.193254    0.000000e+00
[find]   50    3.193254    0.000000e+00
[find]   51    3.193254    0.000000e+00
[find]   52    3.193254    0.000000e+00
[find]   53    3.193254    0.000000e+00
[find]   54    3.193254    0.000000e+00
[find]   55    3.193254    0.000000e+00
[find]   56    3.193254    0.000000e+00
[find]   57    3.193254    0.000000e+00
[find]   58    3.193254    0.000000e+00
[find]   59    3.193254    0.000000e+00
[find] 
[find] total core leakage    : 0.00000000e+00
[find] interstitial charge   : 168.275806
[find] total charge          : 360.000000
[find] 
[find] Energy
[find] --------------------------------------------------------------------------------
[find] valence_eval_sum               :    -581.68860437
[find] core_eval_sum                  :       0.00000000
[find] kinetic energy                 :    3370.91819871
[find] enuc                           :   -2293.70936873
[find] <rho|V^{XC}>                   :    -375.04393114
[find] <rho|E^{XC}>                   :    -284.80570614
[find] <mag|B^{XC}>                   :       0.00000000
[find] <rho|V^{H}>                    :   -3577.56467150
[find] smearing (-TS)                 :      -0.27592502
[find] SCF correction                 :   -1023.19200826
[find] Total energy                   :   -2019.57122018 (Ha),   -4039.14244036 (Ry)
[find] Free energy (E-TS)             :   -2019.84714520 (Ha),   -4039.69429039 (Ry)
[find] 
[find] band gap (eV)                  :       0.00000000
[find] Efermi                         :       0.37608067
[find] 
[find] iteration : 0, RMS : 4.811594847279e-01, energy difference : -2.019571220178e+03
[find] 
[find] +------------------------------+
[find] | SCF iteration   1 out of   2|
[find] +------------------------------+
[find] 
[generate_radial_functions] 
[generate_radial_functions] Linearization energies
[generate_radial_functions] Atom : C, class id : 0
[generate_radial_functions] augmented waves
[generate_radial_functions] {l: 0, n: 2, enu: -1.1717, dme: 0, auto: 1}
[generate_radial_functions] {l: 0, n: 2, enu: -1.1717, dme: 1, auto: 1}
[generate_radial_functions] {l: 1, n: 2, enu: -1.30849, dme: 0, auto: 1}
[generate_radial_functions] {l: 1, n: 2, enu: -1.30849, dme: 1, auto: 1}
[generate_radial_functions] local orbitals
[generate_radial_functions] {l: 0, n: 1, enu: -11.9405, dme: 0, auto: 1}
[generate_radial_functions] {l: 0, n: 1, enu: -11.9405, dme: 1, auto: 1}
[generate_radial_functions] {l: 0, n: 2, enu: -1.1717, dme: 0, auto: 1}
[generate_radial_functions] {l: 0, n: 2, enu: -1.1717, dme: 1, auto: 1}
[generate_radial_functions] {l: 0, n: 1, enu: -11.9405, dme: 1, auto: 1}
[generate_radial_functions] {l: 0, n: 1, enu: -11.9405, dme: 2, auto: 1}
[generate_radial_functions] {l: 0, n: 2, enu: -1.1717, dme: 1, auto: 1}
[generate_radial_functions] {l: 0, n: 2, enu: -1.1717, dme: 2, auto: 1}
[generate_radial_functions] {l: 0, n: 3, enu: 9.41005, dme: 0, auto: 1}
[generate_radial_functions] {l: 0, n: 3, enu: 9.41005, dme: 1, auto: 1}
[generate_radial_functions] {l: 0, n: 3, enu: 9.41005, dme: 1, auto: 1}
[generate_radial_functions] {l: 0, n: 3, enu: 9.41005, dme: 2, auto: 1}
[generate_radial_functions] {l: 1, n: 2, enu: -1.30849, dme: 0, auto: 1}
[generate_radial_functions] {l: 1, n: 2, enu: -1.30849, dme: 1, auto: 1}
[generate_radial_functions] {l: 1, n: 2, enu: -1.30849, dme: 1, auto: 1}
[generate_radial_functions] {l: 1, n: 2, enu: -1.30849, dme: 2, auto: 1}
[generate_radial_functions] {l: 1, n: 3, enu: 6.70322, dme: 0, auto: 1}
[generate_radial_functions] {l: 1, n: 3, enu: 6.70322, dme: 1, auto: 1}
[generate_radial_functions] {l: 1, n: 3, enu: 6.70322, dme: 1, auto: 1}
[generate_radial_functions] {l: 1, n: 3, enu: 6.70322, dme: 2, auto: 1}
[generate_radial_functions] {l: 2, n: 3, enu: 2.50033, dme: 0, auto: 1}
[generate_radial_functions] {l: 2, n: 3, enu: 2.50033, dme: 1, auto: 1}
[generate_radial_functions] {l: 2, n: 3, enu: 2.50033, dme: 1, auto: 1}
[generate_radial_functions] {l: 2, n: 3, enu: 2.50033, dme: 2, auto: 1}
[generate_radial_functions] 
[generate_radial_functions] Atom : C, class id : 1
[generate_radial_functions] augmented waves
[generate_radial_functions] {l: 0, n: 2, enu: -1.01696, dme: 0, auto: 1}
[generate_radial_functions] {l: 0, n: 2, enu: -1.01696, dme: 1, auto: 1}
[generate_radial_functions] {l: 1, n: 2, enu: -1.15389, dme: 0, auto: 1}
[generate_radial_functions] {l: 1, n: 2, enu: -1.15389, dme: 1, auto: 1}
[generate_radial_functions] local orbitals
[generate_radial_functions] {l: 0, n: 1, enu: -11.7858, dme: 0, auto: 1}
[generate_radial_functions] {l: 0, n: 1, enu: -11.7858, dme: 1, auto: 1}
[generate_radial_functions] {l: 0, n: 2, enu: -1.01696, dme: 0, auto: 1}
[generate_radial_functions] {l: 0, n: 2, enu: -1.01696, dme: 1, auto: 1}
[generate_radial_functions] {l: 0, n: 1, enu: -11.7858, dme: 1, auto: 1}
[generate_radial_functions] {l: 0, n: 1, enu: -11.7858, dme: 2, auto: 1}
[generate_radial_functions] {l: 0, n: 2, enu: -1.01696, dme: 1, auto: 1}
[generate_radial_functions] {l: 0, n: 2, enu: -1.01696, dme: 2, auto: 1}
[generate_radial_functions] {l: 0, n: 3, enu: 9.56484, dme: 0, auto: 1}
[generate_radial_functions] {l: 0, n: 3, enu: 9.56484, dme: 1, auto: 1}
[generate_radial_functions] {l: 0, n: 3, enu: 9.56484, dme: 1, auto: 1}
[generate_radial_functions] {l: 0, n: 3, enu: 9.56484, dme: 2, auto: 1}
[generate_radial_functions] {l: 1, n: 2, enu: -1.15389, dme: 0, auto: 1}
[generate_radial_functions] {l: 1, n: 2, enu: -1.15389, dme: 1, auto: 1}
[generate_radial_functions] {l: 1, n: 2, enu: -1.15389, dme: 1, auto: 1}
[generate_radial_functions] {l: 1, n: 2, enu: -1.15389, dme: 2, auto: 1}
[generate_radial_functions] {l: 1, n: 3, enu: 6.85788, dme: 0, auto: 1}
[generate_radial_functions] {l: 1, n: 3, enu: 6.85788, dme: 1, auto: 1}
[generate_radial_functions] {l: 1, n: 3, enu: 6.85788, dme: 1, auto: 1}
[generate_radial_functions] {l: 1, n: 3, enu: 6.85788, dme: 2, auto: 1}
[generate_radial_functions] {l: 2, n: 3, enu: 2.65507, dme: 0, auto: 1}
[generate_radial_functions] {l: 2, n: 3, enu: 2.65507, dme: 1, auto: 1}
[generate_radial_functions] {l: 2, n: 3, enu: 2.65507, dme: 1, auto: 1}
[generate_radial_functions] {l: 2, n: 3, enu: 2.65507, dme: 2, auto: 1}
[generate_radial_functions] 
[generate_radial_functions] Atom : C, class id : 2
[generate_radial_functions] augmented waves
[generate_radial_functions] {l: 0, n: 2, enu: -1.04234, dme: 0, auto: 1}
[generate_radial_functions] {l: 0, n: 2, enu: -1.04234, dme: 1, auto: 1}
[generate_radial_functions] {l: 1, n: 2, enu: -1.17932, dme: 0, auto: 1}
[generate_radial_functions] {l: 1, n: 2, enu: -1.17932, dme: 1, auto: 1}
[generate_radial_functions] local orbitals
[generate_radial_functions] {l: 0, n: 1, enu: -11.8124, dme: 0, auto: 1}
[generate_radial_functions] {l: 0, n: 1, enu: -11.8124, dme: 1, auto: 1}
[generate_radial_functions] {l: 0, n: 2, enu: -1.04234, dme: 0, auto: 1}
[generate_radial_functions] {l: 0, n: 2, enu: -1.04234, dme: 1, auto: 1}
[generate_radial_functions] {l: 0, n: 1, enu: -11.8124, dme: 1, auto: 1}
[generate_radial_functions] {l: 0, n: 1, enu: -11.8124, dme: 2, auto: 1}
[generate_radial_functions] {l: 0, n: 2, enu: -1.04234, dme: 1, auto: 1}
[generate_radial_functions] {l: 0, n: 2, enu: -1.04234, dme: 2, auto: 1}
[generate_radial_functions] {l: 0, n: 3, enu: 9.53921, dme: 0, auto: 1}
[generate_radial_functions] {l: 0, n: 3, enu: 9.53921, dme: 1, auto: 1}
[generate_radial_functions] {l: 0, n: 3, enu: 9.53921, dme: 1, auto: 1}
[generate_radial_functions] {l: 0, n: 3, enu: 9.53921, dme: 2, auto: 1}
[generate_radial_functions] {l: 1, n: 2, enu: -1.17932, dme: 0, auto: 1}
[generate_radial_functions] {l: 1, n: 2, enu: -1.17932, dme: 1, auto: 1}
[generate_radial_functions] {l: 1, n: 2, enu: -1.17932, dme: 1, auto: 1}
[generate_radial_functions] {l: 1, n: 2, enu: -1.17932, dme: 2, auto: 1}
[generate_radial_functions] {l: 1, n: 3, enu: 6.83229, dme: 0, auto: 1}
[generate_radial_functions] {l: 1, n: 3, enu: 6.83229, dme: 1, auto: 1}
[generate_radial_functions] {l: 1, n: 3, enu: 6.83229, dme: 1, auto: 1}
[generate_radial_functions] {l: 1, n: 3, enu: 6.83229, dme: 2, auto: 1}
[generate_radial_functions] {l: 2, n: 3, enu: 2.62988, dme: 0, auto: 1}
[generate_radial_functions] {l: 2, n: 3, enu: 2.62988, dme: 1, auto: 1}
[generate_radial_functions] {l: 2, n: 3, enu: 2.62988, dme: 1, auto: 1}
[generate_radial_functions] {l: 2, n: 3, enu: 2.62988, dme: 2, auto: 1}
[generate_radial_functions] 
 You requested the GPU version, thus the GPU kernel is activated
[diagonalize] Lowest band energies
[diagonalize] ik:    0  -11.941031  -11.941031  -11.941031  -11.941031  -11.941031  -11.941031  -11.940823  -11.940823  -11.940823  -11.940823
[find] 
[find] Charges and magnetic moments
[find] --------------------------------------------------------------------------------
[find] atom      charge    core leakage
[find] --------------------------------------------------------------------------------
[find]    0    4.468752    0.000000e+00
[find]    1    4.468752    0.000000e+00
[find]    2    4.468752    0.000000e+00
[find]    3    4.468752    0.000000e+00
[find]    4    4.468752    0.000000e+00
[find]    5    4.468752    0.000000e+00
[find]    6    4.468752    0.000000e+00
[find]    7    4.468752    0.000000e+00
[find]    8    4.468752    0.000000e+00
[find]    9    4.468752    0.000000e+00
[find]   10    4.468752    0.000000e+00
[find]   11    4.468752    0.000000e+00
[find]   12    3.812193    0.000000e+00
[find]   13    3.812193    0.000000e+00
[find]   14    3.812193    0.000000e+00
[find]   15    3.812193    0.000000e+00
[find]   16    3.812193    0.000000e+00
[find]   17    3.812193    0.000000e+00
[find]   18    3.812193    0.000000e+00
[find]   19    3.812193    0.000000e+00
[find]   20    3.812193    0.000000e+00
[find]   21    3.812193    0.000000e+00
[find]   22    3.812193    0.000000e+00
[find]   23    3.812193    0.000000e+00
[find]   24    3.812193    0.000000e+00
[find]   25    3.812193    0.000000e+00
[find]   26    3.812193    0.000000e+00
[find]   27    3.812193    0.000000e+00
[find]   28    3.812193    0.000000e+00
[find]   29    3.812193    0.000000e+00
[find]   30    3.812193    0.000000e+00
[find]   31    3.812193    0.000000e+00
[find]   32    3.812193    0.000000e+00
[find]   33    3.812193    0.000000e+00
[find]   34    3.812193    0.000000e+00
[find]   35    3.812193    0.000000e+00
[find]   36    3.997018    0.000000e+00
[find]   37    3.997018    0.000000e+00
[find]   38    3.997018    0.000000e+00
[find]   39    3.997018    0.000000e+00
[find]   40    3.997018    0.000000e+00
[find]   41    3.997018    0.000000e+00
[find]   42    3.997018    0.000000e+00
[find]   43    3.997018    0.000000e+00
[find]   44    3.997018    0.000000e+00
[find]   45    3.997018    0.000000e+00
[find]   46    3.997018    0.000000e+00
[find]   47    3.997018    0.000000e+00
[find]   48    3.997018    0.000000e+00
[find]   49    3.997018    0.000000e+00
[find]   50    3.997018    0.000000e+00
[find]   51    3.997018    0.000000e+00
[find]   52    3.997018    0.000000e+00
[find]   53    3.997018    0.000000e+00
[find]   54    3.997018    0.000000e+00
[find]   55    3.997018    0.000000e+00
[find]   56    3.997018    0.000000e+00
[find]   57    3.997018    0.000000e+00
[find]   58    3.997018    0.000000e+00
[find]   59    3.997018    0.000000e+00
[find] 
[find] total core leakage    : 0.00000000e+00
[find] interstitial charge   : 118.953905
[find] total charge          : 360.000000
[find] 
[find] Energy
[find] --------------------------------------------------------------------------------
[find] valence_eval_sum               :   -1997.96479768
[find] core_eval_sum                  :       0.00000000
[find] kinetic energy                 :    1414.41066630
[find] enuc                           :   -2715.54064724
[find] <rho|V^{XC}>                   :    -404.68690482
[find] <rho|E^{XC}>                   :    -307.36561466
[find] <mag|B^{XC}>                   :       0.00000000
[find] <rho|V^{H}>                    :   -3007.68913848
[find] smearing (-TS)                 :      -0.15557601
[find] SCF correction                 :     898.89049426
[find] Total energy                   :   -2213.44967060 (Ha),   -4426.89934119 (Ry)
[find] Free energy (E-TS)             :   -2213.60524661 (Ha),   -4427.21049322 (Ry)
[find] 
[find] band gap (eV)                  :       0.00000000
[find] Efermi                         :      -1.86830822
[find] 
[find] iteration : 1, RMS : 5.427292375892e-02, energy difference : -1.938784504188e+02
[find] 
[find] Charges and magnetic moments
[find] --------------------------------------------------------------------------------
[find] atom      charge    core leakage
[find] --------------------------------------------------------------------------------
[find]    0    4.468752    0.000000e+00
[find]    1    4.468752    0.000000e+00
[find]    2    4.468752    0.000000e+00
[find]    3    4.468752    0.000000e+00
[find]    4    4.468752    0.000000e+00
[find]    5    4.468752    0.000000e+00
[find]    6    4.468752    0.000000e+00
[find]    7    4.468752    0.000000e+00
[find]    8    4.468752    0.000000e+00
[find]    9    4.468752    0.000000e+00
[find]   10    4.468752    0.000000e+00
[find]   11    4.468752    0.000000e+00
[find]   12    3.812193    0.000000e+00
[find]   13    3.812193    0.000000e+00
[find]   14    3.812193    0.000000e+00
[find]   15    3.812193    0.000000e+00
[find]   16    3.812193    0.000000e+00
[find]   17    3.812193    0.000000e+00
[find]   18    3.812193    0.000000e+00
[find]   19    3.812193    0.000000e+00
[find]   20    3.812193    0.000000e+00
[find]   21    3.812193    0.000000e+00
[find]   22    3.812193    0.000000e+00
[find]   23    3.812193    0.000000e+00
[find]   24    3.812193    0.000000e+00
[find]   25    3.812193    0.000000e+00
[find]   26    3.812193    0.000000e+00
[find]   27    3.812193    0.000000e+00
[find]   28    3.812193    0.000000e+00
[find]   29    3.812193    0.000000e+00
[find]   30    3.812193    0.000000e+00
[find]   31    3.812193    0.000000e+00
[find]   32    3.812193    0.000000e+00
[find]   33    3.812193    0.000000e+00
[find]   34    3.812193    0.000000e+00
[find]   35    3.812193    0.000000e+00
[find]   36    3.997018    0.000000e+00
[find]   37    3.997018    0.000000e+00
[find]   38    3.997018    0.000000e+00
[find]   39    3.997018    0.000000e+00
[find]   40    3.997018    0.000000e+00
[find]   41    3.997018    0.000000e+00
[find]   42    3.997018    0.000000e+00
[find]   43    3.997018    0.000000e+00
[find]   44    3.997018    0.000000e+00
[find]   45    3.997018    0.000000e+00
[find]   46    3.997018    0.000000e+00
[find]   47    3.997018    0.000000e+00
[find]   48    3.997018    0.000000e+00
[find]   49    3.997018    0.000000e+00
[find]   50    3.997018    0.000000e+00
[find]   51    3.997018    0.000000e+00
[find]   52    3.997018    0.000000e+00
[find]   53    3.997018    0.000000e+00
[find]   54    3.997018    0.000000e+00
[find]   55    3.997018    0.000000e+00
[find]   56    3.997018    0.000000e+00
[find]   57    3.997018    0.000000e+00
[find]   58    3.997018    0.000000e+00
[find]   59    3.997018    0.000000e+00
[find] 
[find] total core leakage    : 0.00000000e+00
[find] interstitial charge   : 118.953905
[find] total charge          : 360.000000
[find] 
[find] Energy
[find] --------------------------------------------------------------------------------
[find] valence_eval_sum               :   -1997.96479768
[find] core_eval_sum                  :       0.00000000
[find] kinetic energy                 :    1414.41066630
[find] enuc                           :   -2715.54064724
[find] <rho|V^{XC}>                   :    -404.68690482
[find] <rho|E^{XC}>                   :    -307.36561466
[find] <mag|B^{XC}>                   :       0.00000000
[find] <rho|V^{H}>                    :   -3007.68913848
[find] smearing (-TS)                 :      -0.15557601
[find] SCF correction                 :     898.89049426
[find] Total energy                   :   -2213.44967060 (Ha),   -4426.89934119 (Ry)
[find] Free energy (E-TS)             :   -2213.60524661 (Ha),   -4427.21049322 (Ry)
[find] 
[find] band gap (eV)                  :       0.00000000
[find] Efermi                         :      -1.86830822
[find] 
[~DFT_ground_state] local op. applied: 0
[~DFT_ground_state] evp. work count: 0
[~DFT_ground_state] numbef of iterative solver steps: 0
FE_UNDERFLOW exception
FE_UNDERFLOW exception
==========================================================================================================================================================
                                                                           #         Total          %     Self %        Median           Min           Max
----------------------------------------------------------------------------------------------------------------------------------------------------------
sirius                                                                     1      79.35 s      100.00       5.64      79.35 s       79.35 s       79.35 s 
├ sirius::initialize                                                       1       6.42 s        8.09     100.00       6.42 s        6.42 s        6.42 s 
├ sirius::Simulation_context::initialize                                   1     731.14 ms       0.92       1.80     731.14 ms     731.14 ms     731.14 ms
│ ├ sirius::Simulation_context::init_comm                                  1       6.93 ms       0.01     100.00       6.93 ms       6.93 ms       6.93 ms
│ ├ sirius::Unit_cell::initialize                                          1     280.85 ms       0.35       0.72     280.85 ms     280.85 ms     280.85 ms
│ │ ├ sirius::Atom_type::init                                              1     253.99 ms       0.32     100.00     253.99 ms     253.99 ms     253.99 ms
│ │ └ sirius::Unit_cell::update                                            1      24.84 ms       0.03       0.78      24.84 ms      24.84 ms      24.84 ms
│ │   ├ sirius::Unit_cell::find_nearest_neighbours                         1      22.21 ms       0.03     100.00      22.21 ms      22.21 ms      22.21 ms
│ │   └ sirius::Unit_cell::get_symmetry                                    1       2.44 ms       0.00       5.73       2.44 ms       2.44 ms       2.44 ms
│ │     └ sirius::Crystal_symmetry                                         1       2.30 ms       0.00      11.07       2.30 ms       2.30 ms       2.30 ms
│ │       ├ sirius::Crystal_symmetry|spg                                   1       1.80 ms       0.00     100.00       1.80 ms       1.80 ms       1.80 ms
│ │       ├ sirius::find_sym_atom                                         48     217.88 us       0.00     100.00       4.56 us       4.00 us       4.99 us
│ │       └ sirius::Crystal_symmetry|mag                                   1      27.45 us       0.00     100.00      27.45 us      27.45 us      27.45 us
│ └ sirius::Simulation_context::update                                     1     430.18 ms       0.54      49.58     430.18 ms     430.18 ms     430.18 ms
│   ├ sirius::Unit_cell::update                                            1       2.40 ms       0.00       4.60       2.40 ms       2.40 ms       2.40 ms
│   │ ├ sirius::Unit_cell::find_nearest_neighbours                         1     149.94 us       0.00     100.00     149.94 us     149.94 us     149.94 us
│   │ └ sirius::Unit_cell::get_symmetry                                    1       2.14 ms       0.00       1.38       2.14 ms       2.14 ms       2.14 ms
│   │   └ sirius::Crystal_symmetry                                         1       2.11 ms       0.00       9.41       2.11 ms       2.11 ms       2.11 ms
│   │     ├ sirius::Crystal_symmetry|spg                                   1       1.68 ms       0.00     100.00       1.68 ms       1.68 ms       1.68 ms
│   │     ├ sirius::find_sym_atom                                         48     214.36 us       0.00     100.00       4.45 us       4.06 us       4.96 us
│   │     └ sirius::Crystal_symmetry|mag                                   1      15.74 us       0.00     100.00      15.74 us      15.74 us      15.74 us
│   ├ fft::Gvec::init                                                      2     133.77 ms       0.17      18.92      66.88 ms      14.29 ms     119.48 ms
│   │ ├ fft::Gvec::find_z_columns                                          2      41.76 ms       0.05       0.03      20.88 ms       5.91 ms      35.85 ms
│   │ │ ├ fft::Gvec::find_z_columns|add                                    2       9.84 ms       0.01     100.00       4.92 ms       1.42 ms       8.42 ms
│   │ │ ├ fft::Gvec::find_z_columns|sym                                    2      31.65 ms       0.04     100.00      15.83 ms       4.43 ms      27.23 ms
│   │ │ └ fft::Gvec::find_z_columns|sort                                   2     264.25 us       0.00     100.00     132.12 us      59.84 us     204.41 us
│   │ └ fft::Gvec::find_gvec_shells                                        2      66.69 ms       0.08     100.00      33.35 ms       5.31 ms      61.38 ms
│   ├ fft::Gvec_shells                                                     1      78.02 ms       0.10     100.00      78.02 ms      78.02 ms      78.02 ms
│   └ sirius::make_periodic_function                                       1       2.73 ms       0.00     100.00       2.73 ms       2.73 ms       2.73 ms
├ sirius::K_point_set::create_k_mesh                                       1      37.72 ms       0.05       0.37      37.72 ms      37.72 ms      37.72 ms
│ ├ fft::Gvec::init                                                        1     761.76 us       0.00      61.06     761.76 us     761.76 us     761.76 us
│ │ └ fft::Gvec::find_z_columns                                            1     296.59 us       0.00       0.50     296.59 us     296.59 us     296.59 us
│ │   ├ fft::Gvec::find_z_columns|add                                      1     280.72 us       0.00     100.00     280.72 us     280.72 us     280.72 us
│ │   ├ fft::Gvec::find_z_columns|sym                                      1     448.00 ns       0.00     100.00     448.00 ns     448.00 ns     448.00 ns
│ │   └ fft::Gvec::find_z_columns|sort                                     1      13.95 us       0.00     100.00      13.95 us      13.95 us      13.95 us
│ └ sirius::K_point_set::initialize                                        1      36.82 ms       0.05       0.28      36.82 ms      36.82 ms      36.82 ms
│   └ sirius::K_point::initialize                                          1      36.71 ms       0.05      81.33      36.71 ms      36.71 ms      36.71 ms
│     ├ sirius::K_point::generate_gkvec                                    1       3.78 ms       0.00     100.00       3.78 ms       3.78 ms       3.78 ms
│     └ sirius::K_point::update                                            1       3.08 ms       0.00     100.00       3.08 ms       3.08 ms       3.08 ms
├ sirius::Potential                                                        1      33.42 ms       0.04      50.95      33.42 ms      33.42 ms      33.42 ms
│ └ sirius::Potential::update                                              1      16.40 ms       0.02      63.72      16.40 ms      16.40 ms      16.40 ms
│   ├ sirius::generate_gvec_ylm                                            1       3.37 ms       0.00     100.00       3.37 ms       3.37 ms       3.37 ms
│   └ sirius::generate_sbessel_mt                                          1       2.58 ms       0.00     100.00       2.58 ms       2.58 ms       2.58 ms
├ sirius::Density                                                          1       2.01 ms       0.00      99.98       2.01 ms       2.01 ms       2.01 ms
│ └ sirius::Density::update                                                1     480.00 ns       0.00     100.00     480.00 ns     480.00 ns     480.00 ns
├ sirius::DFT_ground_state::initial_state                                  1       1.58 s        1.99       0.00       1.58 s        1.58 s        1.58 s 
│ ├ sirius::Density::initial_density                                       1       1.36 s        1.72      81.76       1.36 s        1.36 s        1.36 s 
│ │ ├ sirius::Radial_integrals|rho_free_atom                               1       2.91 ms       0.00     100.00       2.91 ms       2.91 ms       2.91 ms
│ │ ├ sirius::make_periodic_function                                       1     276.92 us       0.00     100.00     276.92 us     276.92 us     276.92 us
│ │ ├ sirius::Smooth_periodic_function::fft_transform                      1      20.46 ms       0.03     100.00      20.46 ms      20.46 ms      20.46 ms
│ │ ├ sirius::generate_gvec_ylm                                            1      19.61 ms       0.02     100.00      19.61 ms      19.61 ms      19.61 ms
│ │ ├ sirius::generate_sbessel_mt                                          1       2.88 ms       0.00     100.00       2.88 ms       2.88 ms       2.88 ms
│ │ ├ sirius::sum_fg_fl_yg                                                 1      40.19 ms       0.05      32.05      40.19 ms      40.19 ms      40.19 ms
│ │ │ ├ sirius::Simulation_context::generate_phase_factors                 1     518.57 us       0.00     100.00     518.57 us     518.57 us     518.57 us
│ │ │ ├ sirius::sum_fg_fl_yg|zm                                            1       1.53 ms       0.00     100.00       1.53 ms       1.53 ms       1.53 ms
│ │ │ └ sirius::sum_fg_fl_yg|mul                                           1      25.26 ms       0.03     100.00      25.26 ms      25.26 ms      25.26 ms
│ │ ├ sirius::Periodic_function::integrate                                 2      55.27 ms       0.07     100.00      27.63 ms       2.77 ms      52.49 ms
│ │ ├ sirius::symmetrize_pw_function                                       1       8.48 ms       0.01       5.71       8.48 ms       8.48 ms       8.48 ms
│ │ │ ├ fft::Gvec_shells::remap_forward                                    1       1.89 ms       0.00     100.00       1.89 ms       1.89 ms       1.89 ms
│ │ │ ├ sirius::symmetrize|fpw|local                                       1       4.36 ms       0.01     100.00       4.36 ms       4.36 ms       4.36 ms
│ │ │ └ fft::Gvec_shells::remap_backward                                   1       1.75 ms       0.00     100.00       1.75 ms       1.75 ms       1.75 ms
│ │ └ sirius::symmetrize_mt_function                                       3      98.60 ms       0.12     100.00      38.36 ms      21.04 ms      39.19 ms
│ └ sirius::Potential::generate                                            1     214.16 ms       0.27       6.85     214.16 ms     214.16 ms     214.16 ms
│   ├ sirius::Potential::poisson                                           1      35.33 ms       0.04       2.79      35.33 ms      35.33 ms      35.33 ms
│   │ ├ sirius::Potential::poisson_vmt                                     1       8.26 ms       0.01     100.00       8.26 ms       8.26 ms       8.26 ms
│   │ ├ sirius::sum_fg_fl_yg                                               2       8.57 ms       0.01      16.11       4.28 ms       3.40 ms       5.17 ms
│   │ │ ├ sirius::Simulation_context::generate_phase_factors               2      87.26 us       0.00     100.00      43.63 us      23.68 us      63.58 us
│   │ │ ├ sirius::sum_fg_fl_yg|zm                                          2       3.90 ms       0.00     100.00       1.95 ms       1.57 ms       2.33 ms
│   │ │ └ sirius::sum_fg_fl_yg|mul                                         2       3.20 ms       0.00     100.00       1.60 ms       1.37 ms       1.83 ms
│   │ ├ sirius::Potential::poisson_add_pseudo_pw                           1      11.45 ms       0.01      99.84      11.45 ms      11.45 ms      11.45 ms
│   │ │ └ sirius::Simulation_context::generate_phase_factors               1      18.82 us       0.00     100.00      18.82 us      18.82 us      18.82 us
│   │ ├ sirius::Potential::poisson|bc                                      1     779.32 us       0.00     100.00     779.32 us     779.32 us     779.32 us
│   │ ├ sirius::Smooth_periodic_function::fft_transform                    1       1.65 ms       0.00     100.00       1.65 ms       1.65 ms       1.65 ms
│   │ └ sirius::inner::pf                                                  1       3.64 ms       0.00     100.00       3.64 ms       3.64 ms       3.64 ms
│   ├ sirius::Periodic_function::add                                       2       1.80 ms       0.00     100.00     902.49 us     882.52 us     922.45 us
│   ├ sirius::Potential::xc                                                1      48.27 ms       0.06       1.75      48.27 ms      48.27 ms      48.27 ms
│   │ ├ sirius::Potential::xc_mt                                           1      36.91 ms       0.05     100.00      36.91 ms      36.91 ms      36.91 ms
│   │ └ sirius::Potential::xc_rg_nonmagnetic                               1      10.51 ms       0.01      91.64      10.51 ms      10.51 ms      10.51 ms
│   │   └ sirius::Potential::xc_rg_nonmagnetic|libxc                       2     878.49 us       0.00     100.00     439.24 us     300.72 us     577.77 us
│   ├ sirius::Smooth_periodic_function::fft_transform                      2       3.24 ms       0.00     100.00       1.62 ms       1.55 ms       1.69 ms
│   ├ sirius::symmetrize_pw_function                                       1       8.09 ms       0.01       4.79       8.09 ms       8.09 ms       8.09 ms
│   │ ├ fft::Gvec_shells::remap_forward                                    1       1.76 ms       0.00     100.00       1.76 ms       1.76 ms       1.76 ms
│   │ ├ sirius::symmetrize|fpw|local                                       1       4.21 ms       0.01     100.00       4.21 ms       4.21 ms       4.21 ms
│   │ └ fft::Gvec_shells::remap_backward                                   1       1.73 ms       0.00     100.00       1.73 ms       1.73 ms       1.73 ms
│   └ sirius::symmetrize_mt_function                                       3     102.75 ms       0.13     100.00      40.72 ms      20.35 ms      41.68 ms
├ sirius::DFT_ground_state::scf_loop                                       1      65.33 s       82.34       0.36      65.33 s       65.33 s       65.33 s 
│ ├ sirius::Density                                                        1       2.24 ms       0.00      99.97       2.24 ms       2.24 ms       2.24 ms
│ │ └ sirius::Density::update                                              1     704.00 ns       0.00     100.00     704.00 ns     704.00 ns     704.00 ns
│ ├ sirius::DFT_ground_state::scf_loop|iteration                           2      65.04 s       81.96       0.17      32.52 s       32.09 s       32.95 s 
│ │ ├ sirius::Hamiltonian0                                                 2     279.17 ms       0.35      13.62     139.59 ms     137.46 ms     141.72 ms
│ │ │ ├ sirius::Local_operator                                             2      14.20 ms       0.02      43.76       7.10 ms       6.49 ms       7.71 ms
│ │ │ │ └ sirius::Smooth_periodic_function::fft_transform                  8       7.99 ms       0.01     100.00     776.35 us     668.87 us       1.55 ms
│ │ │ ├ sirius::Potential::generate_pw_coefs                               2      17.13 ms       0.02     100.00       8.57 ms       8.31 ms       8.82 ms
│ │ │ ├ sirius::Unit_cell::generate_radial_functions                       2      83.76 ms       0.11       4.26      41.88 ms      40.94 ms      42.82 ms
│ │ │ │ └ sirius::Atom_symmetry_class::generate_radial_functions           2      80.19 ms       0.10       8.91      40.10 ms      38.96 ms      41.24 ms
│ │ │ │   └ sirius::Atom_symmetry_class::find_enu                          2      73.05 ms       0.09     100.00      36.52 ms      35.41 ms      37.63 ms
│ │ │ └ sirius::Unit_cell::generate_radial_integrals                       2     126.05 ms       0.16      15.85      63.02 ms      63.00 ms      63.04 ms
│ │ │   ├ sirius::Atom_symmetry_class::generate_radial_integrals           2       4.04 ms       0.01     100.00       2.02 ms       2.01 ms       2.03 ms
│ │ │   └ sirius::Atom::generate_radial_integrals                         30     102.03 ms       0.13      53.79       3.36 ms       3.27 ms       4.08 ms
│ │ │     └ sirius::Atom::generate_radial_integrals|interp                30      47.14 ms       0.06     100.00       1.55 ms       1.51 ms       1.83 ms
│ │ ├ sirius::diagonalize                                                  2      63.64 s       80.20       0.00      31.82 s       31.38 s       32.25 s 
│ │ │ ├ sirius::Hamiltonian_k                                              2     176.79 us       0.00       1.68      88.40 us      80.89 us      95.90 us
│ │ │ │ └ sirius::Local_operator::prepare_k                                2     173.82 us       0.00     100.00      86.91 us      78.91 us      94.91 us
│ │ │ ├ sirius::diagonalize_fp_fv_exact                                    2      63.51 s       80.03       0.29      31.75 s       31.33 s       32.17 s 
│ │ │ │ ├ sirius::Hamiltonian_k::set_fv_h_o                                2       1.55 s        1.96      33.11     775.79 ms     543.24 ms       1.01 s 
│ │ │ │ │ ├ sirius::Hamiltonian_k::set_fv_h_o|zgemm                        2       1.00 s        1.26     100.00     501.00 ms     479.12 ms     522.87 ms
│ │ │ │ │ ├ sirius::Hamiltonian_k::set_fv_h_o_it                           2      35.78 ms       0.05     100.00      17.89 ms      17.75 ms      18.03 ms
│ │ │ │ │ └ sirius::Hamiltonian_k::set_fv_h_o_lo_lo                        2     101.85 us       0.00     100.00      50.93 us      29.69 us      72.16 us
│ │ │ │ ├ Eigensolver_elpa|solve_gen                                       2      61.77 s       77.85      99.79      30.89 s       30.71 s       31.06 s 
│ │ │ │ │ └ Eigensolver_elpa|solve_gen|setup                               2     129.24 ms       0.16     100.00      64.62 ms      60.47 ms      68.77 ms
│ │ │ │ └ sirius::wf::Wave_functions_fft::grid_layout_pw                   2      30.01 us       0.00     100.00      15.01 us       7.26 us      22.75 us
│ │ │ ├ sirius::K_point::generate_fv_states                                2     125.55 ms       0.16      94.24      62.77 ms      48.55 ms      76.99 ms
│ │ │ │ └ sirius::generate_alm_block                                       2       7.23 ms       0.01     100.00       3.62 ms       3.57 ms       3.66 ms
│ │ │ ├ sirius::diagonalize_fp_sv                                          2      12.16 us       0.00     100.00       6.08 us       5.47 us       6.69 us
│ │ │ ├ sirius::K_point::generate_spinor_wave_functions                    2       2.12 ms       0.00     100.00       1.06 ms       1.05 ms       1.06 ms
│ │ │ └ sirius::K_point_set::sync_band                                     2     188.79 us       0.00     100.00      94.40 us      89.28 us      99.52 us
│ │ ├ sirius::K_point_set::find_band_occupancies                           2       3.19 ms       0.00      97.98       1.59 ms       1.39 ms       1.80 ms
│ │ │ └ sirius::K_point_set::sync_band                                     2      64.32 us       0.00     100.00      32.16 us      31.68 us      32.64 us
│ │ ├ sirius::Density::generate                                            2     360.09 ms       0.45       7.58     180.04 ms     179.39 ms     180.70 ms
│ │ │ ├ sirius::Density::generate_valence                                  2     102.37 ms       0.13      34.43      51.19 ms      51.14 ms      51.23 ms
│ │ │ │ ├ shuffle_to_fft_layout                                            2       7.81 ms       0.01     100.00       3.91 ms       3.84 ms       3.97 ms
│ │ │ │ ├ sirius::add_k_point_contribution_dm_fplapw                       2       5.10 ms       0.01     100.00       2.55 ms       2.52 ms       2.59 ms
│ │ │ │ ├ sirius::Density::add_k_point_contribution_rg                     2      38.61 ms       0.05     100.00      19.31 ms      18.72 ms      19.89 ms
│ │ │ │ ├ sirius::Smooth_periodic_function::fft_transform                  2       1.28 ms       0.00     100.00     640.91 us     638.88 us     642.95 us
│ │ │ │ └ sirius::Density::generate_valence_mt                             2      14.32 ms       0.02       0.20       7.16 ms       7.14 ms       7.18 ms
│ │ │ │   ├ sirius::Density::generate|sum_zdens                           30       1.09 ms       0.00     100.00      33.05 us      30.75 us      81.40 us
│ │ │ │   └ sirius::Density::generate|expand_lm                           30      13.20 ms       0.02     100.00     444.70 us     369.45 us     455.27 us
│ │ │ ├ sirius::Density::generate_core_charge_density                      2       1.02 ms       0.00      99.70     511.49 us     507.66 us     515.33 us
│ │ │ │ └ sirius::Atom_symmetry_class::generate_core_charge_density        2       3.10 us       0.00     100.00       1.55 us       1.53 us       1.57 us
│ │ │ ├ sirius::symmetrize_pw_function                                     2      17.19 ms       0.02       4.72       8.60 ms       8.39 ms       8.81 ms
│ │ │ │ ├ fft::Gvec_shells::remap_forward                                  2       3.70 ms       0.00     100.00       1.85 ms       1.71 ms       2.00 ms
│ │ │ │ ├ sirius::symmetrize|fpw|local                                     2       8.56 ms       0.01     100.00       4.28 ms       4.27 ms       4.29 ms
│ │ │ │ └ fft::Gvec_shells::remap_backward                                 2       4.12 ms       0.01     100.00       2.06 ms       2.00 ms       2.11 ms
│ │ │ ├ sirius::symmetrize_mt_function                                     6     208.61 ms       0.26     100.00      41.27 ms      21.14 ms      42.00 ms
│ │ │ └ sirius::Smooth_periodic_function::fft_transform                    2       3.58 ms       0.00     100.00       1.79 ms       1.60 ms       1.98 ms
│ │ ├ sirius::inner::pf                                                   18     110.30 ms       0.14     100.00       3.71 ms       3.65 ms      47.25 ms
│ │ ├ sirius::Density::mix                                                 2     148.23 ms       0.19      70.82      74.11 ms      50.03 ms      98.20 ms
│ │ │ ├ sirius::Density::mixer_input                                       2      10.82 ms       0.01     100.00       5.41 ms       5.36 ms       5.45 ms
│ │ │ ├ sirius::inner::pf                                                  4      15.51 ms       0.02     100.00       3.89 ms       3.80 ms       3.94 ms
│ │ │ └ sirius::Density::mixer_output                                      2      16.93 ms       0.02      78.23       8.46 ms       8.31 ms       8.62 ms
│ │ │   └ sirius::Smooth_periodic_function::fft_transform                  2       3.68 ms       0.00     100.00       1.84 ms       1.68 ms       2.00 ms
│ │ ├ sirius::Potential::generate                                          2     383.29 ms       0.48       7.64     191.65 ms     190.65 ms     192.64 ms
│ │ │ ├ sirius::Potential::poisson                                         2      66.26 ms       0.08       2.63      33.13 ms      33.09 ms      33.16 ms
│ │ │ │ ├ sirius::Potential::poisson_vmt                                   2      16.17 ms       0.02     100.00       8.08 ms       7.95 ms       8.21 ms
│ │ │ │ ├ sirius::sum_fg_fl_yg                                             4      13.81 ms       0.02      11.56       3.44 ms       3.40 ms       3.54 ms
│ │ │ │ │ ├ sirius::Simulation_context::generate_phase_factors             4     107.93 us       0.00     100.00      26.45 us      26.05 us      28.99 us
│ │ │ │ │ ├ sirius::sum_fg_fl_yg|zm                                        4       6.56 ms       0.01     100.00       1.63 ms       1.54 ms       1.76 ms
│ │ │ │ │ └ sirius::sum_fg_fl_yg|mul                                       4       5.55 ms       0.01     100.00       1.38 ms       1.29 ms       1.51 ms
│ │ │ │ ├ sirius::Potential::poisson_add_pseudo_pw                         2      22.64 ms       0.03      99.84      11.32 ms      11.24 ms      11.40 ms
│ │ │ │ │ └ sirius::Simulation_context::generate_phase_factors             2      37.18 us       0.00     100.00      18.59 us      17.25 us      19.94 us
│ │ │ │ ├ sirius::Potential::poisson|bc                                    2       1.44 ms       0.00     100.00     720.60 us     720.54 us     720.66 us
│ │ │ │ ├ sirius::Smooth_periodic_function::fft_transform                  2       2.97 ms       0.00     100.00       1.49 ms       1.37 ms       1.61 ms
│ │ │ │ └ sirius::inner::pf                                                2       7.48 ms       0.01     100.00       3.74 ms       3.60 ms       3.88 ms
│ │ │ ├ sirius::Periodic_function::add                                     4       3.60 ms       0.00     100.00     902.00 us     881.53 us     911.50 us
│ │ │ ├ sirius::Potential::xc                                              2      59.47 ms       0.07       2.74      29.73 ms      29.62 ms      29.84 ms
│ │ │ │ ├ sirius::Potential::xc_mt                                         2      51.64 ms       0.07     100.00      25.82 ms      25.80 ms      25.84 ms
│ │ │ │ └ sirius::Potential::xc_rg_nonmagnetic                             2       6.20 ms       0.01      58.19       3.10 ms       3.00 ms       3.20 ms
│ │ │ │   └ sirius::Potential::xc_rg_nonmagnetic|libxc                     4       2.59 ms       0.00     100.00     668.32 us     426.57 us     828.21 us
│ │ │ ├ sirius::Smooth_periodic_function::fft_transform                    4       6.83 ms       0.01     100.00       1.75 ms       1.33 ms       2.00 ms
│ │ │ ├ sirius::symmetrize_pw_function                                     2      16.70 ms       0.02       4.73       8.35 ms       8.04 ms       8.66 ms
│ │ │ │ ├ fft::Gvec_shells::remap_forward                                  2       3.85 ms       0.00     100.00       1.92 ms       1.83 ms       2.01 ms
│ │ │ │ ├ sirius::symmetrize|fpw|local                                     2       8.36 ms       0.01     100.00       4.18 ms       4.09 ms       4.27 ms
│ │ │ │ └ fft::Gvec_shells::remap_backward                                 2       3.70 ms       0.00     100.00       1.85 ms       1.72 ms       1.97 ms
│ │ │ └ sirius::symmetrize_mt_function                                     6     201.17 ms       0.25     100.00      39.65 ms      20.56 ms      40.62 ms
│ │ ├ sirius::Periodic_function::integrate                                 2       5.65 ms       0.01     100.00       2.83 ms       2.82 ms       2.84 ms
│ │ └ sirius::Density::get_magnetisation                                   2       5.38 us       0.00     100.00       2.69 us       2.53 us       2.85 us
│ ├ sirius::inner::pf                                                     13      51.39 ms       0.06     100.00       3.98 ms       3.67 ms       4.29 ms
│ ├ sirius::Periodic_function::integrate                                   1       2.94 ms       0.00     100.00       2.94 ms       2.94 ms       2.94 ms
│ ├ sirius::Density::get_magnetisation                                     1       2.82 us       0.00     100.00       2.82 us       2.82 us       2.82 us
│ ├ sirius::Smooth_periodic_function::fft_transform                        1       1.53 ms       0.00     100.00       1.53 ms       1.53 ms       1.53 ms
│ └ sirius::Smooth_periodic_function::gather_f_pw                          2       5.86 ms       0.01     100.00       2.93 ms       2.78 ms       3.08 ms
└ sirius::finalize                                                         1     734.49 ms       0.93     100.00     734.49 ms     734.49 ms     734.49 ms

==========================================================================================================================================================
FE_UNDERFLOW exception
FE_UNDERFLOW exception
