loading the view [1;36msirius:sirius[0m
SIRIUS 7.6.1, git hash: https://api.github.com/repos/electronic-structure/SIRIUS/git/ref/tags/v7.6.1
Warning in function "compose_json" at /tmp/rmeli/spack-stage/spack-stage-sirius-7.6.1-dj6o7kftqpfnwdhrbr7kwzcsnkz5co5e/spack-src/src/context/simulation_parameters.cpp:107
The following configuration parameters were not recognized and ignored: potential_tol !num_fv_states 
Warning in function "init_step_function" at /tmp/rmeli/spack-stage/spack-stage-sirius-7.6.1-dj6o7kftqpfnwdhrbr7kwzcsnkz5co5e/spack-src/src/lapw/step_function.hpp:120
step function gives a wrong volume for IT region
  difference with exact value : 1.87356e-10
[info] SIRIUS version : 7.6.1
[info] git hash       : https://api.github.com/repos/electronic-structure/SIRIUS/git/ref/tags/v7.6.1
[info] git branch     : release v7.6.1
[info] build time     : 1980-01-01 12:01:00
[info] start time     : Sun,  5 Jan 2025 23:56:41
[info] 
[info] number of MPI ranks           : 1
[info] MPI grid                      : 1 1
[info] maximum number of OMP threads : 63
[info] number of MPI ranks per node  : 1
[info] page size (Kb)                : 64
[info] number of pages               : 13999490
[info] available memory (GB)         : 854
[info] 
[fft] FFT context for density and potential
[fft] =====================================
[fft]   comm size                             : 1
[fft]   plane wave cutoff                     : 20
[fft]   grid size                             : 135 135 135   total : 2460375
[fft]   grid limits                           : -67 67   -67 67   -67 67
[fft]   number of G-vectors within the cutoff : 1080751
[fft]   local number of G-vectors             : 1080751
[fft]   number of G-shells                    : 24484
[fft] 
[fft] FFT context for coarse grid
[fft] =====================================
[fft]   comm size                             : 1
[fft]   plane wave cutoff                     : 10
[fft]   grid size                             : 72 72 72   total : 373248
[fft]   grid limits                           : -35 36   -35 36   -35 36
[fft]   number of G-vectors within the cutoff : 135043
[fft]   local number of G-vectors             : 135043
[fft]   number of G-shells                    : 3317
[fft] 
[fft] 
[unit cell] lattice vectors
[unit cell]   a1 :      20.0000000000      0.0000000000      0.0000000000
[unit cell]   a2 :       0.0000000000     20.0000000000      0.0000000000
[unit cell]   a3 :       0.0000000000      0.0000000000     20.0000000000
[unit cell] reciprocal lattice vectors
[unit cell]   b1 :       0.3141592654      0.0000000000      0.0000000000
[unit cell]   b2 :       0.0000000000      0.3141592654      0.0000000000
[unit cell]   b3 :       0.0000000000      0.0000000000      0.3141592654
[unit cell] 
[unit cell] unit cell volume :      8000.00000000 [a.u.^3]
[unit cell] 1/sqrt(omega)    :         0.01118034
[unit cell] MT volume        :       561.76168497 ( 7.02%)
[unit cell] IT volume        :      7438.23831503 (92.98%)
[unit cell] 
[unit cell] number of atom types : 1
[unit cell] type id : 0 symbol :  C mt_radius :   1.307487 num_atoms : 60
[unit cell] total number of atoms : 60
[unit cell] number of symmetry classes : 3
[unit cell] 
[unit cell] atom id  type id  class id             position                      vector_field
[unit cell] ------------------------------------------------------------------------------------------
[unit cell]      0        0        0      0.07006   0.66450   0.00000      0.00000   0.00000   0.00000
[unit cell]      1        0        0      0.33550   0.00000   0.07006      0.00000   0.00000   0.00000
[unit cell]      2        0        0      0.33550   0.00000   0.92994      0.00000   0.00000   0.00000
[unit cell]      3        0        0      0.66450   0.00000   0.07006      0.00000   0.00000   0.00000
[unit cell]      4        0        0      0.66450   0.00000   0.92994      0.00000   0.00000   0.00000
[unit cell]      5        0        0      0.00000   0.07006   0.66450      0.00000   0.00000   0.00000
[unit cell]      6        0        0      0.00000   0.92994   0.66450      0.00000   0.00000   0.00000
[unit cell]      7        0        0      0.00000   0.07006   0.33550      0.00000   0.00000   0.00000
[unit cell]      8        0        0      0.00000   0.92994   0.33550      0.00000   0.00000   0.00000
[unit cell]      9        0        0      0.92994   0.66450   0.00000      0.00000   0.00000   0.00000
[unit cell]     10        0        0      0.07006   0.33550   0.00000      0.00000   0.00000   0.00000
[unit cell]     11        0        0      0.92994   0.33550   0.00000      0.00000   0.00000   0.00000
[unit cell]     12        0        1      0.14147   0.70358   0.11453      0.00000   0.00000   0.00000
[unit cell]     13        0        1      0.29642   0.11453   0.14147      0.00000   0.00000   0.00000
[unit cell]     14        0        1      0.29642   0.88547   0.85853      0.00000   0.00000   0.00000
[unit cell]     15        0        1      0.70358   0.88547   0.14147      0.00000   0.00000   0.00000
[unit cell]     16        0        1      0.70358   0.11453   0.85853      0.00000   0.00000   0.00000
[unit cell]     17        0        1      0.11453   0.14147   0.70358      0.00000   0.00000   0.00000
[unit cell]     18        0        1      0.88547   0.85853   0.70358      0.00000   0.00000   0.00000
[unit cell]     19        0        1      0.88547   0.14147   0.29642      0.00000   0.00000   0.00000
[unit cell]     20        0        1      0.11453   0.85853   0.29642      0.00000   0.00000   0.00000
[unit cell]     21        0        1      0.14147   0.70358   0.88547      0.00000   0.00000   0.00000
[unit cell]     22        0        1      0.85853   0.70358   0.11453      0.00000   0.00000   0.00000
[unit cell]     23        0        1      0.14147   0.29642   0.11453      0.00000   0.00000   0.00000
[unit cell]     24        0        1      0.85853   0.29642   0.88547      0.00000   0.00000   0.00000
[unit cell]     25        0        1      0.70358   0.88547   0.85853      0.00000   0.00000   0.00000
[unit cell]     26        0        1      0.70358   0.11453   0.14147      0.00000   0.00000   0.00000
[unit cell]     27        0        1      0.29642   0.11453   0.85853      0.00000   0.00000   0.00000
[unit cell]     28        0        1      0.29642   0.88547   0.14147      0.00000   0.00000   0.00000
[unit cell]     29        0        1      0.88547   0.85853   0.29642      0.00000   0.00000   0.00000
[unit cell]     30        0        1      0.11453   0.14147   0.29642      0.00000   0.00000   0.00000
[unit cell]     31        0        1      0.11453   0.85853   0.70358      0.00000   0.00000   0.00000
[unit cell]     32        0        1      0.88547   0.14147   0.70358      0.00000   0.00000   0.00000
[unit cell]     33        0        1      0.85853   0.29642   0.11453      0.00000   0.00000   0.00000
[unit cell]     34        0        1      0.14147   0.29642   0.88547      0.00000   0.00000   0.00000
[unit cell]     35        0        1      0.85853   0.70358   0.88547      0.00000   0.00000   0.00000
[unit cell]     36        0        2      0.24926   0.77768   0.07006      0.00000   0.00000   0.00000
[unit cell]     37        0        2      0.22232   0.07006   0.24926      0.00000   0.00000   0.00000
[unit cell]     38        0        2      0.22232   0.92994   0.75074      0.00000   0.00000   0.00000
[unit cell]     39        0        2      0.77768   0.92994   0.24926      0.00000   0.00000   0.00000
[unit cell]     40        0        2      0.77768   0.07006   0.75074      0.00000   0.00000   0.00000
[unit cell]     41        0        2      0.07006   0.24926   0.77768      0.00000   0.00000   0.00000
[unit cell]     42        0        2      0.92994   0.75074   0.77768      0.00000   0.00000   0.00000
[unit cell]     43        0        2      0.92994   0.24926   0.22232      0.00000   0.00000   0.00000
[unit cell]     44        0        2      0.07006   0.75074   0.22232      0.00000   0.00000   0.00000
[unit cell]     45        0        2      0.24926   0.77768   0.92994      0.00000   0.00000   0.00000
[unit cell]     46        0        2      0.75074   0.77768   0.07006      0.00000   0.00000   0.00000
[unit cell]     47        0        2      0.24926   0.22232   0.07006      0.00000   0.00000   0.00000
[unit cell]     48        0        2      0.75074   0.22232   0.92994      0.00000   0.00000   0.00000
[unit cell]     49        0        2      0.77768   0.92994   0.75074      0.00000   0.00000   0.00000
[unit cell]     50        0        2      0.77768   0.07006   0.24926      0.00000   0.00000   0.00000
[unit cell]     51        0        2      0.22232   0.07006   0.75074      0.00000   0.00000   0.00000
[unit cell]     52        0        2      0.22232   0.92994   0.24926      0.00000   0.00000   0.00000
[unit cell]     53        0        2      0.92994   0.75074   0.22232      0.00000   0.00000   0.00000
[unit cell]     54        0        2      0.07006   0.24926   0.22232      0.00000   0.00000   0.00000
[unit cell]     55        0        2      0.07006   0.75074   0.77768      0.00000   0.00000   0.00000
[unit cell]     56        0        2      0.92994   0.24926   0.77768      0.00000   0.00000   0.00000
[unit cell]     57        0        2      0.75074   0.22232   0.07006      0.00000   0.00000   0.00000
[unit cell]     58        0        2      0.24926   0.22232   0.92994      0.00000   0.00000   0.00000
[unit cell]     59        0        2      0.75074   0.77768   0.92994      0.00000   0.00000   0.00000
[unit cell] 
[unit cell] atom id         position (Cartesian, a.u.)
[unit cell] ---------------------------------------------
[unit cell]      0       1.401270   13.290074    0.000000
[unit cell]      1       6.709926    0.000000    1.401270
[unit cell]      2       6.709926    0.000000   18.598730
[unit cell]      3      13.290074    0.000000    1.401270
[unit cell]      4      13.290074    0.000000   18.598730
[unit cell]      5       0.000000    1.401270   13.290074
[unit cell]      6       0.000000   18.598730   13.290074
[unit cell]      7       0.000000    1.401270    6.709926
[unit cell]      8       0.000000   18.598730    6.709926
[unit cell]      9      18.598730   13.290074    0.000000
[unit cell]     10       1.401270    6.709926    0.000000
[unit cell]     11      18.598730    6.709926    0.000000
[unit cell]     12       2.829487   14.071551    2.290537
[unit cell]     13       5.928449    2.290537    2.829487
[unit cell]     14       5.928449   17.709463   17.170513
[unit cell]     15      14.071551   17.709463    2.829487
[unit cell]     16      14.071551    2.290537   17.170513
[unit cell]     17       2.290537    2.829487   14.071551
[unit cell]     18      17.709463   17.170513   14.071551
[unit cell]     19      17.709463    2.829487    5.928449
[unit cell]     20       2.290537   17.170513    5.928449
[unit cell]     21       2.829487   14.071551   17.709463
[unit cell]     22      17.170513   14.071551    2.290537
[unit cell]     23       2.829487    5.928449    2.290537
[unit cell]     24      17.170513    5.928449   17.709463
[unit cell]     25      14.071551   17.709463   17.170513
[unit cell]     26      14.071551    2.290537    2.829487
[unit cell]     27       5.928449    2.290537   17.170513
[unit cell]     28       5.928449   17.709463    2.829487
[unit cell]     29      17.709463   17.170513    5.928449
[unit cell]     30       2.290537    2.829487    5.928449
[unit cell]     31       2.290537   17.170513   14.071551
[unit cell]     32      17.709463    2.829487   14.071551
[unit cell]     33      17.170513    5.928449    2.290537
[unit cell]     34       2.829487    5.928449   17.709463
[unit cell]     35      17.170513   14.071551   17.709463
[unit cell]     36       4.985286   15.553663    1.401270
[unit cell]     37       4.446337    1.401270    4.985286
[unit cell]     38       4.446337   18.598730   15.014714
[unit cell]     39      15.553663   18.598730    4.985286
[unit cell]     40      15.553663    1.401270   15.014714
[unit cell]     41       1.401270    4.985286   15.553663
[unit cell]     42      18.598730   15.014714   15.553663
[unit cell]     43      18.598730    4.985286    4.446337
[unit cell]     44       1.401270   15.014714    4.446337
[unit cell]     45       4.985286   15.553663   18.598730
[unit cell]     46      15.014714   15.553663    1.401270
[unit cell]     47       4.985286    4.446337    1.401270
[unit cell]     48      15.014714    4.446337   18.598730
[unit cell]     49      15.553663   18.598730   15.014714
[unit cell]     50      15.553663    1.401270    4.985286
[unit cell]     51       4.446337    1.401270   15.014714
[unit cell]     52       4.446337   18.598730    4.985286
[unit cell]     53      18.598730   15.014714    4.446337
[unit cell]     54       1.401270    4.985286    4.446337
[unit cell]     55       1.401270   15.014714   15.553663
[unit cell]     56      18.598730    4.985286   15.553663
[unit cell]     57      15.014714    4.446337    1.401270
[unit cell]     58       4.985286    4.446337   18.598730
[unit cell]     59      15.014714   15.553663   18.598730
[unit cell] 
[unit cell] class id : 0 atom id : 0 1 2 3 4 5 6 7 8 9 10 11 
[unit cell] class id : 1 atom id : 12 13 14 15 16 17 18 19 20 21 22 23 24 25 26 27 28 29 30 31 32 33 34 35 
[unit cell] class id : 2 atom id : 36 37 38 39 40 41 42 43 44 45 46 47 48 49 50 51 52 53 54 55 56 57 58 59 
[unit cell] 
[unit cell] minimum bond length:     2.752604
[unit cell] 
[sym] space group number   : 200
[sym] international symbol : Pm-3
[sym] Hall symbol          : -P 2 2 3
[sym] space group transformation matrix : 
[sym]   1.0000  0.0000  0.0000
[sym]   0.0000  1.0000  0.0000
[sym]   0.0000  0.0000  1.0000
[sym] space group origin shift : 
[sym]   0.0000  0.0000  0.0000
[sym] number of space group operations  : 24
[sym] number of magnetic group operations : 24
[sym] metric tensor error: 0.0000e+00
[sym] rotation matrix error: 0.0000e+00
[sym] 
[sym] symmetry operations 
[sym] 
[sym] isym : 0
[sym] R :   1  0  0
[sym]       0  1  0
[sym]       0  0  1
[sym] Rc:   1.0000  0.0000  0.0000
[sym]       0.0000  1.0000  0.0000
[sym]       0.0000  0.0000  1.0000
[sym] t :   0.0000  0.0000  0.0000
[sym] S :   1.0000  0.0000  0.0000
[sym]       0.0000  1.0000  0.0000
[sym]       0.0000  0.0000  1.0000
[sym] proper:  1
[sym] 
[sym] isym : 1
[sym] R :  -1  0  0
[sym]       0 -1  0
[sym]       0  0 -1
[sym] Rc:  -1.0000  0.0000  0.0000
[sym]       0.0000 -1.0000  0.0000
[sym]       0.0000  0.0000 -1.0000
[sym] t :   0.0000  0.0000  0.0000
[sym] S :   1.0000  0.0000  0.0000
[sym]       0.0000  1.0000  0.0000
[sym]       0.0000  0.0000  1.0000
[sym] proper: -1
[sym] 
[sym] isym : 2
[sym] R :  -1  0  0
[sym]       0 -1  0
[sym]       0  0  1
[sym] Rc:  -1.0000  0.0000  0.0000
[sym]       0.0000 -1.0000  0.0000
[sym]       0.0000  0.0000  1.0000
[sym] t :   0.0000  0.0000  0.0000
[sym] S :   1.0000  0.0000  0.0000
[sym]       0.0000  1.0000  0.0000
[sym]       0.0000  0.0000  1.0000
[sym] proper:  1
[sym] 
[sym] isym : 3
[sym] R :   1  0  0
[sym]       0  1  0
[sym]       0  0 -1
[sym] Rc:   1.0000  0.0000  0.0000
[sym]       0.0000  1.0000  0.0000
[sym]       0.0000  0.0000 -1.0000
[sym] t :   0.0000  0.0000  0.0000
[sym] S :   1.0000  0.0000  0.0000
[sym]       0.0000  1.0000  0.0000
[sym]       0.0000  0.0000  1.0000
[sym] proper: -1
[sym] 
[sym] isym : 4
[sym] R :   1  0  0
[sym]       0 -1  0
[sym]       0  0 -1
[sym] Rc:   1.0000  0.0000  0.0000
[sym]       0.0000 -1.0000  0.0000
[sym]       0.0000  0.0000 -1.0000
[sym] t :   0.0000  0.0000  0.0000
[sym] S :   1.0000  0.0000  0.0000
[sym]       0.0000  1.0000  0.0000
[sym]       0.0000  0.0000  1.0000
[sym] proper:  1
[sym] 
[sym] isym : 5
[sym] R :  -1  0  0
[sym]       0  1  0
[sym]       0  0  1
[sym] Rc:  -1.0000  0.0000  0.0000
[sym]       0.0000  1.0000  0.0000
[sym]       0.0000  0.0000  1.0000
[sym] t :   0.0000  0.0000  0.0000
[sym] S :   1.0000  0.0000  0.0000
[sym]       0.0000  1.0000  0.0000
[sym]       0.0000  0.0000  1.0000
[sym] proper: -1
[sym] 
[sym] isym : 6
[sym] R :  -1  0  0
[sym]       0  1  0
[sym]       0  0 -1
[sym] Rc:  -1.0000  0.0000  0.0000
[sym]       0.0000  1.0000  0.0000
[sym]       0.0000  0.0000 -1.0000
[sym] t :   0.0000  0.0000  0.0000
[sym] S :   1.0000  0.0000  0.0000
[sym]       0.0000  1.0000  0.0000
[sym]       0.0000  0.0000  1.0000
[sym] proper:  1
[sym] 
[sym] isym : 7
[sym] R :   1  0  0
[sym]       0 -1  0
[sym]       0  0  1
[sym] Rc:   1.0000  0.0000  0.0000
[sym]       0.0000 -1.0000  0.0000
[sym]       0.0000  0.0000  1.0000
[sym] t :   0.0000  0.0000  0.0000
[sym] S :   1.0000  0.0000  0.0000
[sym]       0.0000  1.0000  0.0000
[sym]       0.0000  0.0000  1.0000
[sym] proper: -1
[sym] 
[sym] isym : 8
[sym] R :   0  0  1
[sym]       1  0  0
[sym]       0  1  0
[sym] Rc:   0.0000  0.0000  1.0000
[sym]       1.0000  0.0000  0.0000
[sym]       0.0000  1.0000  0.0000
[sym] t :   0.0000  0.0000  0.0000
[sym] S :   1.0000  0.0000  0.0000
[sym]       0.0000  1.0000  0.0000
[sym]       0.0000  0.0000  1.0000
[sym] proper:  1
[sym] 
[sym] isym : 9
[sym] R :   0  0 -1
[sym]      -1  0  0
[sym]       0 -1  0
[sym] Rc:   0.0000  0.0000 -1.0000
[sym]      -1.0000  0.0000  0.0000
[sym]       0.0000 -1.0000  0.0000
[sym] t :   0.0000  0.0000  0.0000
[sym] S :   1.0000  0.0000  0.0000
[sym]       0.0000  1.0000  0.0000
[sym]       0.0000  0.0000  1.0000
[sym] proper: -1
[sym] 
[sym] isym : 10
[sym] R :   0  0  1
[sym]      -1  0  0
[sym]       0 -1  0
[sym] Rc:   0.0000  0.0000  1.0000
[sym]      -1.0000  0.0000  0.0000
[sym]       0.0000 -1.0000  0.0000
[sym] t :   0.0000  0.0000  0.0000
[sym] S :   1.0000  0.0000  0.0000
[sym]       0.0000  1.0000  0.0000
[sym]       0.0000  0.0000  1.0000
[sym] proper:  1
[sym] 
[sym] isym : 11
[sym] R :   0  0 -1
[sym]       1  0  0
[sym]       0  1  0
[sym] Rc:   0.0000  0.0000 -1.0000
[sym]       1.0000  0.0000  0.0000
[sym]       0.0000  1.0000  0.0000
[sym] t :   0.0000  0.0000  0.0000
[sym] S :   1.0000  0.0000  0.0000
[sym]       0.0000  1.0000  0.0000
[sym]       0.0000  0.0000  1.0000
[sym] proper: -1
[sym] 
[sym] isym : 12
[sym] R :   0  0 -1
[sym]       1  0  0
[sym]       0 -1  0
[sym] Rc:   0.0000  0.0000 -1.0000
[sym]       1.0000  0.0000  0.0000
[sym]       0.0000 -1.0000  0.0000
[sym] t :   0.0000  0.0000  0.0000
[sym] S :   1.0000  0.0000  0.0000
[sym]       0.0000  1.0000  0.0000
[sym]       0.0000  0.0000  1.0000
[sym] proper:  1
[sym] 
[sym] isym : 13
[sym] R :   0  0  1
[sym]      -1  0  0
[sym]       0  1  0
[sym] Rc:   0.0000  0.0000  1.0000
[sym]      -1.0000  0.0000  0.0000
[sym]       0.0000  1.0000  0.0000
[sym] t :   0.0000  0.0000  0.0000
[sym] S :   1.0000  0.0000  0.0000
[sym]       0.0000  1.0000  0.0000
[sym]       0.0000  0.0000  1.0000
[sym] proper: -1
[sym] 
[sym] isym : 14
[sym] R :   0  0 -1
[sym]      -1  0  0
[sym]       0  1  0
[sym] Rc:   0.0000  0.0000 -1.0000
[sym]      -1.0000  0.0000  0.0000
[sym]       0.0000  1.0000  0.0000
[sym] t :   0.0000  0.0000  0.0000
[sym] S :   1.0000  0.0000  0.0000
[sym]       0.0000  1.0000  0.0000
[sym]       0.0000  0.0000  1.0000
[sym] proper:  1
[sym] 
[sym] isym : 15
[sym] R :   0  0  1
[sym]       1  0  0
[sym]       0 -1  0
[sym] Rc:   0.0000  0.0000  1.0000
[sym]       1.0000  0.0000  0.0000
[sym]       0.0000 -1.0000  0.0000
[sym] t :   0.0000  0.0000  0.0000
[sym] S :   1.0000  0.0000  0.0000
[sym]       0.0000  1.0000  0.0000
[sym]       0.0000  0.0000  1.0000
[sym] proper: -1
[sym] 
[sym] isym : 16
[sym] R :   0  1  0
[sym]       0  0  1
[sym]       1  0  0
[sym] Rc:   0.0000  1.0000  0.0000
[sym]       0.0000  0.0000  1.0000
[sym]       1.0000  0.0000  0.0000
[sym] t :   0.0000  0.0000  0.0000
[sym] S :   1.0000  0.0000  0.0000
[sym]       0.0000  1.0000  0.0000
[sym]       0.0000  0.0000  1.0000
[sym] proper:  1
[sym] 
[sym] isym : 17
[sym] R :   0 -1  0
[sym]       0  0 -1
[sym]      -1  0  0
[sym] Rc:   0.0000 -1.0000  0.0000
[sym]       0.0000  0.0000 -1.0000
[sym]      -1.0000  0.0000  0.0000
[sym] t :   0.0000  0.0000  0.0000
[sym] S :   1.0000  0.0000  0.0000
[sym]       0.0000  1.0000  0.0000
[sym]       0.0000  0.0000  1.0000
[sym] proper: -1
[sym] 
[sym] isym : 18
[sym] R :   0 -1  0
[sym]       0  0  1
[sym]      -1  0  0
[sym] Rc:   0.0000 -1.0000  0.0000
[sym]       0.0000  0.0000  1.0000
[sym]      -1.0000  0.0000  0.0000
[sym] t :   0.0000  0.0000  0.0000
[sym] S :   1.0000  0.0000  0.0000
[sym]       0.0000  1.0000  0.0000
[sym]       0.0000  0.0000  1.0000
[sym] proper:  1
[sym] 
[sym] isym : 19
[sym] R :   0  1  0
[sym]       0  0 -1
[sym]       1  0  0
[sym] Rc:   0.0000  1.0000  0.0000
[sym]       0.0000  0.0000 -1.0000
[sym]       1.0000  0.0000  0.0000
[sym] t :   0.0000  0.0000  0.0000
[sym] S :   1.0000  0.0000  0.0000
[sym]       0.0000  1.0000  0.0000
[sym]       0.0000  0.0000  1.0000
[sym] proper: -1
[sym] 
[sym] isym : 20
[sym] R :   0 -1  0
[sym]       0  0 -1
[sym]       1  0  0
[sym] Rc:   0.0000 -1.0000  0.0000
[sym]       0.0000  0.0000 -1.0000
[sym]       1.0000  0.0000  0.0000
[sym] t :   0.0000  0.0000  0.0000
[sym] S :   1.0000  0.0000  0.0000
[sym]       0.0000  1.0000  0.0000
[sym]       0.0000  0.0000  1.0000
[sym] proper:  1
[sym] 
[sym] isym : 21
[sym] R :   0  1  0
[sym]       0  0  1
[sym]      -1  0  0
[sym] Rc:   0.0000  1.0000  0.0000
[sym]       0.0000  0.0000  1.0000
[sym]      -1.0000  0.0000  0.0000
[sym] t :   0.0000  0.0000  0.0000
[sym] S :   1.0000  0.0000  0.0000
[sym]       0.0000  1.0000  0.0000
[sym]       0.0000  0.0000  1.0000
[sym] proper: -1
[sym] 
[sym] isym : 22
[sym] R :   0  1  0
[sym]       0  0 -1
[sym]      -1  0  0
[sym] Rc:   0.0000  1.0000  0.0000
[sym]       0.0000  0.0000 -1.0000
[sym]      -1.0000  0.0000  0.0000
[sym] t :   0.0000  0.0000  0.0000
[sym] S :   1.0000  0.0000  0.0000
[sym]       0.0000  1.0000  0.0000
[sym]       0.0000  0.0000  1.0000
[sym] proper:  1
[sym] 
[sym] isym : 23
[sym] R :   0 -1  0
[sym]       0  0  1
[sym]       1  0  0
[sym] Rc:   0.0000 -1.0000  0.0000
[sym]       0.0000  0.0000  1.0000
[sym]       1.0000  0.0000  0.0000
[sym] t :   0.0000  0.0000  0.0000
[sym] S :   1.0000  0.0000  0.0000
[sym]       0.0000  1.0000  0.0000
[sym]       0.0000  0.0000  1.0000
[sym] proper: -1
[sym] 
[atom type] label          : C
[atom type] --------------------------------------------------------------------------------
[atom type] symbol         : C
[atom type] name           : carbon
[atom type] zn             : 6
[atom type] mass           : 12.0107
[atom type] mt_radius      : 1.30749
[atom type] num_mt_points  : 1500
[atom type] grid_origin    : 1e-06
[atom type] grid_name      : exponential
[atom type] 
[atom type] number of core electrons    : 0
[atom type] number of valence electrons : 6
[atom type] 
[atom type] atomic levels
[atom type] n: 1, l: 0, k: 1, occ: 2, core: 0
[atom type] n: 2, l: 0, k: 1, occ: 2, core: 0
[atom type] n: 2, l: 1, k: 1, occ: 1, core: 0
[atom type] n: 2, l: 1, k: 2, occ: 1, core: 0
[atom type] 
[atom type] local orbitals
[atom type] [{l: 0, n: 1, enu: -9.85341, dme: 0, auto: 1}, {l: 0, n: 1, enu: -9.85341, dme: 1, auto: 1}]
[atom type] [{l: 0, n: 2, enu: 15.124, dme: 0, auto: 1}, {l: 0, n: 2, enu: 15.124, dme: 1, auto: 1}]
[atom type] [{l: 0, n: 1, enu: -9.85341, dme: 1, auto: 1}, {l: 0, n: 1, enu: -9.85341, dme: 2, auto: 1}]
[atom type] [{l: 0, n: 2, enu: 15.124, dme: 1, auto: 1}, {l: 0, n: 2, enu: 15.124, dme: 2, auto: 1}]
[atom type] [{l: 0, n: 3, enu: 63.8984, dme: 0, auto: 1}, {l: 0, n: 3, enu: 63.8984, dme: 1, auto: 1}]
[atom type] [{l: 0, n: 3, enu: 63.8984, dme: 1, auto: 1}, {l: 0, n: 3, enu: 63.8984, dme: 2, auto: 1}]
[atom type] [{l: 1, n: 2, enu: 7.48172, dme: 0, auto: 1}, {l: 1, n: 2, enu: 7.48172, dme: 1, auto: 1}]
[atom type] [{l: 1, n: 2, enu: 7.48172, dme: 1, auto: 1}, {l: 1, n: 2, enu: 7.48172, dme: 2, auto: 1}]
[atom type] [{l: 1, n: 3, enu: 43.4619, dme: 0, auto: 1}, {l: 1, n: 3, enu: 43.4619, dme: 1, auto: 1}]
[atom type] [{l: 1, n: 3, enu: 43.4619, dme: 1, auto: 1}, {l: 1, n: 3, enu: 43.4619, dme: 2, auto: 1}]
[atom type] [{l: 2, n: 3, enu: 21.193, dme: 0, auto: 1}, {l: 2, n: 3, enu: 21.193, dme: 1, auto: 1}]
[atom type] [{l: 2, n: 3, enu: 21.193, dme: 1, auto: 1}, {l: 2, n: 3, enu: 21.193, dme: 2, auto: 1}]
[atom type] 
[atom type] augmented wave basis
[atom type] [{l: 0, n: 2, enu: 0.15, dme: 0, auto: 1}, {l: 0, n: 2, enu: 0.15, dme: 1, auto: 1}]
[atom type] [{l: 1, n: 2, enu: 0.15, dme: 0, auto: 1}, {l: 1, n: 2, enu: 0.15, dme: 1, auto: 1}]
[atom type] [{l: 2, n: 3, enu: 0.15, dme: 0, auto: 0}, {l: 2, n: 3, enu: 0.15, dme: 1, auto: 0}]
[atom type] [{l: 3, n: 4, enu: 0.15, dme: 0, auto: 0}, {l: 3, n: 4, enu: 0.15, dme: 1, auto: 0}]
[atom type] [{l: 4, n: 5, enu: 0.15, dme: 0, auto: 0}, {l: 4, n: 5, enu: 0.15, dme: 1, auto: 0}]
[atom type] [{l: 5, n: 6, enu: 0.15, dme: 0, auto: 0}, {l: 5, n: 6, enu: 0.15, dme: 1, auto: 0}]
[atom type] [{l: 6, n: 7, enu: 0.15, dme: 0, auto: 0}, {l: 6, n: 7, enu: 0.15, dme: 1, auto: 0}]
[atom type] [{l: 7, n: 8, enu: 0.15, dme: 0, auto: 0}, {l: 7, n: 8, enu: 0.15, dme: 1, auto: 0}]
[atom type] [{l: 8, n: 9, enu: 0.15, dme: 0, auto: 0}, {l: 8, n: 9, enu: 0.15, dme: 1, auto: 0}]
[atom type] maximum order of aw : 2
[atom type] 
[atom type] total number of radial functions : 30
[atom type] lmax of radial functions         : 8
[atom type] max. number of radial functions  : 8
[atom type] total number of basis functions  : 190
[atom type] number of aw basis functions     : 162
[atom type] number of lo basis functions     : 28
[atom type] lmax_apw                         : 8
[atom type] Hubbard correction               : false
[atom type] spin-orbit coupling              : false
[atom type] atomic wave-functions            : 
[atom type] 
[info] total nuclear charge               : 360
[info] number of core electrons           : 0
[info] number of valence electrons        : 360
[info] total number of electrons          : 360
[info] extra charge                       : 0
[info] total number of aw basis functions : 9720
[info] total number of lo basis functions : 1680
[info] number of first-variational states : 216
[info] number of bands                    : 216
[info] number of spins                    : 1
[info] number of magnetic dimensions      : 0
[info] number of spinor components        : 1
[info] number of spinors per band index   : 1
[info] lmax_apw                           : 8
[info] lmax_rho                           : 8
[info] lmax_pot                           : 8
[info] lmax_rf                            : 8
[info] smearing type                      : gaussian
[info] smearing width                     : 0.025
[info] cyclic block size                  : 1024
[info] |G+k| cutoff                       : 5
[info] symmetry                           : true
[info] so_correction                      : false
[info] valence relativity                 : zora
[info] core relativity                    : Dirac
[info] standard eigen-value solver        : DLA-Future
[info] generalized eigen-value solver     : DLA-Future
[info] processing unit                    : GPU
[info] number of devices                  : 1
[info]   name                             : NVIDIA GH200 120GB
[info]   major                            : 9
[info]   minor                            : 0
[info]   clockRate                        : 1980000 kHz
[info]   memoryClockRate                  : 2619000 kHz
[info]   memoryBusWidth                   : 6144 bits
[info]   sharedMemPerBlock                : 48 kB
[info]   totalConstMem                    : 64 kB
[info]   totalGlobalMem                   : 99090432 kB
[info]   available memory                 : 88103232 kB
[info]   l2CacheSize                      : 61440 kB
[info]   warpSize                         : 32
[info]   regsPerBlock                     : 65536
[info]   canMapHostMemory                 : 1
[info]   concurrentKernels                : 1
[info]   maxGridSize                      : 2147483647 65535 65535
[info]   maxThreadsDim                    : 1024 1024 64
[info]   maxThreadsPerBlock               : 1024
[info]   maxThreadsPerMultiProcessor      : 2048
[info]   multiProcessorCount              : 132
[info]   pciBusID                         : 1
[info]   pciDeviceID                      : 0
[info]   pciDomainID                      : 9
[info]   regsPerMultiprocessor            : 65536
[info]   asyncEngineCount                 : 3
[info]   ECCEnabled                       : 1
[info]   memPitch                         : 2147483647
[info] 
[info] iterative solver                   : exact
[info] number of steps                    : 20
[info] subspace size                      : 2
[info] early restart ratio                : 0.5
[info] precision_wf                       : fp64
[info] precision_hs                       : fp64
[info] mixer                              : broyden1
[info] mixing beta                        : 0.8
[info] max_history                        : 8
[info] use_hartree                        : false
[info] 
[info] spglib version: 2.5.0
[info] HDF5 version: 1.14.5
[info] Libxc version: 6.2.2
[info] 
[info] XC functionals
[info] ==============
[info] 1) XC_LDA_X : Slater exchange
[info] P. A. M. Dirac.,  Math. Proc. Cambridge Philos. Soc. 26, 376 (1930) (10.1017/S0305004100016108)
[info] F. Bloch.,  Z. Phys. 57, 545 (1929) (10.1007/BF01340281)
[info] 
[info] 2) XC_LDA_C_PZ : Perdew & Zunger
[info] J. P. Perdew and A. Zunger.,  Phys. Rev. B 23, 5048 (1981) (10.1103/PhysRevB.23.5048)
[info] 
+----------------------+
| new SCF ground state |
+----------------------+
[print_info] 
[print_info] total number of k-points : 1
[print_info] --------------------------------------------------------------------------------
[print_info] 
[print_info]   ik                vk                    weight  num_gkvec   gklo_basis_size
[print_info] --------------------------------------------------------------------------------
[print_info]    0   0.0000   0.0000   0.0000         1.000000      16879             18559
[find] density_tol               : 1e-06
[find] energy_tol                : 1e-08
[find] iter_solver_tol (initial) : 0.01
[find] iter_solver_tol (target)  : 1e-13
[find] num_dft_iter              : 2
[find] 
[find] +------------------------------+
[find] | SCF iteration   0 out of   2|
[find] +------------------------------+
[find] 
[generate_radial_functions] 
[generate_radial_functions] Linearization energies
[generate_radial_functions] Atom : C, class id : 0
[generate_radial_functions] augmented waves
[generate_radial_functions] {l: 0, n: 2, enu: 2.59084, dme: 0, auto: 1}
[generate_radial_functions] {l: 0, n: 2, enu: 2.59084, dme: 1, auto: 1}
[generate_radial_functions] {l: 1, n: 2, enu: 2.36848, dme: 0, auto: 1}
[generate_radial_functions] {l: 1, n: 2, enu: 2.36848, dme: 1, auto: 1}
[generate_radial_functions] local orbitals
[generate_radial_functions] {l: 0, n: 1, enu: -5.24277, dme: 0, auto: 1}
[generate_radial_functions] {l: 0, n: 1, enu: -5.24277, dme: 1, auto: 1}
[generate_radial_functions] {l: 0, n: 2, enu: 2.59084, dme: 0, auto: 1}
[generate_radial_functions] {l: 0, n: 2, enu: 2.59084, dme: 1, auto: 1}
[generate_radial_functions] {l: 0, n: 1, enu: -5.24277, dme: 1, auto: 1}
[generate_radial_functions] {l: 0, n: 1, enu: -5.24277, dme: 2, auto: 1}
[generate_radial_functions] {l: 0, n: 2, enu: 2.59084, dme: 1, auto: 1}
[generate_radial_functions] {l: 0, n: 2, enu: 2.59084, dme: 2, auto: 1}
[generate_radial_functions] {l: 0, n: 3, enu: 13.7761, dme: 0, auto: 1}
[generate_radial_functions] {l: 0, n: 3, enu: 13.7761, dme: 1, auto: 1}
[generate_radial_functions] {l: 0, n: 3, enu: 13.7761, dme: 1, auto: 1}
[generate_radial_functions] {l: 0, n: 3, enu: 13.7761, dme: 2, auto: 1}
[generate_radial_functions] {l: 1, n: 2, enu: 2.36848, dme: 0, auto: 1}
[generate_radial_functions] {l: 1, n: 2, enu: 2.36848, dme: 1, auto: 1}
[generate_radial_functions] {l: 1, n: 2, enu: 2.36848, dme: 1, auto: 1}
[generate_radial_functions] {l: 1, n: 2, enu: 2.36848, dme: 2, auto: 1}
[generate_radial_functions] {l: 1, n: 3, enu: 10.9631, dme: 0, auto: 1}
[generate_radial_functions] {l: 1, n: 3, enu: 10.9631, dme: 1, auto: 1}
[generate_radial_functions] {l: 1, n: 3, enu: 10.9631, dme: 1, auto: 1}
[generate_radial_functions] {l: 1, n: 3, enu: 10.9631, dme: 2, auto: 1}
[generate_radial_functions] {l: 2, n: 3, enu: 5.78521, dme: 0, auto: 1}
[generate_radial_functions] {l: 2, n: 3, enu: 5.78521, dme: 1, auto: 1}
[generate_radial_functions] {l: 2, n: 3, enu: 5.78521, dme: 1, auto: 1}
[generate_radial_functions] {l: 2, n: 3, enu: 5.78521, dme: 2, auto: 1}
[generate_radial_functions] 
[generate_radial_functions] Atom : C, class id : 1
[generate_radial_functions] augmented waves
[generate_radial_functions] {l: 0, n: 2, enu: 2.60365, dme: 0, auto: 1}
[generate_radial_functions] {l: 0, n: 2, enu: 2.60365, dme: 1, auto: 1}
[generate_radial_functions] {l: 1, n: 2, enu: 2.38127, dme: 0, auto: 1}
[generate_radial_functions] {l: 1, n: 2, enu: 2.38127, dme: 1, auto: 1}
[generate_radial_functions] local orbitals
[generate_radial_functions] {l: 0, n: 1, enu: -5.23019, dme: 0, auto: 1}
[generate_radial_functions] {l: 0, n: 1, enu: -5.23019, dme: 1, auto: 1}
[generate_radial_functions] {l: 0, n: 2, enu: 2.60365, dme: 0, auto: 1}
[generate_radial_functions] {l: 0, n: 2, enu: 2.60365, dme: 1, auto: 1}
[generate_radial_functions] {l: 0, n: 1, enu: -5.23019, dme: 1, auto: 1}
[generate_radial_functions] {l: 0, n: 1, enu: -5.23019, dme: 2, auto: 1}
[generate_radial_functions] {l: 0, n: 2, enu: 2.60365, dme: 1, auto: 1}
[generate_radial_functions] {l: 0, n: 2, enu: 2.60365, dme: 2, auto: 1}
[generate_radial_functions] {l: 0, n: 3, enu: 13.7888, dme: 0, auto: 1}
[generate_radial_functions] {l: 0, n: 3, enu: 13.7888, dme: 1, auto: 1}
[generate_radial_functions] {l: 0, n: 3, enu: 13.7888, dme: 1, auto: 1}
[generate_radial_functions] {l: 0, n: 3, enu: 13.7888, dme: 2, auto: 1}
[generate_radial_functions] {l: 1, n: 2, enu: 2.38127, dme: 0, auto: 1}
[generate_radial_functions] {l: 1, n: 2, enu: 2.38127, dme: 1, auto: 1}
[generate_radial_functions] {l: 1, n: 2, enu: 2.38127, dme: 1, auto: 1}
[generate_radial_functions] {l: 1, n: 2, enu: 2.38127, dme: 2, auto: 1}
[generate_radial_functions] {l: 1, n: 3, enu: 10.9758, dme: 0, auto: 1}
[generate_radial_functions] {l: 1, n: 3, enu: 10.9758, dme: 1, auto: 1}
[generate_radial_functions] {l: 1, n: 3, enu: 10.9758, dme: 1, auto: 1}
[generate_radial_functions] {l: 1, n: 3, enu: 10.9758, dme: 2, auto: 1}
[generate_radial_functions] {l: 2, n: 3, enu: 5.79806, dme: 0, auto: 1}
[generate_radial_functions] {l: 2, n: 3, enu: 5.79806, dme: 1, auto: 1}
[generate_radial_functions] {l: 2, n: 3, enu: 5.79806, dme: 1, auto: 1}
[generate_radial_functions] {l: 2, n: 3, enu: 5.79806, dme: 2, auto: 1}
[generate_radial_functions] 
[generate_radial_functions] Atom : C, class id : 2
[generate_radial_functions] augmented waves
[generate_radial_functions] {l: 0, n: 2, enu: 2.60274, dme: 0, auto: 1}
[generate_radial_functions] {l: 0, n: 2, enu: 2.60274, dme: 1, auto: 1}
[generate_radial_functions] {l: 1, n: 2, enu: 2.38035, dme: 0, auto: 1}
[generate_radial_functions] {l: 1, n: 2, enu: 2.38035, dme: 1, auto: 1}
[generate_radial_functions] local orbitals
[generate_radial_functions] {l: 0, n: 1, enu: -5.2311, dme: 0, auto: 1}
[generate_radial_functions] {l: 0, n: 1, enu: -5.2311, dme: 1, auto: 1}
[generate_radial_functions] {l: 0, n: 2, enu: 2.60274, dme: 0, auto: 1}
[generate_radial_functions] {l: 0, n: 2, enu: 2.60274, dme: 1, auto: 1}
[generate_radial_functions] {l: 0, n: 1, enu: -5.2311, dme: 1, auto: 1}
[generate_radial_functions] {l: 0, n: 1, enu: -5.2311, dme: 2, auto: 1}
[generate_radial_functions] {l: 0, n: 2, enu: 2.60274, dme: 1, auto: 1}
[generate_radial_functions] {l: 0, n: 2, enu: 2.60274, dme: 2, auto: 1}
[generate_radial_functions] {l: 0, n: 3, enu: 13.7879, dme: 0, auto: 1}
[generate_radial_functions] {l: 0, n: 3, enu: 13.7879, dme: 1, auto: 1}
[generate_radial_functions] {l: 0, n: 3, enu: 13.7879, dme: 1, auto: 1}
[generate_radial_functions] {l: 0, n: 3, enu: 13.7879, dme: 2, auto: 1}
[generate_radial_functions] {l: 1, n: 2, enu: 2.38035, dme: 0, auto: 1}
[generate_radial_functions] {l: 1, n: 2, enu: 2.38035, dme: 1, auto: 1}
[generate_radial_functions] {l: 1, n: 2, enu: 2.38035, dme: 1, auto: 1}
[generate_radial_functions] {l: 1, n: 2, enu: 2.38035, dme: 2, auto: 1}
[generate_radial_functions] {l: 1, n: 3, enu: 10.9749, dme: 0, auto: 1}
[generate_radial_functions] {l: 1, n: 3, enu: 10.9749, dme: 1, auto: 1}
[generate_radial_functions] {l: 1, n: 3, enu: 10.9749, dme: 1, auto: 1}
[generate_radial_functions] {l: 1, n: 3, enu: 10.9749, dme: 2, auto: 1}
[generate_radial_functions] {l: 2, n: 3, enu: 5.79715, dme: 0, auto: 1}
[generate_radial_functions] {l: 2, n: 3, enu: 5.79715, dme: 1, auto: 1}
[generate_radial_functions] {l: 2, n: 3, enu: 5.79715, dme: 1, auto: 1}
[generate_radial_functions] {l: 2, n: 3, enu: 5.79715, dme: 2, auto: 1}
[generate_radial_functions] 
[diagonalize] Lowest band energies
[diagonalize] ik:    0   -5.243128   -5.243127   -5.243127   -5.243127   -5.243126   -5.243126   -5.241561   -5.241561   -5.241561   -5.241561
[find] 
[find] Charges and magnetic moments
[find] --------------------------------------------------------------------------------
[find] atom      charge    core leakage
[find] --------------------------------------------------------------------------------
[find]    0    3.198699    0.000000e+00
[find]    1    3.198699    0.000000e+00
[find]    2    3.198699    0.000000e+00
[find]    3    3.198699    0.000000e+00
[find]    4    3.198699    0.000000e+00
[find]    5    3.198699    0.000000e+00
[find]    6    3.198699    0.000000e+00
[find]    7    3.198699    0.000000e+00
[find]    8    3.198699    0.000000e+00
[find]    9    3.198699    0.000000e+00
[find]   10    3.198699    0.000000e+00
[find]   11    3.198699    0.000000e+00
[find]   12    3.195904    0.000000e+00
[find]   13    3.195904    0.000000e+00
[find]   14    3.195904    0.000000e+00
[find]   15    3.195904    0.000000e+00
[find]   16    3.195904    0.000000e+00
[find]   17    3.195904    0.000000e+00
[find]   18    3.195904    0.000000e+00
[find]   19    3.195904    0.000000e+00
[find]   20    3.195904    0.000000e+00
[find]   21    3.195904    0.000000e+00
[find]   22    3.195904    0.000000e+00
[find]   23    3.195904    0.000000e+00
[find]   24    3.195904    0.000000e+00
[find]   25    3.195904    0.000000e+00
[find]   26    3.195904    0.000000e+00
[find]   27    3.195904    0.000000e+00
[find]   28    3.195904    0.000000e+00
[find]   29    3.195904    0.000000e+00
[find]   30    3.195904    0.000000e+00
[find]   31    3.195904    0.000000e+00
[find]   32    3.195904    0.000000e+00
[find]   33    3.195904    0.000000e+00
[find]   34    3.195904    0.000000e+00
[find]   35    3.195904    0.000000e+00
[find]   36    3.193254    0.000000e+00
[find]   37    3.193254    0.000000e+00
[find]   38    3.193254    0.000000e+00
[find]   39    3.193254    0.000000e+00
[find]   40    3.193254    0.000000e+00
[find]   41    3.193254    0.000000e+00
[find]   42    3.193254    0.000000e+00
[find]   43    3.193254    0.000000e+00
[find]   44    3.193254    0.000000e+00
[find]   45    3.193254    0.000000e+00
[find]   46    3.193254    0.000000e+00
[find]   47    3.193254    0.000000e+00
[find]   48    3.193254    0.000000e+00
[find]   49    3.193254    0.000000e+00
[find]   50    3.193254    0.000000e+00
[find]   51    3.193254    0.000000e+00
[find]   52    3.193254    0.000000e+00
[find]   53    3.193254    0.000000e+00
[find]   54    3.193254    0.000000e+00
[find]   55    3.193254    0.000000e+00
[find]   56    3.193254    0.000000e+00
[find]   57    3.193254    0.000000e+00
[find]   58    3.193254    0.000000e+00
[find]   59    3.193254    0.000000e+00
[find] 
[find] total core leakage    : 0.00000000e+00
[find] interstitial charge   : 168.275806
[find] total charge          : 360.000000
[find] 
[find] Energy
[find] --------------------------------------------------------------------------------
[find] valence_eval_sum               :    -581.68860437
[find] core_eval_sum                  :       0.00000000
[find] kinetic energy                 :    3370.91819871
[find] enuc                           :   -2293.70936873
[find] <rho|V^{XC}>                   :    -375.04393114
[find] <rho|E^{XC}>                   :    -284.80570614
[find] <mag|B^{XC}>                   :       0.00000000
[find] <rho|V^{H}>                    :   -3577.56467150
[find] smearing (-TS)                 :      -0.27592502
[find] SCF correction                 :   -1023.19200826
[find] Total energy                   :   -2019.57122018 (Ha),   -4039.14244036 (Ry)
[find] Free energy (E-TS)             :   -2019.84714520 (Ha),   -4039.69429039 (Ry)
[find] 
[find] band gap (eV)                  :       0.00000000
[find] Efermi                         :       0.37608067
[find] 
[find] iteration : 0, RMS : 4.811594847279e-01, energy difference : -2.019571220178e+03
[find] 
[find] +------------------------------+
[find] | SCF iteration   1 out of   2|
[find] +------------------------------+
[find] 
[generate_radial_functions] 
[generate_radial_functions] Linearization energies
[generate_radial_functions] Atom : C, class id : 0
[generate_radial_functions] augmented waves
[generate_radial_functions] {l: 0, n: 2, enu: -1.1717, dme: 0, auto: 1}
[generate_radial_functions] {l: 0, n: 2, enu: -1.1717, dme: 1, auto: 1}
[generate_radial_functions] {l: 1, n: 2, enu: -1.30849, dme: 0, auto: 1}
[generate_radial_functions] {l: 1, n: 2, enu: -1.30849, dme: 1, auto: 1}
[generate_radial_functions] local orbitals
[generate_radial_functions] {l: 0, n: 1, enu: -11.9405, dme: 0, auto: 1}
[generate_radial_functions] {l: 0, n: 1, enu: -11.9405, dme: 1, auto: 1}
[generate_radial_functions] {l: 0, n: 2, enu: -1.1717, dme: 0, auto: 1}
[generate_radial_functions] {l: 0, n: 2, enu: -1.1717, dme: 1, auto: 1}
[generate_radial_functions] {l: 0, n: 1, enu: -11.9405, dme: 1, auto: 1}
[generate_radial_functions] {l: 0, n: 1, enu: -11.9405, dme: 2, auto: 1}
[generate_radial_functions] {l: 0, n: 2, enu: -1.1717, dme: 1, auto: 1}
[generate_radial_functions] {l: 0, n: 2, enu: -1.1717, dme: 2, auto: 1}
[generate_radial_functions] {l: 0, n: 3, enu: 9.41005, dme: 0, auto: 1}
[generate_radial_functions] {l: 0, n: 3, enu: 9.41005, dme: 1, auto: 1}
[generate_radial_functions] {l: 0, n: 3, enu: 9.41005, dme: 1, auto: 1}
[generate_radial_functions] {l: 0, n: 3, enu: 9.41005, dme: 2, auto: 1}
[generate_radial_functions] {l: 1, n: 2, enu: -1.30849, dme: 0, auto: 1}
[generate_radial_functions] {l: 1, n: 2, enu: -1.30849, dme: 1, auto: 1}
[generate_radial_functions] {l: 1, n: 2, enu: -1.30849, dme: 1, auto: 1}
[generate_radial_functions] {l: 1, n: 2, enu: -1.30849, dme: 2, auto: 1}
[generate_radial_functions] {l: 1, n: 3, enu: 6.70322, dme: 0, auto: 1}
[generate_radial_functions] {l: 1, n: 3, enu: 6.70322, dme: 1, auto: 1}
[generate_radial_functions] {l: 1, n: 3, enu: 6.70322, dme: 1, auto: 1}
[generate_radial_functions] {l: 1, n: 3, enu: 6.70322, dme: 2, auto: 1}
[generate_radial_functions] {l: 2, n: 3, enu: 2.50033, dme: 0, auto: 1}
[generate_radial_functions] {l: 2, n: 3, enu: 2.50033, dme: 1, auto: 1}
[generate_radial_functions] {l: 2, n: 3, enu: 2.50033, dme: 1, auto: 1}
[generate_radial_functions] {l: 2, n: 3, enu: 2.50033, dme: 2, auto: 1}
[generate_radial_functions] 
[generate_radial_functions] Atom : C, class id : 1
[generate_radial_functions] augmented waves
[generate_radial_functions] {l: 0, n: 2, enu: -1.01696, dme: 0, auto: 1}
[generate_radial_functions] {l: 0, n: 2, enu: -1.01696, dme: 1, auto: 1}
[generate_radial_functions] {l: 1, n: 2, enu: -1.15389, dme: 0, auto: 1}
[generate_radial_functions] {l: 1, n: 2, enu: -1.15389, dme: 1, auto: 1}
[generate_radial_functions] local orbitals
[generate_radial_functions] {l: 0, n: 1, enu: -11.7858, dme: 0, auto: 1}
[generate_radial_functions] {l: 0, n: 1, enu: -11.7858, dme: 1, auto: 1}
[generate_radial_functions] {l: 0, n: 2, enu: -1.01696, dme: 0, auto: 1}
[generate_radial_functions] {l: 0, n: 2, enu: -1.01696, dme: 1, auto: 1}
[generate_radial_functions] {l: 0, n: 1, enu: -11.7858, dme: 1, auto: 1}
[generate_radial_functions] {l: 0, n: 1, enu: -11.7858, dme: 2, auto: 1}
[generate_radial_functions] {l: 0, n: 2, enu: -1.01696, dme: 1, auto: 1}
[generate_radial_functions] {l: 0, n: 2, enu: -1.01696, dme: 2, auto: 1}
[generate_radial_functions] {l: 0, n: 3, enu: 9.56484, dme: 0, auto: 1}
[generate_radial_functions] {l: 0, n: 3, enu: 9.56484, dme: 1, auto: 1}
[generate_radial_functions] {l: 0, n: 3, enu: 9.56484, dme: 1, auto: 1}
[generate_radial_functions] {l: 0, n: 3, enu: 9.56484, dme: 2, auto: 1}
[generate_radial_functions] {l: 1, n: 2, enu: -1.15389, dme: 0, auto: 1}
[generate_radial_functions] {l: 1, n: 2, enu: -1.15389, dme: 1, auto: 1}
[generate_radial_functions] {l: 1, n: 2, enu: -1.15389, dme: 1, auto: 1}
[generate_radial_functions] {l: 1, n: 2, enu: -1.15389, dme: 2, auto: 1}
[generate_radial_functions] {l: 1, n: 3, enu: 6.85788, dme: 0, auto: 1}
[generate_radial_functions] {l: 1, n: 3, enu: 6.85788, dme: 1, auto: 1}
[generate_radial_functions] {l: 1, n: 3, enu: 6.85788, dme: 1, auto: 1}
[generate_radial_functions] {l: 1, n: 3, enu: 6.85788, dme: 2, auto: 1}
[generate_radial_functions] {l: 2, n: 3, enu: 2.65507, dme: 0, auto: 1}
[generate_radial_functions] {l: 2, n: 3, enu: 2.65507, dme: 1, auto: 1}
[generate_radial_functions] {l: 2, n: 3, enu: 2.65507, dme: 1, auto: 1}
[generate_radial_functions] {l: 2, n: 3, enu: 2.65507, dme: 2, auto: 1}
[generate_radial_functions] 
[generate_radial_functions] Atom : C, class id : 2
[generate_radial_functions] augmented waves
[generate_radial_functions] {l: 0, n: 2, enu: -1.04234, dme: 0, auto: 1}
[generate_radial_functions] {l: 0, n: 2, enu: -1.04234, dme: 1, auto: 1}
[generate_radial_functions] {l: 1, n: 2, enu: -1.17932, dme: 0, auto: 1}
[generate_radial_functions] {l: 1, n: 2, enu: -1.17932, dme: 1, auto: 1}
[generate_radial_functions] local orbitals
[generate_radial_functions] {l: 0, n: 1, enu: -11.8124, dme: 0, auto: 1}
[generate_radial_functions] {l: 0, n: 1, enu: -11.8124, dme: 1, auto: 1}
[generate_radial_functions] {l: 0, n: 2, enu: -1.04234, dme: 0, auto: 1}
[generate_radial_functions] {l: 0, n: 2, enu: -1.04234, dme: 1, auto: 1}
[generate_radial_functions] {l: 0, n: 1, enu: -11.8124, dme: 1, auto: 1}
[generate_radial_functions] {l: 0, n: 1, enu: -11.8124, dme: 2, auto: 1}
[generate_radial_functions] {l: 0, n: 2, enu: -1.04234, dme: 1, auto: 1}
[generate_radial_functions] {l: 0, n: 2, enu: -1.04234, dme: 2, auto: 1}
[generate_radial_functions] {l: 0, n: 3, enu: 9.53921, dme: 0, auto: 1}
[generate_radial_functions] {l: 0, n: 3, enu: 9.53921, dme: 1, auto: 1}
[generate_radial_functions] {l: 0, n: 3, enu: 9.53921, dme: 1, auto: 1}
[generate_radial_functions] {l: 0, n: 3, enu: 9.53921, dme: 2, auto: 1}
[generate_radial_functions] {l: 1, n: 2, enu: -1.17932, dme: 0, auto: 1}
[generate_radial_functions] {l: 1, n: 2, enu: -1.17932, dme: 1, auto: 1}
[generate_radial_functions] {l: 1, n: 2, enu: -1.17932, dme: 1, auto: 1}
[generate_radial_functions] {l: 1, n: 2, enu: -1.17932, dme: 2, auto: 1}
[generate_radial_functions] {l: 1, n: 3, enu: 6.83229, dme: 0, auto: 1}
[generate_radial_functions] {l: 1, n: 3, enu: 6.83229, dme: 1, auto: 1}
[generate_radial_functions] {l: 1, n: 3, enu: 6.83229, dme: 1, auto: 1}
[generate_radial_functions] {l: 1, n: 3, enu: 6.83229, dme: 2, auto: 1}
[generate_radial_functions] {l: 2, n: 3, enu: 2.62988, dme: 0, auto: 1}
[generate_radial_functions] {l: 2, n: 3, enu: 2.62988, dme: 1, auto: 1}
[generate_radial_functions] {l: 2, n: 3, enu: 2.62988, dme: 1, auto: 1}
[generate_radial_functions] {l: 2, n: 3, enu: 2.62988, dme: 2, auto: 1}
[generate_radial_functions] 
[diagonalize] Lowest band energies
[diagonalize] ik:    0  -11.941031  -11.941031  -11.941031  -11.941031  -11.941031  -11.941031  -11.940823  -11.940823  -11.940823  -11.940823
[find] 
[find] Charges and magnetic moments
[find] --------------------------------------------------------------------------------
[find] atom      charge    core leakage
[find] --------------------------------------------------------------------------------
[find]    0    4.468752    0.000000e+00
[find]    1    4.468752    0.000000e+00
[find]    2    4.468752    0.000000e+00
[find]    3    4.468752    0.000000e+00
[find]    4    4.468752    0.000000e+00
[find]    5    4.468752    0.000000e+00
[find]    6    4.468752    0.000000e+00
[find]    7    4.468752    0.000000e+00
[find]    8    4.468752    0.000000e+00
[find]    9    4.468752    0.000000e+00
[find]   10    4.468752    0.000000e+00
[find]   11    4.468752    0.000000e+00
[find]   12    3.812193    0.000000e+00
[find]   13    3.812193    0.000000e+00
[find]   14    3.812193    0.000000e+00
[find]   15    3.812193    0.000000e+00
[find]   16    3.812193    0.000000e+00
[find]   17    3.812193    0.000000e+00
[find]   18    3.812193    0.000000e+00
[find]   19    3.812193    0.000000e+00
[find]   20    3.812193    0.000000e+00
[find]   21    3.812193    0.000000e+00
[find]   22    3.812193    0.000000e+00
[find]   23    3.812193    0.000000e+00
[find]   24    3.812193    0.000000e+00
[find]   25    3.812193    0.000000e+00
[find]   26    3.812193    0.000000e+00
[find]   27    3.812193    0.000000e+00
[find]   28    3.812193    0.000000e+00
[find]   29    3.812193    0.000000e+00
[find]   30    3.812193    0.000000e+00
[find]   31    3.812193    0.000000e+00
[find]   32    3.812193    0.000000e+00
[find]   33    3.812193    0.000000e+00
[find]   34    3.812193    0.000000e+00
[find]   35    3.812193    0.000000e+00
[find]   36    3.997018    0.000000e+00
[find]   37    3.997018    0.000000e+00
[find]   38    3.997018    0.000000e+00
[find]   39    3.997018    0.000000e+00
[find]   40    3.997018    0.000000e+00
[find]   41    3.997018    0.000000e+00
[find]   42    3.997018    0.000000e+00
[find]   43    3.997018    0.000000e+00
[find]   44    3.997018    0.000000e+00
[find]   45    3.997018    0.000000e+00
[find]   46    3.997018    0.000000e+00
[find]   47    3.997018    0.000000e+00
[find]   48    3.997018    0.000000e+00
[find]   49    3.997018    0.000000e+00
[find]   50    3.997018    0.000000e+00
[find]   51    3.997018    0.000000e+00
[find]   52    3.997018    0.000000e+00
[find]   53    3.997018    0.000000e+00
[find]   54    3.997018    0.000000e+00
[find]   55    3.997018    0.000000e+00
[find]   56    3.997018    0.000000e+00
[find]   57    3.997018    0.000000e+00
[find]   58    3.997018    0.000000e+00
[find]   59    3.997018    0.000000e+00
[find] 
[find] total core leakage    : 0.00000000e+00
[find] interstitial charge   : 118.953905
[find] total charge          : 360.000000
[find] 
[find] Energy
[find] --------------------------------------------------------------------------------
[find] valence_eval_sum               :   -1997.96479768
[find] core_eval_sum                  :       0.00000000
[find] kinetic energy                 :    1414.41066630
[find] enuc                           :   -2715.54064724
[find] <rho|V^{XC}>                   :    -404.68690482
[find] <rho|E^{XC}>                   :    -307.36561466
[find] <mag|B^{XC}>                   :       0.00000000
[find] <rho|V^{H}>                    :   -3007.68913848
[find] smearing (-TS)                 :      -0.15557601
[find] SCF correction                 :     898.89049426
[find] Total energy                   :   -2213.44967060 (Ha),   -4426.89934119 (Ry)
[find] Free energy (E-TS)             :   -2213.60524661 (Ha),   -4427.21049322 (Ry)
[find] 
[find] band gap (eV)                  :       0.00000000
[find] Efermi                         :      -1.86830822
[find] 
[find] iteration : 1, RMS : 5.427292375892e-02, energy difference : -1.938784504187e+02
[find] 
[find] Charges and magnetic moments
[find] --------------------------------------------------------------------------------
[find] atom      charge    core leakage
[find] --------------------------------------------------------------------------------
[find]    0    4.468752    0.000000e+00
[find]    1    4.468752    0.000000e+00
[find]    2    4.468752    0.000000e+00
[find]    3    4.468752    0.000000e+00
[find]    4    4.468752    0.000000e+00
[find]    5    4.468752    0.000000e+00
[find]    6    4.468752    0.000000e+00
[find]    7    4.468752    0.000000e+00
[find]    8    4.468752    0.000000e+00
[find]    9    4.468752    0.000000e+00
[find]   10    4.468752    0.000000e+00
[find]   11    4.468752    0.000000e+00
[find]   12    3.812193    0.000000e+00
[find]   13    3.812193    0.000000e+00
[find]   14    3.812193    0.000000e+00
[find]   15    3.812193    0.000000e+00
[find]   16    3.812193    0.000000e+00
[find]   17    3.812193    0.000000e+00
[find]   18    3.812193    0.000000e+00
[find]   19    3.812193    0.000000e+00
[find]   20    3.812193    0.000000e+00
[find]   21    3.812193    0.000000e+00
[find]   22    3.812193    0.000000e+00
[find]   23    3.812193    0.000000e+00
[find]   24    3.812193    0.000000e+00
[find]   25    3.812193    0.000000e+00
[find]   26    3.812193    0.000000e+00
[find]   27    3.812193    0.000000e+00
[find]   28    3.812193    0.000000e+00
[find]   29    3.812193    0.000000e+00
[find]   30    3.812193    0.000000e+00
[find]   31    3.812193    0.000000e+00
[find]   32    3.812193    0.000000e+00
[find]   33    3.812193    0.000000e+00
[find]   34    3.812193    0.000000e+00
[find]   35    3.812193    0.000000e+00
[find]   36    3.997018    0.000000e+00
[find]   37    3.997018    0.000000e+00
[find]   38    3.997018    0.000000e+00
[find]   39    3.997018    0.000000e+00
[find]   40    3.997018    0.000000e+00
[find]   41    3.997018    0.000000e+00
[find]   42    3.997018    0.000000e+00
[find]   43    3.997018    0.000000e+00
[find]   44    3.997018    0.000000e+00
[find]   45    3.997018    0.000000e+00
[find]   46    3.997018    0.000000e+00
[find]   47    3.997018    0.000000e+00
[find]   48    3.997018    0.000000e+00
[find]   49    3.997018    0.000000e+00
[find]   50    3.997018    0.000000e+00
[find]   51    3.997018    0.000000e+00
[find]   52    3.997018    0.000000e+00
[find]   53    3.997018    0.000000e+00
[find]   54    3.997018    0.000000e+00
[find]   55    3.997018    0.000000e+00
[find]   56    3.997018    0.000000e+00
[find]   57    3.997018    0.000000e+00
[find]   58    3.997018    0.000000e+00
[find]   59    3.997018    0.000000e+00
[find] 
[find] total core leakage    : 0.00000000e+00
[find] interstitial charge   : 118.953905
[find] total charge          : 360.000000
[find] 
[find] Energy
[find] --------------------------------------------------------------------------------
[find] valence_eval_sum               :   -1997.96479768
[find] core_eval_sum                  :       0.00000000
[find] kinetic energy                 :    1414.41066630
[find] enuc                           :   -2715.54064724
[find] <rho|V^{XC}>                   :    -404.68690482
[find] <rho|E^{XC}>                   :    -307.36561466
[find] <mag|B^{XC}>                   :       0.00000000
[find] <rho|V^{H}>                    :   -3007.68913848
[find] smearing (-TS)                 :      -0.15557601
[find] SCF correction                 :     898.89049426
[find] Total energy                   :   -2213.44967060 (Ha),   -4426.89934119 (Ry)
[find] Free energy (E-TS)             :   -2213.60524661 (Ha),   -4427.21049322 (Ry)
[find] 
[find] band gap (eV)                  :       0.00000000
[find] Efermi                         :      -1.86830822
[find] 
[~DFT_ground_state] local op. applied: 0
[~DFT_ground_state] evp. work count: 0
[~DFT_ground_state] numbef of iterative solver steps: 0
==========================================================================================================================================================
                                                                           #         Total          %     Self %        Median           Min           Max
----------------------------------------------------------------------------------------------------------------------------------------------------------
sirius                                                                     1      68.21 s      100.00       1.20      68.21 s       68.21 s       68.21 s 
├ sirius::initialize                                                       1       1.20 s        1.76     100.00       1.20 s        1.20 s        1.20 s 
├ sirius::Simulation_context::initialize                                   1       1.06 s        1.55       0.76       1.06 s        1.06 s        1.06 s 
│ ├ sirius::Simulation_context::init_comm                                  1       1.04 ms       0.00     100.00       1.04 ms       1.04 ms       1.04 ms
│ ├ sirius::Unit_cell::initialize                                          1     212.22 ms       0.31       0.95     212.22 ms     212.22 ms     212.22 ms
│ │ ├ sirius::Atom_type::init                                              1     201.79 ms       0.30     100.00     201.79 ms     201.79 ms     201.79 ms
│ │ └ sirius::Unit_cell::update                                            1       8.40 ms       0.01       3.01       8.40 ms       8.40 ms       8.40 ms
│ │   ├ sirius::Unit_cell::find_nearest_neighbours                         1       4.80 ms       0.01     100.00       4.80 ms       4.80 ms       4.80 ms
│ │   └ sirius::Unit_cell::get_symmetry                                    1       3.34 ms       0.00       3.14       3.34 ms       3.34 ms       3.34 ms
│ │     └ sirius::Crystal_symmetry                                         1       3.24 ms       0.00       8.78       3.24 ms       3.24 ms       3.24 ms
│ │       ├ sirius::Crystal_symmetry|spg                                   1       2.69 ms       0.00     100.00       2.69 ms       2.69 ms       2.69 ms
│ │       ├ sirius::find_sym_atom                                         48     231.10 us       0.00     100.00       4.56 us       4.13 us      15.55 us
│ │       └ sirius::Crystal_symmetry|mag                                   1      36.00 us       0.00     100.00      36.00 us      36.00 us      36.00 us
│ └ sirius::Simulation_context::update                                     1     838.19 ms       1.23      42.64     838.19 ms     838.19 ms     838.19 ms
│   ├ sirius::Unit_cell::update                                            1       2.46 ms       0.00       5.19       2.46 ms       2.46 ms       2.46 ms
│   │ ├ sirius::Unit_cell::find_nearest_neighbours                         1     146.01 us       0.00     100.00     146.01 us     146.01 us     146.01 us
│   │ └ sirius::Unit_cell::get_symmetry                                    1       2.19 ms       0.00       1.89       2.19 ms       2.19 ms       2.19 ms
│   │   └ sirius::Crystal_symmetry                                         1       2.15 ms       0.00       9.78       2.15 ms       2.15 ms       2.15 ms
│   │     ├ sirius::Crystal_symmetry|spg                                   1       1.70 ms       0.00     100.00       1.70 ms       1.70 ms       1.70 ms
│   │     ├ sirius::find_sym_atom                                         48     215.19 us       0.00     100.00       4.45 us       4.13 us       5.28 us
│   │     └ sirius::Crystal_symmetry|mag                                   1      18.18 us       0.00     100.00      18.18 us      18.18 us      18.18 us
│   ├ fft::Gvec::init                                                      2     260.54 ms       0.38      30.28     130.27 ms      25.00 ms     235.54 ms
│   │ ├ fft::Gvec::find_z_columns                                          2      40.98 ms       0.06       0.04      20.49 ms       5.91 ms      35.07 ms
│   │ │ ├ fft::Gvec::find_z_columns|add                                    2       9.87 ms       0.01     100.00       4.93 ms       1.47 ms       8.40 ms
│   │ │ ├ fft::Gvec::find_z_columns|sym                                    2      30.82 ms       0.05     100.00      15.41 ms       4.37 ms      26.46 ms
│   │ │ └ fft::Gvec::find_z_columns|sort                                   2     270.33 us       0.00     100.00     135.16 us      62.30 us     208.03 us
│   │ └ fft::Gvec::find_gvec_shells                                        2     140.67 ms       0.21     100.00      70.34 ms       9.94 ms     130.74 ms
│   ├ fft::Gvec_shells                                                     1     216.61 ms       0.32     100.00     216.61 ms     216.61 ms     216.61 ms
│   └ sirius::make_periodic_function                                       1       1.16 ms       0.00     100.00       1.16 ms       1.16 ms       1.16 ms
├ sirius::K_point_set::create_k_mesh                                       1      38.52 ms       0.06       0.47      38.52 ms      38.52 ms      38.52 ms
│ ├ fft::Gvec::init                                                        1       1.58 ms       0.00      82.76       1.58 ms       1.58 ms       1.58 ms
│ │ └ fft::Gvec::find_z_columns                                            1     271.80 us       0.00       1.59     271.80 us     271.80 us     271.80 us
│ │   ├ fft::Gvec::find_z_columns|add                                      1     252.28 us       0.00     100.00     252.28 us     252.28 us     252.28 us
│ │   ├ fft::Gvec::find_z_columns|sym                                      1      64.00 ns       0.00     100.00      64.00 ns      64.00 ns      64.00 ns
│ │   └ fft::Gvec::find_z_columns|sort                                     1      15.13 us       0.00     100.00      15.13 us      15.13 us      15.13 us
│ └ sirius::K_point_set::initialize                                        1      36.76 ms       0.05       0.44      36.76 ms      36.76 ms      36.76 ms
│   └ sirius::K_point::initialize                                          1      36.60 ms       0.05      77.97      36.60 ms      36.60 ms      36.60 ms
│     ├ sirius::K_point::generate_gkvec                                    1       3.74 ms       0.01     100.00       3.74 ms       3.74 ms       3.74 ms
│     └ sirius::K_point::update                                            1       4.33 ms       0.01     100.00       4.33 ms       4.33 ms       4.33 ms
├ sirius::Potential                                                        1      76.07 ms       0.11      24.80      76.07 ms      76.07 ms      76.07 ms
│ └ sirius::Potential::update                                              1      57.20 ms       0.08      65.51      57.20 ms      57.20 ms      57.20 ms
│   ├ sirius::generate_gvec_ylm                                            1      10.70 ms       0.02     100.00      10.70 ms      10.70 ms      10.70 ms
│   └ sirius::generate_sbessel_mt                                          1       9.02 ms       0.01     100.00       9.02 ms       9.02 ms       9.02 ms
├ sirius::Density                                                          1       2.11 ms       0.00      99.98       2.11 ms       2.11 ms       2.11 ms
│ └ sirius::Density::update                                                1     512.00 ns       0.00     100.00     512.00 ns     512.00 ns     512.00 ns
├ sirius::DFT_ground_state::initial_state                                  1       2.30 s        3.38       0.00       2.30 s        2.30 s        2.30 s 
│ ├ sirius::Density::initial_density                                       1       1.65 s        2.42      68.32       1.65 s        1.65 s        1.65 s 
│ │ ├ sirius::Radial_integrals|rho_free_atom                               1       2.60 ms       0.00     100.00       2.60 ms       2.60 ms       2.60 ms
│ │ ├ sirius::make_periodic_function                                       1     878.85 us       0.00     100.00     878.85 us     878.85 us     878.85 us
│ │ ├ sirius::Smooth_periodic_function::fft_transform                      1     871.88 us       0.00     100.00     871.88 us     871.88 us     871.88 us
│ │ ├ sirius::generate_gvec_ylm                                            1      45.92 ms       0.07     100.00      45.92 ms      45.92 ms      45.92 ms
│ │ ├ sirius::generate_sbessel_mt                                          1      10.19 ms       0.01     100.00      10.19 ms      10.19 ms      10.19 ms
│ │ ├ sirius::sum_fg_fl_yg                                                 1      69.34 ms       0.10      18.77      69.34 ms      69.34 ms      69.34 ms
│ │ │ ├ sirius::Simulation_context::generate_phase_factors                 1     465.78 us       0.00     100.00     465.78 us     465.78 us     465.78 us
│ │ │ ├ sirius::sum_fg_fl_yg|zm                                            1      10.84 ms       0.02     100.00      10.84 ms      10.84 ms      10.84 ms
│ │ │ └ sirius::sum_fg_fl_yg|mul                                           1      45.01 ms       0.07     100.00      45.01 ms      45.01 ms      45.01 ms
│ │ ├ sirius::Periodic_function::integrate                                 2      21.09 ms       0.03     100.00      10.54 ms      10.51 ms      10.58 ms
│ │ ├ sirius::symmetrize_pw_function                                       1      35.33 ms       0.05       4.16      35.33 ms      35.33 ms      35.33 ms
│ │ │ ├ fft::Gvec_shells::remap_forward                                    1       9.83 ms       0.01     100.00       9.83 ms       9.83 ms       9.83 ms
│ │ │ ├ sirius::symmetrize|fpw|local                                       1      17.80 ms       0.03     100.00      17.80 ms      17.80 ms      17.80 ms
│ │ │ └ fft::Gvec_shells::remap_backward                                   1       6.23 ms       0.01     100.00       6.23 ms       6.23 ms       6.23 ms
│ │ └ sirius::symmetrize_mt_function                                       3     335.70 ms       0.49     100.00     133.96 ms      67.48 ms     134.26 ms
│ └ sirius::Potential::generate                                            1     656.03 ms       0.96       0.26     656.03 ms     656.03 ms     656.03 ms
│   ├ sirius::Potential::poisson                                           1     175.60 ms       0.26       2.09     175.60 ms     175.60 ms     175.60 ms
│   │ ├ sirius::Potential::poisson_vmt                                     1      28.79 ms       0.04     100.00      28.79 ms      28.79 ms      28.79 ms
│   │ ├ sirius::sum_fg_fl_yg                                               2      82.17 ms       0.12       0.49      41.09 ms      11.70 ms      70.47 ms
│   │ │ ├ sirius::Simulation_context::generate_phase_factors               2     122.43 us       0.00     100.00      61.21 us      33.66 us      88.77 us
│   │ │ ├ sirius::sum_fg_fl_yg|zm                                          2      71.12 ms       0.10     100.00      35.56 ms       6.38 ms      64.74 ms
│   │ │ └ sirius::sum_fg_fl_yg|mul                                         2      10.53 ms       0.02     100.00       5.26 ms       5.15 ms       5.38 ms
│   │ ├ sirius::Potential::poisson_add_pseudo_pw                           1      43.72 ms       0.06      99.96      43.72 ms      43.72 ms      43.72 ms
│   │ │ └ sirius::Simulation_context::generate_phase_factors               1      19.23 us       0.00     100.00      19.23 us      19.23 us      19.23 us
│   │ ├ sirius::Potential::poisson|bc                                      1       2.28 ms       0.00     100.00       2.28 ms       2.28 ms       2.28 ms
│   │ ├ sirius::Smooth_periodic_function::fft_transform                    1     710.47 us       0.00     100.00     710.47 us     710.47 us     710.47 us
│   │ └ sirius::inner::pf                                                  1      14.26 ms       0.02     100.00      14.26 ms      14.26 ms      14.26 ms
│   ├ sirius::Periodic_function::add                                       2       8.85 ms       0.01     100.00       4.43 ms       4.21 ms       4.65 ms
│   ├ sirius::Potential::xc                                                1     102.34 ms       0.15       3.27     102.34 ms     102.34 ms     102.34 ms
│   │ ├ sirius::Potential::xc_mt                                           1      89.46 ms       0.13     100.00      89.46 ms      89.46 ms      89.46 ms
│   │ └ sirius::Potential::xc_rg_nonmagnetic                               1       9.53 ms       0.01      63.92       9.53 ms       9.53 ms       9.53 ms
│   │   └ sirius::Potential::xc_rg_nonmagnetic|libxc                       2       3.44 ms       0.01     100.00       1.72 ms       1.14 ms       2.30 ms
│   ├ sirius::Smooth_periodic_function::fft_transform                      2       1.55 ms       0.00     100.00     777.40 us     747.85 us     806.95 us
│   ├ sirius::symmetrize_pw_function                                       1      31.05 ms       0.05       3.55      31.05 ms      31.05 ms      31.05 ms
│   │ ├ fft::Gvec_shells::remap_forward                                    1       6.22 ms       0.01     100.00       6.22 ms       6.22 ms       6.22 ms
│   │ ├ sirius::symmetrize|fpw|local                                       1      17.69 ms       0.03     100.00      17.69 ms      17.69 ms      17.69 ms
│   │ └ fft::Gvec_shells::remap_backward                                   1       6.04 ms       0.01     100.00       6.04 ms       6.04 ms       6.04 ms
│   └ sirius::symmetrize_mt_function                                       3     334.90 ms       0.49     100.00     132.24 ms      67.31 ms     135.35 ms
├ sirius::DFT_ground_state::scf_loop                                       1      61.95 s       90.82       0.41      61.95 s       61.95 s       61.95 s 
│ ├ sirius::Density                                                        1       2.18 ms       0.00      99.90       2.18 ms       2.18 ms       2.18 ms
│ │ └ sirius::Density::update                                              1       2.08 us       0.00     100.00       2.08 us       2.08 us       2.08 us
│ ├ sirius::DFT_ground_state::scf_loop|iteration                           2      61.48 s       90.14       0.17      30.74 s       28.83 s       32.65 s 
│ │ ├ sirius::Hamiltonian0                                                 2     697.83 ms       1.02       1.92     348.92 ms     346.00 ms     351.83 ms
│ │ │ ├ sirius::Local_operator                                             2      23.02 ms       0.03      89.01      11.51 ms      10.81 ms      12.21 ms
│ │ │ │ └ sirius::Smooth_periodic_function::fft_transform                  8       2.53 ms       0.00     100.00     258.68 us     153.37 us     639.53 us
│ │ │ ├ sirius::Potential::generate_pw_coefs                               2       6.90 ms       0.01     100.00       3.45 ms       3.25 ms       3.66 ms
│ │ │ ├ sirius::Unit_cell::generate_radial_functions                       2     241.73 ms       0.35       0.24     120.87 ms     118.08 ms     123.65 ms
│ │ │ │ └ sirius::Atom_symmetry_class::generate_radial_functions           6     241.15 ms       0.35       8.86      40.24 ms      38.90 ms      41.28 ms
│ │ │ │   └ sirius::Atom_symmetry_class::find_enu                          6     219.77 ms       0.32     100.00      36.71 ms      35.33 ms      37.66 ms
│ │ │ └ sirius::Unit_cell::generate_radial_integrals                       2     412.76 ms       0.61       0.07     206.38 ms     205.56 ms     207.20 ms
│ │ │   ├ sirius::Atom_symmetry_class::generate_radial_integrals           6      11.83 ms       0.02     100.00       1.96 ms       1.95 ms       2.00 ms
│ │ │   └ sirius::Atom::generate_radial_integrals                        120     400.63 ms       0.59      53.53       3.32 ms       3.22 ms       3.75 ms
│ │ │     └ sirius::Atom::generate_radial_integrals|interp               120     186.17 ms       0.27     100.00       1.54 ms       1.46 ms       1.83 ms
│ │ ├ sirius::diagonalize                                                  2      58.19 s       85.32       0.00      29.10 s       27.19 s       31.00 s 
│ │ │ ├ sirius::Hamiltonian_k                                              2     230.39 us       0.00       2.35     115.20 us      97.28 us     133.12 us
│ │ │ │ └ sirius::Local_operator::prepare_k                                2     224.98 us       0.00     100.00     112.49 us      96.38 us     128.60 us
│ │ │ ├ sirius::diagonalize_fp_fv_exact                                    2      57.88 s       84.86       0.32      28.94 s       27.04 s       30.84 s 
│ │ │ │ ├ sirius::Hamiltonian_k::set_fv_h_o                                2       5.47 s        8.02      25.65       2.74 s        2.41 s        3.06 s 
│ │ │ │ │ ├ sirius::Hamiltonian_k::set_fv_h_o|zgemm                        2       3.93 s        5.76     100.00       1.96 s        1.96 s        1.96 s 
│ │ │ │ │ ├ sirius::Hamiltonian_k::set_fv_h_o_it                           2     142.12 ms       0.21     100.00      71.06 ms      70.96 ms      71.15 ms
│ │ │ │ │ └ sirius::Hamiltonian_k::set_fv_h_o_lo_lo                        2     165.31 us       0.00     100.00      82.65 us      78.05 us      87.26 us
│ │ │ │ ├ Eigensolver_dlaf|dlaf_hermitian_generalized_eigensolver_z        2      52.22 s       76.56     100.00      26.11 s       24.53 s       27.69 s 
│ │ │ │ └ sirius::wf::Wave_functions_fft::grid_layout_pw                   2      54.14 us       0.00     100.00      27.07 us      11.62 us      42.53 us
│ │ │ ├ sirius::K_point::generate_fv_states                                2     302.13 ms       0.44      90.89     151.07 ms     151.03 ms     151.10 ms
│ │ │ │ └ sirius::generate_alm_block                                       2      27.52 ms       0.04     100.00      13.76 ms      13.73 ms      13.79 ms
│ │ │ ├ sirius::diagonalize_fp_sv                                          2      16.22 us       0.00     100.00       8.11 us       7.68 us       8.54 us
│ │ │ ├ sirius::K_point::generate_spinor_wave_functions                    2      11.44 ms       0.02     100.00       5.72 ms       5.71 ms       5.73 ms
│ │ │ └ sirius::K_point_set::sync_band                                     2     247.77 us       0.00     100.00     123.88 us     113.05 us     134.72 us
│ │ ├ sirius::K_point_set::find_band_occupancies                           2       2.15 ms       0.00      96.95       1.08 ms       1.06 ms       1.09 ms
│ │ │ └ sirius::K_point_set::sync_band                                     2      65.76 us       0.00     100.00      32.88 us      32.61 us      33.15 us
│ │ ├ sirius::Density::generate                                            2     856.47 ms       1.26       0.08     428.23 ms     402.74 ms     453.72 ms
│ │ │ ├ sirius::Density::generate_valence                                  2     131.84 ms       0.19       4.79      65.92 ms      43.77 ms      88.08 ms
│ │ │ │ ├ sirius::add_k_point_contribution_dm_fplapw                       2       5.43 ms       0.01     100.00       2.71 ms       2.68 ms       2.75 ms
│ │ │ │ ├ sirius::Density::add_k_point_contribution_rg                     2      19.80 ms       0.03     100.00       9.90 ms       9.39 ms      10.41 ms
│ │ │ │ ├ sirius::Smooth_periodic_function::fft_transform                  2     285.98 us       0.00     100.00     142.99 us     140.76 us     145.21 us
│ │ │ │ └ sirius::Density::generate_valence_mt                             2     100.01 ms       0.15       0.05      50.01 ms      28.31 ms      71.70 ms
│ │ │ │   ├ sirius::Density::generate|sum_zdens                          120       3.79 ms       0.01     100.00      30.24 us      28.48 us      75.71 us
│ │ │ │   └ sirius::Density::generate|expand_lm                          120      96.17 ms       0.14     100.00     439.28 us     388.82 us      43.96 ms
│ │ │ ├ sirius::Density::generate_core_charge_density                      2      30.69 us       0.00      86.96      15.34 us       9.63 us      21.05 us
│ │ │ │ └ sirius::Atom_symmetry_class::generate_core_charge_density        6       4.00 us       0.00     100.00     192.00 ns      64.00 ns       2.30 us
│ │ │ ├ sirius::symmetrize_pw_function                                     2      62.69 ms       0.09       3.43      31.35 ms      31.29 ms      31.40 ms
│ │ │ │ ├ fft::Gvec_shells::remap_forward                                  2      12.81 ms       0.02     100.00       6.41 ms       6.38 ms       6.43 ms
│ │ │ │ ├ sirius::symmetrize|fpw|local                                     2      35.57 ms       0.05     100.00      17.78 ms      17.67 ms      17.90 ms
│ │ │ │ └ fft::Gvec_shells::remap_backward                                 2      12.16 ms       0.02     100.00       6.08 ms       6.08 ms       6.08 ms
│ │ │ ├ sirius::symmetrize_mt_function                                     6     659.55 ms       0.97     100.00     130.80 ms      64.87 ms     134.23 ms
│ │ │ └ sirius::Smooth_periodic_function::fft_transform                    2       1.63 ms       0.00     100.00     816.95 us     808.17 us     825.74 us
│ │ ├ sirius::inner::pf                                                   18     260.86 ms       0.38     100.00      14.57 ms      14.03 ms      14.67 ms
│ │ ├ sirius::Density::mix                                                 2     221.17 ms       0.32      60.23     110.58 ms      71.23 ms     149.94 ms
│ │ │ ├ sirius::Density::mixer_input                                       2      13.71 ms       0.02     100.00       6.86 ms       6.85 ms       6.86 ms
│ │ │ ├ sirius::inner::pf                                                  4      56.14 ms       0.08     100.00      13.86 ms      13.77 ms      14.65 ms
│ │ │ └ sirius::Density::mixer_output                                      2      18.11 ms       0.03      92.69       9.05 ms       9.05 ms       9.06 ms
│ │ │   └ sirius::Smooth_periodic_function::fft_transform                  2       1.32 ms       0.00     100.00     662.09 us     660.04 us     664.14 us
│ │ ├ sirius::Potential::generate                                          2       1.13 s        1.65       0.30     563.80 ms     542.01 ms     585.58 ms
│ │ │ ├ sirius::Potential::poisson                                         2     287.15 ms       0.42       2.60     143.57 ms     118.28 ms     168.86 ms
│ │ │ │ ├ sirius::Potential::poisson_vmt                                   2      57.92 ms       0.08     100.00      28.96 ms      28.91 ms      29.00 ms
│ │ │ │ ├ sirius::sum_fg_fl_yg                                             4     101.90 ms       0.15       0.87      13.01 ms      11.78 ms      64.11 ms
│ │ │ │ │ ├ sirius::Simulation_context::generate_phase_factors             4     236.19 us       0.00     100.00      62.97 us      31.77 us      78.46 us
│ │ │ │ │ ├ sirius::sum_fg_fl_yg|zm                                        4      79.10 ms       0.12     100.00       7.31 ms       6.37 ms      58.12 ms
│ │ │ │ │ └ sirius::sum_fg_fl_yg|mul                                       4      21.67 ms       0.03     100.00       5.42 ms       5.17 ms       5.65 ms
│ │ │ │ ├ sirius::Potential::poisson_add_pseudo_pw                         2      85.73 ms       0.13      99.95      42.86 ms      42.85 ms      42.88 ms
│ │ │ │ │ └ sirius::Simulation_context::generate_phase_factors             2      44.35 us       0.00     100.00      22.18 us      21.31 us      23.04 us
│ │ │ │ ├ sirius::Potential::poisson|bc                                    2       4.55 ms       0.01     100.00       2.28 ms       2.27 ms       2.28 ms
│ │ │ │ ├ sirius::Smooth_periodic_function::fft_transform                  2       1.42 ms       0.00     100.00     707.93 us     701.45 us     714.41 us
│ │ │ │ └ sirius::inner::pf                                                2      28.18 ms       0.04     100.00      14.09 ms      14.07 ms      14.12 ms
│ │ │ ├ sirius::Periodic_function::add                                     4      17.75 ms       0.03     100.00       4.43 ms       4.17 ms       4.72 ms
│ │ │ ├ sirius::Potential::xc                                              2      94.92 ms       0.14       6.88      47.46 ms      46.69 ms      48.23 ms
│ │ │ │ ├ sirius::Potential::xc_mt                                         2      55.23 ms       0.08     100.00      27.61 ms      27.52 ms      27.71 ms
│ │ │ │ └ sirius::Potential::xc_rg_nonmagnetic                             2      33.16 ms       0.05      71.05      16.58 ms      15.98 ms      17.18 ms
│ │ │ │   └ sirius::Potential::xc_rg_nonmagnetic|libxc                     4       9.60 ms       0.01     100.00       2.38 ms       1.49 ms       3.35 ms
│ │ │ ├ sirius::Smooth_periodic_function::fft_transform                    4       3.06 ms       0.00     100.00     766.02 us     715.69 us     813.25 us
│ │ │ ├ sirius::symmetrize_pw_function                                     2      61.84 ms       0.09       3.37      30.92 ms      30.82 ms      31.01 ms
│ │ │ │ ├ fft::Gvec_shells::remap_forward                                  2      12.46 ms       0.02     100.00       6.23 ms       6.17 ms       6.29 ms
│ │ │ │ ├ sirius::symmetrize|fpw|local                                     2      35.21 ms       0.05     100.00      17.60 ms      17.60 ms      17.61 ms
│ │ │ │ └ fft::Gvec_shells::remap_backward                                 2      12.09 ms       0.02     100.00       6.04 ms       6.02 ms       6.07 ms
│ │ │ └ sirius::symmetrize_mt_function                                     6     659.49 ms       0.97     100.00     129.56 ms      65.75 ms     135.62 ms
│ │ ├ sirius::Periodic_function::integrate                                 2      21.59 ms       0.03     100.00      10.79 ms      10.63 ms      10.95 ms
│ │ └ sirius::Density::get_magnetisation                                   2       6.59 us       0.00     100.00       3.30 us       2.82 us       3.78 us
│ ├ sirius::inner::pf                                                     13     189.09 ms       0.28     100.00      14.58 ms      14.26 ms      14.64 ms
│ ├ sirius::Periodic_function::integrate                                   1      10.95 ms       0.02     100.00      10.95 ms      10.95 ms      10.95 ms
│ ├ sirius::Density::get_magnetisation                                     1       4.03 us       0.00     100.00       4.03 us       4.03 us       4.03 us
│ ├ sirius::Smooth_periodic_function::fft_transform                        1     605.26 us       0.00     100.00     605.26 us     605.26 us     605.26 us
│ └ sirius::Smooth_periodic_function::gather_f_pw                          2       2.87 ms       0.00     100.00       1.43 ms       1.39 ms       1.48 ms
└ sirius::finalize                                                         1     760.60 ms       1.12     100.00     760.60 ms     760.60 ms     760.60 ms

==========================================================================================================================================================
FE_UNDERFLOW exception
