[1;31m[error][0m views are already loaded
SIRIUS 7.6.1, git hash: https://api.github.com/repos/electronic-structure/SIRIUS/git/ref/tags/v7.6.1
Warning in function "compose_json" at /tmp/rmeli/spack-stage/spack-stage-sirius-7.6.1-dj6o7kftqpfnwdhrbr7kwzcsnkz5co5e/spack-src/src/context/simulation_parameters.cpp:107
The following configuration parameters were not recognized and ignored: potential_tol !num_fv_states 
Warning in function "compose_json" at /tmp/rmeli/spack-stage/spack-stage-sirius-7.6.1-dj6o7kftqpfnwdhrbr7kwzcsnkz5co5e/spack-src/src/context/simulation_parameters.cpp:107
The following configuration parameters were not recognized and ignored: potential_tol !num_fv_states 
Warning in function "compose_json" at /tmp/rmeli/spack-stage/spack-stage-sirius-7.6.1-dj6o7kftqpfnwdhrbr7kwzcsnkz5co5e/spack-src/src/context/simulation_parameters.cpp:107
The following configuration parameters were not recognized and ignored: potential_tol !num_fv_states 
Warning in function "compose_json" at /tmp/rmeli/spack-stage/spack-stage-sirius-7.6.1-dj6o7kftqpfnwdhrbr7kwzcsnkz5co5e/spack-src/src/context/simulation_parameters.cpp:107
The following configuration parameters were not recognized and ignored: potential_tol !num_fv_states 
Warning in function "init_step_function" at /tmp/rmeli/spack-stage/spack-stage-sirius-7.6.1-dj6o7kftqpfnwdhrbr7kwzcsnkz5co5e/spack-src/src/lapw/step_function.hpp:120
step function gives a wrong volume for IT region
  difference with exact value : 3.07409e-10
[info] SIRIUS version : 7.6.1
[info] git hash       : https://api.github.com/repos/electronic-structure/SIRIUS/git/ref/tags/v7.6.1
[info] git branch     : release v7.6.1
[info] build time     : 1980-01-01 12:01:00
[info] start time     : Thu,  9 Jan 2025 11:14:21
[info] 
[info] number of MPI ranks           : 4
[info] MPI grid                      : 2 2
[info] maximum number of OMP threads : 63
[info] number of MPI ranks per node  : 4
[info] page size (Kb)                : 64
[info] number of pages               : 13999490
[info] available memory (GB)         : 854
[info] 
[fft] FFT context for density and potential
[fft] =====================================
[fft]   comm size                             : 4
[fft]   plane wave cutoff                     : 20
[fft]   grid size                             : 135 135 135   total : 2460375
[fft]   grid limits                           : -67 67   -67 67   -67 67
[fft]   number of G-vectors within the cutoff : 1080751
[fft]   local number of G-vectors             : 270142
[fft]   number of G-shells                    : 24484
[fft] 
[fft] FFT context for coarse grid
[fft] =====================================
[fft]   comm size                             : 2
[fft]   plane wave cutoff                     : 10
[fft]   grid size                             : 72 72 72   total : 373248
[fft]   grid limits                           : -35 36   -35 36   -35 36
[fft]   number of G-vectors within the cutoff : 135043
[fft]   local number of G-vectors             : 33761
[fft]   number of G-shells                    : 3317
[fft] 
[fft] 
[unit cell] lattice vectors
[unit cell]   a1 :      20.0000000000      0.0000000000      0.0000000000
[unit cell]   a2 :       0.0000000000     20.0000000000      0.0000000000
[unit cell]   a3 :       0.0000000000      0.0000000000     20.0000000000
[unit cell] reciprocal lattice vectors
[unit cell]   b1 :       0.3141592654      0.0000000000      0.0000000000
[unit cell]   b2 :       0.0000000000      0.3141592654      0.0000000000
[unit cell]   b3 :       0.0000000000      0.0000000000      0.3141592654
[unit cell] 
[unit cell] unit cell volume :      8000.00000000 [a.u.^3]
[unit cell] 1/sqrt(omega)    :         0.01118034
[unit cell] MT volume        :       561.76168497 ( 7.02%)
[unit cell] IT volume        :      7438.23831503 (92.98%)
[unit cell] 
[unit cell] number of atom types : 1
[unit cell] type id : 0 symbol :  C mt_radius :   1.307487 num_atoms : 60
[unit cell] total number of atoms : 60
[unit cell] number of symmetry classes : 3
[unit cell] 
[unit cell] atom id  type id  class id             position                      vector_field
[unit cell] ------------------------------------------------------------------------------------------
[unit cell]      0        0        0      0.07006   0.66450   0.00000      0.00000   0.00000   0.00000
[unit cell]      1        0        0      0.33550   0.00000   0.07006      0.00000   0.00000   0.00000
[unit cell]      2        0        0      0.33550   0.00000   0.92994      0.00000   0.00000   0.00000
[unit cell]      3        0        0      0.66450   0.00000   0.07006      0.00000   0.00000   0.00000
[unit cell]      4        0        0      0.66450   0.00000   0.92994      0.00000   0.00000   0.00000
[unit cell]      5        0        0      0.00000   0.07006   0.66450      0.00000   0.00000   0.00000
[unit cell]      6        0        0      0.00000   0.92994   0.66450      0.00000   0.00000   0.00000
[unit cell]      7        0        0      0.00000   0.07006   0.33550      0.00000   0.00000   0.00000
[unit cell]      8        0        0      0.00000   0.92994   0.33550      0.00000   0.00000   0.00000
[unit cell]      9        0        0      0.92994   0.66450   0.00000      0.00000   0.00000   0.00000
[unit cell]     10        0        0      0.07006   0.33550   0.00000      0.00000   0.00000   0.00000
[unit cell]     11        0        0      0.92994   0.33550   0.00000      0.00000   0.00000   0.00000
[unit cell]     12        0        1      0.14147   0.70358   0.11453      0.00000   0.00000   0.00000
[unit cell]     13        0        1      0.29642   0.11453   0.14147      0.00000   0.00000   0.00000
[unit cell]     14        0        1      0.29642   0.88547   0.85853      0.00000   0.00000   0.00000
[unit cell]     15        0        1      0.70358   0.88547   0.14147      0.00000   0.00000   0.00000
[unit cell]     16        0        1      0.70358   0.11453   0.85853      0.00000   0.00000   0.00000
[unit cell]     17        0        1      0.11453   0.14147   0.70358      0.00000   0.00000   0.00000
[unit cell]     18        0        1      0.88547   0.85853   0.70358      0.00000   0.00000   0.00000
[unit cell]     19        0        1      0.88547   0.14147   0.29642      0.00000   0.00000   0.00000
[unit cell]     20        0        1      0.11453   0.85853   0.29642      0.00000   0.00000   0.00000
[unit cell]     21        0        1      0.14147   0.70358   0.88547      0.00000   0.00000   0.00000
[unit cell]     22        0        1      0.85853   0.70358   0.11453      0.00000   0.00000   0.00000
[unit cell]     23        0        1      0.14147   0.29642   0.11453      0.00000   0.00000   0.00000
[unit cell]     24        0        1      0.85853   0.29642   0.88547      0.00000   0.00000   0.00000
[unit cell]     25        0        1      0.70358   0.88547   0.85853      0.00000   0.00000   0.00000
[unit cell]     26        0        1      0.70358   0.11453   0.14147      0.00000   0.00000   0.00000
[unit cell]     27        0        1      0.29642   0.11453   0.85853      0.00000   0.00000   0.00000
[unit cell]     28        0        1      0.29642   0.88547   0.14147      0.00000   0.00000   0.00000
[unit cell]     29        0        1      0.88547   0.85853   0.29642      0.00000   0.00000   0.00000
[unit cell]     30        0        1      0.11453   0.14147   0.29642      0.00000   0.00000   0.00000
[unit cell]     31        0        1      0.11453   0.85853   0.70358      0.00000   0.00000   0.00000
[unit cell]     32        0        1      0.88547   0.14147   0.70358      0.00000   0.00000   0.00000
[unit cell]     33        0        1      0.85853   0.29642   0.11453      0.00000   0.00000   0.00000
[unit cell]     34        0        1      0.14147   0.29642   0.88547      0.00000   0.00000   0.00000
[unit cell]     35        0        1      0.85853   0.70358   0.88547      0.00000   0.00000   0.00000
[unit cell]     36        0        2      0.24926   0.77768   0.07006      0.00000   0.00000   0.00000
[unit cell]     37        0        2      0.22232   0.07006   0.24926      0.00000   0.00000   0.00000
[unit cell]     38        0        2      0.22232   0.92994   0.75074      0.00000   0.00000   0.00000
[unit cell]     39        0        2      0.77768   0.92994   0.24926      0.00000   0.00000   0.00000
[unit cell]     40        0        2      0.77768   0.07006   0.75074      0.00000   0.00000   0.00000
[unit cell]     41        0        2      0.07006   0.24926   0.77768      0.00000   0.00000   0.00000
[unit cell]     42        0        2      0.92994   0.75074   0.77768      0.00000   0.00000   0.00000
[unit cell]     43        0        2      0.92994   0.24926   0.22232      0.00000   0.00000   0.00000
[unit cell]     44        0        2      0.07006   0.75074   0.22232      0.00000   0.00000   0.00000
[unit cell]     45        0        2      0.24926   0.77768   0.92994      0.00000   0.00000   0.00000
[unit cell]     46        0        2      0.75074   0.77768   0.07006      0.00000   0.00000   0.00000
[unit cell]     47        0        2      0.24926   0.22232   0.07006      0.00000   0.00000   0.00000
[unit cell]     48        0        2      0.75074   0.22232   0.92994      0.00000   0.00000   0.00000
[unit cell]     49        0        2      0.77768   0.92994   0.75074      0.00000   0.00000   0.00000
[unit cell]     50        0        2      0.77768   0.07006   0.24926      0.00000   0.00000   0.00000
[unit cell]     51        0        2      0.22232   0.07006   0.75074      0.00000   0.00000   0.00000
[unit cell]     52        0        2      0.22232   0.92994   0.24926      0.00000   0.00000   0.00000
[unit cell]     53        0        2      0.92994   0.75074   0.22232      0.00000   0.00000   0.00000
[unit cell]     54        0        2      0.07006   0.24926   0.22232      0.00000   0.00000   0.00000
[unit cell]     55        0        2      0.07006   0.75074   0.77768      0.00000   0.00000   0.00000
[unit cell]     56        0        2      0.92994   0.24926   0.77768      0.00000   0.00000   0.00000
[unit cell]     57        0        2      0.75074   0.22232   0.07006      0.00000   0.00000   0.00000
[unit cell]     58        0        2      0.24926   0.22232   0.92994      0.00000   0.00000   0.00000
[unit cell]     59        0        2      0.75074   0.77768   0.92994      0.00000   0.00000   0.00000
[unit cell] 
[unit cell] atom id         position (Cartesian, a.u.)
[unit cell] ---------------------------------------------
[unit cell]      0       1.401270   13.290074    0.000000
[unit cell]      1       6.709926    0.000000    1.401270
[unit cell]      2       6.709926    0.000000   18.598730
[unit cell]      3      13.290074    0.000000    1.401270
[unit cell]      4      13.290074    0.000000   18.598730
[unit cell]      5       0.000000    1.401270   13.290074
[unit cell]      6       0.000000   18.598730   13.290074
[unit cell]      7       0.000000    1.401270    6.709926
[unit cell]      8       0.000000   18.598730    6.709926
[unit cell]      9      18.598730   13.290074    0.000000
[unit cell]     10       1.401270    6.709926    0.000000
[unit cell]     11      18.598730    6.709926    0.000000
[unit cell]     12       2.829487   14.071551    2.290537
[unit cell]     13       5.928449    2.290537    2.829487
[unit cell]     14       5.928449   17.709463   17.170513
[unit cell]     15      14.071551   17.709463    2.829487
[unit cell]     16      14.071551    2.290537   17.170513
[unit cell]     17       2.290537    2.829487   14.071551
[unit cell]     18      17.709463   17.170513   14.071551
[unit cell]     19      17.709463    2.829487    5.928449
[unit cell]     20       2.290537   17.170513    5.928449
[unit cell]     21       2.829487   14.071551   17.709463
[unit cell]     22      17.170513   14.071551    2.290537
[unit cell]     23       2.829487    5.928449    2.290537
[unit cell]     24      17.170513    5.928449   17.709463
[unit cell]     25      14.071551   17.709463   17.170513
[unit cell]     26      14.071551    2.290537    2.829487
[unit cell]     27       5.928449    2.290537   17.170513
[unit cell]     28       5.928449   17.709463    2.829487
[unit cell]     29      17.709463   17.170513    5.928449
[unit cell]     30       2.290537    2.829487    5.928449
[unit cell]     31       2.290537   17.170513   14.071551
[unit cell]     32      17.709463    2.829487   14.071551
[unit cell]     33      17.170513    5.928449    2.290537
[unit cell]     34       2.829487    5.928449   17.709463
[unit cell]     35      17.170513   14.071551   17.709463
[unit cell]     36       4.985286   15.553663    1.401270
[unit cell]     37       4.446337    1.401270    4.985286
[unit cell]     38       4.446337   18.598730   15.014714
[unit cell]     39      15.553663   18.598730    4.985286
[unit cell]     40      15.553663    1.401270   15.014714
[unit cell]     41       1.401270    4.985286   15.553663
[unit cell]     42      18.598730   15.014714   15.553663
[unit cell]     43      18.598730    4.985286    4.446337
[unit cell]     44       1.401270   15.014714    4.446337
[unit cell]     45       4.985286   15.553663   18.598730
[unit cell]     46      15.014714   15.553663    1.401270
[unit cell]     47       4.985286    4.446337    1.401270
[unit cell]     48      15.014714    4.446337   18.598730
[unit cell]     49      15.553663   18.598730   15.014714
[unit cell]     50      15.553663    1.401270    4.985286
[unit cell]     51       4.446337    1.401270   15.014714
[unit cell]     52       4.446337   18.598730    4.985286
[unit cell]     53      18.598730   15.014714    4.446337
[unit cell]     54       1.401270    4.985286    4.446337
[unit cell]     55       1.401270   15.014714   15.553663
[unit cell]     56      18.598730    4.985286   15.553663
[unit cell]     57      15.014714    4.446337    1.401270
[unit cell]     58       4.985286    4.446337   18.598730
[unit cell]     59      15.014714   15.553663   18.598730
[unit cell] 
[unit cell] class id : 0 atom id : 0 1 2 3 4 5 6 7 8 9 10 11 
[unit cell] class id : 1 atom id : 12 13 14 15 16 17 18 19 20 21 22 23 24 25 26 27 28 29 30 31 32 33 34 35 
[unit cell] class id : 2 atom id : 36 37 38 39 40 41 42 43 44 45 46 47 48 49 50 51 52 53 54 55 56 57 58 59 
[unit cell] 
[unit cell] minimum bond length:     2.752604
[unit cell] 
[sym] space group number   : 200
[sym] international symbol : Pm-3
[sym] Hall symbol          : -P 2 2 3
[sym] space group transformation matrix : 
[sym]   1.0000  0.0000  0.0000
[sym]   0.0000  1.0000  0.0000
[sym]   0.0000  0.0000  1.0000
[sym] space group origin shift : 
[sym]   0.0000  0.0000  0.0000
[sym] number of space group operations  : 24
[sym] number of magnetic group operations : 24
[sym] metric tensor error: 0.0000e+00
[sym] rotation matrix error: 0.0000e+00
[sym] 
[sym] symmetry operations 
[sym] 
[sym] isym : 0
[sym] R :   1  0  0
[sym]       0  1  0
[sym]       0  0  1
[sym] Rc:   1.0000  0.0000  0.0000
[sym]       0.0000  1.0000  0.0000
[sym]       0.0000  0.0000  1.0000
[sym] t :   0.0000  0.0000  0.0000
[sym] S :   1.0000  0.0000  0.0000
[sym]       0.0000  1.0000  0.0000
[sym]       0.0000  0.0000  1.0000
[sym] proper:  1
[sym] 
[sym] isym : 1
[sym] R :  -1  0  0
[sym]       0 -1  0
[sym]       0  0 -1
[sym] Rc:  -1.0000  0.0000  0.0000
[sym]       0.0000 -1.0000  0.0000
[sym]       0.0000  0.0000 -1.0000
[sym] t :   0.0000  0.0000  0.0000
[sym] S :   1.0000  0.0000  0.0000
[sym]       0.0000  1.0000  0.0000
[sym]       0.0000  0.0000  1.0000
[sym] proper: -1
[sym] 
[sym] isym : 2
[sym] R :  -1  0  0
[sym]       0 -1  0
[sym]       0  0  1
[sym] Rc:  -1.0000  0.0000  0.0000
[sym]       0.0000 -1.0000  0.0000
[sym]       0.0000  0.0000  1.0000
[sym] t :   0.0000  0.0000  0.0000
[sym] S :   1.0000  0.0000  0.0000
[sym]       0.0000  1.0000  0.0000
[sym]       0.0000  0.0000  1.0000
[sym] proper:  1
[sym] 
[sym] isym : 3
[sym] R :   1  0  0
[sym]       0  1  0
[sym]       0  0 -1
[sym] Rc:   1.0000  0.0000  0.0000
[sym]       0.0000  1.0000  0.0000
[sym]       0.0000  0.0000 -1.0000
[sym] t :   0.0000  0.0000  0.0000
[sym] S :   1.0000  0.0000  0.0000
[sym]       0.0000  1.0000  0.0000
[sym]       0.0000  0.0000  1.0000
[sym] proper: -1
[sym] 
[sym] isym : 4
[sym] R :   1  0  0
[sym]       0 -1  0
[sym]       0  0 -1
[sym] Rc:   1.0000  0.0000  0.0000
[sym]       0.0000 -1.0000  0.0000
[sym]       0.0000  0.0000 -1.0000
[sym] t :   0.0000  0.0000  0.0000
[sym] S :   1.0000  0.0000  0.0000
[sym]       0.0000  1.0000  0.0000
[sym]       0.0000  0.0000  1.0000
[sym] proper:  1
[sym] 
[sym] isym : 5
[sym] R :  -1  0  0
[sym]       0  1  0
[sym]       0  0  1
[sym] Rc:  -1.0000  0.0000  0.0000
[sym]       0.0000  1.0000  0.0000
[sym]       0.0000  0.0000  1.0000
[sym] t :   0.0000  0.0000  0.0000
[sym] S :   1.0000  0.0000  0.0000
[sym]       0.0000  1.0000  0.0000
[sym]       0.0000  0.0000  1.0000
[sym] proper: -1
[sym] 
[sym] isym : 6
[sym] R :  -1  0  0
[sym]       0  1  0
[sym]       0  0 -1
[sym] Rc:  -1.0000  0.0000  0.0000
[sym]       0.0000  1.0000  0.0000
[sym]       0.0000  0.0000 -1.0000
[sym] t :   0.0000  0.0000  0.0000
[sym] S :   1.0000  0.0000  0.0000
[sym]       0.0000  1.0000  0.0000
[sym]       0.0000  0.0000  1.0000
[sym] proper:  1
[sym] 
[sym] isym : 7
[sym] R :   1  0  0
[sym]       0 -1  0
[sym]       0  0  1
[sym] Rc:   1.0000  0.0000  0.0000
[sym]       0.0000 -1.0000  0.0000
[sym]       0.0000  0.0000  1.0000
[sym] t :   0.0000  0.0000  0.0000
[sym] S :   1.0000  0.0000  0.0000
[sym]       0.0000  1.0000  0.0000
[sym]       0.0000  0.0000  1.0000
[sym] proper: -1
[sym] 
[sym] isym : 8
[sym] R :   0  0  1
[sym]       1  0  0
[sym]       0  1  0
[sym] Rc:   0.0000  0.0000  1.0000
[sym]       1.0000  0.0000  0.0000
[sym]       0.0000  1.0000  0.0000
[sym] t :   0.0000  0.0000  0.0000
[sym] S :   1.0000  0.0000  0.0000
[sym]       0.0000  1.0000  0.0000
[sym]       0.0000  0.0000  1.0000
[sym] proper:  1
[sym] 
[sym] isym : 9
[sym] R :   0  0 -1
[sym]      -1  0  0
[sym]       0 -1  0
[sym] Rc:   0.0000  0.0000 -1.0000
[sym]      -1.0000  0.0000  0.0000
[sym]       0.0000 -1.0000  0.0000
[sym] t :   0.0000  0.0000  0.0000
[sym] S :   1.0000  0.0000  0.0000
[sym]       0.0000  1.0000  0.0000
[sym]       0.0000  0.0000  1.0000
[sym] proper: -1
[sym] 
[sym] isym : 10
[sym] R :   0  0  1
[sym]      -1  0  0
[sym]       0 -1  0
[sym] Rc:   0.0000  0.0000  1.0000
[sym]      -1.0000  0.0000  0.0000
[sym]       0.0000 -1.0000  0.0000
[sym] t :   0.0000  0.0000  0.0000
[sym] S :   1.0000  0.0000  0.0000
[sym]       0.0000  1.0000  0.0000
[sym]       0.0000  0.0000  1.0000
[sym] proper:  1
[sym] 
[sym] isym : 11
[sym] R :   0  0 -1
[sym]       1  0  0
[sym]       0  1  0
[sym] Rc:   0.0000  0.0000 -1.0000
[sym]       1.0000  0.0000  0.0000
[sym]       0.0000  1.0000  0.0000
[sym] t :   0.0000  0.0000  0.0000
[sym] S :   1.0000  0.0000  0.0000
[sym]       0.0000  1.0000  0.0000
[sym]       0.0000  0.0000  1.0000
[sym] proper: -1
[sym] 
[sym] isym : 12
[sym] R :   0  0 -1
[sym]       1  0  0
[sym]       0 -1  0
[sym] Rc:   0.0000  0.0000 -1.0000
[sym]       1.0000  0.0000  0.0000
[sym]       0.0000 -1.0000  0.0000
[sym] t :   0.0000  0.0000  0.0000
[sym] S :   1.0000  0.0000  0.0000
[sym]       0.0000  1.0000  0.0000
[sym]       0.0000  0.0000  1.0000
[sym] proper:  1
[sym] 
[sym] isym : 13
[sym] R :   0  0  1
[sym]      -1  0  0
[sym]       0  1  0
[sym] Rc:   0.0000  0.0000  1.0000
[sym]      -1.0000  0.0000  0.0000
[sym]       0.0000  1.0000  0.0000
[sym] t :   0.0000  0.0000  0.0000
[sym] S :   1.0000  0.0000  0.0000
[sym]       0.0000  1.0000  0.0000
[sym]       0.0000  0.0000  1.0000
[sym] proper: -1
[sym] 
[sym] isym : 14
[sym] R :   0  0 -1
[sym]      -1  0  0
[sym]       0  1  0
[sym] Rc:   0.0000  0.0000 -1.0000
[sym]      -1.0000  0.0000  0.0000
[sym]       0.0000  1.0000  0.0000
[sym] t :   0.0000  0.0000  0.0000
[sym] S :   1.0000  0.0000  0.0000
[sym]       0.0000  1.0000  0.0000
[sym]       0.0000  0.0000  1.0000
[sym] proper:  1
[sym] 
[sym] isym : 15
[sym] R :   0  0  1
[sym]       1  0  0
[sym]       0 -1  0
[sym] Rc:   0.0000  0.0000  1.0000
[sym]       1.0000  0.0000  0.0000
[sym]       0.0000 -1.0000  0.0000
[sym] t :   0.0000  0.0000  0.0000
[sym] S :   1.0000  0.0000  0.0000
[sym]       0.0000  1.0000  0.0000
[sym]       0.0000  0.0000  1.0000
[sym] proper: -1
[sym] 
[sym] isym : 16
[sym] R :   0  1  0
[sym]       0  0  1
[sym]       1  0  0
[sym] Rc:   0.0000  1.0000  0.0000
[sym]       0.0000  0.0000  1.0000
[sym]       1.0000  0.0000  0.0000
[sym] t :   0.0000  0.0000  0.0000
[sym] S :   1.0000  0.0000  0.0000
[sym]       0.0000  1.0000  0.0000
[sym]       0.0000  0.0000  1.0000
[sym] proper:  1
[sym] 
[sym] isym : 17
[sym] R :   0 -1  0
[sym]       0  0 -1
[sym]      -1  0  0
[sym] Rc:   0.0000 -1.0000  0.0000
[sym]       0.0000  0.0000 -1.0000
[sym]      -1.0000  0.0000  0.0000
[sym] t :   0.0000  0.0000  0.0000
[sym] S :   1.0000  0.0000  0.0000
[sym]       0.0000  1.0000  0.0000
[sym]       0.0000  0.0000  1.0000
[sym] proper: -1
[sym] 
[sym] isym : 18
[sym] R :   0 -1  0
[sym]       0  0  1
[sym]      -1  0  0
[sym] Rc:   0.0000 -1.0000  0.0000
[sym]       0.0000  0.0000  1.0000
[sym]      -1.0000  0.0000  0.0000
[sym] t :   0.0000  0.0000  0.0000
[sym] S :   1.0000  0.0000  0.0000
[sym]       0.0000  1.0000  0.0000
[sym]       0.0000  0.0000  1.0000
[sym] proper:  1
[sym] 
[sym] isym : 19
[sym] R :   0  1  0
[sym]       0  0 -1
[sym]       1  0  0
[sym] Rc:   0.0000  1.0000  0.0000
[sym]       0.0000  0.0000 -1.0000
[sym]       1.0000  0.0000  0.0000
[sym] t :   0.0000  0.0000  0.0000
[sym] S :   1.0000  0.0000  0.0000
[sym]       0.0000  1.0000  0.0000
[sym]       0.0000  0.0000  1.0000
[sym] proper: -1
[sym] 
[sym] isym : 20
[sym] R :   0 -1  0
[sym]       0  0 -1
[sym]       1  0  0
[sym] Rc:   0.0000 -1.0000  0.0000
[sym]       0.0000  0.0000 -1.0000
[sym]       1.0000  0.0000  0.0000
[sym] t :   0.0000  0.0000  0.0000
[sym] S :   1.0000  0.0000  0.0000
[sym]       0.0000  1.0000  0.0000
[sym]       0.0000  0.0000  1.0000
[sym] proper:  1
[sym] 
[sym] isym : 21
[sym] R :   0  1  0
[sym]       0  0  1
[sym]      -1  0  0
[sym] Rc:   0.0000  1.0000  0.0000
[sym]       0.0000  0.0000  1.0000
[sym]      -1.0000  0.0000  0.0000
[sym] t :   0.0000  0.0000  0.0000
[sym] S :   1.0000  0.0000  0.0000
[sym]       0.0000  1.0000  0.0000
[sym]       0.0000  0.0000  1.0000
[sym] proper: -1
[sym] 
[sym] isym : 22
[sym] R :   0  1  0
[sym]       0  0 -1
[sym]      -1  0  0
[sym] Rc:   0.0000  1.0000  0.0000
[sym]       0.0000  0.0000 -1.0000
[sym]      -1.0000  0.0000  0.0000
[sym] t :   0.0000  0.0000  0.0000
[sym] S :   1.0000  0.0000  0.0000
[sym]       0.0000  1.0000  0.0000
[sym]       0.0000  0.0000  1.0000
[sym] proper:  1
[sym] 
[sym] isym : 23
[sym] R :   0 -1  0
[sym]       0  0  1
[sym]       1  0  0
[sym] Rc:   0.0000 -1.0000  0.0000
[sym]       0.0000  0.0000  1.0000
[sym]       1.0000  0.0000  0.0000
[sym] t :   0.0000  0.0000  0.0000
[sym] S :   1.0000  0.0000  0.0000
[sym]       0.0000  1.0000  0.0000
[sym]       0.0000  0.0000  1.0000
[sym] proper: -1
[sym] 
[atom type] label          : C
[atom type] --------------------------------------------------------------------------------
[atom type] symbol         : C
[atom type] name           : carbon
[atom type] zn             : 6
[atom type] mass           : 12.0107
[atom type] mt_radius      : 1.30749
[atom type] num_mt_points  : 1500
[atom type] grid_origin    : 1e-06
[atom type] grid_name      : exponential
[atom type] 
[atom type] number of core electrons    : 0
[atom type] number of valence electrons : 6
[atom type] 
[atom type] atomic levels
[atom type] n: 1, l: 0, k: 1, occ: 2, core: 0
[atom type] n: 2, l: 0, k: 1, occ: 2, core: 0
[atom type] n: 2, l: 1, k: 1, occ: 1, core: 0
[atom type] n: 2, l: 1, k: 2, occ: 1, core: 0
[atom type] 
[atom type] local orbitals
[atom type] [{l: 0, n: 1, enu: -9.85341, dme: 0, auto: 1}, {l: 0, n: 1, enu: -9.85341, dme: 1, auto: 1}]
[atom type] [{l: 0, n: 2, enu: 15.124, dme: 0, auto: 1}, {l: 0, n: 2, enu: 15.124, dme: 1, auto: 1}]
[atom type] [{l: 0, n: 1, enu: -9.85341, dme: 1, auto: 1}, {l: 0, n: 1, enu: -9.85341, dme: 2, auto: 1}]
[atom type] [{l: 0, n: 2, enu: 15.124, dme: 1, auto: 1}, {l: 0, n: 2, enu: 15.124, dme: 2, auto: 1}]
[atom type] [{l: 0, n: 3, enu: 63.8984, dme: 0, auto: 1}, {l: 0, n: 3, enu: 63.8984, dme: 1, auto: 1}]
[atom type] [{l: 0, n: 3, enu: 63.8984, dme: 1, auto: 1}, {l: 0, n: 3, enu: 63.8984, dme: 2, auto: 1}]
[atom type] [{l: 1, n: 2, enu: 7.48172, dme: 0, auto: 1}, {l: 1, n: 2, enu: 7.48172, dme: 1, auto: 1}]
[atom type] [{l: 1, n: 2, enu: 7.48172, dme: 1, auto: 1}, {l: 1, n: 2, enu: 7.48172, dme: 2, auto: 1}]
[atom type] [{l: 1, n: 3, enu: 43.4619, dme: 0, auto: 1}, {l: 1, n: 3, enu: 43.4619, dme: 1, auto: 1}]
[atom type] [{l: 1, n: 3, enu: 43.4619, dme: 1, auto: 1}, {l: 1, n: 3, enu: 43.4619, dme: 2, auto: 1}]
[atom type] [{l: 2, n: 3, enu: 21.193, dme: 0, auto: 1}, {l: 2, n: 3, enu: 21.193, dme: 1, auto: 1}]
[atom type] [{l: 2, n: 3, enu: 21.193, dme: 1, auto: 1}, {l: 2, n: 3, enu: 21.193, dme: 2, auto: 1}]
[atom type] 
[atom type] augmented wave basis
[atom type] [{l: 0, n: 2, enu: 0.15, dme: 0, auto: 1}, {l: 0, n: 2, enu: 0.15, dme: 1, auto: 1}]
[atom type] [{l: 1, n: 2, enu: 0.15, dme: 0, auto: 1}, {l: 1, n: 2, enu: 0.15, dme: 1, auto: 1}]
[atom type] [{l: 2, n: 3, enu: 0.15, dme: 0, auto: 0}, {l: 2, n: 3, enu: 0.15, dme: 1, auto: 0}]
[atom type] [{l: 3, n: 4, enu: 0.15, dme: 0, auto: 0}, {l: 3, n: 4, enu: 0.15, dme: 1, auto: 0}]
[atom type] [{l: 4, n: 5, enu: 0.15, dme: 0, auto: 0}, {l: 4, n: 5, enu: 0.15, dme: 1, auto: 0}]
[atom type] [{l: 5, n: 6, enu: 0.15, dme: 0, auto: 0}, {l: 5, n: 6, enu: 0.15, dme: 1, auto: 0}]
[atom type] [{l: 6, n: 7, enu: 0.15, dme: 0, auto: 0}, {l: 6, n: 7, enu: 0.15, dme: 1, auto: 0}]
[atom type] [{l: 7, n: 8, enu: 0.15, dme: 0, auto: 0}, {l: 7, n: 8, enu: 0.15, dme: 1, auto: 0}]
[atom type] [{l: 8, n: 9, enu: 0.15, dme: 0, auto: 0}, {l: 8, n: 9, enu: 0.15, dme: 1, auto: 0}]
[atom type] maximum order of aw : 2
[atom type] 
[atom type] total number of radial functions : 30
[atom type] lmax of radial functions         : 8
[atom type] max. number of radial functions  : 8
[atom type] total number of basis functions  : 190
[atom type] number of aw basis functions     : 162
[atom type] number of lo basis functions     : 28
[atom type] lmax_apw                         : 8
[atom type] Hubbard correction               : false
[atom type] spin-orbit coupling              : false
[atom type] atomic wave-functions            : 
[atom type] 
[info] total nuclear charge               : 360
[info] number of core electrons           : 0
[info] number of valence electrons        : 360
[info] total number of electrons          : 360
[info] extra charge                       : 0
[info] total number of aw basis functions : 9720
[info] total number of lo basis functions : 1680
[info] number of first-variational states : 216
[info] number of bands                    : 216
[info] number of spins                    : 1
[info] number of magnetic dimensions      : 0
[info] number of spinor components        : 1
[info] number of spinors per band index   : 1
[info] lmax_apw                           : 8
[info] lmax_rho                           : 8
[info] lmax_pot                           : 8
[info] lmax_rf                            : 8
[info] smearing type                      : gaussian
[info] smearing width                     : 0.025
[info] cyclic block size                  : 1024
[info] |G+k| cutoff                       : 5
[info] symmetry                           : true
[info] so_correction                      : false
[info] valence relativity                 : zora
[info] core relativity                    : Dirac
[info] standard eigen-value solver        : DLA-Future
[info] generalized eigen-value solver     : DLA-Future
[info] processing unit                    : GPU
[info] number of devices                  : 1
[info]   name                             : NVIDIA GH200 120GB
[info]   major                            : 9
[info]   minor                            : 0
[info]   clockRate                        : 1980000 kHz
[info]   memoryClockRate                  : 2619000 kHz
[info]   memoryBusWidth                   : 6144 bits
[info]   sharedMemPerBlock                : 48 kB
[info]   totalConstMem                    : 64 kB
[info]   totalGlobalMem                   : 99090432 kB
[info]   available memory                 : 88207104 kB
[info]   l2CacheSize                      : 61440 kB
[info]   warpSize                         : 32
[info]   regsPerBlock                     : 65536
[info]   canMapHostMemory                 : 1
[info]   concurrentKernels                : 1
[info]   maxGridSize                      : 2147483647 65535 65535
[info]   maxThreadsDim                    : 1024 1024 64
[info]   maxThreadsPerBlock               : 1024
[info]   maxThreadsPerMultiProcessor      : 2048
[info]   multiProcessorCount              : 132
[info]   pciBusID                         : 1
[info]   pciDeviceID                      : 0
[info]   pciDomainID                      : 9
[info]   regsPerMultiprocessor            : 65536
[info]   asyncEngineCount                 : 3
[info]   ECCEnabled                       : 1
[info]   memPitch                         : 2147483647
[info] 
[info] iterative solver                   : exact
[info] number of steps                    : 20
[info] subspace size                      : 2
[info] early restart ratio                : 0.5
[info] precision_wf                       : fp64
[info] precision_hs                       : fp64
[info] mixer                              : broyden1
[info] mixing beta                        : 0.8
[info] max_history                        : 8
[info] use_hartree                        : false
[info] 
[info] spglib version: 2.5.0
[info] HDF5 version: 1.14.5
[info] Libxc version: 6.2.2
[info] 
[info] XC functionals
[info] ==============
[info] 1) XC_LDA_X : Slater exchange
[info] P. A. M. Dirac.,  Math. Proc. Cambridge Philos. Soc. 26, 376 (1930) (10.1017/S0305004100016108)
[info] F. Bloch.,  Z. Phys. 57, 545 (1929) (10.1007/BF01340281)
[info] 
[info] 2) XC_LDA_C_PZ : Perdew & Zunger
[info] J. P. Perdew and A. Zunger.,  Phys. Rev. B 23, 5048 (1981) (10.1103/PhysRevB.23.5048)
[info] 
+----------------------+
| new SCF ground state |
+----------------------+
[print_info] 
[print_info] total number of k-points : 1
[print_info] --------------------------------------------------------------------------------
[print_info] 
[print_info]   ik                vk                    weight  num_gkvec   gklo_basis_size
[print_info] --------------------------------------------------------------------------------
[print_info]    0   0.0000   0.0000   0.0000         1.000000      16879             18559
[find] density_tol               : 1e-06
[find] energy_tol                : 1e-08
[find] iter_solver_tol (initial) : 0.01
[find] iter_solver_tol (target)  : 1e-13
[find] num_dft_iter              : 2
[find] 
[find] +------------------------------+
[find] | SCF iteration   0 out of   2|
[find] +------------------------------+
[find] 
[generate_radial_functions] 
[generate_radial_functions] Linearization energies
[generate_radial_functions] Atom : C, class id : 0
[generate_radial_functions] augmented waves
[generate_radial_functions] {l: 0, n: 2, enu: 2.59084, dme: 0, auto: 1}
[generate_radial_functions] {l: 0, n: 2, enu: 2.59084, dme: 1, auto: 1}
[generate_radial_functions] {l: 1, n: 2, enu: 2.36848, dme: 0, auto: 1}
[generate_radial_functions] {l: 1, n: 2, enu: 2.36848, dme: 1, auto: 1}
[generate_radial_functions] local orbitals
[generate_radial_functions] {l: 0, n: 1, enu: -5.24277, dme: 0, auto: 1}
[generate_radial_functions] {l: 0, n: 1, enu: -5.24277, dme: 1, auto: 1}
[generate_radial_functions] {l: 0, n: 2, enu: 2.59084, dme: 0, auto: 1}
[generate_radial_functions] {l: 0, n: 2, enu: 2.59084, dme: 1, auto: 1}
[generate_radial_functions] {l: 0, n: 1, enu: -5.24277, dme: 1, auto: 1}
[generate_radial_functions] {l: 0, n: 1, enu: -5.24277, dme: 2, auto: 1}
[generate_radial_functions] {l: 0, n: 2, enu: 2.59084, dme: 1, auto: 1}
[generate_radial_functions] {l: 0, n: 2, enu: 2.59084, dme: 2, auto: 1}
[generate_radial_functions] {l: 0, n: 3, enu: 13.7761, dme: 0, auto: 1}
[generate_radial_functions] {l: 0, n: 3, enu: 13.7761, dme: 1, auto: 1}
[generate_radial_functions] {l: 0, n: 3, enu: 13.7761, dme: 1, auto: 1}
[generate_radial_functions] {l: 0, n: 3, enu: 13.7761, dme: 2, auto: 1}
[generate_radial_functions] {l: 1, n: 2, enu: 2.36848, dme: 0, auto: 1}
[generate_radial_functions] {l: 1, n: 2, enu: 2.36848, dme: 1, auto: 1}
[generate_radial_functions] {l: 1, n: 2, enu: 2.36848, dme: 1, auto: 1}
[generate_radial_functions] {l: 1, n: 2, enu: 2.36848, dme: 2, auto: 1}
[generate_radial_functions] {l: 1, n: 3, enu: 10.9631, dme: 0, auto: 1}
[generate_radial_functions] {l: 1, n: 3, enu: 10.9631, dme: 1, auto: 1}
[generate_radial_functions] {l: 1, n: 3, enu: 10.9631, dme: 1, auto: 1}
[generate_radial_functions] {l: 1, n: 3, enu: 10.9631, dme: 2, auto: 1}
[generate_radial_functions] {l: 2, n: 3, enu: 5.78521, dme: 0, auto: 1}
[generate_radial_functions] {l: 2, n: 3, enu: 5.78521, dme: 1, auto: 1}
[generate_radial_functions] {l: 2, n: 3, enu: 5.78521, dme: 1, auto: 1}
[generate_radial_functions] {l: 2, n: 3, enu: 5.78521, dme: 2, auto: 1}
[generate_radial_functions] 
[generate_radial_functions] Atom : C, class id : 1
[generate_radial_functions] augmented waves
[generate_radial_functions] {l: 0, n: 2, enu: 2.60365, dme: 0, auto: 1}
[generate_radial_functions] {l: 0, n: 2, enu: 2.60365, dme: 1, auto: 1}
[generate_radial_functions] {l: 1, n: 2, enu: 2.38127, dme: 0, auto: 1}
[generate_radial_functions] {l: 1, n: 2, enu: 2.38127, dme: 1, auto: 1}
[generate_radial_functions] local orbitals
[generate_radial_functions] {l: 0, n: 1, enu: -5.23019, dme: 0, auto: 1}
[generate_radial_functions] {l: 0, n: 1, enu: -5.23019, dme: 1, auto: 1}
[generate_radial_functions] {l: 0, n: 2, enu: 2.60365, dme: 0, auto: 1}
[generate_radial_functions] {l: 0, n: 2, enu: 2.60365, dme: 1, auto: 1}
[generate_radial_functions] {l: 0, n: 1, enu: -5.23019, dme: 1, auto: 1}
[generate_radial_functions] {l: 0, n: 1, enu: -5.23019, dme: 2, auto: 1}
[generate_radial_functions] {l: 0, n: 2, enu: 2.60365, dme: 1, auto: 1}
[generate_radial_functions] {l: 0, n: 2, enu: 2.60365, dme: 2, auto: 1}
[generate_radial_functions] {l: 0, n: 3, enu: 13.7888, dme: 0, auto: 1}
[generate_radial_functions] {l: 0, n: 3, enu: 13.7888, dme: 1, auto: 1}
[generate_radial_functions] {l: 0, n: 3, enu: 13.7888, dme: 1, auto: 1}
[generate_radial_functions] {l: 0, n: 3, enu: 13.7888, dme: 2, auto: 1}
[generate_radial_functions] {l: 1, n: 2, enu: 2.38127, dme: 0, auto: 1}
[generate_radial_functions] {l: 1, n: 2, enu: 2.38127, dme: 1, auto: 1}
[generate_radial_functions] {l: 1, n: 2, enu: 2.38127, dme: 1, auto: 1}
[generate_radial_functions] {l: 1, n: 2, enu: 2.38127, dme: 2, auto: 1}
[generate_radial_functions] {l: 1, n: 3, enu: 10.9758, dme: 0, auto: 1}
[generate_radial_functions] {l: 1, n: 3, enu: 10.9758, dme: 1, auto: 1}
[generate_radial_functions] {l: 1, n: 3, enu: 10.9758, dme: 1, auto: 1}
[generate_radial_functions] {l: 1, n: 3, enu: 10.9758, dme: 2, auto: 1}
[generate_radial_functions] {l: 2, n: 3, enu: 5.79806, dme: 0, auto: 1}
[generate_radial_functions] {l: 2, n: 3, enu: 5.79806, dme: 1, auto: 1}
[generate_radial_functions] {l: 2, n: 3, enu: 5.79806, dme: 1, auto: 1}
[generate_radial_functions] {l: 2, n: 3, enu: 5.79806, dme: 2, auto: 1}
[generate_radial_functions] 
[generate_radial_functions] Atom : C, class id : 2
[generate_radial_functions] augmented waves
[generate_radial_functions] {l: 0, n: 2, enu: 2.60274, dme: 0, auto: 1}
[generate_radial_functions] {l: 0, n: 2, enu: 2.60274, dme: 1, auto: 1}
[generate_radial_functions] {l: 1, n: 2, enu: 2.38035, dme: 0, auto: 1}
[generate_radial_functions] {l: 1, n: 2, enu: 2.38035, dme: 1, auto: 1}
[generate_radial_functions] local orbitals
[generate_radial_functions] {l: 0, n: 1, enu: -5.2311, dme: 0, auto: 1}
[generate_radial_functions] {l: 0, n: 1, enu: -5.2311, dme: 1, auto: 1}
[generate_radial_functions] {l: 0, n: 2, enu: 2.60274, dme: 0, auto: 1}
[generate_radial_functions] {l: 0, n: 2, enu: 2.60274, dme: 1, auto: 1}
[generate_radial_functions] {l: 0, n: 1, enu: -5.2311, dme: 1, auto: 1}
[generate_radial_functions] {l: 0, n: 1, enu: -5.2311, dme: 2, auto: 1}
[generate_radial_functions] {l: 0, n: 2, enu: 2.60274, dme: 1, auto: 1}
[generate_radial_functions] {l: 0, n: 2, enu: 2.60274, dme: 2, auto: 1}
[generate_radial_functions] {l: 0, n: 3, enu: 13.7879, dme: 0, auto: 1}
[generate_radial_functions] {l: 0, n: 3, enu: 13.7879, dme: 1, auto: 1}
[generate_radial_functions] {l: 0, n: 3, enu: 13.7879, dme: 1, auto: 1}
[generate_radial_functions] {l: 0, n: 3, enu: 13.7879, dme: 2, auto: 1}
[generate_radial_functions] {l: 1, n: 2, enu: 2.38035, dme: 0, auto: 1}
[generate_radial_functions] {l: 1, n: 2, enu: 2.38035, dme: 1, auto: 1}
[generate_radial_functions] {l: 1, n: 2, enu: 2.38035, dme: 1, auto: 1}
[generate_radial_functions] {l: 1, n: 2, enu: 2.38035, dme: 2, auto: 1}
[generate_radial_functions] {l: 1, n: 3, enu: 10.9749, dme: 0, auto: 1}
[generate_radial_functions] {l: 1, n: 3, enu: 10.9749, dme: 1, auto: 1}
[generate_radial_functions] {l: 1, n: 3, enu: 10.9749, dme: 1, auto: 1}
[generate_radial_functions] {l: 1, n: 3, enu: 10.9749, dme: 2, auto: 1}
[generate_radial_functions] {l: 2, n: 3, enu: 5.79715, dme: 0, auto: 1}
[generate_radial_functions] {l: 2, n: 3, enu: 5.79715, dme: 1, auto: 1}
[generate_radial_functions] {l: 2, n: 3, enu: 5.79715, dme: 1, auto: 1}
[generate_radial_functions] {l: 2, n: 3, enu: 5.79715, dme: 2, auto: 1}
[generate_radial_functions] 
[diagonalize] Lowest band energies
[diagonalize] ik:    0   -5.243128   -5.243127   -5.243127   -5.243127   -5.243126   -5.243126   -5.241561   -5.241561   -5.241561   -5.241561
[find] 
[find] Charges and magnetic moments
[find] --------------------------------------------------------------------------------
[find] atom      charge    core leakage
[find] --------------------------------------------------------------------------------
[find]    0    3.198699    0.000000e+00
[find]    1    3.198699    0.000000e+00
[find]    2    3.198699    0.000000e+00
[find]    3    3.198699    0.000000e+00
[find]    4    3.198699    0.000000e+00
[find]    5    3.198699    0.000000e+00
[find]    6    3.198699    0.000000e+00
[find]    7    3.198699    0.000000e+00
[find]    8    3.198699    0.000000e+00
[find]    9    3.198699    0.000000e+00
[find]   10    3.198699    0.000000e+00
[find]   11    3.198699    0.000000e+00
[find]   12    3.195904    0.000000e+00
[find]   13    3.195904    0.000000e+00
[find]   14    3.195904    0.000000e+00
[find]   15    3.195904    0.000000e+00
[find]   16    3.195904    0.000000e+00
[find]   17    3.195904    0.000000e+00
[find]   18    3.195904    0.000000e+00
[find]   19    3.195904    0.000000e+00
[find]   20    3.195904    0.000000e+00
[find]   21    3.195904    0.000000e+00
[find]   22    3.195904    0.000000e+00
[find]   23    3.195904    0.000000e+00
[find]   24    3.195904    0.000000e+00
[find]   25    3.195904    0.000000e+00
[find]   26    3.195904    0.000000e+00
[find]   27    3.195904    0.000000e+00
[find]   28    3.195904    0.000000e+00
[find]   29    3.195904    0.000000e+00
[find]   30    3.195904    0.000000e+00
[find]   31    3.195904    0.000000e+00
[find]   32    3.195904    0.000000e+00
[find]   33    3.195904    0.000000e+00
[find]   34    3.195904    0.000000e+00
[find]   35    3.195904    0.000000e+00
[find]   36    3.193254    0.000000e+00
[find]   37    3.193254    0.000000e+00
[find]   38    3.193254    0.000000e+00
[find]   39    3.193254    0.000000e+00
[find]   40    3.193254    0.000000e+00
[find]   41    3.193254    0.000000e+00
[find]   42    3.193254    0.000000e+00
[find]   43    3.193254    0.000000e+00
[find]   44    3.193254    0.000000e+00
[find]   45    3.193254    0.000000e+00
[find]   46    3.193254    0.000000e+00
[find]   47    3.193254    0.000000e+00
[find]   48    3.193254    0.000000e+00
[find]   49    3.193254    0.000000e+00
[find]   50    3.193254    0.000000e+00
[find]   51    3.193254    0.000000e+00
[find]   52    3.193254    0.000000e+00
[find]   53    3.193254    0.000000e+00
[find]   54    3.193254    0.000000e+00
[find]   55    3.193254    0.000000e+00
[find]   56    3.193254    0.000000e+00
[find]   57    3.193254    0.000000e+00
[find]   58    3.193254    0.000000e+00
[find]   59    3.193254    0.000000e+00
[find] 
[find] total core leakage    : 0.00000000e+00
[find] interstitial charge   : 168.275806
[find] total charge          : 360.000000
[find] 
[find] Energy
[find] --------------------------------------------------------------------------------
[find] valence_eval_sum               :    -581.68860437
[find] core_eval_sum                  :       0.00000000
[find] kinetic energy                 :    3370.91819871
[find] enuc                           :   -2293.70936873
[find] <rho|V^{XC}>                   :    -375.04393114
[find] <rho|E^{XC}>                   :    -284.80570614
[find] <mag|B^{XC}>                   :       0.00000000
[find] <rho|V^{H}>                    :   -3577.56467150
[find] smearing (-TS)                 :      -0.27592502
[find] SCF correction                 :   -1023.19200826
[find] Total energy                   :   -2019.57122018 (Ha),   -4039.14244036 (Ry)
[find] Free energy (E-TS)             :   -2019.84714520 (Ha),   -4039.69429039 (Ry)
[find] 
[find] band gap (eV)                  :       0.00000000
[find] Efermi                         :       0.37608067
[find] 
[find] iteration : 0, RMS : 4.811594847279e-01, energy difference : -2.019571220178e+03
[find] 
[find] +------------------------------+
[find] | SCF iteration   1 out of   2|
[find] +------------------------------+
[find] 
[generate_radial_functions] 
[generate_radial_functions] Linearization energies
[generate_radial_functions] Atom : C, class id : 0
[generate_radial_functions] augmented waves
[generate_radial_functions] {l: 0, n: 2, enu: -1.1717, dme: 0, auto: 1}
[generate_radial_functions] {l: 0, n: 2, enu: -1.1717, dme: 1, auto: 1}
[generate_radial_functions] {l: 1, n: 2, enu: -1.30849, dme: 0, auto: 1}
[generate_radial_functions] {l: 1, n: 2, enu: -1.30849, dme: 1, auto: 1}
[generate_radial_functions] local orbitals
[generate_radial_functions] {l: 0, n: 1, enu: -11.9405, dme: 0, auto: 1}
[generate_radial_functions] {l: 0, n: 1, enu: -11.9405, dme: 1, auto: 1}
[generate_radial_functions] {l: 0, n: 2, enu: -1.1717, dme: 0, auto: 1}
[generate_radial_functions] {l: 0, n: 2, enu: -1.1717, dme: 1, auto: 1}
[generate_radial_functions] {l: 0, n: 1, enu: -11.9405, dme: 1, auto: 1}
[generate_radial_functions] {l: 0, n: 1, enu: -11.9405, dme: 2, auto: 1}
[generate_radial_functions] {l: 0, n: 2, enu: -1.1717, dme: 1, auto: 1}
[generate_radial_functions] {l: 0, n: 2, enu: -1.1717, dme: 2, auto: 1}
[generate_radial_functions] {l: 0, n: 3, enu: 9.41005, dme: 0, auto: 1}
[generate_radial_functions] {l: 0, n: 3, enu: 9.41005, dme: 1, auto: 1}
[generate_radial_functions] {l: 0, n: 3, enu: 9.41005, dme: 1, auto: 1}
[generate_radial_functions] {l: 0, n: 3, enu: 9.41005, dme: 2, auto: 1}
[generate_radial_functions] {l: 1, n: 2, enu: -1.30849, dme: 0, auto: 1}
[generate_radial_functions] {l: 1, n: 2, enu: -1.30849, dme: 1, auto: 1}
[generate_radial_functions] {l: 1, n: 2, enu: -1.30849, dme: 1, auto: 1}
[generate_radial_functions] {l: 1, n: 2, enu: -1.30849, dme: 2, auto: 1}
[generate_radial_functions] {l: 1, n: 3, enu: 6.70322, dme: 0, auto: 1}
[generate_radial_functions] {l: 1, n: 3, enu: 6.70322, dme: 1, auto: 1}
[generate_radial_functions] {l: 1, n: 3, enu: 6.70322, dme: 1, auto: 1}
[generate_radial_functions] {l: 1, n: 3, enu: 6.70322, dme: 2, auto: 1}
[generate_radial_functions] {l: 2, n: 3, enu: 2.50033, dme: 0, auto: 1}
[generate_radial_functions] {l: 2, n: 3, enu: 2.50033, dme: 1, auto: 1}
[generate_radial_functions] {l: 2, n: 3, enu: 2.50033, dme: 1, auto: 1}
[generate_radial_functions] {l: 2, n: 3, enu: 2.50033, dme: 2, auto: 1}
[generate_radial_functions] 
[generate_radial_functions] Atom : C, class id : 1
[generate_radial_functions] augmented waves
[generate_radial_functions] {l: 0, n: 2, enu: -1.01696, dme: 0, auto: 1}
[generate_radial_functions] {l: 0, n: 2, enu: -1.01696, dme: 1, auto: 1}
[generate_radial_functions] {l: 1, n: 2, enu: -1.15389, dme: 0, auto: 1}
[generate_radial_functions] {l: 1, n: 2, enu: -1.15389, dme: 1, auto: 1}
[generate_radial_functions] local orbitals
[generate_radial_functions] {l: 0, n: 1, enu: -11.7858, dme: 0, auto: 1}
[generate_radial_functions] {l: 0, n: 1, enu: -11.7858, dme: 1, auto: 1}
[generate_radial_functions] {l: 0, n: 2, enu: -1.01696, dme: 0, auto: 1}
[generate_radial_functions] {l: 0, n: 2, enu: -1.01696, dme: 1, auto: 1}
[generate_radial_functions] {l: 0, n: 1, enu: -11.7858, dme: 1, auto: 1}
[generate_radial_functions] {l: 0, n: 1, enu: -11.7858, dme: 2, auto: 1}
[generate_radial_functions] {l: 0, n: 2, enu: -1.01696, dme: 1, auto: 1}
[generate_radial_functions] {l: 0, n: 2, enu: -1.01696, dme: 2, auto: 1}
[generate_radial_functions] {l: 0, n: 3, enu: 9.56484, dme: 0, auto: 1}
[generate_radial_functions] {l: 0, n: 3, enu: 9.56484, dme: 1, auto: 1}
[generate_radial_functions] {l: 0, n: 3, enu: 9.56484, dme: 1, auto: 1}
[generate_radial_functions] {l: 0, n: 3, enu: 9.56484, dme: 2, auto: 1}
[generate_radial_functions] {l: 1, n: 2, enu: -1.15389, dme: 0, auto: 1}
[generate_radial_functions] {l: 1, n: 2, enu: -1.15389, dme: 1, auto: 1}
[generate_radial_functions] {l: 1, n: 2, enu: -1.15389, dme: 1, auto: 1}
[generate_radial_functions] {l: 1, n: 2, enu: -1.15389, dme: 2, auto: 1}
[generate_radial_functions] {l: 1, n: 3, enu: 6.85788, dme: 0, auto: 1}
[generate_radial_functions] {l: 1, n: 3, enu: 6.85788, dme: 1, auto: 1}
[generate_radial_functions] {l: 1, n: 3, enu: 6.85788, dme: 1, auto: 1}
[generate_radial_functions] {l: 1, n: 3, enu: 6.85788, dme: 2, auto: 1}
[generate_radial_functions] {l: 2, n: 3, enu: 2.65507, dme: 0, auto: 1}
[generate_radial_functions] {l: 2, n: 3, enu: 2.65507, dme: 1, auto: 1}
[generate_radial_functions] {l: 2, n: 3, enu: 2.65507, dme: 1, auto: 1}
[generate_radial_functions] {l: 2, n: 3, enu: 2.65507, dme: 2, auto: 1}
[generate_radial_functions] 
[generate_radial_functions] Atom : C, class id : 2
[generate_radial_functions] augmented waves
[generate_radial_functions] {l: 0, n: 2, enu: -1.04234, dme: 0, auto: 1}
[generate_radial_functions] {l: 0, n: 2, enu: -1.04234, dme: 1, auto: 1}
[generate_radial_functions] {l: 1, n: 2, enu: -1.17932, dme: 0, auto: 1}
[generate_radial_functions] {l: 1, n: 2, enu: -1.17932, dme: 1, auto: 1}
[generate_radial_functions] local orbitals
[generate_radial_functions] {l: 0, n: 1, enu: -11.8124, dme: 0, auto: 1}
[generate_radial_functions] {l: 0, n: 1, enu: -11.8124, dme: 1, auto: 1}
[generate_radial_functions] {l: 0, n: 2, enu: -1.04234, dme: 0, auto: 1}
[generate_radial_functions] {l: 0, n: 2, enu: -1.04234, dme: 1, auto: 1}
[generate_radial_functions] {l: 0, n: 1, enu: -11.8124, dme: 1, auto: 1}
[generate_radial_functions] {l: 0, n: 1, enu: -11.8124, dme: 2, auto: 1}
[generate_radial_functions] {l: 0, n: 2, enu: -1.04234, dme: 1, auto: 1}
[generate_radial_functions] {l: 0, n: 2, enu: -1.04234, dme: 2, auto: 1}
[generate_radial_functions] {l: 0, n: 3, enu: 9.53921, dme: 0, auto: 1}
[generate_radial_functions] {l: 0, n: 3, enu: 9.53921, dme: 1, auto: 1}
[generate_radial_functions] {l: 0, n: 3, enu: 9.53921, dme: 1, auto: 1}
[generate_radial_functions] {l: 0, n: 3, enu: 9.53921, dme: 2, auto: 1}
[generate_radial_functions] {l: 1, n: 2, enu: -1.17932, dme: 0, auto: 1}
[generate_radial_functions] {l: 1, n: 2, enu: -1.17932, dme: 1, auto: 1}
[generate_radial_functions] {l: 1, n: 2, enu: -1.17932, dme: 1, auto: 1}
[generate_radial_functions] {l: 1, n: 2, enu: -1.17932, dme: 2, auto: 1}
[generate_radial_functions] {l: 1, n: 3, enu: 6.83229, dme: 0, auto: 1}
[generate_radial_functions] {l: 1, n: 3, enu: 6.83229, dme: 1, auto: 1}
[generate_radial_functions] {l: 1, n: 3, enu: 6.83229, dme: 1, auto: 1}
[generate_radial_functions] {l: 1, n: 3, enu: 6.83229, dme: 2, auto: 1}
[generate_radial_functions] {l: 2, n: 3, enu: 2.62988, dme: 0, auto: 1}
[generate_radial_functions] {l: 2, n: 3, enu: 2.62988, dme: 1, auto: 1}
[generate_radial_functions] {l: 2, n: 3, enu: 2.62988, dme: 1, auto: 1}
[generate_radial_functions] {l: 2, n: 3, enu: 2.62988, dme: 2, auto: 1}
[generate_radial_functions] 
[diagonalize] Lowest band energies
[diagonalize] ik:    0  -11.941031  -11.941031  -11.941031  -11.941031  -11.941031  -11.941031  -11.940823  -11.940823  -11.940823  -11.940823
[find] 
[find] Charges and magnetic moments
[find] --------------------------------------------------------------------------------
[find] atom      charge    core leakage
[find] --------------------------------------------------------------------------------
[find]    0    4.468752    0.000000e+00
[find]    1    4.468752    0.000000e+00
[find]    2    4.468752    0.000000e+00
[find]    3    4.468752    0.000000e+00
[find]    4    4.468752    0.000000e+00
[find]    5    4.468752    0.000000e+00
[find]    6    4.468752    0.000000e+00
[find]    7    4.468752    0.000000e+00
[find]    8    4.468752    0.000000e+00
[find]    9    4.468752    0.000000e+00
[find]   10    4.468752    0.000000e+00
[find]   11    4.468752    0.000000e+00
[find]   12    3.812193    0.000000e+00
[find]   13    3.812193    0.000000e+00
[find]   14    3.812193    0.000000e+00
[find]   15    3.812193    0.000000e+00
[find]   16    3.812193    0.000000e+00
[find]   17    3.812193    0.000000e+00
[find]   18    3.812193    0.000000e+00
[find]   19    3.812193    0.000000e+00
[find]   20    3.812193    0.000000e+00
[find]   21    3.812193    0.000000e+00
[find]   22    3.812193    0.000000e+00
[find]   23    3.812193    0.000000e+00
[find]   24    3.812193    0.000000e+00
[find]   25    3.812193    0.000000e+00
[find]   26    3.812193    0.000000e+00
[find]   27    3.812193    0.000000e+00
[find]   28    3.812193    0.000000e+00
[find]   29    3.812193    0.000000e+00
[find]   30    3.812193    0.000000e+00
[find]   31    3.812193    0.000000e+00
[find]   32    3.812193    0.000000e+00
[find]   33    3.812193    0.000000e+00
[find]   34    3.812193    0.000000e+00
[find]   35    3.812193    0.000000e+00
[find]   36    3.997018    0.000000e+00
[find]   37    3.997018    0.000000e+00
[find]   38    3.997018    0.000000e+00
[find]   39    3.997018    0.000000e+00
[find]   40    3.997018    0.000000e+00
[find]   41    3.997018    0.000000e+00
[find]   42    3.997018    0.000000e+00
[find]   43    3.997018    0.000000e+00
[find]   44    3.997018    0.000000e+00
[find]   45    3.997018    0.000000e+00
[find]   46    3.997018    0.000000e+00
[find]   47    3.997018    0.000000e+00
[find]   48    3.997018    0.000000e+00
[find]   49    3.997018    0.000000e+00
[find]   50    3.997018    0.000000e+00
[find]   51    3.997018    0.000000e+00
[find]   52    3.997018    0.000000e+00
[find]   53    3.997018    0.000000e+00
[find]   54    3.997018    0.000000e+00
[find]   55    3.997018    0.000000e+00
[find]   56    3.997018    0.000000e+00
[find]   57    3.997018    0.000000e+00
[find]   58    3.997018    0.000000e+00
[find]   59    3.997018    0.000000e+00
[find] 
[find] total core leakage    : 0.00000000e+00
[find] interstitial charge   : 118.953905
[find] total charge          : 360.000000
[find] 
[find] Energy
[find] --------------------------------------------------------------------------------
[find] valence_eval_sum               :   -1997.96479768
[find] core_eval_sum                  :       0.00000000
[find] kinetic energy                 :    1414.41066630
[find] enuc                           :   -2715.54064724
[find] <rho|V^{XC}>                   :    -404.68690482
[find] <rho|E^{XC}>                   :    -307.36561466
[find] <mag|B^{XC}>                   :       0.00000000
[find] <rho|V^{H}>                    :   -3007.68913848
[find] smearing (-TS)                 :      -0.15557601
[find] SCF correction                 :     898.89049426
[find] Total energy                   :   -2213.44967060 (Ha),   -4426.89934119 (Ry)
[find] Free energy (E-TS)             :   -2213.60524661 (Ha),   -4427.21049322 (Ry)
[find] 
[find] band gap (eV)                  :       0.00000000
[find] Efermi                         :      -1.86830822
[find] 
[find] iteration : 1, RMS : 5.427292375892e-02, energy difference : -1.938784504188e+02
[find] 
[find] Charges and magnetic moments
[find] --------------------------------------------------------------------------------
[find] atom      charge    core leakage
[find] --------------------------------------------------------------------------------
[find]    0    4.468752    0.000000e+00
[find]    1    4.468752    0.000000e+00
[find]    2    4.468752    0.000000e+00
[find]    3    4.468752    0.000000e+00
[find]    4    4.468752    0.000000e+00
[find]    5    4.468752    0.000000e+00
[find]    6    4.468752    0.000000e+00
[find]    7    4.468752    0.000000e+00
[find]    8    4.468752    0.000000e+00
[find]    9    4.468752    0.000000e+00
[find]   10    4.468752    0.000000e+00
[find]   11    4.468752    0.000000e+00
[find]   12    3.812193    0.000000e+00
[find]   13    3.812193    0.000000e+00
[find]   14    3.812193    0.000000e+00
[find]   15    3.812193    0.000000e+00
[find]   16    3.812193    0.000000e+00
[find]   17    3.812193    0.000000e+00
[find]   18    3.812193    0.000000e+00
[find]   19    3.812193    0.000000e+00
[find]   20    3.812193    0.000000e+00
[find]   21    3.812193    0.000000e+00
[find]   22    3.812193    0.000000e+00
[find]   23    3.812193    0.000000e+00
[find]   24    3.812193    0.000000e+00
[find]   25    3.812193    0.000000e+00
[find]   26    3.812193    0.000000e+00
[find]   27    3.812193    0.000000e+00
[find]   28    3.812193    0.000000e+00
[find]   29    3.812193    0.000000e+00
[find]   30    3.812193    0.000000e+00
[find]   31    3.812193    0.000000e+00
[find]   32    3.812193    0.000000e+00
[find]   33    3.812193    0.000000e+00
[find]   34    3.812193    0.000000e+00
[find]   35    3.812193    0.000000e+00
[find]   36    3.997018    0.000000e+00
[find]   37    3.997018    0.000000e+00
[find]   38    3.997018    0.000000e+00
[find]   39    3.997018    0.000000e+00
[find]   40    3.997018    0.000000e+00
[find]   41    3.997018    0.000000e+00
[find]   42    3.997018    0.000000e+00
[find]   43    3.997018    0.000000e+00
[find]   44    3.997018    0.000000e+00
[find]   45    3.997018    0.000000e+00
[find]   46    3.997018    0.000000e+00
[find]   47    3.997018    0.000000e+00
[find]   48    3.997018    0.000000e+00
[find]   49    3.997018    0.000000e+00
[find]   50    3.997018    0.000000e+00
[find]   51    3.997018    0.000000e+00
[find]   52    3.997018    0.000000e+00
[find]   53    3.997018    0.000000e+00
[find]   54    3.997018    0.000000e+00
[find]   55    3.997018    0.000000e+00
[find]   56    3.997018    0.000000e+00
[find]   57    3.997018    0.000000e+00
[find]   58    3.997018    0.000000e+00
[find]   59    3.997018    0.000000e+00
[find] 
[find] total core leakage    : 0.00000000e+00
[find] interstitial charge   : 118.953905
[find] total charge          : 360.000000
[find] 
[find] Energy
[find] --------------------------------------------------------------------------------
[find] valence_eval_sum               :   -1997.96479768
[find] core_eval_sum                  :       0.00000000
[find] kinetic energy                 :    1414.41066630
[find] enuc                           :   -2715.54064724
[find] <rho|V^{XC}>                   :    -404.68690482
[find] <rho|E^{XC}>                   :    -307.36561466
[find] <mag|B^{XC}>                   :       0.00000000
[find] <rho|V^{H}>                    :   -3007.68913848
[find] smearing (-TS)                 :      -0.15557601
[find] SCF correction                 :     898.89049426
[find] Total energy                   :   -2213.44967060 (Ha),   -4426.89934119 (Ry)
[find] Free energy (E-TS)             :   -2213.60524661 (Ha),   -4427.21049322 (Ry)
[find] 
[find] band gap (eV)                  :       0.00000000
[find] Efermi                         :      -1.86830822
[find] 
[~DFT_ground_state] local op. applied: 0
[~DFT_ground_state] evp. work count: 0
[~DFT_ground_state] numbef of iterative solver steps: 0
==========================================================================================================================================================
                                                                           #         Total          %     Self %        Median           Min           Max
----------------------------------------------------------------------------------------------------------------------------------------------------------
sirius                                                                     1      50.34 s      100.00       1.01      50.34 s       50.34 s       50.34 s 
├ sirius::initialize                                                       1       6.65 s       13.21     100.00       6.65 s        6.65 s        6.65 s 
├ sirius::Simulation_context::initialize                                   1     767.86 ms       1.53       1.28     767.86 ms     767.86 ms     767.86 ms
│ ├ sirius::Simulation_context::init_comm                                  1       6.14 ms       0.01     100.00       6.14 ms       6.14 ms       6.14 ms
│ ├ sirius::Unit_cell::initialize                                          1     336.96 ms       0.67       0.60     336.96 ms     336.96 ms     336.96 ms
│ │ ├ sirius::Atom_type::init                                              1     209.25 ms       0.42     100.00     209.25 ms     209.25 ms     209.25 ms
│ │ └ sirius::Unit_cell::update                                            1     125.69 ms       0.25       0.16     125.69 ms     125.69 ms     125.69 ms
│ │   ├ sirius::Unit_cell::find_nearest_neighbours                         1     123.06 ms       0.24     100.00     123.06 ms     123.06 ms     123.06 ms
│ │   └ sirius::Unit_cell::get_symmetry                                    1       2.43 ms       0.00       5.48       2.43 ms       2.43 ms       2.43 ms
│ │     └ sirius::Crystal_symmetry                                         1       2.29 ms       0.00      11.27       2.29 ms       2.29 ms       2.29 ms
│ │       ├ sirius::Crystal_symmetry|spg                                   1       1.79 ms       0.00     100.00       1.79 ms       1.79 ms       1.79 ms
│ │       ├ sirius::find_sym_atom                                         48     217.44 us       0.00     100.00       4.54 us       4.06 us       5.38 us
│ │       └ sirius::Crystal_symmetry|mag                                   1      25.63 us       0.00     100.00      25.63 us      25.63 us      25.63 us
│ └ sirius::Simulation_context::update                                     1     414.96 ms       0.82      48.48     414.96 ms     414.96 ms     414.96 ms
│   ├ sirius::Unit_cell::update                                            1       2.38 ms       0.00       4.58       2.38 ms       2.38 ms       2.38 ms
│   │ ├ sirius::Unit_cell::find_nearest_neighbours                         1     152.00 us       0.00     100.00     152.00 us     152.00 us     152.00 us
│   │ └ sirius::Unit_cell::get_symmetry                                    1       2.12 ms       0.00       1.48       2.12 ms       2.12 ms       2.12 ms
│   │   └ sirius::Crystal_symmetry                                         1       2.09 ms       0.00       9.46       2.09 ms       2.09 ms       2.09 ms
│   │     ├ sirius::Crystal_symmetry|spg                                   1       1.67 ms       0.00     100.00       1.67 ms       1.67 ms       1.67 ms
│   │     ├ sirius::find_sym_atom                                         48     212.58 us       0.00     100.00       4.43 us       4.00 us       4.86 us
│   │     └ sirius::Crystal_symmetry|mag                                   1      14.75 us       0.00     100.00      14.75 us      14.75 us      14.75 us
│   ├ fft::Gvec::init                                                      2     133.03 ms       0.26      18.85      66.52 ms      14.36 ms     118.67 ms
│   │ ├ fft::Gvec::find_z_columns                                          2      41.25 ms       0.08       0.02      20.63 ms       5.86 ms      35.39 ms
│   │ │ ├ fft::Gvec::find_z_columns|add                                    2       9.63 ms       0.02     100.00       4.82 ms       1.41 ms       8.23 ms
│   │ │ ├ fft::Gvec::find_z_columns|sym                                    2      31.35 ms       0.06     100.00      15.68 ms       4.39 ms      26.97 ms
│   │ │ └ fft::Gvec::find_z_columns|sort                                   2     255.75 us       0.00     100.00     127.87 us      58.79 us     196.96 us
│   │ └ fft::Gvec::find_gvec_shells                                        2      66.71 ms       0.13     100.00      33.35 ms       5.43 ms      61.27 ms
│   ├ fft::Gvec_shells                                                     1      74.79 ms       0.15     100.00      74.79 ms      74.79 ms      74.79 ms
│   └ sirius::make_periodic_function                                       1       3.56 ms       0.01     100.00       3.56 ms       3.56 ms       3.56 ms
├ sirius::K_point_set::create_k_mesh                                       1      38.40 ms       0.08       0.31      38.40 ms      38.40 ms      38.40 ms
│ ├ fft::Gvec::init                                                        1     764.08 us       0.00      61.58     764.08 us     764.08 us     764.08 us
│ │ └ fft::Gvec::find_z_columns                                            1     293.58 us       0.00       0.80     293.58 us     293.58 us     293.58 us
│ │   ├ fft::Gvec::find_z_columns|add                                      1     276.84 us       0.00     100.00     276.84 us     276.84 us     276.84 us
│ │   ├ fft::Gvec::find_z_columns|sym                                      1     352.00 ns       0.00     100.00     352.00 ns     352.00 ns     352.00 ns
│ │   └ fft::Gvec::find_z_columns|sort                                     1      14.05 us       0.00     100.00      14.05 us      14.05 us      14.05 us
│ └ sirius::K_point_set::initialize                                        1      37.51 ms       0.07       0.29      37.51 ms      37.51 ms      37.51 ms
│   └ sirius::K_point::initialize                                          1      37.40 ms       0.07      79.41      37.40 ms      37.40 ms      37.40 ms
│     ├ sirius::K_point::generate_gkvec                                    1       3.84 ms       0.01     100.00       3.84 ms       3.84 ms       3.84 ms
│     └ sirius::K_point::update                                            1       3.86 ms       0.01     100.00       3.86 ms       3.86 ms       3.86 ms
├ sirius::Potential                                                        1      19.40 ms       0.04      17.34      19.40 ms      19.40 ms      19.40 ms
│ └ sirius::Potential::update                                              1      16.04 ms       0.03      57.08      16.04 ms      16.04 ms      16.04 ms
│   ├ sirius::generate_gvec_ylm                                            1       4.39 ms       0.01     100.00       4.39 ms       4.39 ms       4.39 ms
│   └ sirius::generate_sbessel_mt                                          1       2.50 ms       0.00     100.00       2.50 ms       2.50 ms       2.50 ms
├ sirius::Density                                                          1       2.23 ms       0.00      99.99       2.23 ms       2.23 ms       2.23 ms
│ └ sirius::Density::update                                                1     224.00 ns       0.00     100.00     224.00 ns     224.00 ns     224.00 ns
├ sirius::DFT_ground_state::initial_state                                  1       1.58 s        3.15       0.00       1.58 s        1.58 s        1.58 s 
│ ├ sirius::Density::initial_density                                       1       1.37 s        2.71      84.36       1.37 s        1.37 s        1.37 s 
│ │ ├ sirius::Radial_integrals|rho_free_atom                               1       3.31 ms       0.01     100.00       3.31 ms       3.31 ms       3.31 ms
│ │ ├ sirius::make_periodic_function                                       1     293.25 us       0.00     100.00     293.25 us     293.25 us     293.25 us
│ │ ├ sirius::Smooth_periodic_function::fft_transform                      1       1.79 ms       0.00     100.00       1.79 ms       1.79 ms       1.79 ms
│ │ ├ sirius::generate_gvec_ylm                                            1       4.07 ms       0.01     100.00       4.07 ms       4.07 ms       4.07 ms
│ │ ├ sirius::generate_sbessel_mt                                          1       2.69 ms       0.01     100.00       2.69 ms       2.69 ms       2.69 ms
│ │ ├ sirius::sum_fg_fl_yg                                                 1      92.14 ms       0.18      17.64      92.14 ms      92.14 ms      92.14 ms
│ │ │ ├ sirius::Simulation_context::generate_phase_factors                 1     683.12 us       0.00     100.00     683.12 us     683.12 us     683.12 us
│ │ │ ├ sirius::sum_fg_fl_yg|zm                                            1       3.89 ms       0.01     100.00       3.89 ms       3.89 ms       3.89 ms
│ │ │ └ sirius::sum_fg_fl_yg|mul                                           1      71.31 ms       0.14     100.00      71.31 ms      71.31 ms      71.31 ms
│ │ ├ sirius::Periodic_function::integrate                                 2       5.66 ms       0.01     100.00       2.83 ms       2.75 ms       2.91 ms
│ │ ├ sirius::symmetrize_pw_function                                       1       8.26 ms       0.02       5.91       8.26 ms       8.26 ms       8.26 ms
│ │ │ ├ fft::Gvec_shells::remap_forward                                    1       1.84 ms       0.00     100.00       1.84 ms       1.84 ms       1.84 ms
│ │ │ ├ sirius::symmetrize|fpw|local                                       1       4.06 ms       0.01     100.00       4.06 ms       4.06 ms       4.06 ms
│ │ │ └ fft::Gvec_shells::remap_backward                                   1       1.87 ms       0.00     100.00       1.87 ms       1.87 ms       1.87 ms
│ │ └ sirius::symmetrize_mt_function                                       3      95.47 ms       0.19     100.00      37.66 ms      20.10 ms      37.72 ms
│ └ sirius::Potential::generate                                            1     218.50 ms       0.43       6.74     218.50 ms     218.50 ms     218.50 ms
│   ├ sirius::Potential::poisson                                           1      33.20 ms       0.07       2.68      33.20 ms      33.20 ms      33.20 ms
│   │ ├ sirius::Potential::poisson_vmt                                     1       8.00 ms       0.02     100.00       8.00 ms       8.00 ms       8.00 ms
│   │ ├ sirius::sum_fg_fl_yg                                               2       6.76 ms       0.01       6.74       3.38 ms       3.30 ms       3.47 ms
│   │ │ ├ sirius::Simulation_context::generate_phase_factors               2      77.03 us       0.00     100.00      38.51 us      18.37 us      58.66 us
│   │ │ ├ sirius::sum_fg_fl_yg|zm                                          2       3.47 ms       0.01     100.00       1.73 ms       1.67 ms       1.80 ms
│   │ │ └ sirius::sum_fg_fl_yg|mul                                         2       2.76 ms       0.01     100.00       1.38 ms       1.29 ms       1.47 ms
│   │ ├ sirius::Potential::poisson_add_pseudo_pw                           1      11.57 ms       0.02      99.85      11.57 ms      11.57 ms      11.57 ms
│   │ │ └ sirius::Simulation_context::generate_phase_factors               1      16.93 us       0.00     100.00      16.93 us      16.93 us      16.93 us
│   │ ├ sirius::Potential::poisson|bc                                      1     760.79 us       0.00     100.00     760.79 us     760.79 us     760.79 us
│   │ ├ sirius::Smooth_periodic_function::fft_transform                    1       1.61 ms       0.00     100.00       1.61 ms       1.61 ms       1.61 ms
│   │ └ sirius::inner::pf                                                  1       3.60 ms       0.01     100.00       3.60 ms       3.60 ms       3.60 ms
│   ├ sirius::Periodic_function::add                                       2       1.74 ms       0.00     100.00     871.33 us     861.40 us     881.27 us
│   ├ sirius::Potential::xc                                                1      57.50 ms       0.11       1.44      57.50 ms      57.50 ms      57.50 ms
│   │ ├ sirius::Potential::xc_mt                                           1      26.07 ms       0.05     100.00      26.07 ms      26.07 ms      26.07 ms
│   │ └ sirius::Potential::xc_rg_nonmagnetic                               1      30.60 ms       0.06      97.17      30.60 ms      30.60 ms      30.60 ms
│   │   └ sirius::Potential::xc_rg_nonmagnetic|libxc                       2     866.77 us       0.00     100.00     433.39 us     292.07 us     574.70 us
│   ├ sirius::Smooth_periodic_function::fft_transform                      2       3.15 ms       0.01     100.00       1.58 ms       1.53 ms       1.62 ms
│   ├ sirius::symmetrize_pw_function                                       1       7.77 ms       0.02       4.76       7.77 ms       7.77 ms       7.77 ms
│   │ ├ fft::Gvec_shells::remap_forward                                    1       1.78 ms       0.00     100.00       1.78 ms       1.78 ms       1.78 ms
│   │ ├ sirius::symmetrize|fpw|local                                       1       4.07 ms       0.01     100.00       4.07 ms       4.07 ms       4.07 ms
│   │ └ fft::Gvec_shells::remap_backward                                   1       1.55 ms       0.00     100.00       1.55 ms       1.55 ms       1.55 ms
│   └ sirius::symmetrize_mt_function                                       3     100.41 ms       0.20     100.00      39.69 ms      20.10 ms      40.61 ms
├ sirius::DFT_ground_state::scf_loop                                       1      40.00 s       79.45       0.53      40.00 s       40.00 s       40.00 s 
│ ├ sirius::Density                                                        1       2.25 ms       0.00      99.96       2.25 ms       2.25 ms       2.25 ms
│ │ └ sirius::Density::update                                              1     864.00 ns       0.00     100.00     864.00 ns     864.00 ns     864.00 ns
│ ├ sirius::DFT_ground_state::scf_loop|iteration                           2      39.72 s       78.91       0.27      19.86 s       18.40 s       21.32 s 
│ │ ├ sirius::Hamiltonian0                                                 2     269.07 ms       0.53      10.63     134.54 ms     130.53 ms     138.55 ms
│ │ │ ├ sirius::Local_operator                                             2      15.00 ms       0.03      41.15       7.50 ms       6.26 ms       8.73 ms
│ │ │ │ └ sirius::Smooth_periodic_function::fft_transform                  8       8.82 ms       0.02     100.00     768.53 us     665.36 us       2.28 ms
│ │ │ ├ sirius::Potential::generate_pw_coefs                               2      17.02 ms       0.03     100.00       8.51 ms       8.29 ms       8.73 ms
│ │ │ ├ sirius::Unit_cell::generate_radial_functions                       2      80.97 ms       0.16       1.83      40.49 ms      39.31 ms      41.66 ms
│ │ │ │ └ sirius::Atom_symmetry_class::generate_radial_functions           2      79.49 ms       0.16       8.88      39.74 ms      38.59 ms      40.89 ms
│ │ │ │   └ sirius::Atom_symmetry_class::find_enu                          2      72.43 ms       0.14     100.00      36.21 ms      35.07 ms      37.36 ms
│ │ │ └ sirius::Unit_cell::generate_radial_integrals                       2     127.48 ms       0.25      18.04      63.74 ms      63.37 ms      64.11 ms
│ │ │   ├ sirius::Atom_symmetry_class::generate_radial_integrals           2       3.90 ms       0.01     100.00       1.95 ms       1.95 ms       1.95 ms
│ │ │   └ sirius::Atom::generate_radial_integrals                         30     100.58 ms       0.20      52.72       3.31 ms       3.21 ms       3.95 ms
│ │ │     └ sirius::Atom::generate_radial_integrals|interp                30      47.56 ms       0.09     100.00       1.58 ms       1.53 ms       1.78 ms
│ │ ├ sirius::diagonalize                                                  2      38.24 s       75.96       0.00      19.12 s       17.72 s       20.52 s 
│ │ │ ├ sirius::Hamiltonian_k                                              2     176.74 us       0.00       2.23      88.37 us      79.04 us      97.70 us
│ │ │ │ └ sirius::Local_operator::prepare_k                                2     172.80 us       0.00     100.00      86.40 us      76.61 us      96.19 us
│ │ │ ├ sirius::diagonalize_fp_fv_exact                                    2      38.12 s       75.74       0.58      19.06 s       17.67 s       20.46 s 
│ │ │ │ ├ sirius::Hamiltonian_k::set_fv_h_o                                2       1.66 s        3.30      31.20     829.86 ms     585.68 ms       1.07 s 
│ │ │ │ │ ├ sirius::Hamiltonian_k::set_fv_h_o|zgemm                        2       1.10 s        2.19     100.00     550.23 ms     519.51 ms     580.94 ms
│ │ │ │ │ ├ sirius::Hamiltonian_k::set_fv_h_o_it                           2      41.25 ms       0.08     100.00      20.63 ms      20.16 ms      21.09 ms
│ │ │ │ │ └ sirius::Hamiltonian_k::set_fv_h_o_lo_lo                        2     192.90 us       0.00     100.00      96.45 us      52.64 us     140.26 us
│ │ │ │ ├ Eigensolver_dlaf|dlaf_hermitian_generalized_eigensolver_z        2      36.24 s       72.00     100.00      18.12 s       17.03 s       19.21 s 
│ │ │ │ └ sirius::wf::Wave_functions_fft::grid_layout_pw                   2      38.27 us       0.00     100.00      19.14 us       4.86 us      33.41 us
│ │ │ ├ sirius::K_point::generate_fv_states                                2     108.86 ms       0.22      93.50      54.43 ms      45.92 ms      62.95 ms
│ │ │ │ └ sirius::generate_alm_block                                       2       7.08 ms       0.01     100.00       3.54 ms       3.52 ms       3.56 ms
│ │ │ ├ sirius::diagonalize_fp_sv                                          2      15.10 us       0.00     100.00       7.55 us       7.07 us       8.03 us
│ │ │ ├ sirius::K_point::generate_spinor_wave_functions                    2       2.06 ms       0.00     100.00       1.03 ms       1.01 ms       1.05 ms
│ │ │ └ sirius::K_point_set::sync_band                                     2     173.60 us       0.00     100.00      86.80 us      76.70 us      96.89 us
│ │ ├ sirius::K_point_set::find_band_occupancies                           2       3.84 ms       0.01      98.30       1.92 ms       1.89 ms       1.95 ms
│ │ │ └ sirius::K_point_set::sync_band                                     2      65.47 us       0.00     100.00      32.74 us      32.29 us      33.18 us
│ │ ├ sirius::Density::generate                                            2     420.62 ms       0.84       6.60     210.31 ms     176.16 ms     244.47 ms
│ │ │ ├ sirius::Density::generate_valence                                  2     153.03 ms       0.30      23.32      76.52 ms      51.60 ms     101.43 ms
│ │ │ │ ├ shuffle_to_fft_layout                                            2       7.56 ms       0.02     100.00       3.78 ms       3.67 ms       3.89 ms
│ │ │ │ ├ sirius::add_k_point_contribution_dm_fplapw                       2       4.93 ms       0.01     100.00       2.46 ms       2.46 ms       2.46 ms
│ │ │ │ ├ sirius::Density::add_k_point_contribution_rg                     2      39.76 ms       0.08     100.00      19.88 ms      19.22 ms      20.54 ms
│ │ │ │ ├ sirius::Smooth_periodic_function::fft_transform                  2       1.29 ms       0.00     100.00     643.39 us     637.74 us     649.04 us
│ │ │ │ └ sirius::Density::generate_valence_mt                             2      63.81 ms       0.13       0.06      31.90 ms       7.42 ms      56.39 ms
│ │ │ │   ├ sirius::Density::generate|sum_zdens                           30       1.33 ms       0.00     100.00      32.99 us      28.22 us     265.05 us
│ │ │ │   └ sirius::Density::generate|expand_lm                           30      62.45 ms       0.12     100.00     444.08 us     391.19 us      49.53 ms
│ │ │ ├ sirius::Density::generate_core_charge_density                      2      18.77 ms       0.04      99.99       9.38 ms     201.12 us      18.57 ms
│ │ │ │ └ sirius::Atom_symmetry_class::generate_core_charge_density        2       1.70 us       0.00     100.00     848.00 ns     704.00 ns     992.00 ns
│ │ │ ├ sirius::symmetrize_pw_function                                     2      16.09 ms       0.03       4.81       8.04 ms       7.96 ms       8.13 ms
│ │ │ │ ├ fft::Gvec_shells::remap_forward                                  2       3.59 ms       0.01     100.00       1.80 ms       1.77 ms       1.82 ms
│ │ │ │ ├ sirius::symmetrize|fpw|local                                     2       8.20 ms       0.02     100.00       4.10 ms       4.05 ms       4.15 ms
│ │ │ │ └ fft::Gvec_shells::remap_backward                                 2       3.52 ms       0.01     100.00       1.76 ms       1.64 ms       1.88 ms
│ │ │ ├ sirius::symmetrize_mt_function                                     6     201.31 ms       0.40     100.00      39.79 ms      20.30 ms      40.23 ms
│ │ │ └ sirius::Smooth_periodic_function::fft_transform                    2       3.68 ms       0.01     100.00       1.84 ms       1.84 ms       1.84 ms
│ │ ├ sirius::inner::pf                                                   18     106.88 ms       0.21     100.00       3.63 ms       3.58 ms      44.71 ms
│ │ ├ sirius::Density::mix                                                 2     144.86 ms       0.29      70.37      72.43 ms      50.25 ms      94.61 ms
│ │ │ ├ sirius::Density::mixer_input                                       2      10.74 ms       0.02     100.00       5.37 ms       5.35 ms       5.39 ms
│ │ │ ├ sirius::inner::pf                                                  4      15.02 ms       0.03     100.00       3.70 ms       3.54 ms       4.08 ms
│ │ │ └ sirius::Density::mixer_output                                      2      17.15 ms       0.03      77.32       8.58 ms       8.44 ms       8.71 ms
│ │ │   └ sirius::Smooth_periodic_function::fft_transform                  2       3.89 ms       0.01     100.00       1.95 ms       1.78 ms       2.11 ms
│ │ ├ sirius::Potential::generate                                          2     426.03 ms       0.85      16.73     213.01 ms     192.75 ms     233.28 ms
│ │ │ ├ sirius::Potential::poisson                                         2      65.91 ms       0.13       2.64      32.96 ms      32.73 ms      33.18 ms
│ │ │ │ ├ sirius::Potential::poisson_vmt                                   2      15.00 ms       0.03     100.00       7.50 ms       7.50 ms       7.50 ms
│ │ │ │ ├ sirius::sum_fg_fl_yg                                             4      12.96 ms       0.03       6.79       3.24 ms       3.10 ms       3.38 ms
│ │ │ │ │ ├ sirius::Simulation_context::generate_phase_factors             4      86.53 us       0.00     100.00      21.02 us      17.95 us      26.53 us
│ │ │ │ │ ├ sirius::sum_fg_fl_yg|zm                                        4       6.58 ms       0.01     100.00       1.63 ms       1.62 ms       1.70 ms
│ │ │ │ │ └ sirius::sum_fg_fl_yg|mul                                       4       5.42 ms       0.01     100.00       1.35 ms       1.28 ms       1.44 ms
│ │ │ │ ├ sirius::Potential::poisson_add_pseudo_pw                         2      24.14 ms       0.05      99.82      12.07 ms      12.07 ms      12.08 ms
│ │ │ │ │ └ sirius::Simulation_context::generate_phase_factors             2      43.04 us       0.00     100.00      21.52 us      13.41 us      29.63 us
│ │ │ │ ├ sirius::Potential::poisson|bc                                    2       1.67 ms       0.00     100.00     834.19 us     712.37 us     956.00 us
│ │ │ │ ├ sirius::Smooth_periodic_function::fft_transform                  2       3.26 ms       0.01     100.00       1.63 ms       1.51 ms       1.74 ms
│ │ │ │ └ sirius::inner::pf                                                2       7.14 ms       0.01     100.00       3.57 ms       3.56 ms       3.58 ms
│ │ │ ├ sirius::Periodic_function::add                                     4       4.37 ms       0.01     100.00     889.25 us     868.88 us       1.72 ms
│ │ │ ├ sirius::Potential::xc                                              2      58.99 ms       0.12       2.76      29.50 ms      29.27 ms      29.72 ms
│ │ │ │ ├ sirius::Potential::xc_mt                                         2      51.37 ms       0.10     100.00      25.68 ms      25.66 ms      25.71 ms
│ │ │ │ └ sirius::Potential::xc_rg_nonmagnetic                             2       6.00 ms       0.01      51.04       3.00 ms       2.74 ms       3.25 ms
│ │ │ │   └ sirius::Potential::xc_rg_nonmagnetic|libxc                     4       2.94 ms       0.01     100.00     818.35 us     389.43 us     909.78 us
│ │ │ ├ sirius::Smooth_periodic_function::fft_transform                    4       6.22 ms       0.01     100.00       1.51 ms       1.32 ms       1.88 ms
│ │ │ ├ sirius::symmetrize_pw_function                                     2      15.75 ms       0.03       5.28       7.87 ms       7.84 ms       7.91 ms
│ │ │ │ ├ fft::Gvec_shells::remap_forward                                  2       3.57 ms       0.01     100.00       1.79 ms       1.79 ms       1.79 ms
│ │ │ │ ├ sirius::symmetrize|fpw|local                                     2       8.19 ms       0.02     100.00       4.09 ms       4.09 ms       4.10 ms
│ │ │ │ └ fft::Gvec_shells::remap_backward                                 2       3.15 ms       0.01     100.00       1.58 ms       1.57 ms       1.58 ms
│ │ │ └ sirius::symmetrize_mt_function                                     6     203.50 ms       0.40     100.00      40.06 ms      21.13 ms      40.71 ms
│ │ ├ sirius::Periodic_function::integrate                                 2       5.63 ms       0.01     100.00       2.81 ms       2.81 ms       2.82 ms
│ │ └ sirius::Density::get_magnetisation                                   2       7.17 us       0.00     100.00       3.58 us       3.52 us       3.65 us
│ ├ sirius::inner::pf                                                     13      50.56 ms       0.10     100.00       3.95 ms       3.57 ms       4.16 ms
│ ├ sirius::Periodic_function::integrate                                   1       2.84 ms       0.01     100.00       2.84 ms       2.84 ms       2.84 ms
│ ├ sirius::Density::get_magnetisation                                     1       3.14 us       0.00     100.00       3.14 us       3.14 us       3.14 us
│ ├ sirius::Smooth_periodic_function::fft_transform                        1       1.49 ms       0.00     100.00       1.49 ms       1.49 ms       1.49 ms
│ └ sirius::Smooth_periodic_function::gather_f_pw                          2       5.81 ms       0.01     100.00       2.91 ms       2.75 ms       3.06 ms
└ sirius::finalize                                                         1     770.74 ms       1.53     100.00     770.74 ms     770.74 ms     770.74 ms

==========================================================================================================================================================
FE_UNDERFLOW exception
FE_UNDERFLOW exception
FE_UNDERFLOW exception
FE_UNDERFLOW exception
